<?xml version='1.0' encoding='UTF-8'?>
<lexml version="4">
	<node ID="09fcd1e0-0a1f-11ef-8b35-0826ae311d34" type="GROUP">
		<properties>
			<property type="b">
				<key>background</key>
				<value>1</value>
			</property>
			<property type="c">
				<key>color</key>
				<value>
					<r>0</r>
					<g>0</g>
					<b>0</b>
					<a>1</a>
				</value>
			</property>
			<property type="f">
				<key>cornerRadius</key>
				<value>1</value>
			</property>
			<property type="r">
				<key>frame</key>
				<value>
					<x>0</x>
					<y>0</y>
					<w>980</w>
					<h>660</h>
				</value>
			</property>
			<property type="b">
				<key>grabFocus</key>
				<value>0</value>
			</property>
			<property type="b">
				<key>interactive</key>
				<value>0</value>
			</property>
			<property type="b">
				<key>locked</key>
				<value>0</value>
			</property>
			<property type="s">
				<key>name</key>
				<value>group</value>
			</property>
			<property type="i">
				<key>orientation</key>
				<value>0</value>
			</property>
			<property type="b">
				<key>outline</key>
				<value>1</value>
			</property>
			<property type="i">
				<key>outlineStyle</key>
				<value>0</value>
			</property>
			<property type="i">
				<key>pointerPriority</key>
				<value>0</value>
			</property>
			<property type="i">
				<key>shape</key>
				<value>1</value>
			</property>
			<property type="b">
				<key>visible</key>
				<value>1</value>
			</property>
		</properties>
		<values>
			<value>
				<key>touch</key>
				<locked>0</locked>
				<lockedDefaultCurrent>0</lockedDefaultCurrent>
				<default>false</default>
				<defaultPull>0</defaultPull>
			</value>
		</values>
		<children>
			<node ID="83e0f980-0a21-11ef-baae-0826ae311d34" type="GROUP">
				<properties>
					<property type="b">
						<key>background</key>
						<value>1</value>
					</property>
					<property type="c">
						<key>color</key>
						<value>
							<r>1</r>
							<g>1</g>
							<b>1</b>
							<a>0.705882</a>
						</value>
					</property>
					<property type="f">
						<key>cornerRadius</key>
						<value>1</value>
					</property>
					<property type="r">
						<key>frame</key>
						<value>
							<x>500</x>
							<y>20</y>
							<w>60</w>
							<h>300</h>
						</value>
					</property>
					<property type="b">
						<key>grabFocus</key>
						<value>0</value>
					</property>
					<property type="b">
						<key>interactive</key>
						<value>0</value>
					</property>
					<property type="b">
						<key>locked</key>
						<value>0</value>
					</property>
					<property type="s">
						<key>name</key>
						<value>fader_a1</value>
					</property>
					<property type="i">
						<key>orientation</key>
						<value>0</value>
					</property>
					<property type="b">
						<key>outline</key>
						<value>0</value>
					</property>
					<property type="i">
						<key>outlineStyle</key>
						<value>1</value>
					</property>
					<property type="i">
						<key>pointerPriority</key>
						<value>0</value>
					</property>
					<property type="i">
						<key>shape</key>
						<value>1</value>
					</property>
					<property type="s">
						<key>tag</key>
						<value>fader</value>
					</property>
					<property type="b">
						<key>visible</key>
						<value>1</value>
					</property>
				</properties>
				<values>
					<value>
						<key>touch</key>
						<locked>0</locked>
						<lockedDefaultCurrent>0</lockedDefaultCurrent>
						<default>false</default>
						<defaultPull>0</defaultPull>
					</value>
				</values>
				<children>
					<node ID="883c1776-0a21-11ef-ac29-0826ae311d34" type="FADER">
						<properties>
							<property type="b">
								<key>background</key>
								<value>0</value>
							</property>
							<property type="b">
								<key>bar</key>
								<value>0</value>
							</property>
							<property type="i">
								<key>barDisplay</key>
								<value>0</value>
							</property>
							<property type="b">
								<key>centered</key>
								<value>0</value>
							</property>
							<property type="c">
								<key>color</key>
								<value>
									<r>1</r>
									<g>1</g>
									<b>1</b>
									<a>1</a>
								</value>
							</property>
							<property type="f">
								<key>cornerRadius</key>
								<value>1</value>
							</property>
							<property type="b">
								<key>cursor</key>
								<value>1</value>
							</property>
							<property type="i">
								<key>cursorDisplay</key>
								<value>0</value>
							</property>
							<property type="r">
								<key>frame</key>
								<value>
									<x>3</x>
									<y>60</y>
									<w>54</w>
									<h>239</h>
								</value>
							</property>
							<property type="b">
								<key>grabFocus</key>
								<value>1</value>
							</property>
							<property type="b">
								<key>grid</key>
								<value>1</value>
							</property>
							<property type="c">
								<key>gridColor</key>
								<value>
									<r>1</r>
									<g>1</g>
									<b>1</b>
									<a>0.43787</a>
								</value>
							</property>
							<property type="i">
								<key>gridSteps</key>
								<value>13</value>
							</property>
							<property type="b">
								<key>interactive</key>
								<value>1</value>
							</property>
							<property type="b">
								<key>locked</key>
								<value>0</value>
							</property>
							<property type="s">
								<key>name</key>
								<value>fader</value>
							</property>
							<property type="i">
								<key>orientation</key>
								<value>0</value>
							</property>
							<property type="b">
								<key>outline</key>
								<value>0</value>
							</property>
							<property type="i">
								<key>outlineStyle</key>
								<value>1</value>
							</property>
							<property type="i">
								<key>pointerPriority</key>
								<value>0</value>
							</property>
							<property type="i">
								<key>response</key>
								<value>0</value>
							</property>
							<property type="i">
								<key>responseFactor</key>
								<value>100</value>
							</property>
							<property type="i">
								<key>shape</key>
								<value>1</value>
							</property>
							<property type="b">
								<key>visible</key>
								<value>1</value>
							</property>
						</properties>
						<values>
							<value>
								<key>x</key>
								<locked>0</locked>
								<lockedDefaultCurrent>0</lockedDefaultCurrent>
								<default>0.5</default>
								<defaultPull>0</defaultPull>
							</value>
							<value>
								<key>touch</key>
								<locked>0</locked>
								<lockedDefaultCurrent>0</lockedDefaultCurrent>
								<default>false</default>
								<defaultPull>0</defaultPull>
							</value>
						</values>
						<messages>
							<osc>
								<enabled>1</enabled>
								<send>1</send>
								<receive>1</receive>
								<feedback>0</feedback>
								<connections>11111</connections>
								<triggers>
									<trigger>
										<var>x</var>
										<condition>ANY</condition>
									</trigger>
								</triggers>
								<path>
									<partial>
										<type>CONSTANT</type>
										<conversion>STRING</conversion>
										<value>/</value>
										<scaleMin>0</scaleMin>
										<scaleMax>1</scaleMax>
									</partial>
									<partial>
										<type>PROPERTY</type>
										<conversion>STRING</conversion>
										<value>parent.name</value>
										<scaleMin>0</scaleMin>
										<scaleMax>1</scaleMax>
									</partial>
									<partial>
										<type>CONSTANT</type>
										<conversion>STRING</conversion>
										<value>/</value>
										<scaleMin>0</scaleMin>
										<scaleMax>1</scaleMax>
									</partial>
									<partial>
										<type>PROPERTY</type>
										<conversion>STRING</conversion>
										<value>name</value>
										<scaleMin>0</scaleMin>
										<scaleMax>1</scaleMax>
									</partial>
								</path>
								<arguments>
									<partial>
										<type>VALUE</type>
										<conversion>FLOAT</conversion>
										<value>x</value>
										<scaleMin>0</scaleMin>
										<scaleMax>1</scaleMax>
									</partial>
								</arguments>
							</osc>
							<osc>
								<enabled>1</enabled>
								<send>0</send>
								<receive>1</receive>
								<feedback>0</feedback>
								<connections>11111</connections>
								<triggers>
									<trigger>
										<var>x</var>
										<condition>ANY</condition>
									</trigger>
								</triggers>
								<path>
									<partial>
										<type>CONSTANT</type>
										<conversion>STRING</conversion>
										<value>/</value>
										<scaleMin>0</scaleMin>
										<scaleMax>1</scaleMax>
									</partial>
									<partial>
										<type>PROPERTY</type>
										<conversion>STRING</conversion>
										<value>parent.name</value>
										<scaleMin>0</scaleMin>
										<scaleMax>1</scaleMax>
									</partial>
								</path>
								<arguments>
									<partial>
										<type>PROPERTY</type>
										<conversion>STRING</conversion>
										<value>color</value>
										<scaleMin>0</scaleMin>
										<scaleMax>1</scaleMax>
									</partial>
								</arguments>
							</osc>
						</messages>
					</node>
					<node ID="9f3a2760-0a21-11ef-94af-0826ae311d34" type="LABEL">
						<properties>
							<property type="b">
								<key>background</key>
								<value>1</value>
							</property>
							<property type="c">
								<key>color</key>
								<value>
									<r>1</r>
									<g>1</g>
									<b>1</b>
									<a>1</a>
								</value>
							</property>
							<property type="f">
								<key>cornerRadius</key>
								<value>1</value>
							</property>
							<property type="i">
								<key>font</key>
								<value>0</value>
							</property>
							<property type="r">
								<key>frame</key>
								<value>
									<x>3</x>
									<y>3</y>
									<w>54</w>
									<h>25</h>
								</value>
							</property>
							<property type="b">
								<key>grabFocus</key>
								<value>1</value>
							</property>
							<property type="b">
								<key>interactive</key>
								<value>0</value>
							</property>
							<property type="b">
								<key>locked</key>
								<value>0</value>
							</property>
							<property type="s">
								<key>name</key>
								<value>caption</value>
							</property>
							<property type="i">
								<key>orientation</key>
								<value>0</value>
							</property>
							<property type="b">
								<key>outline</key>
								<value>1</value>
							</property>
							<property type="i">
								<key>outlineStyle</key>
								<value>0</value>
							</property>
							<property type="i">
								<key>pointerPriority</key>
								<value>0</value>
							</property>
							<property type="i">
								<key>shape</key>
								<value>1</value>
							</property>
							<property type="i">
								<key>textAlignH</key>
								<value>2</value>
							</property>
							<property type="i">
								<key>textAlignV</key>
								<value>2</value>
							</property>
							<property type="b">
								<key>textClip</key>
								<value>1</value>
							</property>
							<property type="c">
								<key>textColor</key>
								<value>
									<r>1</r>
									<g>1</g>
									<b>1</b>
									<a>1</a>
								</value>
							</property>
							<property type="i">
								<key>textLength</key>
								<value>0</value>
							</property>
							<property type="i">
								<key>textSize</key>
								<value>12</value>
							</property>
							<property type="b">
								<key>visible</key>
								<value>1</value>
							</property>
						</properties>
						<values>
							<value>
								<key>text</key>
								<locked>0</locked>
								<lockedDefaultCurrent>1</lockedDefaultCurrent>
								<default>Fader A1</default>
								<defaultPull>0</defaultPull>
							</value>
							<value>
								<key>touch</key>
								<locked>0</locked>
								<lockedDefaultCurrent>0</lockedDefaultCurrent>
								<default>false</default>
								<defaultPull>0</defaultPull>
							</value>
						</values>
						<messages>
							<osc>
								<enabled>1</enabled>
								<send>0</send>
								<receive>1</receive>
								<feedback>0</feedback>
								<connections>11111</connections>
								<triggers>
									<trigger>
										<var>text</var>
										<condition>ANY</condition>
									</trigger>
								</triggers>
								<path>
									<partial>
										<type>CONSTANT</type>
										<conversion>STRING</conversion>
										<value>/</value>
										<scaleMin>0</scaleMin>
										<scaleMax>1</scaleMax>
									</partial>
									<partial>
										<type>PROPERTY</type>
										<conversion>STRING</conversion>
										<value>parent.name</value>
										<scaleMin>0</scaleMin>
										<scaleMax>1</scaleMax>
									</partial>
									<partial>
										<type>CONSTANT</type>
										<conversion>STRING</conversion>
										<value>/</value>
										<scaleMin>0</scaleMin>
										<scaleMax>1</scaleMax>
									</partial>
									<partial>
										<type>PROPERTY</type>
										<conversion>STRING</conversion>
										<value>name</value>
										<scaleMin>0</scaleMin>
										<scaleMax>1</scaleMax>
									</partial>
								</path>
								<arguments>
									<partial>
										<type>VALUE</type>
										<conversion>STRING</conversion>
										<value>text</value>
										<scaleMin>0</scaleMin>
										<scaleMax>1</scaleMax>
									</partial>
								</arguments>
							</osc>
							<osc>
								<enabled>1</enabled>
								<send>0</send>
								<receive>1</receive>
								<feedback>0</feedback>
								<connections>11111</connections>
								<triggers>
									<trigger>
										<var>text</var>
										<condition>ANY</condition>
									</trigger>
								</triggers>
								<path>
									<partial>
										<type>CONSTANT</type>
										<conversion>STRING</conversion>
										<value>/</value>
										<scaleMin>0</scaleMin>
										<scaleMax>1</scaleMax>
									</partial>
									<partial>
										<type>PROPERTY</type>
										<conversion>STRING</conversion>
										<value>parent.name</value>
										<scaleMin>0</scaleMin>
										<scaleMax>1</scaleMax>
									</partial>
								</path>
								<arguments>
									<partial>
										<type>PROPERTY</type>
										<conversion>STRING</conversion>
										<value>color</value>
										<scaleMin>0</scaleMin>
										<scaleMax>1</scaleMax>
									</partial>
								</arguments>
							</osc>
						</messages>
					</node>
					<node ID="dc9fc876-0a21-11ef-a52c-0826ae311d34" type="LABEL">
						<properties>
							<property type="b">
								<key>background</key>
								<value>0</value>
							</property>
							<property type="c">
								<key>color</key>
								<value>
									<r>1</r>
									<g>1</g>
									<b>1</b>
									<a>1</a>
								</value>
							</property>
							<property type="f">
								<key>cornerRadius</key>
								<value>1</value>
							</property>
							<property type="i">
								<key>font</key>
								<value>0</value>
							</property>
							<property type="r">
								<key>frame</key>
								<value>
									<x>3</x>
									<y>31</y>
									<w>54</w>
									<h>25</h>
								</value>
							</property>
							<property type="b">
								<key>grabFocus</key>
								<value>1</value>
							</property>
							<property type="b">
								<key>interactive</key>
								<value>0</value>
							</property>
							<property type="b">
								<key>locked</key>
								<value>0</value>
							</property>
							<property type="s">
								<key>name</key>
								<value>value</value>
							</property>
							<property type="i">
								<key>orientation</key>
								<value>0</value>
							</property>
							<property type="b">
								<key>outline</key>
								<value>0</value>
							</property>
							<property type="i">
								<key>outlineStyle</key>
								<value>1</value>
							</property>
							<property type="i">
								<key>pointerPriority</key>
								<value>0</value>
							</property>
							<property type="i">
								<key>shape</key>
								<value>1</value>
							</property>
							<property type="i">
								<key>textAlignH</key>
								<value>2</value>
							</property>
							<property type="i">
								<key>textAlignV</key>
								<value>2</value>
							</property>
							<property type="b">
								<key>textClip</key>
								<value>1</value>
							</property>
							<property type="c">
								<key>textColor</key>
								<value>
									<r>1</r>
									<g>1</g>
									<b>1</b>
									<a>1</a>
								</value>
							</property>
							<property type="i">
								<key>textLength</key>
								<value>0</value>
							</property>
							<property type="i">
								<key>textSize</key>
								<value>14</value>
							</property>
							<property type="b">
								<key>visible</key>
								<value>1</value>
							</property>
						</properties>
						<values>
							<value>
								<key>text</key>
								<locked>0</locked>
								<lockedDefaultCurrent>1</lockedDefaultCurrent>
								<default>127</default>
								<defaultPull>0</defaultPull>
							</value>
							<value>
								<key>touch</key>
								<locked>0</locked>
								<lockedDefaultCurrent>0</lockedDefaultCurrent>
								<default>false</default>
								<defaultPull>0</defaultPull>
							</value>
						</values>
						<messages>
							<osc>
								<enabled>1</enabled>
								<send>0</send>
								<receive>1</receive>
								<feedback>0</feedback>
								<connections>11111</connections>
								<triggers>
									<trigger>
										<var>text</var>
										<condition>ANY</condition>
									</trigger>
								</triggers>
								<path>
									<partial>
										<type>CONSTANT</type>
										<conversion>STRING</conversion>
										<value>/</value>
										<scaleMin>0</scaleMin>
										<scaleMax>1</scaleMax>
									</partial>
									<partial>
										<type>PROPERTY</type>
										<conversion>STRING</conversion>
										<value>parent.name</value>
										<scaleMin>0</scaleMin>
										<scaleMax>1</scaleMax>
									</partial>
									<partial>
										<type>CONSTANT</type>
										<conversion>STRING</conversion>
										<value>/</value>
										<scaleMin>0</scaleMin>
										<scaleMax>1</scaleMax>
									</partial>
									<partial>
										<type>PROPERTY</type>
										<conversion>STRING</conversion>
										<value>name</value>
										<scaleMin>0</scaleMin>
										<scaleMax>1</scaleMax>
									</partial>
								</path>
								<arguments>
									<partial>
										<type>VALUE</type>
										<conversion>STRING</conversion>
										<value>text</value>
										<scaleMin>0</scaleMin>
										<scaleMax>1</scaleMax>
									</partial>
								</arguments>
							</osc>
						</messages>
					</node>
				</children>
			</node>
			<node ID="33fc04cc-0af9-11ef-802d-0826ae311d34" type="GROUP">
				<properties>
					<property type="b">
						<key>background</key>
						<value>1</value>
					</property>
					<property type="c">
						<key>color</key>
						<value>
							<r>1</r>
							<g>1</g>
							<b>1</b>
							<a>0.705882</a>
						</value>
					</property>
					<property type="f">
						<key>cornerRadius</key>
						<value>1</value>
					</property>
					<property type="r">
						<key>frame</key>
						<value>
							<x>660</x>
							<y>20</y>
							<w>220</w>
							<h>300</h>
						</value>
					</property>
					<property type="b">
						<key>grabFocus</key>
						<value>0</value>
					</property>
					<property type="b">
						<key>interactive</key>
						<value>0</value>
					</property>
					<property type="b">
						<key>locked</key>
						<value>0</value>
					</property>
					<property type="s">
						<key>name</key>
						<value>color_wheel_a</value>
					</property>
					<property type="i">
						<key>orientation</key>
						<value>0</value>
					</property>
					<property type="b">
						<key>outline</key>
						<value>0</value>
					</property>
					<property type="i">
						<key>outlineStyle</key>
						<value>1</value>
					</property>
					<property type="i">
						<key>pointerPriority</key>
						<value>0</value>
					</property>
					<property type="i">
						<key>shape</key>
						<value>1</value>
					</property>
					<property type="s">
						<key>tag</key>
						<value>color_wheel</value>
					</property>
					<property type="b">
						<key>visible</key>
						<value>1</value>
					</property>
				</properties>
				<values>
					<value>
						<key>touch</key>
						<locked>0</locked>
						<lockedDefaultCurrent>0</lockedDefaultCurrent>
						<default>false</default>
						<defaultPull>0</defaultPull>
					</value>
				</values>
				<children>
					<node ID="8280b9c6-0af9-11ef-8ef8-0826ae311d34" type="BOX">
						<properties>
							<property type="b">
								<key>background</key>
								<value>1</value>
							</property>
							<property type="c">
								<key>color</key>
								<value>
									<r>1</r>
									<g>0</g>
									<b>0</b>
									<a>1</a>
								</value>
							</property>
							<property type="f">
								<key>cornerRadius</key>
								<value>1</value>
							</property>
							<property type="r">
								<key>frame</key>
								<value>
									<x>71</x>
									<y>77</y>
									<w>80</w>
									<h>80</h>
								</value>
							</property>
							<property type="b">
								<key>grabFocus</key>
								<value>0</value>
							</property>
							<property type="b">
								<key>interactive</key>
								<value>0</value>
							</property>
							<property type="b">
								<key>locked</key>
								<value>0</value>
							</property>
							<property type="s">
								<key>name</key>
								<value>color</value>
							</property>
							<property type="i">
								<key>orientation</key>
								<value>0</value>
							</property>
							<property type="b">
								<key>outline</key>
								<value>0</value>
							</property>
							<property type="i">
								<key>outlineStyle</key>
								<value>1</value>
							</property>
							<property type="i">
								<key>pointerPriority</key>
								<value>0</value>
							</property>
							<property type="i">
								<key>shape</key>
								<value>2</value>
							</property>
							<property type="b">
								<key>visible</key>
								<value>1</value>
							</property>
						</properties>
						<values>
							<value>
								<key>touch</key>
								<locked>0</locked>
								<lockedDefaultCurrent>0</lockedDefaultCurrent>
								<default>false</default>
								<defaultPull>0</defaultPull>
							</value>
						</values>
						<messages>
							<osc>
								<enabled>1</enabled>
								<send>0</send>
								<receive>1</receive>
								<feedback>0</feedback>
								<connections>11111</connections>
								<triggers>
									<trigger>
										<var>touch</var>
										<condition>ANY</condition>
									</trigger>
								</triggers>
								<path>
									<partial>
										<type>CONSTANT</type>
										<conversion>STRING</conversion>
										<value>/</value>
										<scaleMin>0</scaleMin>
										<scaleMax>1</scaleMax>
									</partial>
									<partial>
										<type>PROPERTY</type>
										<conversion>STRING</conversion>
										<value>parent.name</value>
										<scaleMin>0</scaleMin>
										<scaleMax>1</scaleMax>
									</partial>
									<partial>
										<type>CONSTANT</type>
										<conversion>STRING</conversion>
										<value>/</value>
										<scaleMin>0</scaleMin>
										<scaleMax>1</scaleMax>
									</partial>
									<partial>
										<type>PROPERTY</type>
										<conversion>STRING</conversion>
										<value>name</value>
										<scaleMin>0</scaleMin>
										<scaleMax>1</scaleMax>
									</partial>
								</path>
								<arguments>
									<partial>
										<type>PROPERTY</type>
										<conversion>STRING</conversion>
										<value>color</value>
										<scaleMin>0</scaleMin>
										<scaleMax>1</scaleMax>
									</partial>
								</arguments>
							</osc>
						</messages>
					</node>
					<node ID="4b5d1b2e-0af9-11ef-8b5b-0826ae311d34" type="ENCODER">
						<properties>
							<property type="b">
								<key>background</key>
								<value>1</value>
							</property>
							<property type="c">
								<key>color</key>
								<value>
									<r>1</r>
									<g>1</g>
									<b>1</b>
									<a>1</a>
								</value>
							</property>
							<property type="f">
								<key>cornerRadius</key>
								<value>0</value>
							</property>
							<property type="b">
								<key>cursor</key>
								<value>1</value>
							</property>
							<property type="i">
								<key>cursorDisplay</key>
								<value>0</value>
							</property>
							<property type="r">
								<key>frame</key>
								<value>
									<x>34</x>
									<y>40</y>
									<w>153</w>
									<h>153</h>
								</value>
							</property>
							<property type="b">
								<key>grabFocus</key>
								<value>1</value>
							</property>
							<property type="b">
								<key>grid</key>
								<value>0</value>
							</property>
							<property type="c">
								<key>gridColor</key>
								<value>
									<r>1</r>
									<g>1</g>
									<b>1</b>
									<a>0.573964</a>
								</value>
							</property>
							<property type="i">
								<key>gridSteps</key>
								<value>20</value>
							</property>
							<property type="b">
								<key>interactive</key>
								<value>1</value>
							</property>
							<property type="b">
								<key>locked</key>
								<value>0</value>
							</property>
							<property type="s">
								<key>name</key>
								<value>hue</value>
							</property>
							<property type="i">
								<key>orientation</key>
								<value>0</value>
							</property>
							<property type="b">
								<key>outline</key>
								<value>0</value>
							</property>
							<property type="i">
								<key>outlineStyle</key>
								<value>1</value>
							</property>
							<property type="i">
								<key>pointerPriority</key>
								<value>0</value>
							</property>
							<property type="i">
								<key>response</key>
								<value>0</value>
							</property>
							<property type="i">
								<key>responseFactor</key>
								<value>100</value>
							</property>
							<property type="i">
								<key>shape</key>
								<value>2</value>
							</property>
							<property type="b">
								<key>visible</key>
								<value>1</value>
							</property>
						</properties>
						<values>
							<value>
								<key>x</key>
								<locked>0</locked>
								<lockedDefaultCurrent>0</lockedDefaultCurrent>
								<default>0</default>
								<defaultPull>0</defaultPull>
							</value>
							<value>
								<key>y</key>
								<locked>0</locked>
								<lockedDefaultCurrent>0</lockedDefaultCurrent>
								<default>0</default>
								<defaultPull>0</defaultPull>
							</value>
							<value>
								<key>touch</key>
								<locked>0</locked>
								<lockedDefaultCurrent>0</lockedDefaultCurrent>
								<default>false</default>
								<defaultPull>0</defaultPull>
							</value>
						</values>
						<messages>
							<osc>
								<enabled>1</enabled>
								<send>1</send>
								<receive>1</receive>
								<feedback>0</feedback>
								<connections>11111</connections>
								<triggers>
									<trigger>
										<var>x</var>
										<condition>ANY</condition>
									</trigger>
								</triggers>
								<path>
									<partial>
										<type>CONSTANT</type>
										<conversion>STRING</conversion>
										<value>/</value>
										<scaleMin>0</scaleMin>
										<scaleMax>1</scaleMax>
									</partial>
									<partial>
										<type>PROPERTY</type>
										<conversion>STRING</conversion>
										<value>parent.name</value>
										<scaleMin>0</scaleMin>
										<scaleMax>1</scaleMax>
									</partial>
									<partial>
										<type>CONSTANT</type>
										<conversion>STRING</conversion>
										<value>/</value>
										<scaleMin>0</scaleMin>
										<scaleMax>1</scaleMax>
									</partial>
									<partial>
										<type>PROPERTY</type>
										<conversion>STRING</conversion>
										<value>name</value>
										<scaleMin>0</scaleMin>
										<scaleMax>1</scaleMax>
									</partial>
								</path>
								<arguments>
									<partial>
										<type>VALUE</type>
										<conversion>FLOAT</conversion>
										<value>x</value>
										<scaleMin>0</scaleMin>
										<scaleMax>1</scaleMax>
									</partial>
								</arguments>
							</osc>
						</messages>
					</node>
					<node ID="33fc04f1-0af9-11ef-bdea-0826ae311d34" type="LABEL">
						<properties>
							<property type="b">
								<key>background</key>
								<value>1</value>
							</property>
							<property type="c">
								<key>color</key>
								<value>
									<r>1</r>
									<g>1</g>
									<b>1</b>
									<a>1</a>
								</value>
							</property>
							<property type="f">
								<key>cornerRadius</key>
								<value>1</value>
							</property>
							<property type="i">
								<key>font</key>
								<value>0</value>
							</property>
							<property type="r">
								<key>frame</key>
								<value>
									<x>3</x>
									<y>3</y>
									<w>214</w>
									<h>25</h>
								</value>
							</property>
							<property type="b">
								<key>grabFocus</key>
								<value>1</value>
							</property>
							<property type="b">
								<key>interactive</key>
								<value>0</value>
							</property>
							<property type="b">
								<key>locked</key>
								<value>0</value>
							</property>
							<property type="s">
								<key>name</key>
								<value>caption</value>
							</property>
							<property type="i">
								<key>orientation</key>
								<value>0</value>
							</property>
							<property type="b">
								<key>outline</key>
								<value>1</value>
							</property>
							<property type="i">
								<key>outlineStyle</key>
								<value>0</value>
							</property>
							<property type="i">
								<key>pointerPriority</key>
								<value>0</value>
							</property>
							<property type="i">
								<key>shape</key>
								<value>1</value>
							</property>
							<property type="i">
								<key>textAlignH</key>
								<value>2</value>
							</property>
							<property type="i">
								<key>textAlignV</key>
								<value>2</value>
							</property>
							<property type="b">
								<key>textClip</key>
								<value>1</value>
							</property>
							<property type="c">
								<key>textColor</key>
								<value>
									<r>1</r>
									<g>1</g>
									<b>1</b>
									<a>1</a>
								</value>
							</property>
							<property type="i">
								<key>textLength</key>
								<value>0</value>
							</property>
							<property type="i">
								<key>textSize</key>
								<value>12</value>
							</property>
							<property type="b">
								<key>visible</key>
								<value>1</value>
							</property>
						</properties>
						<values>
							<value>
								<key>text</key>
								<locked>0</locked>
								<lockedDefaultCurrent>1</lockedDefaultCurrent>
								<default>ColorWheel A</default>
								<defaultPull>0</defaultPull>
							</value>
							<value>
								<key>touch</key>
								<locked>0</locked>
								<lockedDefaultCurrent>0</lockedDefaultCurrent>
								<default>false</default>
								<defaultPull>0</defaultPull>
							</value>
						</values>
						<messages>
							<osc>
								<enabled>1</enabled>
								<send>0</send>
								<receive>1</receive>
								<feedback>0</feedback>
								<connections>11111</connections>
								<triggers>
									<trigger>
										<var>text</var>
										<condition>ANY</condition>
									</trigger>
								</triggers>
								<path>
									<partial>
										<type>CONSTANT</type>
										<conversion>STRING</conversion>
										<value>/</value>
										<scaleMin>0</scaleMin>
										<scaleMax>1</scaleMax>
									</partial>
									<partial>
										<type>PROPERTY</type>
										<conversion>STRING</conversion>
										<value>parent.name</value>
										<scaleMin>0</scaleMin>
										<scaleMax>1</scaleMax>
									</partial>
									<partial>
										<type>CONSTANT</type>
										<conversion>STRING</conversion>
										<value>/</value>
										<scaleMin>0</scaleMin>
										<scaleMax>1</scaleMax>
									</partial>
									<partial>
										<type>PROPERTY</type>
										<conversion>STRING</conversion>
										<value>name</value>
										<scaleMin>0</scaleMin>
										<scaleMax>1</scaleMax>
									</partial>
								</path>
								<arguments>
									<partial>
										<type>VALUE</type>
										<conversion>STRING</conversion>
										<value>text</value>
										<scaleMin>0</scaleMin>
										<scaleMax>1</scaleMax>
									</partial>
								</arguments>
							</osc>
							<osc>
								<enabled>1</enabled>
								<send>0</send>
								<receive>1</receive>
								<feedback>0</feedback>
								<connections>11111</connections>
								<triggers>
									<trigger>
										<var>text</var>
										<condition>ANY</condition>
									</trigger>
								</triggers>
								<path>
									<partial>
										<type>CONSTANT</type>
										<conversion>STRING</conversion>
										<value>/</value>
										<scaleMin>0</scaleMin>
										<scaleMax>1</scaleMax>
									</partial>
									<partial>
										<type>PROPERTY</type>
										<conversion>STRING</conversion>
										<value>parent.name</value>
										<scaleMin>0</scaleMin>
										<scaleMax>1</scaleMax>
									</partial>
								</path>
								<arguments>
									<partial>
										<type>PROPERTY</type>
										<conversion>STRING</conversion>
										<value>color</value>
										<scaleMin>0</scaleMin>
										<scaleMax>1</scaleMax>
									</partial>
								</arguments>
							</osc>
						</messages>
					</node>
					<node ID="4b5d1b2f-0af9-11ef-b9a0-0826ae311d34" type="BOX">
						<properties>
							<property type="b">
								<key>background</key>
								<value>1</value>
							</property>
							<property type="c">
								<key>color</key>
								<value>
									<r>1</r>
									<g>0</g>
									<b>0</b>
									<a>1</a>
								</value>
							</property>
							<property type="f">
								<key>cornerRadius</key>
								<value>1</value>
							</property>
							<property type="r">
								<key>frame</key>
								<value>
									<x>101</x>
									<y>49</y>
									<w>17</w>
									<h>17</h>
								</value>
							</property>
							<property type="b">
								<key>grabFocus</key>
								<value>0</value>
							</property>
							<property type="b">
								<key>interactive</key>
								<value>0</value>
							</property>
							<property type="b">
								<key>locked</key>
								<value>0</value>
							</property>
							<property type="s">
								<key>name</key>
								<value>box1</value>
							</property>
							<property type="i">
								<key>orientation</key>
								<value>0</value>
							</property>
							<property type="b">
								<key>outline</key>
								<value>0</value>
							</property>
							<property type="i">
								<key>outlineStyle</key>
								<value>1</value>
							</property>
							<property type="i">
								<key>pointerPriority</key>
								<value>0</value>
							</property>
							<property type="i">
								<key>shape</key>
								<value>2</value>
							</property>
							<property type="b">
								<key>visible</key>
								<value>1</value>
							</property>
						</properties>
						<values>
							<value>
								<key>touch</key>
								<locked>0</locked>
								<lockedDefaultCurrent>0</lockedDefaultCurrent>
								<default>false</default>
								<defaultPull>0</defaultPull>
							</value>
						</values>
					</node>
					<node ID="4b5d1b30-0af9-11ef-9489-0826ae311d34" type="BOX">
						<properties>
							<property type="b">
								<key>background</key>
								<value>1</value>
							</property>
							<property type="c">
								<key>color</key>
								<value>
									<r>0.00757575</r>
									<g>1</g>
									<b>0.977746</b>
									<a>1</a>
								</value>
							</property>
							<property type="f">
								<key>cornerRadius</key>
								<value>1</value>
							</property>
							<property type="r">
								<key>frame</key>
								<value>
									<x>101</x>
									<y>168</y>
									<w>17</w>
									<h>17</h>
								</value>
							</property>
							<property type="b">
								<key>grabFocus</key>
								<value>0</value>
							</property>
							<property type="b">
								<key>interactive</key>
								<value>0</value>
							</property>
							<property type="b">
								<key>locked</key>
								<value>0</value>
							</property>
							<property type="s">
								<key>name</key>
								<value>box5</value>
							</property>
							<property type="i">
								<key>orientation</key>
								<value>0</value>
							</property>
							<property type="b">
								<key>outline</key>
								<value>0</value>
							</property>
							<property type="i">
								<key>outlineStyle</key>
								<value>1</value>
							</property>
							<property type="i">
								<key>pointerPriority</key>
								<value>0</value>
							</property>
							<property type="i">
								<key>shape</key>
								<value>2</value>
							</property>
							<property type="b">
								<key>visible</key>
								<value>1</value>
							</property>
						</properties>
						<values>
							<value>
								<key>touch</key>
								<locked>0</locked>
								<lockedDefaultCurrent>0</lockedDefaultCurrent>
								<default>false</default>
								<defaultPull>0</defaultPull>
							</value>
						</values>
					</node>
					<node ID="4b5d1b31-0af9-11ef-8387-0826ae311d34" type="BOX">
						<properties>
							<property type="b">
								<key>background</key>
								<value>1</value>
							</property>
							<property type="c">
								<key>color</key>
								<value>
									<r>0.706605</r>
									<g>1</g>
									<b>0.219697</b>
									<a>1</a>
								</value>
							</property>
							<property type="f">
								<key>cornerRadius</key>
								<value>1</value>
							</property>
							<property type="r">
								<key>frame</key>
								<value>
									<x>161</x>
									<y>108</y>
									<w>17</w>
									<h>17</h>
								</value>
							</property>
							<property type="b">
								<key>grabFocus</key>
								<value>0</value>
							</property>
							<property type="b">
								<key>interactive</key>
								<value>0</value>
							</property>
							<property type="b">
								<key>locked</key>
								<value>0</value>
							</property>
							<property type="s">
								<key>name</key>
								<value>box3</value>
							</property>
							<property type="i">
								<key>orientation</key>
								<value>0</value>
							</property>
							<property type="b">
								<key>outline</key>
								<value>0</value>
							</property>
							<property type="i">
								<key>outlineStyle</key>
								<value>1</value>
							</property>
							<property type="i">
								<key>pointerPriority</key>
								<value>0</value>
							</property>
							<property type="i">
								<key>shape</key>
								<value>2</value>
							</property>
							<property type="b">
								<key>visible</key>
								<value>1</value>
							</property>
						</properties>
						<values>
							<value>
								<key>touch</key>
								<locked>0</locked>
								<lockedDefaultCurrent>0</lockedDefaultCurrent>
								<default>false</default>
								<defaultPull>0</defaultPull>
							</value>
						</values>
					</node>
					<node ID="4b5d1b32-0af9-11ef-bda9-0826ae311d34" type="BOX">
						<properties>
							<property type="b">
								<key>background</key>
								<value>1</value>
							</property>
							<property type="c">
								<key>color</key>
								<value>
									<r>1</r>
									<g>0.826952</g>
									<b>0.219697</b>
									<a>1</a>
								</value>
							</property>
							<property type="f">
								<key>cornerRadius</key>
								<value>1</value>
							</property>
							<property type="r">
								<key>frame</key>
								<value>
									<x>143</x>
									<y>67</y>
									<w>17</w>
									<h>17</h>
								</value>
							</property>
							<property type="b">
								<key>grabFocus</key>
								<value>0</value>
							</property>
							<property type="b">
								<key>interactive</key>
								<value>0</value>
							</property>
							<property type="b">
								<key>locked</key>
								<value>0</value>
							</property>
							<property type="s">
								<key>name</key>
								<value>box2</value>
							</property>
							<property type="i">
								<key>orientation</key>
								<value>0</value>
							</property>
							<property type="b">
								<key>outline</key>
								<value>0</value>
							</property>
							<property type="i">
								<key>outlineStyle</key>
								<value>1</value>
							</property>
							<property type="i">
								<key>pointerPriority</key>
								<value>0</value>
							</property>
							<property type="i">
								<key>shape</key>
								<value>2</value>
							</property>
							<property type="b">
								<key>visible</key>
								<value>1</value>
							</property>
						</properties>
						<values>
							<value>
								<key>touch</key>
								<locked>0</locked>
								<lockedDefaultCurrent>0</lockedDefaultCurrent>
								<default>false</default>
								<defaultPull>0</defaultPull>
							</value>
						</values>
					</node>
					<node ID="4b5d1b33-0af9-11ef-a700-0826ae311d34" type="BOX">
						<properties>
							<property type="b">
								<key>background</key>
								<value>1</value>
							</property>
							<property type="c">
								<key>color</key>
								<value>
									<r>0</r>
									<g>0.939394</g>
									<b>0.738212</b>
									<a>1</a>
								</value>
							</property>
							<property type="f">
								<key>cornerRadius</key>
								<value>1</value>
							</property>
							<property type="r">
								<key>frame</key>
								<value>
									<x>143</x>
									<y>149</y>
									<w>17</w>
									<h>17</h>
								</value>
							</property>
							<property type="b">
								<key>grabFocus</key>
								<value>0</value>
							</property>
							<property type="b">
								<key>interactive</key>
								<value>0</value>
							</property>
							<property type="b">
								<key>locked</key>
								<value>0</value>
							</property>
							<property type="s">
								<key>name</key>
								<value>box4</value>
							</property>
							<property type="i">
								<key>orientation</key>
								<value>0</value>
							</property>
							<property type="b">
								<key>outline</key>
								<value>0</value>
							</property>
							<property type="i">
								<key>outlineStyle</key>
								<value>1</value>
							</property>
							<property type="i">
								<key>pointerPriority</key>
								<value>0</value>
							</property>
							<property type="i">
								<key>shape</key>
								<value>2</value>
							</property>
							<property type="b">
								<key>visible</key>
								<value>1</value>
							</property>
						</properties>
						<values>
							<value>
								<key>touch</key>
								<locked>0</locked>
								<lockedDefaultCurrent>0</lockedDefaultCurrent>
								<default>false</default>
								<defaultPull>0</defaultPull>
							</value>
						</values>
					</node>
					<node ID="4b5d1b34-0af9-11ef-9290-0826ae311d34" type="BOX">
						<properties>
							<property type="b">
								<key>background</key>
								<value>1</value>
							</property>
							<property type="c">
								<key>color</key>
								<value>
									<r>0.686957</r>
									<g>0.113636</g>
									<b>1</b>
									<a>1</a>
								</value>
							</property>
							<property type="f">
								<key>cornerRadius</key>
								<value>1</value>
							</property>
							<property type="r">
								<key>frame</key>
								<value>
									<x>42</x>
									<y>108</y>
									<w>17</w>
									<h>17</h>
								</value>
							</property>
							<property type="b">
								<key>grabFocus</key>
								<value>0</value>
							</property>
							<property type="b">
								<key>interactive</key>
								<value>0</value>
							</property>
							<property type="b">
								<key>locked</key>
								<value>0</value>
							</property>
							<property type="s">
								<key>name</key>
								<value>box7</value>
							</property>
							<property type="i">
								<key>orientation</key>
								<value>0</value>
							</property>
							<property type="b">
								<key>outline</key>
								<value>0</value>
							</property>
							<property type="i">
								<key>outlineStyle</key>
								<value>1</value>
							</property>
							<property type="i">
								<key>pointerPriority</key>
								<value>0</value>
							</property>
							<property type="i">
								<key>shape</key>
								<value>2</value>
							</property>
							<property type="b">
								<key>visible</key>
								<value>1</value>
							</property>
						</properties>
						<values>
							<value>
								<key>touch</key>
								<locked>0</locked>
								<lockedDefaultCurrent>0</lockedDefaultCurrent>
								<default>false</default>
								<defaultPull>0</defaultPull>
							</value>
						</values>
					</node>
					<node ID="4b5d1b35-0af9-11ef-8fb0-0826ae311d34" type="BOX">
						<properties>
							<property type="b">
								<key>background</key>
								<value>1</value>
							</property>
							<property type="c">
								<key>color</key>
								<value>
									<r>0.113636</r>
									<g>0.30009</g>
									<b>1</b>
									<a>1</a>
								</value>
							</property>
							<property type="f">
								<key>cornerRadius</key>
								<value>1</value>
							</property>
							<property type="r">
								<key>frame</key>
								<value>
									<x>61</x>
									<y>149</y>
									<w>17</w>
									<h>17</h>
								</value>
							</property>
							<property type="b">
								<key>grabFocus</key>
								<value>0</value>
							</property>
							<property type="b">
								<key>interactive</key>
								<value>0</value>
							</property>
							<property type="b">
								<key>locked</key>
								<value>0</value>
							</property>
							<property type="s">
								<key>name</key>
								<value>box6</value>
							</property>
							<property type="i">
								<key>orientation</key>
								<value>0</value>
							</property>
							<property type="b">
								<key>outline</key>
								<value>0</value>
							</property>
							<property type="i">
								<key>outlineStyle</key>
								<value>1</value>
							</property>
							<property type="i">
								<key>pointerPriority</key>
								<value>0</value>
							</property>
							<property type="i">
								<key>shape</key>
								<value>2</value>
							</property>
							<property type="b">
								<key>visible</key>
								<value>1</value>
							</property>
						</properties>
						<values>
							<value>
								<key>touch</key>
								<locked>0</locked>
								<lockedDefaultCurrent>0</lockedDefaultCurrent>
								<default>false</default>
								<defaultPull>0</defaultPull>
							</value>
						</values>
					</node>
					<node ID="4b5d1b36-0af9-11ef-affc-0826ae311d34" type="BOX">
						<properties>
							<property type="b">
								<key>background</key>
								<value>1</value>
							</property>
							<property type="c">
								<key>color</key>
								<value>
									<r>1</r>
									<g>0.113636</g>
									<b>0.923159</b>
									<a>1</a>
								</value>
							</property>
							<property type="f">
								<key>cornerRadius</key>
								<value>1</value>
							</property>
							<property type="r">
								<key>frame</key>
								<value>
									<x>61</x>
									<y>67</y>
									<w>17</w>
									<h>17</h>
								</value>
							</property>
							<property type="b">
								<key>grabFocus</key>
								<value>0</value>
							</property>
							<property type="b">
								<key>interactive</key>
								<value>0</value>
							</property>
							<property type="b">
								<key>locked</key>
								<value>0</value>
							</property>
							<property type="s">
								<key>name</key>
								<value>box8</value>
							</property>
							<property type="i">
								<key>orientation</key>
								<value>0</value>
							</property>
							<property type="b">
								<key>outline</key>
								<value>0</value>
							</property>
							<property type="i">
								<key>outlineStyle</key>
								<value>1</value>
							</property>
							<property type="i">
								<key>pointerPriority</key>
								<value>0</value>
							</property>
							<property type="i">
								<key>shape</key>
								<value>2</value>
							</property>
							<property type="b">
								<key>visible</key>
								<value>1</value>
							</property>
						</properties>
						<values>
							<value>
								<key>touch</key>
								<locked>0</locked>
								<lockedDefaultCurrent>0</lockedDefaultCurrent>
								<default>false</default>
								<defaultPull>0</defaultPull>
							</value>
						</values>
					</node>
					<node ID="5a13d310-0bbc-11ef-8065-0826ae311d34" type="FADER">
						<properties>
							<property type="b">
								<key>background</key>
								<value>0</value>
							</property>
							<property type="b">
								<key>bar</key>
								<value>0</value>
							</property>
							<property type="i">
								<key>barDisplay</key>
								<value>0</value>
							</property>
							<property type="b">
								<key>centered</key>
								<value>0</value>
							</property>
							<property type="c">
								<key>color</key>
								<value>
									<r>1</r>
									<g>1</g>
									<b>1</b>
									<a>1</a>
								</value>
							</property>
							<property type="f">
								<key>cornerRadius</key>
								<value>1</value>
							</property>
							<property type="b">
								<key>cursor</key>
								<value>1</value>
							</property>
							<property type="i">
								<key>cursorDisplay</key>
								<value>0</value>
							</property>
							<property type="r">
								<key>frame</key>
								<value>
									<x>34</x>
									<y>215</y>
									<w>175</w>
									<h>22</h>
								</value>
							</property>
							<property type="b">
								<key>grabFocus</key>
								<value>1</value>
							</property>
							<property type="b">
								<key>grid</key>
								<value>1</value>
							</property>
							<property type="c">
								<key>gridColor</key>
								<value>
									<r>1</r>
									<g>1</g>
									<b>1</b>
									<a>0.43787</a>
								</value>
							</property>
							<property type="i">
								<key>gridSteps</key>
								<value>13</value>
							</property>
							<property type="b">
								<key>interactive</key>
								<value>1</value>
							</property>
							<property type="b">
								<key>locked</key>
								<value>0</value>
							</property>
							<property type="s">
								<key>name</key>
								<value>saturation</value>
							</property>
							<property type="i">
								<key>orientation</key>
								<value>1</value>
							</property>
							<property type="b">
								<key>outline</key>
								<value>0</value>
							</property>
							<property type="i">
								<key>outlineStyle</key>
								<value>1</value>
							</property>
							<property type="i">
								<key>pointerPriority</key>
								<value>0</value>
							</property>
							<property type="i">
								<key>response</key>
								<value>0</value>
							</property>
							<property type="i">
								<key>responseFactor</key>
								<value>100</value>
							</property>
							<property type="i">
								<key>shape</key>
								<value>1</value>
							</property>
							<property type="b">
								<key>visible</key>
								<value>1</value>
							</property>
						</properties>
						<values>
							<value>
								<key>x</key>
								<locked>0</locked>
								<lockedDefaultCurrent>0</lockedDefaultCurrent>
								<default>0.5</default>
								<defaultPull>0</defaultPull>
							</value>
							<value>
								<key>touch</key>
								<locked>0</locked>
								<lockedDefaultCurrent>0</lockedDefaultCurrent>
								<default>false</default>
								<defaultPull>0</defaultPull>
							</value>
						</values>
						<messages>
							<osc>
								<enabled>1</enabled>
								<send>1</send>
								<receive>1</receive>
								<feedback>0</feedback>
								<connections>11111</connections>
								<triggers>
									<trigger>
										<var>x</var>
										<condition>ANY</condition>
									</trigger>
								</triggers>
								<path>
									<partial>
										<type>CONSTANT</type>
										<conversion>STRING</conversion>
										<value>/</value>
										<scaleMin>0</scaleMin>
										<scaleMax>1</scaleMax>
									</partial>
									<partial>
										<type>PROPERTY</type>
										<conversion>STRING</conversion>
										<value>parent.name</value>
										<scaleMin>0</scaleMin>
										<scaleMax>1</scaleMax>
									</partial>
									<partial>
										<type>CONSTANT</type>
										<conversion>STRING</conversion>
										<value>/</value>
										<scaleMin>0</scaleMin>
										<scaleMax>1</scaleMax>
									</partial>
									<partial>
										<type>PROPERTY</type>
										<conversion>STRING</conversion>
										<value>name</value>
										<scaleMin>0</scaleMin>
										<scaleMax>1</scaleMax>
									</partial>
								</path>
								<arguments>
									<partial>
										<type>VALUE</type>
										<conversion>FLOAT</conversion>
										<value>x</value>
										<scaleMin>0</scaleMin>
										<scaleMax>1</scaleMax>
									</partial>
								</arguments>
							</osc>
						</messages>
					</node>
					<node ID="66e4af88-0bbc-11ef-9342-0826ae311d34" type="FADER">
						<properties>
							<property type="b">
								<key>background</key>
								<value>0</value>
							</property>
							<property type="b">
								<key>bar</key>
								<value>0</value>
							</property>
							<property type="i">
								<key>barDisplay</key>
								<value>0</value>
							</property>
							<property type="b">
								<key>centered</key>
								<value>0</value>
							</property>
							<property type="c">
								<key>color</key>
								<value>
									<r>1</r>
									<g>1</g>
									<b>1</b>
									<a>1</a>
								</value>
							</property>
							<property type="f">
								<key>cornerRadius</key>
								<value>1</value>
							</property>
							<property type="b">
								<key>cursor</key>
								<value>1</value>
							</property>
							<property type="i">
								<key>cursorDisplay</key>
								<value>0</value>
							</property>
							<property type="r">
								<key>frame</key>
								<value>
									<x>34</x>
									<y>258</y>
									<w>175</w>
									<h>22</h>
								</value>
							</property>
							<property type="b">
								<key>grabFocus</key>
								<value>1</value>
							</property>
							<property type="b">
								<key>grid</key>
								<value>1</value>
							</property>
							<property type="c">
								<key>gridColor</key>
								<value>
									<r>1</r>
									<g>1</g>
									<b>1</b>
									<a>0.43787</a>
								</value>
							</property>
							<property type="i">
								<key>gridSteps</key>
								<value>13</value>
							</property>
							<property type="b">
								<key>interactive</key>
								<value>1</value>
							</property>
							<property type="b">
								<key>locked</key>
								<value>0</value>
							</property>
							<property type="s">
								<key>name</key>
								<value>lightness</value>
							</property>
							<property type="i">
								<key>orientation</key>
								<value>1</value>
							</property>
							<property type="b">
								<key>outline</key>
								<value>0</value>
							</property>
							<property type="i">
								<key>outlineStyle</key>
								<value>1</value>
							</property>
							<property type="i">
								<key>pointerPriority</key>
								<value>0</value>
							</property>
							<property type="i">
								<key>response</key>
								<value>0</value>
							</property>
							<property type="i">
								<key>responseFactor</key>
								<value>100</value>
							</property>
							<property type="i">
								<key>shape</key>
								<value>1</value>
							</property>
							<property type="b">
								<key>visible</key>
								<value>1</value>
							</property>
						</properties>
						<values>
							<value>
								<key>x</key>
								<locked>0</locked>
								<lockedDefaultCurrent>0</lockedDefaultCurrent>
								<default>0.5</default>
								<defaultPull>0</defaultPull>
							</value>
							<value>
								<key>touch</key>
								<locked>0</locked>
								<lockedDefaultCurrent>0</lockedDefaultCurrent>
								<default>false</default>
								<defaultPull>0</defaultPull>
							</value>
						</values>
						<messages>
							<osc>
								<enabled>1</enabled>
								<send>1</send>
								<receive>1</receive>
								<feedback>0</feedback>
								<connections>11111</connections>
								<triggers>
									<trigger>
										<var>x</var>
										<condition>ANY</condition>
									</trigger>
								</triggers>
								<path>
									<partial>
										<type>CONSTANT</type>
										<conversion>STRING</conversion>
										<value>/</value>
										<scaleMin>0</scaleMin>
										<scaleMax>1</scaleMax>
									</partial>
									<partial>
										<type>PROPERTY</type>
										<conversion>STRING</conversion>
										<value>parent.name</value>
										<scaleMin>0</scaleMin>
										<scaleMax>1</scaleMax>
									</partial>
									<partial>
										<type>CONSTANT</type>
										<conversion>STRING</conversion>
										<value>/</value>
										<scaleMin>0</scaleMin>
										<scaleMax>1</scaleMax>
									</partial>
									<partial>
										<type>PROPERTY</type>
										<conversion>STRING</conversion>
										<value>name</value>
										<scaleMin>0</scaleMin>
										<scaleMax>1</scaleMax>
									</partial>
								</path>
								<arguments>
									<partial>
										<type>VALUE</type>
										<conversion>FLOAT</conversion>
										<value>x</value>
										<scaleMin>0</scaleMin>
										<scaleMax>1</scaleMax>
									</partial>
								</arguments>
							</osc>
						</messages>
					</node>
					<node ID="90609534-0bbc-11ef-aea1-0826ae311d34" type="LABEL">
						<properties>
							<property type="b">
								<key>background</key>
								<value>1</value>
							</property>
							<property type="c">
								<key>color</key>
								<value>
									<r>1</r>
									<g>0</g>
									<b>0</b>
									<a>0</a>
								</value>
							</property>
							<property type="f">
								<key>cornerRadius</key>
								<value>1</value>
							</property>
							<property type="i">
								<key>font</key>
								<value>0</value>
							</property>
							<property type="r">
								<key>frame</key>
								<value>
									<x>13</x>
									<y>215</y>
									<w>21</w>
									<h>22</h>
								</value>
							</property>
							<property type="b">
								<key>grabFocus</key>
								<value>1</value>
							</property>
							<property type="b">
								<key>interactive</key>
								<value>0</value>
							</property>
							<property type="b">
								<key>locked</key>
								<value>0</value>
							</property>
							<property type="s">
								<key>name</key>
								<value>label_s</value>
							</property>
							<property type="i">
								<key>orientation</key>
								<value>0</value>
							</property>
							<property type="b">
								<key>outline</key>
								<value>1</value>
							</property>
							<property type="i">
								<key>outlineStyle</key>
								<value>1</value>
							</property>
							<property type="i">
								<key>pointerPriority</key>
								<value>0</value>
							</property>
							<property type="i">
								<key>shape</key>
								<value>1</value>
							</property>
							<property type="i">
								<key>textAlignH</key>
								<value>2</value>
							</property>
							<property type="i">
								<key>textAlignV</key>
								<value>2</value>
							</property>
							<property type="b">
								<key>textClip</key>
								<value>1</value>
							</property>
							<property type="c">
								<key>textColor</key>
								<value>
									<r>1</r>
									<g>1</g>
									<b>1</b>
									<a>1</a>
								</value>
							</property>
							<property type="i">
								<key>textLength</key>
								<value>0</value>
							</property>
							<property type="i">
								<key>textSize</key>
								<value>14</value>
							</property>
							<property type="b">
								<key>visible</key>
								<value>1</value>
							</property>
						</properties>
						<values>
							<value>
								<key>text</key>
								<locked>0</locked>
								<lockedDefaultCurrent>1</lockedDefaultCurrent>
								<default>S</default>
								<defaultPull>0</defaultPull>
							</value>
							<value>
								<key>touch</key>
								<locked>0</locked>
								<lockedDefaultCurrent>0</lockedDefaultCurrent>
								<default>false</default>
								<defaultPull>0</defaultPull>
							</value>
						</values>
					</node>
					<node ID="9e334a62-0bbc-11ef-a127-0826ae311d34" type="LABEL">
						<properties>
							<property type="b">
								<key>background</key>
								<value>1</value>
							</property>
							<property type="c">
								<key>color</key>
								<value>
									<r>1</r>
									<g>0</g>
									<b>0</b>
									<a>0</a>
								</value>
							</property>
							<property type="f">
								<key>cornerRadius</key>
								<value>1</value>
							</property>
							<property type="i">
								<key>font</key>
								<value>0</value>
							</property>
							<property type="r">
								<key>frame</key>
								<value>
									<x>13</x>
									<y>258</y>
									<w>21</w>
									<h>22</h>
								</value>
							</property>
							<property type="b">
								<key>grabFocus</key>
								<value>1</value>
							</property>
							<property type="b">
								<key>interactive</key>
								<value>0</value>
							</property>
							<property type="b">
								<key>locked</key>
								<value>0</value>
							</property>
							<property type="s">
								<key>name</key>
								<value>label_l</value>
							</property>
							<property type="i">
								<key>orientation</key>
								<value>0</value>
							</property>
							<property type="b">
								<key>outline</key>
								<value>1</value>
							</property>
							<property type="i">
								<key>outlineStyle</key>
								<value>1</value>
							</property>
							<property type="i">
								<key>pointerPriority</key>
								<value>0</value>
							</property>
							<property type="i">
								<key>shape</key>
								<value>1</value>
							</property>
							<property type="i">
								<key>textAlignH</key>
								<value>2</value>
							</property>
							<property type="i">
								<key>textAlignV</key>
								<value>2</value>
							</property>
							<property type="b">
								<key>textClip</key>
								<value>1</value>
							</property>
							<property type="c">
								<key>textColor</key>
								<value>
									<r>1</r>
									<g>1</g>
									<b>1</b>
									<a>1</a>
								</value>
							</property>
							<property type="i">
								<key>textLength</key>
								<value>0</value>
							</property>
							<property type="i">
								<key>textSize</key>
								<value>14</value>
							</property>
							<property type="b">
								<key>visible</key>
								<value>1</value>
							</property>
						</properties>
						<values>
							<value>
								<key>text</key>
								<locked>0</locked>
								<lockedDefaultCurrent>1</lockedDefaultCurrent>
								<default>L</default>
								<defaultPull>0</defaultPull>
							</value>
							<value>
								<key>touch</key>
								<locked>0</locked>
								<lockedDefaultCurrent>0</lockedDefaultCurrent>
								<default>false</default>
								<defaultPull>0</defaultPull>
							</value>
						</values>
					</node>
				</children>
			</node>
			<node ID="87f83212-0afe-11ef-a5e3-0826ae311d34" type="GROUP">
				<properties>
					<property type="b">
						<key>background</key>
						<value>1</value>
					</property>
					<property type="c">
						<key>color</key>
						<value>
							<r>1</r>
							<g>1</g>
							<b>1</b>
							<a>0.704142</a>
						</value>
					</property>
					<property type="f">
						<key>cornerRadius</key>
						<value>1</value>
					</property>
					<property type="r">
						<key>frame</key>
						<value>
							<x>20</x>
							<y>20</y>
							<w>60</w>
							<h>300</h>
						</value>
					</property>
					<property type="b">
						<key>grabFocus</key>
						<value>0</value>
					</property>
					<property type="b">
						<key>interactive</key>
						<value>0</value>
					</property>
					<property type="b">
						<key>locked</key>
						<value>0</value>
					</property>
					<property type="s">
						<key>name</key>
						<value>recall_slot_a1</value>
					</property>
					<property type="i">
						<key>orientation</key>
						<value>0</value>
					</property>
					<property type="b">
						<key>outline</key>
						<value>0</value>
					</property>
					<property type="i">
						<key>outlineStyle</key>
						<value>1</value>
					</property>
					<property type="i">
						<key>pointerPriority</key>
						<value>0</value>
					</property>
					<property type="i">
						<key>shape</key>
						<value>1</value>
					</property>
					<property type="s">
						<key>tag</key>
						<value>recall_slot</value>
					</property>
					<property type="b">
						<key>visible</key>
						<value>1</value>
					</property>
				</properties>
				<values>
					<value>
						<key>touch</key>
						<locked>0</locked>
						<lockedDefaultCurrent>0</lockedDefaultCurrent>
						<default>false</default>
						<defaultPull>0</defaultPull>
					</value>
				</values>
				<children>
					<node ID="87f83213-0afe-11ef-9911-0826ae311d34" type="LABEL">
						<properties>
							<property type="b">
								<key>background</key>
								<value>1</value>
							</property>
							<property type="c">
								<key>color</key>
								<value>
									<r>1</r>
									<g>1</g>
									<b>1</b>
									<a>1</a>
								</value>
							</property>
							<property type="f">
								<key>cornerRadius</key>
								<value>1</value>
							</property>
							<property type="i">
								<key>font</key>
								<value>0</value>
							</property>
							<property type="r">
								<key>frame</key>
								<value>
									<x>3</x>
									<y>3</y>
									<w>54</w>
									<h>25</h>
								</value>
							</property>
							<property type="b">
								<key>grabFocus</key>
								<value>1</value>
							</property>
							<property type="b">
								<key>interactive</key>
								<value>0</value>
							</property>
							<property type="b">
								<key>locked</key>
								<value>0</value>
							</property>
							<property type="s">
								<key>name</key>
								<value>caption</value>
							</property>
							<property type="i">
								<key>orientation</key>
								<value>0</value>
							</property>
							<property type="b">
								<key>outline</key>
								<value>1</value>
							</property>
							<property type="i">
								<key>outlineStyle</key>
								<value>0</value>
							</property>
							<property type="i">
								<key>pointerPriority</key>
								<value>0</value>
							</property>
							<property type="i">
								<key>shape</key>
								<value>1</value>
							</property>
							<property type="i">
								<key>textAlignH</key>
								<value>2</value>
							</property>
							<property type="i">
								<key>textAlignV</key>
								<value>2</value>
							</property>
							<property type="b">
								<key>textClip</key>
								<value>1</value>
							</property>
							<property type="c">
								<key>textColor</key>
								<value>
									<r>1</r>
									<g>1</g>
									<b>1</b>
									<a>1</a>
								</value>
							</property>
							<property type="i">
								<key>textLength</key>
								<value>0</value>
							</property>
							<property type="i">
								<key>textSize</key>
								<value>12</value>
							</property>
							<property type="b">
								<key>visible</key>
								<value>1</value>
							</property>
						</properties>
						<values>
							<value>
								<key>text</key>
								<locked>0</locked>
								<lockedDefaultCurrent>1</lockedDefaultCurrent>
								<default>A1</default>
								<defaultPull>0</defaultPull>
							</value>
							<value>
								<key>touch</key>
								<locked>0</locked>
								<lockedDefaultCurrent>0</lockedDefaultCurrent>
								<default>false</default>
								<defaultPull>0</defaultPull>
							</value>
						</values>
						<messages>
							<osc>
								<enabled>1</enabled>
								<send>0</send>
								<receive>1</receive>
								<feedback>0</feedback>
								<connections>11111</connections>
								<triggers>
									<trigger>
										<var>text</var>
										<condition>ANY</condition>
									</trigger>
								</triggers>
								<path>
									<partial>
										<type>CONSTANT</type>
										<conversion>STRING</conversion>
										<value>/</value>
										<scaleMin>0</scaleMin>
										<scaleMax>1</scaleMax>
									</partial>
									<partial>
										<type>PROPERTY</type>
										<conversion>STRING</conversion>
										<value>parent.name</value>
										<scaleMin>0</scaleMin>
										<scaleMax>1</scaleMax>
									</partial>
									<partial>
										<type>CONSTANT</type>
										<conversion>STRING</conversion>
										<value>/</value>
										<scaleMin>0</scaleMin>
										<scaleMax>1</scaleMax>
									</partial>
									<partial>
										<type>PROPERTY</type>
										<conversion>STRING</conversion>
										<value>name</value>
										<scaleMin>0</scaleMin>
										<scaleMax>1</scaleMax>
									</partial>
								</path>
								<arguments>
									<partial>
										<type>VALUE</type>
										<conversion>STRING</conversion>
										<value>text</value>
										<scaleMin>0</scaleMin>
										<scaleMax>1</scaleMax>
									</partial>
								</arguments>
							</osc>
							<osc>
								<enabled>1</enabled>
								<send>0</send>
								<receive>1</receive>
								<feedback>0</feedback>
								<connections>11111</connections>
								<triggers>
									<trigger>
										<var>text</var>
										<condition>ANY</condition>
									</trigger>
								</triggers>
								<path>
									<partial>
										<type>CONSTANT</type>
										<conversion>STRING</conversion>
										<value>/</value>
										<scaleMin>0</scaleMin>
										<scaleMax>1</scaleMax>
									</partial>
									<partial>
										<type>PROPERTY</type>
										<conversion>STRING</conversion>
										<value>parent.name</value>
										<scaleMin>0</scaleMin>
										<scaleMax>1</scaleMax>
									</partial>
								</path>
								<arguments>
									<partial>
										<type>PROPERTY</type>
										<conversion>STRING</conversion>
										<value>color</value>
										<scaleMin>0</scaleMin>
										<scaleMax>1</scaleMax>
									</partial>
								</arguments>
							</osc>
						</messages>
					</node>
					<node ID="87f83214-0afe-11ef-abef-0826ae311d34" type="LABEL">
						<properties>
							<property type="b">
								<key>background</key>
								<value>1</value>
							</property>
							<property type="c">
								<key>color</key>
								<value>
									<r>1</r>
									<g>0</g>
									<b>0</b>
									<a>0</a>
								</value>
							</property>
							<property type="f">
								<key>cornerRadius</key>
								<value>1</value>
							</property>
							<property type="i">
								<key>font</key>
								<value>0</value>
							</property>
							<property type="r">
								<key>frame</key>
								<value>
									<x>1</x>
									<y>100</y>
									<w>59</w>
									<h>20</h>
								</value>
							</property>
							<property type="b">
								<key>grabFocus</key>
								<value>1</value>
							</property>
							<property type="b">
								<key>interactive</key>
								<value>0</value>
							</property>
							<property type="b">
								<key>locked</key>
								<value>0</value>
							</property>
							<property type="s">
								<key>name</key>
								<value>label_recall</value>
							</property>
							<property type="i">
								<key>orientation</key>
								<value>0</value>
							</property>
							<property type="b">
								<key>outline</key>
								<value>1</value>
							</property>
							<property type="i">
								<key>outlineStyle</key>
								<value>1</value>
							</property>
							<property type="i">
								<key>pointerPriority</key>
								<value>0</value>
							</property>
							<property type="i">
								<key>shape</key>
								<value>1</value>
							</property>
							<property type="i">
								<key>textAlignH</key>
								<value>2</value>
							</property>
							<property type="i">
								<key>textAlignV</key>
								<value>2</value>
							</property>
							<property type="b">
								<key>textClip</key>
								<value>1</value>
							</property>
							<property type="c">
								<key>textColor</key>
								<value>
									<r>1</r>
									<g>1</g>
									<b>1</b>
									<a>1</a>
								</value>
							</property>
							<property type="i">
								<key>textLength</key>
								<value>0</value>
							</property>
							<property type="i">
								<key>textSize</key>
								<value>14</value>
							</property>
							<property type="b">
								<key>visible</key>
								<value>1</value>
							</property>
						</properties>
						<values>
							<value>
								<key>text</key>
								<locked>0</locked>
								<lockedDefaultCurrent>1</lockedDefaultCurrent>
								<default>Recall</default>
								<defaultPull>0</defaultPull>
							</value>
							<value>
								<key>touch</key>
								<locked>0</locked>
								<lockedDefaultCurrent>0</lockedDefaultCurrent>
								<default>false</default>
								<defaultPull>0</defaultPull>
							</value>
						</values>
					</node>
					<node ID="87f83215-0afe-11ef-97c2-0826ae311d34" type="BUTTON">
						<properties>
							<property type="b">
								<key>background</key>
								<value>1</value>
							</property>
							<property type="i">
								<key>buttonType</key>
								<value>0</value>
							</property>
							<property type="c">
								<key>color</key>
								<value>
									<r>0</r>
									<g>1</g>
									<b>0</b>
									<a>1</a>
								</value>
							</property>
							<property type="f">
								<key>cornerRadius</key>
								<value>1</value>
							</property>
							<property type="r">
								<key>frame</key>
								<value>
									<x>2</x>
									<y>120</y>
									<w>55</w>
									<h>60</h>
								</value>
							</property>
							<property type="b">
								<key>grabFocus</key>
								<value>1</value>
							</property>
							<property type="b">
								<key>interactive</key>
								<value>1</value>
							</property>
							<property type="b">
								<key>locked</key>
								<value>0</value>
							</property>
							<property type="s">
								<key>name</key>
								<value>recall</value>
							</property>
							<property type="i">
								<key>orientation</key>
								<value>0</value>
							</property>
							<property type="b">
								<key>outline</key>
								<value>1</value>
							</property>
							<property type="i">
								<key>outlineStyle</key>
								<value>1</value>
							</property>
							<property type="i">
								<key>pointerPriority</key>
								<value>0</value>
							</property>
							<property type="b">
								<key>press</key>
								<value>1</value>
							</property>
							<property type="b">
								<key>release</key>
								<value>1</value>
							</property>
							<property type="i">
								<key>shape</key>
								<value>1</value>
							</property>
							<property type="b">
								<key>valuePosition</key>
								<value>0</value>
							</property>
							<property type="b">
								<key>visible</key>
								<value>1</value>
							</property>
						</properties>
						<values>
							<value>
								<key>x</key>
								<locked>0</locked>
								<lockedDefaultCurrent>0</lockedDefaultCurrent>
								<default>0</default>
								<defaultPull>0</defaultPull>
							</value>
							<value>
								<key>touch</key>
								<locked>0</locked>
								<lockedDefaultCurrent>0</lockedDefaultCurrent>
								<default>false</default>
								<defaultPull>0</defaultPull>
							</value>
						</values>
						<messages>
							<midi>
								<enabled>1</enabled>
								<send>1</send>
								<receive>1</receive>
								<feedback>0</feedback>
								<connections>11111</connections>
								<triggers>
									<trigger>
										<var>x</var>
										<condition>ANY</condition>
									</trigger>
								</triggers>
								<message>
									<type>CONTROLCHANGE</type>
									<channel>0</channel>
									<data1>0</data1>
									<data2>0</data2>
								</message>
								<values>
									<value>
										<type>CONSTANT</type>
										<key />
										<scaleMin>0</scaleMin>
										<scaleMax>15</scaleMax>
									</value>
									<value>
										<type>INDEX</type>
										<key />
										<scaleMin>0</scaleMin>
										<scaleMax>1</scaleMax>
									</value>
									<value>
										<type>VALUE</type>
										<key>x</key>
										<scaleMin>0</scaleMin>
										<scaleMax>127</scaleMax>
									</value>
								</values>
							</midi>
							<osc>
								<enabled>1</enabled>
								<send>1</send>
								<receive>1</receive>
								<feedback>0</feedback>
								<connections>11111</connections>
								<triggers>
									<trigger>
										<var>x</var>
										<condition>ANY</condition>
									</trigger>
								</triggers>
								<path>
									<partial>
										<type>CONSTANT</type>
										<conversion>STRING</conversion>
										<value>/</value>
										<scaleMin>0</scaleMin>
										<scaleMax>1</scaleMax>
									</partial>
									<partial>
										<type>PROPERTY</type>
										<conversion>STRING</conversion>
										<value>parent.name</value>
										<scaleMin>0</scaleMin>
										<scaleMax>1</scaleMax>
									</partial>
									<partial>
										<type>CONSTANT</type>
										<conversion>STRING</conversion>
										<value>/</value>
										<scaleMin>0</scaleMin>
										<scaleMax>1</scaleMax>
									</partial>
									<partial>
										<type>PROPERTY</type>
										<conversion>STRING</conversion>
										<value>name</value>
										<scaleMin>0</scaleMin>
										<scaleMax>1</scaleMax>
									</partial>
								</path>
								<arguments>
									<partial>
										<type>VALUE</type>
										<conversion>FLOAT</conversion>
										<value>x</value>
										<scaleMin>0</scaleMin>
										<scaleMax>1</scaleMax>
									</partial>
								</arguments>
							</osc>
						</messages>
					</node>
					<node ID="87f83216-0afe-11ef-ad20-0826ae311d34" type="LABEL">
						<properties>
							<property type="b">
								<key>background</key>
								<value>1</value>
							</property>
							<property type="c">
								<key>color</key>
								<value>
									<r>1</r>
									<g>0</g>
									<b>0</b>
									<a>0</a>
								</value>
							</property>
							<property type="f">
								<key>cornerRadius</key>
								<value>1</value>
							</property>
							<property type="i">
								<key>font</key>
								<value>0</value>
							</property>
							<property type="r">
								<key>frame</key>
								<value>
									<x>0</x>
									<y>33</y>
									<w>59</w>
									<h>20</h>
								</value>
							</property>
							<property type="b">
								<key>grabFocus</key>
								<value>1</value>
							</property>
							<property type="b">
								<key>interactive</key>
								<value>0</value>
							</property>
							<property type="b">
								<key>locked</key>
								<value>0</value>
							</property>
							<property type="s">
								<key>name</key>
								<value>label_save</value>
							</property>
							<property type="i">
								<key>orientation</key>
								<value>0</value>
							</property>
							<property type="b">
								<key>outline</key>
								<value>1</value>
							</property>
							<property type="i">
								<key>outlineStyle</key>
								<value>1</value>
							</property>
							<property type="i">
								<key>pointerPriority</key>
								<value>0</value>
							</property>
							<property type="i">
								<key>shape</key>
								<value>1</value>
							</property>
							<property type="i">
								<key>textAlignH</key>
								<value>2</value>
							</property>
							<property type="i">
								<key>textAlignV</key>
								<value>2</value>
							</property>
							<property type="b">
								<key>textClip</key>
								<value>1</value>
							</property>
							<property type="c">
								<key>textColor</key>
								<value>
									<r>1</r>
									<g>1</g>
									<b>1</b>
									<a>1</a>
								</value>
							</property>
							<property type="i">
								<key>textLength</key>
								<value>0</value>
							</property>
							<property type="i">
								<key>textSize</key>
								<value>14</value>
							</property>
							<property type="b">
								<key>visible</key>
								<value>1</value>
							</property>
						</properties>
						<values>
							<value>
								<key>text</key>
								<locked>0</locked>
								<lockedDefaultCurrent>1</lockedDefaultCurrent>
								<default>Save</default>
								<defaultPull>0</defaultPull>
							</value>
							<value>
								<key>touch</key>
								<locked>0</locked>
								<lockedDefaultCurrent>0</lockedDefaultCurrent>
								<default>false</default>
								<defaultPull>0</defaultPull>
							</value>
						</values>
					</node>
					<node ID="87f83217-0afe-11ef-b237-0826ae311d34" type="BUTTON">
						<properties>
							<property type="b">
								<key>background</key>
								<value>1</value>
							</property>
							<property type="i">
								<key>buttonType</key>
								<value>0</value>
							</property>
							<property type="c">
								<key>color</key>
								<value>
									<r>1</r>
									<g>0</g>
									<b>0</b>
									<a>1</a>
								</value>
							</property>
							<property type="f">
								<key>cornerRadius</key>
								<value>1</value>
							</property>
							<property type="r">
								<key>frame</key>
								<value>
									<x>2</x>
									<y>53</y>
									<w>55</w>
									<h>35</h>
								</value>
							</property>
							<property type="b">
								<key>grabFocus</key>
								<value>1</value>
							</property>
							<property type="b">
								<key>interactive</key>
								<value>1</value>
							</property>
							<property type="b">
								<key>locked</key>
								<value>0</value>
							</property>
							<property type="s">
								<key>name</key>
								<value>save</value>
							</property>
							<property type="i">
								<key>orientation</key>
								<value>0</value>
							</property>
							<property type="b">
								<key>outline</key>
								<value>1</value>
							</property>
							<property type="i">
								<key>outlineStyle</key>
								<value>1</value>
							</property>
							<property type="i">
								<key>pointerPriority</key>
								<value>0</value>
							</property>
							<property type="b">
								<key>press</key>
								<value>1</value>
							</property>
							<property type="b">
								<key>release</key>
								<value>1</value>
							</property>
							<property type="i">
								<key>shape</key>
								<value>1</value>
							</property>
							<property type="b">
								<key>valuePosition</key>
								<value>0</value>
							</property>
							<property type="b">
								<key>visible</key>
								<value>1</value>
							</property>
						</properties>
						<values>
							<value>
								<key>x</key>
								<locked>0</locked>
								<lockedDefaultCurrent>0</lockedDefaultCurrent>
								<default>0</default>
								<defaultPull>0</defaultPull>
							</value>
							<value>
								<key>touch</key>
								<locked>0</locked>
								<lockedDefaultCurrent>0</lockedDefaultCurrent>
								<default>false</default>
								<defaultPull>0</defaultPull>
							</value>
						</values>
						<messages>
							<midi>
								<enabled>1</enabled>
								<send>1</send>
								<receive>1</receive>
								<feedback>0</feedback>
								<connections>11111</connections>
								<triggers>
									<trigger>
										<var>x</var>
										<condition>ANY</condition>
									</trigger>
								</triggers>
								<message>
									<type>CONTROLCHANGE</type>
									<channel>0</channel>
									<data1>0</data1>
									<data2>0</data2>
								</message>
								<values>
									<value>
										<type>CONSTANT</type>
										<key />
										<scaleMin>0</scaleMin>
										<scaleMax>15</scaleMax>
									</value>
									<value>
										<type>INDEX</type>
										<key />
										<scaleMin>0</scaleMin>
										<scaleMax>1</scaleMax>
									</value>
									<value>
										<type>VALUE</type>
										<key>x</key>
										<scaleMin>0</scaleMin>
										<scaleMax>127</scaleMax>
									</value>
								</values>
							</midi>
							<osc>
								<enabled>1</enabled>
								<send>1</send>
								<receive>1</receive>
								<feedback>0</feedback>
								<connections>11111</connections>
								<triggers>
									<trigger>
										<var>x</var>
										<condition>ANY</condition>
									</trigger>
								</triggers>
								<path>
									<partial>
										<type>CONSTANT</type>
										<conversion>STRING</conversion>
										<value>/</value>
										<scaleMin>0</scaleMin>
										<scaleMax>1</scaleMax>
									</partial>
									<partial>
										<type>PROPERTY</type>
										<conversion>STRING</conversion>
										<value>parent.name</value>
										<scaleMin>0</scaleMin>
										<scaleMax>1</scaleMax>
									</partial>
									<partial>
										<type>CONSTANT</type>
										<conversion>STRING</conversion>
										<value>/</value>
										<scaleMin>0</scaleMin>
										<scaleMax>1</scaleMax>
									</partial>
									<partial>
										<type>PROPERTY</type>
										<conversion>STRING</conversion>
										<value>name</value>
										<scaleMin>0</scaleMin>
										<scaleMax>1</scaleMax>
									</partial>
								</path>
								<arguments>
									<partial>
										<type>VALUE</type>
										<conversion>FLOAT</conversion>
										<value>x</value>
										<scaleMin>0</scaleMin>
										<scaleMax>1</scaleMax>
									</partial>
								</arguments>
							</osc>
						</messages>
					</node>
					<node ID="87f83218-0afe-11ef-b706-0826ae311d34" type="LABEL">
						<properties>
							<property type="b">
								<key>background</key>
								<value>1</value>
							</property>
							<property type="c">
								<key>color</key>
								<value>
									<r>1</r>
									<g>0</g>
									<b>0</b>
									<a>0</a>
								</value>
							</property>
							<property type="f">
								<key>cornerRadius</key>
								<value>1</value>
							</property>
							<property type="i">
								<key>font</key>
								<value>0</value>
							</property>
							<property type="r">
								<key>frame</key>
								<value>
									<x>1</x>
									<y>190</y>
									<w>59</w>
									<h>20</h>
								</value>
							</property>
							<property type="b">
								<key>grabFocus</key>
								<value>1</value>
							</property>
							<property type="b">
								<key>interactive</key>
								<value>0</value>
							</property>
							<property type="b">
								<key>locked</key>
								<value>0</value>
							</property>
							<property type="s">
								<key>name</key>
								<value>label_punch</value>
							</property>
							<property type="i">
								<key>orientation</key>
								<value>0</value>
							</property>
							<property type="b">
								<key>outline</key>
								<value>1</value>
							</property>
							<property type="i">
								<key>outlineStyle</key>
								<value>1</value>
							</property>
							<property type="i">
								<key>pointerPriority</key>
								<value>0</value>
							</property>
							<property type="i">
								<key>shape</key>
								<value>1</value>
							</property>
							<property type="i">
								<key>textAlignH</key>
								<value>2</value>
							</property>
							<property type="i">
								<key>textAlignV</key>
								<value>2</value>
							</property>
							<property type="b">
								<key>textClip</key>
								<value>1</value>
							</property>
							<property type="c">
								<key>textColor</key>
								<value>
									<r>1</r>
									<g>1</g>
									<b>1</b>
									<a>1</a>
								</value>
							</property>
							<property type="i">
								<key>textLength</key>
								<value>0</value>
							</property>
							<property type="i">
								<key>textSize</key>
								<value>14</value>
							</property>
							<property type="b">
								<key>visible</key>
								<value>1</value>
							</property>
						</properties>
						<values>
							<value>
								<key>text</key>
								<locked>0</locked>
								<lockedDefaultCurrent>1</lockedDefaultCurrent>
								<default>Punch</default>
								<defaultPull>0</defaultPull>
							</value>
							<value>
								<key>touch</key>
								<locked>0</locked>
								<lockedDefaultCurrent>0</lockedDefaultCurrent>
								<default>false</default>
								<defaultPull>0</defaultPull>
							</value>
						</values>
					</node>
					<node ID="87f83219-0afe-11ef-8f24-0826ae311d34" type="BUTTON">
						<properties>
							<property type="b">
								<key>background</key>
								<value>1</value>
							</property>
							<property type="i">
								<key>buttonType</key>
								<value>0</value>
							</property>
							<property type="c">
								<key>color</key>
								<value>
									<r>1</r>
									<g>1</g>
									<b>0</b>
									<a>1</a>
								</value>
							</property>
							<property type="f">
								<key>cornerRadius</key>
								<value>1</value>
							</property>
							<property type="r">
								<key>frame</key>
								<value>
									<x>2</x>
									<y>215</y>
									<w>55</w>
									<h>80</h>
								</value>
							</property>
							<property type="b">
								<key>grabFocus</key>
								<value>1</value>
							</property>
							<property type="b">
								<key>interactive</key>
								<value>1</value>
							</property>
							<property type="b">
								<key>locked</key>
								<value>0</value>
							</property>
							<property type="s">
								<key>name</key>
								<value>punch</value>
							</property>
							<property type="i">
								<key>orientation</key>
								<value>0</value>
							</property>
							<property type="b">
								<key>outline</key>
								<value>1</value>
							</property>
							<property type="i">
								<key>outlineStyle</key>
								<value>1</value>
							</property>
							<property type="i">
								<key>pointerPriority</key>
								<value>0</value>
							</property>
							<property type="b">
								<key>press</key>
								<value>1</value>
							</property>
							<property type="b">
								<key>release</key>
								<value>1</value>
							</property>
							<property type="i">
								<key>shape</key>
								<value>1</value>
							</property>
							<property type="b">
								<key>valuePosition</key>
								<value>0</value>
							</property>
							<property type="b">
								<key>visible</key>
								<value>1</value>
							</property>
						</properties>
						<values>
							<value>
								<key>x</key>
								<locked>0</locked>
								<lockedDefaultCurrent>0</lockedDefaultCurrent>
								<default>0</default>
								<defaultPull>0</defaultPull>
							</value>
							<value>
								<key>touch</key>
								<locked>0</locked>
								<lockedDefaultCurrent>0</lockedDefaultCurrent>
								<default>false</default>
								<defaultPull>0</defaultPull>
							</value>
						</values>
						<messages>
							<midi>
								<enabled>1</enabled>
								<send>1</send>
								<receive>1</receive>
								<feedback>0</feedback>
								<connections>11111</connections>
								<triggers>
									<trigger>
										<var>x</var>
										<condition>ANY</condition>
									</trigger>
								</triggers>
								<message>
									<type>CONTROLCHANGE</type>
									<channel>0</channel>
									<data1>0</data1>
									<data2>0</data2>
								</message>
								<values>
									<value>
										<type>CONSTANT</type>
										<key />
										<scaleMin>0</scaleMin>
										<scaleMax>15</scaleMax>
									</value>
									<value>
										<type>INDEX</type>
										<key />
										<scaleMin>0</scaleMin>
										<scaleMax>1</scaleMax>
									</value>
									<value>
										<type>VALUE</type>
										<key>x</key>
										<scaleMin>0</scaleMin>
										<scaleMax>127</scaleMax>
									</value>
								</values>
							</midi>
							<osc>
								<enabled>1</enabled>
								<send>1</send>
								<receive>1</receive>
								<feedback>0</feedback>
								<connections>11111</connections>
								<triggers>
									<trigger>
										<var>x</var>
										<condition>ANY</condition>
									</trigger>
								</triggers>
								<path>
									<partial>
										<type>CONSTANT</type>
										<conversion>STRING</conversion>
										<value>/</value>
										<scaleMin>0</scaleMin>
										<scaleMax>1</scaleMax>
									</partial>
									<partial>
										<type>PROPERTY</type>
										<conversion>STRING</conversion>
										<value>parent.name</value>
										<scaleMin>0</scaleMin>
										<scaleMax>1</scaleMax>
									</partial>
									<partial>
										<type>CONSTANT</type>
										<conversion>STRING</conversion>
										<value>/</value>
										<scaleMin>0</scaleMin>
										<scaleMax>1</scaleMax>
									</partial>
									<partial>
										<type>PROPERTY</type>
										<conversion>STRING</conversion>
										<value>name</value>
										<scaleMin>0</scaleMin>
										<scaleMax>1</scaleMax>
									</partial>
								</path>
								<arguments>
									<partial>
										<type>VALUE</type>
										<conversion>FLOAT</conversion>
										<value>x</value>
										<scaleMin>0</scaleMin>
										<scaleMax>1</scaleMax>
									</partial>
								</arguments>
							</osc>
						</messages>
					</node>
				</children>
			</node>
			<node ID="5a823ff6-0c54-11ef-bf2a-00155d0286cb" type="GROUP">
				<properties>
					<property type="b">
						<key>background</key>
						<value>1</value>
					</property>
					<property type="c">
						<key>color</key>
						<value>
							<r>1</r>
							<g>1</g>
							<b>1</b>
							<a>0.704142</a>
						</value>
					</property>
					<property type="f">
						<key>cornerRadius</key>
						<value>1</value>
					</property>
					<property type="r">
						<key>frame</key>
						<value>
							<x>100</x>
							<y>20</y>
							<w>60</w>
							<h>300</h>
						</value>
					</property>
					<property type="b">
						<key>grabFocus</key>
						<value>0</value>
					</property>
					<property type="b">
						<key>interactive</key>
						<value>0</value>
					</property>
					<property type="b">
						<key>locked</key>
						<value>0</value>
					</property>
					<property type="s">
						<key>name</key>
						<value>recall_slot_a2</value>
					</property>
					<property type="i">
						<key>orientation</key>
						<value>0</value>
					</property>
					<property type="b">
						<key>outline</key>
						<value>0</value>
					</property>
					<property type="i">
						<key>outlineStyle</key>
						<value>1</value>
					</property>
					<property type="i">
						<key>pointerPriority</key>
						<value>0</value>
					</property>
					<property type="i">
						<key>shape</key>
						<value>1</value>
					</property>
					<property type="s">
						<key>tag</key>
						<value>recall_slot</value>
					</property>
					<property type="b">
						<key>visible</key>
						<value>1</value>
					</property>
				</properties>
				<values>
					<value>
						<key>touch</key>
						<locked>0</locked>
						<lockedDefaultCurrent>0</lockedDefaultCurrent>
						<default>false</default>
						<defaultPull>0</defaultPull>
					</value>
				</values>
				<children>
					<node ID="5a823ff7-0c54-11ef-82d7-00155d0286cb" type="LABEL">
						<properties>
							<property type="b">
								<key>background</key>
								<value>1</value>
							</property>
							<property type="c">
								<key>color</key>
								<value>
									<r>1</r>
									<g>1</g>
									<b>1</b>
									<a>1</a>
								</value>
							</property>
							<property type="f">
								<key>cornerRadius</key>
								<value>1</value>
							</property>
							<property type="i">
								<key>font</key>
								<value>0</value>
							</property>
							<property type="r">
								<key>frame</key>
								<value>
									<x>3</x>
									<y>3</y>
									<w>54</w>
									<h>25</h>
								</value>
							</property>
							<property type="b">
								<key>grabFocus</key>
								<value>1</value>
							</property>
							<property type="b">
								<key>interactive</key>
								<value>0</value>
							</property>
							<property type="b">
								<key>locked</key>
								<value>0</value>
							</property>
							<property type="s">
								<key>name</key>
								<value>caption</value>
							</property>
							<property type="i">
								<key>orientation</key>
								<value>0</value>
							</property>
							<property type="b">
								<key>outline</key>
								<value>1</value>
							</property>
							<property type="i">
								<key>outlineStyle</key>
								<value>0</value>
							</property>
							<property type="i">
								<key>pointerPriority</key>
								<value>0</value>
							</property>
							<property type="i">
								<key>shape</key>
								<value>1</value>
							</property>
							<property type="i">
								<key>textAlignH</key>
								<value>2</value>
							</property>
							<property type="i">
								<key>textAlignV</key>
								<value>2</value>
							</property>
							<property type="b">
								<key>textClip</key>
								<value>1</value>
							</property>
							<property type="c">
								<key>textColor</key>
								<value>
									<r>1</r>
									<g>1</g>
									<b>1</b>
									<a>1</a>
								</value>
							</property>
							<property type="i">
								<key>textLength</key>
								<value>0</value>
							</property>
							<property type="i">
								<key>textSize</key>
								<value>12</value>
							</property>
							<property type="b">
								<key>visible</key>
								<value>1</value>
							</property>
						</properties>
						<values>
							<value>
								<key>text</key>
								<locked>0</locked>
								<lockedDefaultCurrent>1</lockedDefaultCurrent>
								<default>A2</default>
								<defaultPull>0</defaultPull>
							</value>
							<value>
								<key>touch</key>
								<locked>0</locked>
								<lockedDefaultCurrent>0</lockedDefaultCurrent>
								<default>false</default>
								<defaultPull>0</defaultPull>
							</value>
						</values>
						<messages>
							<osc>
								<enabled>1</enabled>
								<send>0</send>
								<receive>1</receive>
								<feedback>0</feedback>
								<connections>11111</connections>
								<triggers>
									<trigger>
										<var>text</var>
										<condition>ANY</condition>
									</trigger>
								</triggers>
								<path>
									<partial>
										<type>CONSTANT</type>
										<conversion>STRING</conversion>
										<value>/</value>
										<scaleMin>0</scaleMin>
										<scaleMax>1</scaleMax>
									</partial>
									<partial>
										<type>PROPERTY</type>
										<conversion>STRING</conversion>
										<value>parent.name</value>
										<scaleMin>0</scaleMin>
										<scaleMax>1</scaleMax>
									</partial>
									<partial>
										<type>CONSTANT</type>
										<conversion>STRING</conversion>
										<value>/</value>
										<scaleMin>0</scaleMin>
										<scaleMax>1</scaleMax>
									</partial>
									<partial>
										<type>PROPERTY</type>
										<conversion>STRING</conversion>
										<value>name</value>
										<scaleMin>0</scaleMin>
										<scaleMax>1</scaleMax>
									</partial>
								</path>
								<arguments>
									<partial>
										<type>VALUE</type>
										<conversion>STRING</conversion>
										<value>text</value>
										<scaleMin>0</scaleMin>
										<scaleMax>1</scaleMax>
									</partial>
								</arguments>
							</osc>
							<osc>
								<enabled>1</enabled>
								<send>0</send>
								<receive>1</receive>
								<feedback>0</feedback>
								<connections>11111</connections>
								<triggers>
									<trigger>
										<var>text</var>
										<condition>ANY</condition>
									</trigger>
								</triggers>
								<path>
									<partial>
										<type>CONSTANT</type>
										<conversion>STRING</conversion>
										<value>/</value>
										<scaleMin>0</scaleMin>
										<scaleMax>1</scaleMax>
									</partial>
									<partial>
										<type>PROPERTY</type>
										<conversion>STRING</conversion>
										<value>parent.name</value>
										<scaleMin>0</scaleMin>
										<scaleMax>1</scaleMax>
									</partial>
								</path>
								<arguments>
									<partial>
										<type>PROPERTY</type>
										<conversion>STRING</conversion>
										<value>color</value>
										<scaleMin>0</scaleMin>
										<scaleMax>1</scaleMax>
									</partial>
								</arguments>
							</osc>
						</messages>
					</node>
					<node ID="5a823ff8-0c54-11ef-8692-00155d0286cb" type="LABEL">
						<properties>
							<property type="b">
								<key>background</key>
								<value>1</value>
							</property>
							<property type="c">
								<key>color</key>
								<value>
									<r>1</r>
									<g>0</g>
									<b>0</b>
									<a>0</a>
								</value>
							</property>
							<property type="f">
								<key>cornerRadius</key>
								<value>1</value>
							</property>
							<property type="i">
								<key>font</key>
								<value>0</value>
							</property>
							<property type="r">
								<key>frame</key>
								<value>
									<x>1</x>
									<y>100</y>
									<w>59</w>
									<h>20</h>
								</value>
							</property>
							<property type="b">
								<key>grabFocus</key>
								<value>1</value>
							</property>
							<property type="b">
								<key>interactive</key>
								<value>0</value>
							</property>
							<property type="b">
								<key>locked</key>
								<value>0</value>
							</property>
							<property type="s">
								<key>name</key>
								<value>label_recall</value>
							</property>
							<property type="i">
								<key>orientation</key>
								<value>0</value>
							</property>
							<property type="b">
								<key>outline</key>
								<value>1</value>
							</property>
							<property type="i">
								<key>outlineStyle</key>
								<value>1</value>
							</property>
							<property type="i">
								<key>pointerPriority</key>
								<value>0</value>
							</property>
							<property type="i">
								<key>shape</key>
								<value>1</value>
							</property>
							<property type="i">
								<key>textAlignH</key>
								<value>2</value>
							</property>
							<property type="i">
								<key>textAlignV</key>
								<value>2</value>
							</property>
							<property type="b">
								<key>textClip</key>
								<value>1</value>
							</property>
							<property type="c">
								<key>textColor</key>
								<value>
									<r>1</r>
									<g>1</g>
									<b>1</b>
									<a>1</a>
								</value>
							</property>
							<property type="i">
								<key>textLength</key>
								<value>0</value>
							</property>
							<property type="i">
								<key>textSize</key>
								<value>14</value>
							</property>
							<property type="b">
								<key>visible</key>
								<value>1</value>
							</property>
						</properties>
						<values>
							<value>
								<key>text</key>
								<locked>0</locked>
								<lockedDefaultCurrent>1</lockedDefaultCurrent>
								<default>Recall</default>
								<defaultPull>0</defaultPull>
							</value>
							<value>
								<key>touch</key>
								<locked>0</locked>
								<lockedDefaultCurrent>0</lockedDefaultCurrent>
								<default>false</default>
								<defaultPull>0</defaultPull>
							</value>
						</values>
					</node>
					<node ID="5a823ff9-0c54-11ef-8646-00155d0286cb" type="BUTTON">
						<properties>
							<property type="b">
								<key>background</key>
								<value>1</value>
							</property>
							<property type="i">
								<key>buttonType</key>
								<value>0</value>
							</property>
							<property type="c">
								<key>color</key>
								<value>
									<r>0</r>
									<g>1</g>
									<b>0</b>
									<a>1</a>
								</value>
							</property>
							<property type="f">
								<key>cornerRadius</key>
								<value>1</value>
							</property>
							<property type="r">
								<key>frame</key>
								<value>
									<x>2</x>
									<y>120</y>
									<w>55</w>
									<h>60</h>
								</value>
							</property>
							<property type="b">
								<key>grabFocus</key>
								<value>1</value>
							</property>
							<property type="b">
								<key>interactive</key>
								<value>1</value>
							</property>
							<property type="b">
								<key>locked</key>
								<value>0</value>
							</property>
							<property type="s">
								<key>name</key>
								<value>recall</value>
							</property>
							<property type="i">
								<key>orientation</key>
								<value>0</value>
							</property>
							<property type="b">
								<key>outline</key>
								<value>1</value>
							</property>
							<property type="i">
								<key>outlineStyle</key>
								<value>1</value>
							</property>
							<property type="i">
								<key>pointerPriority</key>
								<value>0</value>
							</property>
							<property type="b">
								<key>press</key>
								<value>1</value>
							</property>
							<property type="b">
								<key>release</key>
								<value>1</value>
							</property>
							<property type="i">
								<key>shape</key>
								<value>1</value>
							</property>
							<property type="b">
								<key>valuePosition</key>
								<value>0</value>
							</property>
							<property type="b">
								<key>visible</key>
								<value>1</value>
							</property>
						</properties>
						<values>
							<value>
								<key>x</key>
								<locked>0</locked>
								<lockedDefaultCurrent>0</lockedDefaultCurrent>
								<default>0</default>
								<defaultPull>0</defaultPull>
							</value>
							<value>
								<key>touch</key>
								<locked>0</locked>
								<lockedDefaultCurrent>0</lockedDefaultCurrent>
								<default>false</default>
								<defaultPull>0</defaultPull>
							</value>
						</values>
						<messages>
							<midi>
								<enabled>1</enabled>
								<send>1</send>
								<receive>1</receive>
								<feedback>0</feedback>
								<connections>11111</connections>
								<triggers>
									<trigger>
										<var>x</var>
										<condition>ANY</condition>
									</trigger>
								</triggers>
								<message>
									<type>CONTROLCHANGE</type>
									<channel>0</channel>
									<data1>0</data1>
									<data2>0</data2>
								</message>
								<values>
									<value>
										<type>CONSTANT</type>
										<key />
										<scaleMin>0</scaleMin>
										<scaleMax>15</scaleMax>
									</value>
									<value>
										<type>INDEX</type>
										<key />
										<scaleMin>0</scaleMin>
										<scaleMax>1</scaleMax>
									</value>
									<value>
										<type>VALUE</type>
										<key>x</key>
										<scaleMin>0</scaleMin>
										<scaleMax>127</scaleMax>
									</value>
								</values>
							</midi>
							<osc>
								<enabled>1</enabled>
								<send>1</send>
								<receive>1</receive>
								<feedback>0</feedback>
								<connections>11111</connections>
								<triggers>
									<trigger>
										<var>x</var>
										<condition>ANY</condition>
									</trigger>
								</triggers>
								<path>
									<partial>
										<type>CONSTANT</type>
										<conversion>STRING</conversion>
										<value>/</value>
										<scaleMin>0</scaleMin>
										<scaleMax>1</scaleMax>
									</partial>
									<partial>
										<type>PROPERTY</type>
										<conversion>STRING</conversion>
										<value>parent.name</value>
										<scaleMin>0</scaleMin>
										<scaleMax>1</scaleMax>
									</partial>
									<partial>
										<type>CONSTANT</type>
										<conversion>STRING</conversion>
										<value>/</value>
										<scaleMin>0</scaleMin>
										<scaleMax>1</scaleMax>
									</partial>
									<partial>
										<type>PROPERTY</type>
										<conversion>STRING</conversion>
										<value>name</value>
										<scaleMin>0</scaleMin>
										<scaleMax>1</scaleMax>
									</partial>
								</path>
								<arguments>
									<partial>
										<type>VALUE</type>
										<conversion>FLOAT</conversion>
										<value>x</value>
										<scaleMin>0</scaleMin>
										<scaleMax>1</scaleMax>
									</partial>
								</arguments>
							</osc>
						</messages>
					</node>
					<node ID="5a823ffa-0c54-11ef-a830-00155d0286cb" type="LABEL">
						<properties>
							<property type="b">
								<key>background</key>
								<value>1</value>
							</property>
							<property type="c">
								<key>color</key>
								<value>
									<r>1</r>
									<g>0</g>
									<b>0</b>
									<a>0</a>
								</value>
							</property>
							<property type="f">
								<key>cornerRadius</key>
								<value>1</value>
							</property>
							<property type="i">
								<key>font</key>
								<value>0</value>
							</property>
							<property type="r">
								<key>frame</key>
								<value>
									<x>0</x>
									<y>33</y>
									<w>59</w>
									<h>20</h>
								</value>
							</property>
							<property type="b">
								<key>grabFocus</key>
								<value>1</value>
							</property>
							<property type="b">
								<key>interactive</key>
								<value>0</value>
							</property>
							<property type="b">
								<key>locked</key>
								<value>0</value>
							</property>
							<property type="s">
								<key>name</key>
								<value>label_save</value>
							</property>
							<property type="i">
								<key>orientation</key>
								<value>0</value>
							</property>
							<property type="b">
								<key>outline</key>
								<value>1</value>
							</property>
							<property type="i">
								<key>outlineStyle</key>
								<value>1</value>
							</property>
							<property type="i">
								<key>pointerPriority</key>
								<value>0</value>
							</property>
							<property type="i">
								<key>shape</key>
								<value>1</value>
							</property>
							<property type="i">
								<key>textAlignH</key>
								<value>2</value>
							</property>
							<property type="i">
								<key>textAlignV</key>
								<value>2</value>
							</property>
							<property type="b">
								<key>textClip</key>
								<value>1</value>
							</property>
							<property type="c">
								<key>textColor</key>
								<value>
									<r>1</r>
									<g>1</g>
									<b>1</b>
									<a>1</a>
								</value>
							</property>
							<property type="i">
								<key>textLength</key>
								<value>0</value>
							</property>
							<property type="i">
								<key>textSize</key>
								<value>14</value>
							</property>
							<property type="b">
								<key>visible</key>
								<value>1</value>
							</property>
						</properties>
						<values>
							<value>
								<key>text</key>
								<locked>0</locked>
								<lockedDefaultCurrent>1</lockedDefaultCurrent>
								<default>Save</default>
								<defaultPull>0</defaultPull>
							</value>
							<value>
								<key>touch</key>
								<locked>0</locked>
								<lockedDefaultCurrent>0</lockedDefaultCurrent>
								<default>false</default>
								<defaultPull>0</defaultPull>
							</value>
						</values>
					</node>
					<node ID="5a823ffb-0c54-11ef-9b77-00155d0286cb" type="BUTTON">
						<properties>
							<property type="b">
								<key>background</key>
								<value>1</value>
							</property>
							<property type="i">
								<key>buttonType</key>
								<value>0</value>
							</property>
							<property type="c">
								<key>color</key>
								<value>
									<r>1</r>
									<g>0</g>
									<b>0</b>
									<a>1</a>
								</value>
							</property>
							<property type="f">
								<key>cornerRadius</key>
								<value>1</value>
							</property>
							<property type="r">
								<key>frame</key>
								<value>
									<x>2</x>
									<y>53</y>
									<w>55</w>
									<h>35</h>
								</value>
							</property>
							<property type="b">
								<key>grabFocus</key>
								<value>1</value>
							</property>
							<property type="b">
								<key>interactive</key>
								<value>1</value>
							</property>
							<property type="b">
								<key>locked</key>
								<value>0</value>
							</property>
							<property type="s">
								<key>name</key>
								<value>save</value>
							</property>
							<property type="i">
								<key>orientation</key>
								<value>0</value>
							</property>
							<property type="b">
								<key>outline</key>
								<value>1</value>
							</property>
							<property type="i">
								<key>outlineStyle</key>
								<value>1</value>
							</property>
							<property type="i">
								<key>pointerPriority</key>
								<value>0</value>
							</property>
							<property type="b">
								<key>press</key>
								<value>1</value>
							</property>
							<property type="b">
								<key>release</key>
								<value>1</value>
							</property>
							<property type="i">
								<key>shape</key>
								<value>1</value>
							</property>
							<property type="b">
								<key>valuePosition</key>
								<value>0</value>
							</property>
							<property type="b">
								<key>visible</key>
								<value>1</value>
							</property>
						</properties>
						<values>
							<value>
								<key>x</key>
								<locked>0</locked>
								<lockedDefaultCurrent>0</lockedDefaultCurrent>
								<default>0</default>
								<defaultPull>0</defaultPull>
							</value>
							<value>
								<key>touch</key>
								<locked>0</locked>
								<lockedDefaultCurrent>0</lockedDefaultCurrent>
								<default>false</default>
								<defaultPull>0</defaultPull>
							</value>
						</values>
						<messages>
							<midi>
								<enabled>1</enabled>
								<send>1</send>
								<receive>1</receive>
								<feedback>0</feedback>
								<connections>11111</connections>
								<triggers>
									<trigger>
										<var>x</var>
										<condition>ANY</condition>
									</trigger>
								</triggers>
								<message>
									<type>CONTROLCHANGE</type>
									<channel>0</channel>
									<data1>0</data1>
									<data2>0</data2>
								</message>
								<values>
									<value>
										<type>CONSTANT</type>
										<key />
										<scaleMin>0</scaleMin>
										<scaleMax>15</scaleMax>
									</value>
									<value>
										<type>INDEX</type>
										<key />
										<scaleMin>0</scaleMin>
										<scaleMax>1</scaleMax>
									</value>
									<value>
										<type>VALUE</type>
										<key>x</key>
										<scaleMin>0</scaleMin>
										<scaleMax>127</scaleMax>
									</value>
								</values>
							</midi>
							<osc>
								<enabled>1</enabled>
								<send>1</send>
								<receive>1</receive>
								<feedback>0</feedback>
								<connections>11111</connections>
								<triggers>
									<trigger>
										<var>x</var>
										<condition>ANY</condition>
									</trigger>
								</triggers>
								<path>
									<partial>
										<type>CONSTANT</type>
										<conversion>STRING</conversion>
										<value>/</value>
										<scaleMin>0</scaleMin>
										<scaleMax>1</scaleMax>
									</partial>
									<partial>
										<type>PROPERTY</type>
										<conversion>STRING</conversion>
										<value>parent.name</value>
										<scaleMin>0</scaleMin>
										<scaleMax>1</scaleMax>
									</partial>
									<partial>
										<type>CONSTANT</type>
										<conversion>STRING</conversion>
										<value>/</value>
										<scaleMin>0</scaleMin>
										<scaleMax>1</scaleMax>
									</partial>
									<partial>
										<type>PROPERTY</type>
										<conversion>STRING</conversion>
										<value>name</value>
										<scaleMin>0</scaleMin>
										<scaleMax>1</scaleMax>
									</partial>
								</path>
								<arguments>
									<partial>
										<type>VALUE</type>
										<conversion>FLOAT</conversion>
										<value>x</value>
										<scaleMin>0</scaleMin>
										<scaleMax>1</scaleMax>
									</partial>
								</arguments>
							</osc>
						</messages>
					</node>
					<node ID="5a823ffc-0c54-11ef-ab09-00155d0286cb" type="LABEL">
						<properties>
							<property type="b">
								<key>background</key>
								<value>1</value>
							</property>
							<property type="c">
								<key>color</key>
								<value>
									<r>1</r>
									<g>0</g>
									<b>0</b>
									<a>0</a>
								</value>
							</property>
							<property type="f">
								<key>cornerRadius</key>
								<value>1</value>
							</property>
							<property type="i">
								<key>font</key>
								<value>0</value>
							</property>
							<property type="r">
								<key>frame</key>
								<value>
									<x>1</x>
									<y>190</y>
									<w>59</w>
									<h>20</h>
								</value>
							</property>
							<property type="b">
								<key>grabFocus</key>
								<value>1</value>
							</property>
							<property type="b">
								<key>interactive</key>
								<value>0</value>
							</property>
							<property type="b">
								<key>locked</key>
								<value>0</value>
							</property>
							<property type="s">
								<key>name</key>
								<value>label_punch</value>
							</property>
							<property type="i">
								<key>orientation</key>
								<value>0</value>
							</property>
							<property type="b">
								<key>outline</key>
								<value>1</value>
							</property>
							<property type="i">
								<key>outlineStyle</key>
								<value>1</value>
							</property>
							<property type="i">
								<key>pointerPriority</key>
								<value>0</value>
							</property>
							<property type="i">
								<key>shape</key>
								<value>1</value>
							</property>
							<property type="i">
								<key>textAlignH</key>
								<value>2</value>
							</property>
							<property type="i">
								<key>textAlignV</key>
								<value>2</value>
							</property>
							<property type="b">
								<key>textClip</key>
								<value>1</value>
							</property>
							<property type="c">
								<key>textColor</key>
								<value>
									<r>1</r>
									<g>1</g>
									<b>1</b>
									<a>1</a>
								</value>
							</property>
							<property type="i">
								<key>textLength</key>
								<value>0</value>
							</property>
							<property type="i">
								<key>textSize</key>
								<value>14</value>
							</property>
							<property type="b">
								<key>visible</key>
								<value>1</value>
							</property>
						</properties>
						<values>
							<value>
								<key>text</key>
								<locked>0</locked>
								<lockedDefaultCurrent>1</lockedDefaultCurrent>
								<default>Punch</default>
								<defaultPull>0</defaultPull>
							</value>
							<value>
								<key>touch</key>
								<locked>0</locked>
								<lockedDefaultCurrent>0</lockedDefaultCurrent>
								<default>false</default>
								<defaultPull>0</defaultPull>
							</value>
						</values>
					</node>
					<node ID="5a823ffd-0c54-11ef-aff0-00155d0286cb" type="BUTTON">
						<properties>
							<property type="b">
								<key>background</key>
								<value>1</value>
							</property>
							<property type="i">
								<key>buttonType</key>
								<value>0</value>
							</property>
							<property type="c">
								<key>color</key>
								<value>
									<r>1</r>
									<g>1</g>
									<b>0</b>
									<a>1</a>
								</value>
							</property>
							<property type="f">
								<key>cornerRadius</key>
								<value>1</value>
							</property>
							<property type="r">
								<key>frame</key>
								<value>
									<x>2</x>
									<y>215</y>
									<w>55</w>
									<h>80</h>
								</value>
							</property>
							<property type="b">
								<key>grabFocus</key>
								<value>1</value>
							</property>
							<property type="b">
								<key>interactive</key>
								<value>1</value>
							</property>
							<property type="b">
								<key>locked</key>
								<value>0</value>
							</property>
							<property type="s">
								<key>name</key>
								<value>punch</value>
							</property>
							<property type="i">
								<key>orientation</key>
								<value>0</value>
							</property>
							<property type="b">
								<key>outline</key>
								<value>1</value>
							</property>
							<property type="i">
								<key>outlineStyle</key>
								<value>1</value>
							</property>
							<property type="i">
								<key>pointerPriority</key>
								<value>0</value>
							</property>
							<property type="b">
								<key>press</key>
								<value>1</value>
							</property>
							<property type="b">
								<key>release</key>
								<value>1</value>
							</property>
							<property type="i">
								<key>shape</key>
								<value>1</value>
							</property>
							<property type="b">
								<key>valuePosition</key>
								<value>0</value>
							</property>
							<property type="b">
								<key>visible</key>
								<value>1</value>
							</property>
						</properties>
						<values>
							<value>
								<key>x</key>
								<locked>0</locked>
								<lockedDefaultCurrent>0</lockedDefaultCurrent>
								<default>0</default>
								<defaultPull>0</defaultPull>
							</value>
							<value>
								<key>touch</key>
								<locked>0</locked>
								<lockedDefaultCurrent>0</lockedDefaultCurrent>
								<default>false</default>
								<defaultPull>0</defaultPull>
							</value>
						</values>
						<messages>
							<midi>
								<enabled>1</enabled>
								<send>1</send>
								<receive>1</receive>
								<feedback>0</feedback>
								<connections>11111</connections>
								<triggers>
									<trigger>
										<var>x</var>
										<condition>ANY</condition>
									</trigger>
								</triggers>
								<message>
									<type>CONTROLCHANGE</type>
									<channel>0</channel>
									<data1>0</data1>
									<data2>0</data2>
								</message>
								<values>
									<value>
										<type>CONSTANT</type>
										<key />
										<scaleMin>0</scaleMin>
										<scaleMax>15</scaleMax>
									</value>
									<value>
										<type>INDEX</type>
										<key />
										<scaleMin>0</scaleMin>
										<scaleMax>1</scaleMax>
									</value>
									<value>
										<type>VALUE</type>
										<key>x</key>
										<scaleMin>0</scaleMin>
										<scaleMax>127</scaleMax>
									</value>
								</values>
							</midi>
							<osc>
								<enabled>1</enabled>
								<send>1</send>
								<receive>1</receive>
								<feedback>0</feedback>
								<connections>11111</connections>
								<triggers>
									<trigger>
										<var>x</var>
										<condition>ANY</condition>
									</trigger>
								</triggers>
								<path>
									<partial>
										<type>CONSTANT</type>
										<conversion>STRING</conversion>
										<value>/</value>
										<scaleMin>0</scaleMin>
										<scaleMax>1</scaleMax>
									</partial>
									<partial>
										<type>PROPERTY</type>
										<conversion>STRING</conversion>
										<value>parent.name</value>
										<scaleMin>0</scaleMin>
										<scaleMax>1</scaleMax>
									</partial>
									<partial>
										<type>CONSTANT</type>
										<conversion>STRING</conversion>
										<value>/</value>
										<scaleMin>0</scaleMin>
										<scaleMax>1</scaleMax>
									</partial>
									<partial>
										<type>PROPERTY</type>
										<conversion>STRING</conversion>
										<value>name</value>
										<scaleMin>0</scaleMin>
										<scaleMax>1</scaleMax>
									</partial>
								</path>
								<arguments>
									<partial>
										<type>VALUE</type>
										<conversion>FLOAT</conversion>
										<value>x</value>
										<scaleMin>0</scaleMin>
										<scaleMax>1</scaleMax>
									</partial>
								</arguments>
							</osc>
						</messages>
					</node>
				</children>
			</node>
			<node ID="5f301e74-0c54-11ef-97bb-00155d0286cb" type="GROUP">
				<properties>
					<property type="b">
						<key>background</key>
						<value>1</value>
					</property>
					<property type="c">
						<key>color</key>
						<value>
							<r>1</r>
							<g>1</g>
							<b>1</b>
							<a>0.704142</a>
						</value>
					</property>
					<property type="f">
						<key>cornerRadius</key>
						<value>1</value>
					</property>
					<property type="r">
						<key>frame</key>
						<value>
							<x>180</x>
							<y>20</y>
							<w>60</w>
							<h>300</h>
						</value>
					</property>
					<property type="b">
						<key>grabFocus</key>
						<value>0</value>
					</property>
					<property type="b">
						<key>interactive</key>
						<value>0</value>
					</property>
					<property type="b">
						<key>locked</key>
						<value>0</value>
					</property>
					<property type="s">
						<key>name</key>
						<value>recall_slot_a3</value>
					</property>
					<property type="i">
						<key>orientation</key>
						<value>0</value>
					</property>
					<property type="b">
						<key>outline</key>
						<value>0</value>
					</property>
					<property type="i">
						<key>outlineStyle</key>
						<value>1</value>
					</property>
					<property type="i">
						<key>pointerPriority</key>
						<value>0</value>
					</property>
					<property type="i">
						<key>shape</key>
						<value>1</value>
					</property>
					<property type="s">
						<key>tag</key>
						<value>recall_slot</value>
					</property>
					<property type="b">
						<key>visible</key>
						<value>1</value>
					</property>
				</properties>
				<values>
					<value>
						<key>touch</key>
						<locked>0</locked>
						<lockedDefaultCurrent>0</lockedDefaultCurrent>
						<default>false</default>
						<defaultPull>0</defaultPull>
					</value>
				</values>
				<children>
					<node ID="5f301e75-0c54-11ef-beb3-00155d0286cb" type="LABEL">
						<properties>
							<property type="b">
								<key>background</key>
								<value>1</value>
							</property>
							<property type="c">
								<key>color</key>
								<value>
									<r>1</r>
									<g>1</g>
									<b>1</b>
									<a>1</a>
								</value>
							</property>
							<property type="f">
								<key>cornerRadius</key>
								<value>1</value>
							</property>
							<property type="i">
								<key>font</key>
								<value>0</value>
							</property>
							<property type="r">
								<key>frame</key>
								<value>
									<x>3</x>
									<y>3</y>
									<w>54</w>
									<h>25</h>
								</value>
							</property>
							<property type="b">
								<key>grabFocus</key>
								<value>1</value>
							</property>
							<property type="b">
								<key>interactive</key>
								<value>0</value>
							</property>
							<property type="b">
								<key>locked</key>
								<value>0</value>
							</property>
							<property type="s">
								<key>name</key>
								<value>caption</value>
							</property>
							<property type="i">
								<key>orientation</key>
								<value>0</value>
							</property>
							<property type="b">
								<key>outline</key>
								<value>1</value>
							</property>
							<property type="i">
								<key>outlineStyle</key>
								<value>0</value>
							</property>
							<property type="i">
								<key>pointerPriority</key>
								<value>0</value>
							</property>
							<property type="i">
								<key>shape</key>
								<value>1</value>
							</property>
							<property type="i">
								<key>textAlignH</key>
								<value>2</value>
							</property>
							<property type="i">
								<key>textAlignV</key>
								<value>2</value>
							</property>
							<property type="b">
								<key>textClip</key>
								<value>1</value>
							</property>
							<property type="c">
								<key>textColor</key>
								<value>
									<r>1</r>
									<g>1</g>
									<b>1</b>
									<a>1</a>
								</value>
							</property>
							<property type="i">
								<key>textLength</key>
								<value>0</value>
							</property>
							<property type="i">
								<key>textSize</key>
								<value>12</value>
							</property>
							<property type="b">
								<key>visible</key>
								<value>1</value>
							</property>
						</properties>
						<values>
							<value>
								<key>text</key>
								<locked>0</locked>
								<lockedDefaultCurrent>1</lockedDefaultCurrent>
								<default>A3</default>
								<defaultPull>0</defaultPull>
							</value>
							<value>
								<key>touch</key>
								<locked>0</locked>
								<lockedDefaultCurrent>0</lockedDefaultCurrent>
								<default>false</default>
								<defaultPull>0</defaultPull>
							</value>
						</values>
						<messages>
							<osc>
								<enabled>1</enabled>
								<send>0</send>
								<receive>1</receive>
								<feedback>0</feedback>
								<connections>11111</connections>
								<triggers>
									<trigger>
										<var>text</var>
										<condition>ANY</condition>
									</trigger>
								</triggers>
								<path>
									<partial>
										<type>CONSTANT</type>
										<conversion>STRING</conversion>
										<value>/</value>
										<scaleMin>0</scaleMin>
										<scaleMax>1</scaleMax>
									</partial>
									<partial>
										<type>PROPERTY</type>
										<conversion>STRING</conversion>
										<value>parent.name</value>
										<scaleMin>0</scaleMin>
										<scaleMax>1</scaleMax>
									</partial>
									<partial>
										<type>CONSTANT</type>
										<conversion>STRING</conversion>
										<value>/</value>
										<scaleMin>0</scaleMin>
										<scaleMax>1</scaleMax>
									</partial>
									<partial>
										<type>PROPERTY</type>
										<conversion>STRING</conversion>
										<value>name</value>
										<scaleMin>0</scaleMin>
										<scaleMax>1</scaleMax>
									</partial>
								</path>
								<arguments>
									<partial>
										<type>VALUE</type>
										<conversion>STRING</conversion>
										<value>text</value>
										<scaleMin>0</scaleMin>
										<scaleMax>1</scaleMax>
									</partial>
								</arguments>
							</osc>
							<osc>
								<enabled>1</enabled>
								<send>0</send>
								<receive>1</receive>
								<feedback>0</feedback>
								<connections>11111</connections>
								<triggers>
									<trigger>
										<var>text</var>
										<condition>ANY</condition>
									</trigger>
								</triggers>
								<path>
									<partial>
										<type>CONSTANT</type>
										<conversion>STRING</conversion>
										<value>/</value>
										<scaleMin>0</scaleMin>
										<scaleMax>1</scaleMax>
									</partial>
									<partial>
										<type>PROPERTY</type>
										<conversion>STRING</conversion>
										<value>parent.name</value>
										<scaleMin>0</scaleMin>
										<scaleMax>1</scaleMax>
									</partial>
								</path>
								<arguments>
									<partial>
										<type>PROPERTY</type>
										<conversion>STRING</conversion>
										<value>color</value>
										<scaleMin>0</scaleMin>
										<scaleMax>1</scaleMax>
									</partial>
								</arguments>
							</osc>
						</messages>
					</node>
					<node ID="5f301e76-0c54-11ef-ac3d-00155d0286cb" type="LABEL">
						<properties>
							<property type="b">
								<key>background</key>
								<value>1</value>
							</property>
							<property type="c">
								<key>color</key>
								<value>
									<r>1</r>
									<g>0</g>
									<b>0</b>
									<a>0</a>
								</value>
							</property>
							<property type="f">
								<key>cornerRadius</key>
								<value>1</value>
							</property>
							<property type="i">
								<key>font</key>
								<value>0</value>
							</property>
							<property type="r">
								<key>frame</key>
								<value>
									<x>1</x>
									<y>100</y>
									<w>59</w>
									<h>20</h>
								</value>
							</property>
							<property type="b">
								<key>grabFocus</key>
								<value>1</value>
							</property>
							<property type="b">
								<key>interactive</key>
								<value>0</value>
							</property>
							<property type="b">
								<key>locked</key>
								<value>0</value>
							</property>
							<property type="s">
								<key>name</key>
								<value>label_recall</value>
							</property>
							<property type="i">
								<key>orientation</key>
								<value>0</value>
							</property>
							<property type="b">
								<key>outline</key>
								<value>1</value>
							</property>
							<property type="i">
								<key>outlineStyle</key>
								<value>1</value>
							</property>
							<property type="i">
								<key>pointerPriority</key>
								<value>0</value>
							</property>
							<property type="i">
								<key>shape</key>
								<value>1</value>
							</property>
							<property type="i">
								<key>textAlignH</key>
								<value>2</value>
							</property>
							<property type="i">
								<key>textAlignV</key>
								<value>2</value>
							</property>
							<property type="b">
								<key>textClip</key>
								<value>1</value>
							</property>
							<property type="c">
								<key>textColor</key>
								<value>
									<r>1</r>
									<g>1</g>
									<b>1</b>
									<a>1</a>
								</value>
							</property>
							<property type="i">
								<key>textLength</key>
								<value>0</value>
							</property>
							<property type="i">
								<key>textSize</key>
								<value>14</value>
							</property>
							<property type="b">
								<key>visible</key>
								<value>1</value>
							</property>
						</properties>
						<values>
							<value>
								<key>text</key>
								<locked>0</locked>
								<lockedDefaultCurrent>1</lockedDefaultCurrent>
								<default>Recall</default>
								<defaultPull>0</defaultPull>
							</value>
							<value>
								<key>touch</key>
								<locked>0</locked>
								<lockedDefaultCurrent>0</lockedDefaultCurrent>
								<default>false</default>
								<defaultPull>0</defaultPull>
							</value>
						</values>
					</node>
					<node ID="5f301e77-0c54-11ef-9a0d-00155d0286cb" type="BUTTON">
						<properties>
							<property type="b">
								<key>background</key>
								<value>1</value>
							</property>
							<property type="i">
								<key>buttonType</key>
								<value>0</value>
							</property>
							<property type="c">
								<key>color</key>
								<value>
									<r>0</r>
									<g>1</g>
									<b>0</b>
									<a>1</a>
								</value>
							</property>
							<property type="f">
								<key>cornerRadius</key>
								<value>1</value>
							</property>
							<property type="r">
								<key>frame</key>
								<value>
									<x>2</x>
									<y>120</y>
									<w>55</w>
									<h>60</h>
								</value>
							</property>
							<property type="b">
								<key>grabFocus</key>
								<value>1</value>
							</property>
							<property type="b">
								<key>interactive</key>
								<value>1</value>
							</property>
							<property type="b">
								<key>locked</key>
								<value>0</value>
							</property>
							<property type="s">
								<key>name</key>
								<value>recall</value>
							</property>
							<property type="i">
								<key>orientation</key>
								<value>0</value>
							</property>
							<property type="b">
								<key>outline</key>
								<value>1</value>
							</property>
							<property type="i">
								<key>outlineStyle</key>
								<value>1</value>
							</property>
							<property type="i">
								<key>pointerPriority</key>
								<value>0</value>
							</property>
							<property type="b">
								<key>press</key>
								<value>1</value>
							</property>
							<property type="b">
								<key>release</key>
								<value>1</value>
							</property>
							<property type="i">
								<key>shape</key>
								<value>1</value>
							</property>
							<property type="b">
								<key>valuePosition</key>
								<value>0</value>
							</property>
							<property type="b">
								<key>visible</key>
								<value>1</value>
							</property>
						</properties>
						<values>
							<value>
								<key>x</key>
								<locked>0</locked>
								<lockedDefaultCurrent>0</lockedDefaultCurrent>
								<default>0</default>
								<defaultPull>0</defaultPull>
							</value>
							<value>
								<key>touch</key>
								<locked>0</locked>
								<lockedDefaultCurrent>0</lockedDefaultCurrent>
								<default>false</default>
								<defaultPull>0</defaultPull>
							</value>
						</values>
						<messages>
							<midi>
								<enabled>1</enabled>
								<send>1</send>
								<receive>1</receive>
								<feedback>0</feedback>
								<connections>11111</connections>
								<triggers>
									<trigger>
										<var>x</var>
										<condition>ANY</condition>
									</trigger>
								</triggers>
								<message>
									<type>CONTROLCHANGE</type>
									<channel>0</channel>
									<data1>0</data1>
									<data2>0</data2>
								</message>
								<values>
									<value>
										<type>CONSTANT</type>
										<key />
										<scaleMin>0</scaleMin>
										<scaleMax>15</scaleMax>
									</value>
									<value>
										<type>INDEX</type>
										<key />
										<scaleMin>0</scaleMin>
										<scaleMax>1</scaleMax>
									</value>
									<value>
										<type>VALUE</type>
										<key>x</key>
										<scaleMin>0</scaleMin>
										<scaleMax>127</scaleMax>
									</value>
								</values>
							</midi>
							<osc>
								<enabled>1</enabled>
								<send>1</send>
								<receive>1</receive>
								<feedback>0</feedback>
								<connections>11111</connections>
								<triggers>
									<trigger>
										<var>x</var>
										<condition>ANY</condition>
									</trigger>
								</triggers>
								<path>
									<partial>
										<type>CONSTANT</type>
										<conversion>STRING</conversion>
										<value>/</value>
										<scaleMin>0</scaleMin>
										<scaleMax>1</scaleMax>
									</partial>
									<partial>
										<type>PROPERTY</type>
										<conversion>STRING</conversion>
										<value>parent.name</value>
										<scaleMin>0</scaleMin>
										<scaleMax>1</scaleMax>
									</partial>
									<partial>
										<type>CONSTANT</type>
										<conversion>STRING</conversion>
										<value>/</value>
										<scaleMin>0</scaleMin>
										<scaleMax>1</scaleMax>
									</partial>
									<partial>
										<type>PROPERTY</type>
										<conversion>STRING</conversion>
										<value>name</value>
										<scaleMin>0</scaleMin>
										<scaleMax>1</scaleMax>
									</partial>
								</path>
								<arguments>
									<partial>
										<type>VALUE</type>
										<conversion>FLOAT</conversion>
										<value>x</value>
										<scaleMin>0</scaleMin>
										<scaleMax>1</scaleMax>
									</partial>
								</arguments>
							</osc>
						</messages>
					</node>
					<node ID="5f301e78-0c54-11ef-81ba-00155d0286cb" type="LABEL">
						<properties>
							<property type="b">
								<key>background</key>
								<value>1</value>
							</property>
							<property type="c">
								<key>color</key>
								<value>
									<r>1</r>
									<g>0</g>
									<b>0</b>
									<a>0</a>
								</value>
							</property>
							<property type="f">
								<key>cornerRadius</key>
								<value>1</value>
							</property>
							<property type="i">
								<key>font</key>
								<value>0</value>
							</property>
							<property type="r">
								<key>frame</key>
								<value>
									<x>0</x>
									<y>33</y>
									<w>59</w>
									<h>20</h>
								</value>
							</property>
							<property type="b">
								<key>grabFocus</key>
								<value>1</value>
							</property>
							<property type="b">
								<key>interactive</key>
								<value>0</value>
							</property>
							<property type="b">
								<key>locked</key>
								<value>0</value>
							</property>
							<property type="s">
								<key>name</key>
								<value>label_save</value>
							</property>
							<property type="i">
								<key>orientation</key>
								<value>0</value>
							</property>
							<property type="b">
								<key>outline</key>
								<value>1</value>
							</property>
							<property type="i">
								<key>outlineStyle</key>
								<value>1</value>
							</property>
							<property type="i">
								<key>pointerPriority</key>
								<value>0</value>
							</property>
							<property type="i">
								<key>shape</key>
								<value>1</value>
							</property>
							<property type="i">
								<key>textAlignH</key>
								<value>2</value>
							</property>
							<property type="i">
								<key>textAlignV</key>
								<value>2</value>
							</property>
							<property type="b">
								<key>textClip</key>
								<value>1</value>
							</property>
							<property type="c">
								<key>textColor</key>
								<value>
									<r>1</r>
									<g>1</g>
									<b>1</b>
									<a>1</a>
								</value>
							</property>
							<property type="i">
								<key>textLength</key>
								<value>0</value>
							</property>
							<property type="i">
								<key>textSize</key>
								<value>14</value>
							</property>
							<property type="b">
								<key>visible</key>
								<value>1</value>
							</property>
						</properties>
						<values>
							<value>
								<key>text</key>
								<locked>0</locked>
								<lockedDefaultCurrent>1</lockedDefaultCurrent>
								<default>Save</default>
								<defaultPull>0</defaultPull>
							</value>
							<value>
								<key>touch</key>
								<locked>0</locked>
								<lockedDefaultCurrent>0</lockedDefaultCurrent>
								<default>false</default>
								<defaultPull>0</defaultPull>
							</value>
						</values>
					</node>
					<node ID="5f301e79-0c54-11ef-9ca0-00155d0286cb" type="BUTTON">
						<properties>
							<property type="b">
								<key>background</key>
								<value>1</value>
							</property>
							<property type="i">
								<key>buttonType</key>
								<value>0</value>
							</property>
							<property type="c">
								<key>color</key>
								<value>
									<r>1</r>
									<g>0</g>
									<b>0</b>
									<a>1</a>
								</value>
							</property>
							<property type="f">
								<key>cornerRadius</key>
								<value>1</value>
							</property>
							<property type="r">
								<key>frame</key>
								<value>
									<x>2</x>
									<y>53</y>
									<w>55</w>
									<h>35</h>
								</value>
							</property>
							<property type="b">
								<key>grabFocus</key>
								<value>1</value>
							</property>
							<property type="b">
								<key>interactive</key>
								<value>1</value>
							</property>
							<property type="b">
								<key>locked</key>
								<value>0</value>
							</property>
							<property type="s">
								<key>name</key>
								<value>save</value>
							</property>
							<property type="i">
								<key>orientation</key>
								<value>0</value>
							</property>
							<property type="b">
								<key>outline</key>
								<value>1</value>
							</property>
							<property type="i">
								<key>outlineStyle</key>
								<value>1</value>
							</property>
							<property type="i">
								<key>pointerPriority</key>
								<value>0</value>
							</property>
							<property type="b">
								<key>press</key>
								<value>1</value>
							</property>
							<property type="b">
								<key>release</key>
								<value>1</value>
							</property>
							<property type="i">
								<key>shape</key>
								<value>1</value>
							</property>
							<property type="b">
								<key>valuePosition</key>
								<value>0</value>
							</property>
							<property type="b">
								<key>visible</key>
								<value>1</value>
							</property>
						</properties>
						<values>
							<value>
								<key>x</key>
								<locked>0</locked>
								<lockedDefaultCurrent>0</lockedDefaultCurrent>
								<default>0</default>
								<defaultPull>0</defaultPull>
							</value>
							<value>
								<key>touch</key>
								<locked>0</locked>
								<lockedDefaultCurrent>0</lockedDefaultCurrent>
								<default>false</default>
								<defaultPull>0</defaultPull>
							</value>
						</values>
						<messages>
							<midi>
								<enabled>1</enabled>
								<send>1</send>
								<receive>1</receive>
								<feedback>0</feedback>
								<connections>11111</connections>
								<triggers>
									<trigger>
										<var>x</var>
										<condition>ANY</condition>
									</trigger>
								</triggers>
								<message>
									<type>CONTROLCHANGE</type>
									<channel>0</channel>
									<data1>0</data1>
									<data2>0</data2>
								</message>
								<values>
									<value>
										<type>CONSTANT</type>
										<key />
										<scaleMin>0</scaleMin>
										<scaleMax>15</scaleMax>
									</value>
									<value>
										<type>INDEX</type>
										<key />
										<scaleMin>0</scaleMin>
										<scaleMax>1</scaleMax>
									</value>
									<value>
										<type>VALUE</type>
										<key>x</key>
										<scaleMin>0</scaleMin>
										<scaleMax>127</scaleMax>
									</value>
								</values>
							</midi>
							<osc>
								<enabled>1</enabled>
								<send>1</send>
								<receive>1</receive>
								<feedback>0</feedback>
								<connections>11111</connections>
								<triggers>
									<trigger>
										<var>x</var>
										<condition>ANY</condition>
									</trigger>
								</triggers>
								<path>
									<partial>
										<type>CONSTANT</type>
										<conversion>STRING</conversion>
										<value>/</value>
										<scaleMin>0</scaleMin>
										<scaleMax>1</scaleMax>
									</partial>
									<partial>
										<type>PROPERTY</type>
										<conversion>STRING</conversion>
										<value>parent.name</value>
										<scaleMin>0</scaleMin>
										<scaleMax>1</scaleMax>
									</partial>
									<partial>
										<type>CONSTANT</type>
										<conversion>STRING</conversion>
										<value>/</value>
										<scaleMin>0</scaleMin>
										<scaleMax>1</scaleMax>
									</partial>
									<partial>
										<type>PROPERTY</type>
										<conversion>STRING</conversion>
										<value>name</value>
										<scaleMin>0</scaleMin>
										<scaleMax>1</scaleMax>
									</partial>
								</path>
								<arguments>
									<partial>
										<type>VALUE</type>
										<conversion>FLOAT</conversion>
										<value>x</value>
										<scaleMin>0</scaleMin>
										<scaleMax>1</scaleMax>
									</partial>
								</arguments>
							</osc>
						</messages>
					</node>
					<node ID="5f301e7a-0c54-11ef-9a88-00155d0286cb" type="LABEL">
						<properties>
							<property type="b">
								<key>background</key>
								<value>1</value>
							</property>
							<property type="c">
								<key>color</key>
								<value>
									<r>1</r>
									<g>0</g>
									<b>0</b>
									<a>0</a>
								</value>
							</property>
							<property type="f">
								<key>cornerRadius</key>
								<value>1</value>
							</property>
							<property type="i">
								<key>font</key>
								<value>0</value>
							</property>
							<property type="r">
								<key>frame</key>
								<value>
									<x>1</x>
									<y>190</y>
									<w>59</w>
									<h>20</h>
								</value>
							</property>
							<property type="b">
								<key>grabFocus</key>
								<value>1</value>
							</property>
							<property type="b">
								<key>interactive</key>
								<value>0</value>
							</property>
							<property type="b">
								<key>locked</key>
								<value>0</value>
							</property>
							<property type="s">
								<key>name</key>
								<value>label_punch</value>
							</property>
							<property type="i">
								<key>orientation</key>
								<value>0</value>
							</property>
							<property type="b">
								<key>outline</key>
								<value>1</value>
							</property>
							<property type="i">
								<key>outlineStyle</key>
								<value>1</value>
							</property>
							<property type="i">
								<key>pointerPriority</key>
								<value>0</value>
							</property>
							<property type="i">
								<key>shape</key>
								<value>1</value>
							</property>
							<property type="i">
								<key>textAlignH</key>
								<value>2</value>
							</property>
							<property type="i">
								<key>textAlignV</key>
								<value>2</value>
							</property>
							<property type="b">
								<key>textClip</key>
								<value>1</value>
							</property>
							<property type="c">
								<key>textColor</key>
								<value>
									<r>1</r>
									<g>1</g>
									<b>1</b>
									<a>1</a>
								</value>
							</property>
							<property type="i">
								<key>textLength</key>
								<value>0</value>
							</property>
							<property type="i">
								<key>textSize</key>
								<value>14</value>
							</property>
							<property type="b">
								<key>visible</key>
								<value>1</value>
							</property>
						</properties>
						<values>
							<value>
								<key>text</key>
								<locked>0</locked>
								<lockedDefaultCurrent>1</lockedDefaultCurrent>
								<default>Punch</default>
								<defaultPull>0</defaultPull>
							</value>
							<value>
								<key>touch</key>
								<locked>0</locked>
								<lockedDefaultCurrent>0</lockedDefaultCurrent>
								<default>false</default>
								<defaultPull>0</defaultPull>
							</value>
						</values>
					</node>
					<node ID="5f301e7b-0c54-11ef-9c6c-00155d0286cb" type="BUTTON">
						<properties>
							<property type="b">
								<key>background</key>
								<value>1</value>
							</property>
							<property type="i">
								<key>buttonType</key>
								<value>0</value>
							</property>
							<property type="c">
								<key>color</key>
								<value>
									<r>1</r>
									<g>1</g>
									<b>0</b>
									<a>1</a>
								</value>
							</property>
							<property type="f">
								<key>cornerRadius</key>
								<value>1</value>
							</property>
							<property type="r">
								<key>frame</key>
								<value>
									<x>2</x>
									<y>215</y>
									<w>55</w>
									<h>80</h>
								</value>
							</property>
							<property type="b">
								<key>grabFocus</key>
								<value>1</value>
							</property>
							<property type="b">
								<key>interactive</key>
								<value>1</value>
							</property>
							<property type="b">
								<key>locked</key>
								<value>0</value>
							</property>
							<property type="s">
								<key>name</key>
								<value>punch</value>
							</property>
							<property type="i">
								<key>orientation</key>
								<value>0</value>
							</property>
							<property type="b">
								<key>outline</key>
								<value>1</value>
							</property>
							<property type="i">
								<key>outlineStyle</key>
								<value>1</value>
							</property>
							<property type="i">
								<key>pointerPriority</key>
								<value>0</value>
							</property>
							<property type="b">
								<key>press</key>
								<value>1</value>
							</property>
							<property type="b">
								<key>release</key>
								<value>1</value>
							</property>
							<property type="i">
								<key>shape</key>
								<value>1</value>
							</property>
							<property type="b">
								<key>valuePosition</key>
								<value>0</value>
							</property>
							<property type="b">
								<key>visible</key>
								<value>1</value>
							</property>
						</properties>
						<values>
							<value>
								<key>x</key>
								<locked>0</locked>
								<lockedDefaultCurrent>0</lockedDefaultCurrent>
								<default>0</default>
								<defaultPull>0</defaultPull>
							</value>
							<value>
								<key>touch</key>
								<locked>0</locked>
								<lockedDefaultCurrent>0</lockedDefaultCurrent>
								<default>false</default>
								<defaultPull>0</defaultPull>
							</value>
						</values>
						<messages>
							<midi>
								<enabled>1</enabled>
								<send>1</send>
								<receive>1</receive>
								<feedback>0</feedback>
								<connections>11111</connections>
								<triggers>
									<trigger>
										<var>x</var>
										<condition>ANY</condition>
									</trigger>
								</triggers>
								<message>
									<type>CONTROLCHANGE</type>
									<channel>0</channel>
									<data1>0</data1>
									<data2>0</data2>
								</message>
								<values>
									<value>
										<type>CONSTANT</type>
										<key />
										<scaleMin>0</scaleMin>
										<scaleMax>15</scaleMax>
									</value>
									<value>
										<type>INDEX</type>
										<key />
										<scaleMin>0</scaleMin>
										<scaleMax>1</scaleMax>
									</value>
									<value>
										<type>VALUE</type>
										<key>x</key>
										<scaleMin>0</scaleMin>
										<scaleMax>127</scaleMax>
									</value>
								</values>
							</midi>
							<osc>
								<enabled>1</enabled>
								<send>1</send>
								<receive>1</receive>
								<feedback>0</feedback>
								<connections>11111</connections>
								<triggers>
									<trigger>
										<var>x</var>
										<condition>ANY</condition>
									</trigger>
								</triggers>
								<path>
									<partial>
										<type>CONSTANT</type>
										<conversion>STRING</conversion>
										<value>/</value>
										<scaleMin>0</scaleMin>
										<scaleMax>1</scaleMax>
									</partial>
									<partial>
										<type>PROPERTY</type>
										<conversion>STRING</conversion>
										<value>parent.name</value>
										<scaleMin>0</scaleMin>
										<scaleMax>1</scaleMax>
									</partial>
									<partial>
										<type>CONSTANT</type>
										<conversion>STRING</conversion>
										<value>/</value>
										<scaleMin>0</scaleMin>
										<scaleMax>1</scaleMax>
									</partial>
									<partial>
										<type>PROPERTY</type>
										<conversion>STRING</conversion>
										<value>name</value>
										<scaleMin>0</scaleMin>
										<scaleMax>1</scaleMax>
									</partial>
								</path>
								<arguments>
									<partial>
										<type>VALUE</type>
										<conversion>FLOAT</conversion>
										<value>x</value>
										<scaleMin>0</scaleMin>
										<scaleMax>1</scaleMax>
									</partial>
								</arguments>
							</osc>
						</messages>
					</node>
				</children>
			</node>
			<node ID="6691b5ba-0c54-11ef-bfe7-00155d0286cb" type="GROUP">
				<properties>
					<property type="b">
						<key>background</key>
						<value>1</value>
					</property>
					<property type="c">
						<key>color</key>
						<value>
							<r>1</r>
							<g>1</g>
							<b>1</b>
							<a>0.705882</a>
						</value>
					</property>
					<property type="f">
						<key>cornerRadius</key>
						<value>1</value>
					</property>
					<property type="r">
						<key>frame</key>
						<value>
							<x>580</x>
							<y>20</y>
							<w>60</w>
							<h>300</h>
						</value>
					</property>
					<property type="b">
						<key>grabFocus</key>
						<value>0</value>
					</property>
					<property type="b">
						<key>interactive</key>
						<value>0</value>
					</property>
					<property type="b">
						<key>locked</key>
						<value>0</value>
					</property>
					<property type="s">
						<key>name</key>
						<value>fader_a2</value>
					</property>
					<property type="i">
						<key>orientation</key>
						<value>0</value>
					</property>
					<property type="b">
						<key>outline</key>
						<value>0</value>
					</property>
					<property type="i">
						<key>outlineStyle</key>
						<value>1</value>
					</property>
					<property type="i">
						<key>pointerPriority</key>
						<value>0</value>
					</property>
					<property type="i">
						<key>shape</key>
						<value>1</value>
					</property>
					<property type="s">
						<key>tag</key>
						<value>fader</value>
					</property>
					<property type="b">
						<key>visible</key>
						<value>1</value>
					</property>
				</properties>
				<values>
					<value>
						<key>touch</key>
						<locked>0</locked>
						<lockedDefaultCurrent>0</lockedDefaultCurrent>
						<default>false</default>
						<defaultPull>0</defaultPull>
					</value>
				</values>
				<children>
					<node ID="6691b5bb-0c54-11ef-b390-00155d0286cb" type="FADER">
						<properties>
							<property type="b">
								<key>background</key>
								<value>0</value>
							</property>
							<property type="b">
								<key>bar</key>
								<value>0</value>
							</property>
							<property type="i">
								<key>barDisplay</key>
								<value>0</value>
							</property>
							<property type="b">
								<key>centered</key>
								<value>0</value>
							</property>
							<property type="c">
								<key>color</key>
								<value>
									<r>1</r>
									<g>1</g>
									<b>1</b>
									<a>1</a>
								</value>
							</property>
							<property type="f">
								<key>cornerRadius</key>
								<value>1</value>
							</property>
							<property type="b">
								<key>cursor</key>
								<value>1</value>
							</property>
							<property type="i">
								<key>cursorDisplay</key>
								<value>0</value>
							</property>
							<property type="r">
								<key>frame</key>
								<value>
									<x>3</x>
									<y>60</y>
									<w>54</w>
									<h>239</h>
								</value>
							</property>
							<property type="b">
								<key>grabFocus</key>
								<value>1</value>
							</property>
							<property type="b">
								<key>grid</key>
								<value>1</value>
							</property>
							<property type="c">
								<key>gridColor</key>
								<value>
									<r>1</r>
									<g>1</g>
									<b>1</b>
									<a>0.43787</a>
								</value>
							</property>
							<property type="i">
								<key>gridSteps</key>
								<value>13</value>
							</property>
							<property type="b">
								<key>interactive</key>
								<value>1</value>
							</property>
							<property type="b">
								<key>locked</key>
								<value>0</value>
							</property>
							<property type="s">
								<key>name</key>
								<value>fader</value>
							</property>
							<property type="i">
								<key>orientation</key>
								<value>0</value>
							</property>
							<property type="b">
								<key>outline</key>
								<value>0</value>
							</property>
							<property type="i">
								<key>outlineStyle</key>
								<value>1</value>
							</property>
							<property type="i">
								<key>pointerPriority</key>
								<value>0</value>
							</property>
							<property type="i">
								<key>response</key>
								<value>0</value>
							</property>
							<property type="i">
								<key>responseFactor</key>
								<value>100</value>
							</property>
							<property type="i">
								<key>shape</key>
								<value>1</value>
							</property>
							<property type="b">
								<key>visible</key>
								<value>1</value>
							</property>
						</properties>
						<values>
							<value>
								<key>x</key>
								<locked>0</locked>
								<lockedDefaultCurrent>0</lockedDefaultCurrent>
								<default>0.5</default>
								<defaultPull>0</defaultPull>
							</value>
							<value>
								<key>touch</key>
								<locked>0</locked>
								<lockedDefaultCurrent>0</lockedDefaultCurrent>
								<default>false</default>
								<defaultPull>0</defaultPull>
							</value>
						</values>
						<messages>
							<osc>
								<enabled>1</enabled>
								<send>1</send>
								<receive>1</receive>
								<feedback>0</feedback>
								<connections>11111</connections>
								<triggers>
									<trigger>
										<var>x</var>
										<condition>ANY</condition>
									</trigger>
								</triggers>
								<path>
									<partial>
										<type>CONSTANT</type>
										<conversion>STRING</conversion>
										<value>/</value>
										<scaleMin>0</scaleMin>
										<scaleMax>1</scaleMax>
									</partial>
									<partial>
										<type>PROPERTY</type>
										<conversion>STRING</conversion>
										<value>parent.name</value>
										<scaleMin>0</scaleMin>
										<scaleMax>1</scaleMax>
									</partial>
									<partial>
										<type>CONSTANT</type>
										<conversion>STRING</conversion>
										<value>/</value>
										<scaleMin>0</scaleMin>
										<scaleMax>1</scaleMax>
									</partial>
									<partial>
										<type>PROPERTY</type>
										<conversion>STRING</conversion>
										<value>name</value>
										<scaleMin>0</scaleMin>
										<scaleMax>1</scaleMax>
									</partial>
								</path>
								<arguments>
									<partial>
										<type>VALUE</type>
										<conversion>FLOAT</conversion>
										<value>x</value>
										<scaleMin>0</scaleMin>
										<scaleMax>1</scaleMax>
									</partial>
								</arguments>
							</osc>
							<osc>
								<enabled>1</enabled>
								<send>0</send>
								<receive>1</receive>
								<feedback>0</feedback>
								<connections>11111</connections>
								<triggers>
									<trigger>
										<var>x</var>
										<condition>ANY</condition>
									</trigger>
								</triggers>
								<path>
									<partial>
										<type>CONSTANT</type>
										<conversion>STRING</conversion>
										<value>/</value>
										<scaleMin>0</scaleMin>
										<scaleMax>1</scaleMax>
									</partial>
									<partial>
										<type>PROPERTY</type>
										<conversion>STRING</conversion>
										<value>parent.name</value>
										<scaleMin>0</scaleMin>
										<scaleMax>1</scaleMax>
									</partial>
								</path>
								<arguments>
									<partial>
										<type>PROPERTY</type>
										<conversion>STRING</conversion>
										<value>color</value>
										<scaleMin>0</scaleMin>
										<scaleMax>1</scaleMax>
									</partial>
								</arguments>
							</osc>
						</messages>
					</node>
					<node ID="6691b5bc-0c54-11ef-8751-00155d0286cb" type="LABEL">
						<properties>
							<property type="b">
								<key>background</key>
								<value>1</value>
							</property>
							<property type="c">
								<key>color</key>
								<value>
									<r>1</r>
									<g>1</g>
									<b>1</b>
									<a>1</a>
								</value>
							</property>
							<property type="f">
								<key>cornerRadius</key>
								<value>1</value>
							</property>
							<property type="i">
								<key>font</key>
								<value>0</value>
							</property>
							<property type="r">
								<key>frame</key>
								<value>
									<x>3</x>
									<y>3</y>
									<w>54</w>
									<h>25</h>
								</value>
							</property>
							<property type="b">
								<key>grabFocus</key>
								<value>1</value>
							</property>
							<property type="b">
								<key>interactive</key>
								<value>0</value>
							</property>
							<property type="b">
								<key>locked</key>
								<value>0</value>
							</property>
							<property type="s">
								<key>name</key>
								<value>caption</value>
							</property>
							<property type="i">
								<key>orientation</key>
								<value>0</value>
							</property>
							<property type="b">
								<key>outline</key>
								<value>1</value>
							</property>
							<property type="i">
								<key>outlineStyle</key>
								<value>0</value>
							</property>
							<property type="i">
								<key>pointerPriority</key>
								<value>0</value>
							</property>
							<property type="i">
								<key>shape</key>
								<value>1</value>
							</property>
							<property type="i">
								<key>textAlignH</key>
								<value>2</value>
							</property>
							<property type="i">
								<key>textAlignV</key>
								<value>2</value>
							</property>
							<property type="b">
								<key>textClip</key>
								<value>1</value>
							</property>
							<property type="c">
								<key>textColor</key>
								<value>
									<r>1</r>
									<g>1</g>
									<b>1</b>
									<a>1</a>
								</value>
							</property>
							<property type="i">
								<key>textLength</key>
								<value>0</value>
							</property>
							<property type="i">
								<key>textSize</key>
								<value>12</value>
							</property>
							<property type="b">
								<key>visible</key>
								<value>1</value>
							</property>
						</properties>
						<values>
							<value>
								<key>text</key>
								<locked>0</locked>
								<lockedDefaultCurrent>1</lockedDefaultCurrent>
								<default>Fader A2</default>
								<defaultPull>0</defaultPull>
							</value>
							<value>
								<key>touch</key>
								<locked>0</locked>
								<lockedDefaultCurrent>0</lockedDefaultCurrent>
								<default>false</default>
								<defaultPull>0</defaultPull>
							</value>
						</values>
						<messages>
							<osc>
								<enabled>1</enabled>
								<send>0</send>
								<receive>1</receive>
								<feedback>0</feedback>
								<connections>11111</connections>
								<triggers>
									<trigger>
										<var>text</var>
										<condition>ANY</condition>
									</trigger>
								</triggers>
								<path>
									<partial>
										<type>CONSTANT</type>
										<conversion>STRING</conversion>
										<value>/</value>
										<scaleMin>0</scaleMin>
										<scaleMax>1</scaleMax>
									</partial>
									<partial>
										<type>PROPERTY</type>
										<conversion>STRING</conversion>
										<value>parent.name</value>
										<scaleMin>0</scaleMin>
										<scaleMax>1</scaleMax>
									</partial>
									<partial>
										<type>CONSTANT</type>
										<conversion>STRING</conversion>
										<value>/</value>
										<scaleMin>0</scaleMin>
										<scaleMax>1</scaleMax>
									</partial>
									<partial>
										<type>PROPERTY</type>
										<conversion>STRING</conversion>
										<value>name</value>
										<scaleMin>0</scaleMin>
										<scaleMax>1</scaleMax>
									</partial>
								</path>
								<arguments>
									<partial>
										<type>VALUE</type>
										<conversion>STRING</conversion>
										<value>text</value>
										<scaleMin>0</scaleMin>
										<scaleMax>1</scaleMax>
									</partial>
								</arguments>
							</osc>
							<osc>
								<enabled>1</enabled>
								<send>0</send>
								<receive>1</receive>
								<feedback>0</feedback>
								<connections>11111</connections>
								<triggers>
									<trigger>
										<var>text</var>
										<condition>ANY</condition>
									</trigger>
								</triggers>
								<path>
									<partial>
										<type>CONSTANT</type>
										<conversion>STRING</conversion>
										<value>/</value>
										<scaleMin>0</scaleMin>
										<scaleMax>1</scaleMax>
									</partial>
									<partial>
										<type>PROPERTY</type>
										<conversion>STRING</conversion>
										<value>parent.name</value>
										<scaleMin>0</scaleMin>
										<scaleMax>1</scaleMax>
									</partial>
								</path>
								<arguments>
									<partial>
										<type>PROPERTY</type>
										<conversion>STRING</conversion>
										<value>color</value>
										<scaleMin>0</scaleMin>
										<scaleMax>1</scaleMax>
									</partial>
								</arguments>
							</osc>
						</messages>
					</node>
					<node ID="6691b5bd-0c54-11ef-9bea-00155d0286cb" type="LABEL">
						<properties>
							<property type="b">
								<key>background</key>
								<value>0</value>
							</property>
							<property type="c">
								<key>color</key>
								<value>
									<r>1</r>
									<g>1</g>
									<b>1</b>
									<a>1</a>
								</value>
							</property>
							<property type="f">
								<key>cornerRadius</key>
								<value>1</value>
							</property>
							<property type="i">
								<key>font</key>
								<value>0</value>
							</property>
							<property type="r">
								<key>frame</key>
								<value>
									<x>3</x>
									<y>31</y>
									<w>54</w>
									<h>25</h>
								</value>
							</property>
							<property type="b">
								<key>grabFocus</key>
								<value>1</value>
							</property>
							<property type="b">
								<key>interactive</key>
								<value>0</value>
							</property>
							<property type="b">
								<key>locked</key>
								<value>0</value>
							</property>
							<property type="s">
								<key>name</key>
								<value>value</value>
							</property>
							<property type="i">
								<key>orientation</key>
								<value>0</value>
							</property>
							<property type="b">
								<key>outline</key>
								<value>0</value>
							</property>
							<property type="i">
								<key>outlineStyle</key>
								<value>1</value>
							</property>
							<property type="i">
								<key>pointerPriority</key>
								<value>0</value>
							</property>
							<property type="i">
								<key>shape</key>
								<value>1</value>
							</property>
							<property type="i">
								<key>textAlignH</key>
								<value>2</value>
							</property>
							<property type="i">
								<key>textAlignV</key>
								<value>2</value>
							</property>
							<property type="b">
								<key>textClip</key>
								<value>1</value>
							</property>
							<property type="c">
								<key>textColor</key>
								<value>
									<r>1</r>
									<g>1</g>
									<b>1</b>
									<a>1</a>
								</value>
							</property>
							<property type="i">
								<key>textLength</key>
								<value>0</value>
							</property>
							<property type="i">
								<key>textSize</key>
								<value>14</value>
							</property>
							<property type="b">
								<key>visible</key>
								<value>1</value>
							</property>
						</properties>
						<values>
							<value>
								<key>text</key>
								<locked>0</locked>
								<lockedDefaultCurrent>1</lockedDefaultCurrent>
								<default>127</default>
								<defaultPull>0</defaultPull>
							</value>
							<value>
								<key>touch</key>
								<locked>0</locked>
								<lockedDefaultCurrent>0</lockedDefaultCurrent>
								<default>false</default>
								<defaultPull>0</defaultPull>
							</value>
						</values>
						<messages>
							<osc>
								<enabled>1</enabled>
								<send>0</send>
								<receive>1</receive>
								<feedback>0</feedback>
								<connections>11111</connections>
								<triggers>
									<trigger>
										<var>text</var>
										<condition>ANY</condition>
									</trigger>
								</triggers>
								<path>
									<partial>
										<type>CONSTANT</type>
										<conversion>STRING</conversion>
										<value>/</value>
										<scaleMin>0</scaleMin>
										<scaleMax>1</scaleMax>
									</partial>
									<partial>
										<type>PROPERTY</type>
										<conversion>STRING</conversion>
										<value>parent.name</value>
										<scaleMin>0</scaleMin>
										<scaleMax>1</scaleMax>
									</partial>
									<partial>
										<type>CONSTANT</type>
										<conversion>STRING</conversion>
										<value>/</value>
										<scaleMin>0</scaleMin>
										<scaleMax>1</scaleMax>
									</partial>
									<partial>
										<type>PROPERTY</type>
										<conversion>STRING</conversion>
										<value>name</value>
										<scaleMin>0</scaleMin>
										<scaleMax>1</scaleMax>
									</partial>
								</path>
								<arguments>
									<partial>
										<type>VALUE</type>
										<conversion>STRING</conversion>
										<value>text</value>
										<scaleMin>0</scaleMin>
										<scaleMax>1</scaleMax>
									</partial>
								</arguments>
							</osc>
						</messages>
					</node>
				</children>
			</node>
			<node ID="6cc4bd10-0c54-11ef-9b5c-00155d0286cb" type="GROUP">
				<properties>
					<property type="b">
						<key>background</key>
						<value>1</value>
					</property>
					<property type="c">
						<key>color</key>
						<value>
							<r>1</r>
							<g>1</g>
							<b>1</b>
							<a>0.705882</a>
						</value>
					</property>
					<property type="f">
						<key>cornerRadius</key>
						<value>1</value>
					</property>
					<property type="r">
						<key>frame</key>
						<value>
							<x>900</x>
							<y>20</y>
							<w>60</w>
							<h>300</h>
						</value>
					</property>
					<property type="b">
						<key>grabFocus</key>
						<value>0</value>
					</property>
					<property type="b">
						<key>interactive</key>
						<value>0</value>
					</property>
					<property type="b">
						<key>locked</key>
						<value>0</value>
					</property>
					<property type="s">
						<key>name</key>
						<value>fader_a3</value>
					</property>
					<property type="i">
						<key>orientation</key>
						<value>0</value>
					</property>
					<property type="b">
						<key>outline</key>
						<value>0</value>
					</property>
					<property type="i">
						<key>outlineStyle</key>
						<value>1</value>
					</property>
					<property type="i">
						<key>pointerPriority</key>
						<value>0</value>
					</property>
					<property type="i">
						<key>shape</key>
						<value>1</value>
					</property>
					<property type="s">
						<key>tag</key>
						<value>fader</value>
					</property>
					<property type="b">
						<key>visible</key>
						<value>1</value>
					</property>
				</properties>
				<values>
					<value>
						<key>touch</key>
						<locked>0</locked>
						<lockedDefaultCurrent>0</lockedDefaultCurrent>
						<default>false</default>
						<defaultPull>0</defaultPull>
					</value>
				</values>
				<children>
					<node ID="6cc4bd11-0c54-11ef-8ddd-00155d0286cb" type="FADER">
						<properties>
							<property type="b">
								<key>background</key>
								<value>0</value>
							</property>
							<property type="b">
								<key>bar</key>
								<value>0</value>
							</property>
							<property type="i">
								<key>barDisplay</key>
								<value>0</value>
							</property>
							<property type="b">
								<key>centered</key>
								<value>0</value>
							</property>
							<property type="c">
								<key>color</key>
								<value>
									<r>1</r>
									<g>1</g>
									<b>1</b>
									<a>1</a>
								</value>
							</property>
							<property type="f">
								<key>cornerRadius</key>
								<value>1</value>
							</property>
							<property type="b">
								<key>cursor</key>
								<value>1</value>
							</property>
							<property type="i">
								<key>cursorDisplay</key>
								<value>0</value>
							</property>
							<property type="r">
								<key>frame</key>
								<value>
									<x>3</x>
									<y>60</y>
									<w>54</w>
									<h>239</h>
								</value>
							</property>
							<property type="b">
								<key>grabFocus</key>
								<value>1</value>
							</property>
							<property type="b">
								<key>grid</key>
								<value>1</value>
							</property>
							<property type="c">
								<key>gridColor</key>
								<value>
									<r>1</r>
									<g>1</g>
									<b>1</b>
									<a>0.43787</a>
								</value>
							</property>
							<property type="i">
								<key>gridSteps</key>
								<value>13</value>
							</property>
							<property type="b">
								<key>interactive</key>
								<value>1</value>
							</property>
							<property type="b">
								<key>locked</key>
								<value>0</value>
							</property>
							<property type="s">
								<key>name</key>
								<value>fader</value>
							</property>
							<property type="i">
								<key>orientation</key>
								<value>0</value>
							</property>
							<property type="b">
								<key>outline</key>
								<value>0</value>
							</property>
							<property type="i">
								<key>outlineStyle</key>
								<value>1</value>
							</property>
							<property type="i">
								<key>pointerPriority</key>
								<value>0</value>
							</property>
							<property type="i">
								<key>response</key>
								<value>0</value>
							</property>
							<property type="i">
								<key>responseFactor</key>
								<value>100</value>
							</property>
							<property type="i">
								<key>shape</key>
								<value>1</value>
							</property>
							<property type="b">
								<key>visible</key>
								<value>1</value>
							</property>
						</properties>
						<values>
							<value>
								<key>x</key>
								<locked>0</locked>
								<lockedDefaultCurrent>0</lockedDefaultCurrent>
								<default>0.5</default>
								<defaultPull>0</defaultPull>
							</value>
							<value>
								<key>touch</key>
								<locked>0</locked>
								<lockedDefaultCurrent>0</lockedDefaultCurrent>
								<default>false</default>
								<defaultPull>0</defaultPull>
							</value>
						</values>
						<messages>
							<osc>
								<enabled>1</enabled>
								<send>1</send>
								<receive>1</receive>
								<feedback>0</feedback>
								<connections>11111</connections>
								<triggers>
									<trigger>
										<var>x</var>
										<condition>ANY</condition>
									</trigger>
								</triggers>
								<path>
									<partial>
										<type>CONSTANT</type>
										<conversion>STRING</conversion>
										<value>/</value>
										<scaleMin>0</scaleMin>
										<scaleMax>1</scaleMax>
									</partial>
									<partial>
										<type>PROPERTY</type>
										<conversion>STRING</conversion>
										<value>parent.name</value>
										<scaleMin>0</scaleMin>
										<scaleMax>1</scaleMax>
									</partial>
									<partial>
										<type>CONSTANT</type>
										<conversion>STRING</conversion>
										<value>/</value>
										<scaleMin>0</scaleMin>
										<scaleMax>1</scaleMax>
									</partial>
									<partial>
										<type>PROPERTY</type>
										<conversion>STRING</conversion>
										<value>name</value>
										<scaleMin>0</scaleMin>
										<scaleMax>1</scaleMax>
									</partial>
								</path>
								<arguments>
									<partial>
										<type>VALUE</type>
										<conversion>FLOAT</conversion>
										<value>x</value>
										<scaleMin>0</scaleMin>
										<scaleMax>1</scaleMax>
									</partial>
								</arguments>
							</osc>
							<osc>
								<enabled>1</enabled>
								<send>0</send>
								<receive>1</receive>
								<feedback>0</feedback>
								<connections>11111</connections>
								<triggers>
									<trigger>
										<var>x</var>
										<condition>ANY</condition>
									</trigger>
								</triggers>
								<path>
									<partial>
										<type>CONSTANT</type>
										<conversion>STRING</conversion>
										<value>/</value>
										<scaleMin>0</scaleMin>
										<scaleMax>1</scaleMax>
									</partial>
									<partial>
										<type>PROPERTY</type>
										<conversion>STRING</conversion>
										<value>parent.name</value>
										<scaleMin>0</scaleMin>
										<scaleMax>1</scaleMax>
									</partial>
								</path>
								<arguments>
									<partial>
										<type>PROPERTY</type>
										<conversion>STRING</conversion>
										<value>color</value>
										<scaleMin>0</scaleMin>
										<scaleMax>1</scaleMax>
									</partial>
								</arguments>
							</osc>
						</messages>
					</node>
					<node ID="6cc4bd12-0c54-11ef-9495-00155d0286cb" type="LABEL">
						<properties>
							<property type="b">
								<key>background</key>
								<value>1</value>
							</property>
							<property type="c">
								<key>color</key>
								<value>
									<r>1</r>
									<g>1</g>
									<b>1</b>
									<a>1</a>
								</value>
							</property>
							<property type="f">
								<key>cornerRadius</key>
								<value>1</value>
							</property>
							<property type="i">
								<key>font</key>
								<value>0</value>
							</property>
							<property type="r">
								<key>frame</key>
								<value>
									<x>3</x>
									<y>3</y>
									<w>54</w>
									<h>25</h>
								</value>
							</property>
							<property type="b">
								<key>grabFocus</key>
								<value>1</value>
							</property>
							<property type="b">
								<key>interactive</key>
								<value>0</value>
							</property>
							<property type="b">
								<key>locked</key>
								<value>0</value>
							</property>
							<property type="s">
								<key>name</key>
								<value>caption</value>
							</property>
							<property type="i">
								<key>orientation</key>
								<value>0</value>
							</property>
							<property type="b">
								<key>outline</key>
								<value>1</value>
							</property>
							<property type="i">
								<key>outlineStyle</key>
								<value>0</value>
							</property>
							<property type="i">
								<key>pointerPriority</key>
								<value>0</value>
							</property>
							<property type="i">
								<key>shape</key>
								<value>1</value>
							</property>
							<property type="i">
								<key>textAlignH</key>
								<value>2</value>
							</property>
							<property type="i">
								<key>textAlignV</key>
								<value>2</value>
							</property>
							<property type="b">
								<key>textClip</key>
								<value>1</value>
							</property>
							<property type="c">
								<key>textColor</key>
								<value>
									<r>1</r>
									<g>1</g>
									<b>1</b>
									<a>1</a>
								</value>
							</property>
							<property type="i">
								<key>textLength</key>
								<value>0</value>
							</property>
							<property type="i">
								<key>textSize</key>
								<value>12</value>
							</property>
							<property type="b">
								<key>visible</key>
								<value>1</value>
							</property>
						</properties>
						<values>
							<value>
								<key>text</key>
								<locked>0</locked>
								<lockedDefaultCurrent>1</lockedDefaultCurrent>
								<default>Fader A3</default>
								<defaultPull>0</defaultPull>
							</value>
							<value>
								<key>touch</key>
								<locked>0</locked>
								<lockedDefaultCurrent>0</lockedDefaultCurrent>
								<default>false</default>
								<defaultPull>0</defaultPull>
							</value>
						</values>
						<messages>
							<osc>
								<enabled>1</enabled>
								<send>0</send>
								<receive>1</receive>
								<feedback>0</feedback>
								<connections>11111</connections>
								<triggers>
									<trigger>
										<var>text</var>
										<condition>ANY</condition>
									</trigger>
								</triggers>
								<path>
									<partial>
										<type>CONSTANT</type>
										<conversion>STRING</conversion>
										<value>/</value>
										<scaleMin>0</scaleMin>
										<scaleMax>1</scaleMax>
									</partial>
									<partial>
										<type>PROPERTY</type>
										<conversion>STRING</conversion>
										<value>parent.name</value>
										<scaleMin>0</scaleMin>
										<scaleMax>1</scaleMax>
									</partial>
									<partial>
										<type>CONSTANT</type>
										<conversion>STRING</conversion>
										<value>/</value>
										<scaleMin>0</scaleMin>
										<scaleMax>1</scaleMax>
									</partial>
									<partial>
										<type>PROPERTY</type>
										<conversion>STRING</conversion>
										<value>name</value>
										<scaleMin>0</scaleMin>
										<scaleMax>1</scaleMax>
									</partial>
								</path>
								<arguments>
									<partial>
										<type>VALUE</type>
										<conversion>STRING</conversion>
										<value>text</value>
										<scaleMin>0</scaleMin>
										<scaleMax>1</scaleMax>
									</partial>
								</arguments>
							</osc>
							<osc>
								<enabled>1</enabled>
								<send>0</send>
								<receive>1</receive>
								<feedback>0</feedback>
								<connections>11111</connections>
								<triggers>
									<trigger>
										<var>text</var>
										<condition>ANY</condition>
									</trigger>
								</triggers>
								<path>
									<partial>
										<type>CONSTANT</type>
										<conversion>STRING</conversion>
										<value>/</value>
										<scaleMin>0</scaleMin>
										<scaleMax>1</scaleMax>
									</partial>
									<partial>
										<type>PROPERTY</type>
										<conversion>STRING</conversion>
										<value>parent.name</value>
										<scaleMin>0</scaleMin>
										<scaleMax>1</scaleMax>
									</partial>
								</path>
								<arguments>
									<partial>
										<type>PROPERTY</type>
										<conversion>STRING</conversion>
										<value>color</value>
										<scaleMin>0</scaleMin>
										<scaleMax>1</scaleMax>
									</partial>
								</arguments>
							</osc>
						</messages>
					</node>
					<node ID="6cc4bd13-0c54-11ef-9765-00155d0286cb" type="LABEL">
						<properties>
							<property type="b">
								<key>background</key>
								<value>0</value>
							</property>
							<property type="c">
								<key>color</key>
								<value>
									<r>1</r>
									<g>1</g>
									<b>1</b>
									<a>1</a>
								</value>
							</property>
							<property type="f">
								<key>cornerRadius</key>
								<value>1</value>
							</property>
							<property type="i">
								<key>font</key>
								<value>0</value>
							</property>
							<property type="r">
								<key>frame</key>
								<value>
									<x>3</x>
									<y>31</y>
									<w>54</w>
									<h>25</h>
								</value>
							</property>
							<property type="b">
								<key>grabFocus</key>
								<value>1</value>
							</property>
							<property type="b">
								<key>interactive</key>
								<value>0</value>
							</property>
							<property type="b">
								<key>locked</key>
								<value>0</value>
							</property>
							<property type="s">
								<key>name</key>
								<value>value</value>
							</property>
							<property type="i">
								<key>orientation</key>
								<value>0</value>
							</property>
							<property type="b">
								<key>outline</key>
								<value>0</value>
							</property>
							<property type="i">
								<key>outlineStyle</key>
								<value>1</value>
							</property>
							<property type="i">
								<key>pointerPriority</key>
								<value>0</value>
							</property>
							<property type="i">
								<key>shape</key>
								<value>1</value>
							</property>
							<property type="i">
								<key>textAlignH</key>
								<value>2</value>
							</property>
							<property type="i">
								<key>textAlignV</key>
								<value>2</value>
							</property>
							<property type="b">
								<key>textClip</key>
								<value>1</value>
							</property>
							<property type="c">
								<key>textColor</key>
								<value>
									<r>1</r>
									<g>1</g>
									<b>1</b>
									<a>1</a>
								</value>
							</property>
							<property type="i">
								<key>textLength</key>
								<value>0</value>
							</property>
							<property type="i">
								<key>textSize</key>
								<value>14</value>
							</property>
							<property type="b">
								<key>visible</key>
								<value>1</value>
							</property>
						</properties>
						<values>
							<value>
								<key>text</key>
								<locked>0</locked>
								<lockedDefaultCurrent>1</lockedDefaultCurrent>
								<default>127</default>
								<defaultPull>0</defaultPull>
							</value>
							<value>
								<key>touch</key>
								<locked>0</locked>
								<lockedDefaultCurrent>0</lockedDefaultCurrent>
								<default>false</default>
								<defaultPull>0</defaultPull>
							</value>
						</values>
						<messages>
							<osc>
								<enabled>1</enabled>
								<send>0</send>
								<receive>1</receive>
								<feedback>0</feedback>
								<connections>11111</connections>
								<triggers>
									<trigger>
										<var>text</var>
										<condition>ANY</condition>
									</trigger>
								</triggers>
								<path>
									<partial>
										<type>CONSTANT</type>
										<conversion>STRING</conversion>
										<value>/</value>
										<scaleMin>0</scaleMin>
										<scaleMax>1</scaleMax>
									</partial>
									<partial>
										<type>PROPERTY</type>
										<conversion>STRING</conversion>
										<value>parent.name</value>
										<scaleMin>0</scaleMin>
										<scaleMax>1</scaleMax>
									</partial>
									<partial>
										<type>CONSTANT</type>
										<conversion>STRING</conversion>
										<value>/</value>
										<scaleMin>0</scaleMin>
										<scaleMax>1</scaleMax>
									</partial>
									<partial>
										<type>PROPERTY</type>
										<conversion>STRING</conversion>
										<value>name</value>
										<scaleMin>0</scaleMin>
										<scaleMax>1</scaleMax>
									</partial>
								</path>
								<arguments>
									<partial>
										<type>VALUE</type>
										<conversion>STRING</conversion>
										<value>text</value>
										<scaleMin>0</scaleMin>
										<scaleMax>1</scaleMax>
									</partial>
								</arguments>
							</osc>
						</messages>
					</node>
				</children>
			</node>
			<node ID="788d1ad4-0c54-11ef-8aa7-00155d0286cb" type="GROUP">
				<properties>
					<property type="b">
						<key>background</key>
						<value>1</value>
					</property>
					<property type="c">
						<key>color</key>
						<value>
							<r>1</r>
							<g>1</g>
							<b>1</b>
							<a>0.705882</a>
						</value>
					</property>
					<property type="f">
						<key>cornerRadius</key>
						<value>1</value>
					</property>
					<property type="r">
						<key>frame</key>
						<value>
							<x>500</x>
							<y>340</y>
							<w>60</w>
							<h>300</h>
						</value>
					</property>
					<property type="b">
						<key>grabFocus</key>
						<value>0</value>
					</property>
					<property type="b">
						<key>interactive</key>
						<value>0</value>
					</property>
					<property type="b">
						<key>locked</key>
						<value>0</value>
					</property>
					<property type="s">
						<key>name</key>
						<value>fader_b1</value>
					</property>
					<property type="i">
						<key>orientation</key>
						<value>0</value>
					</property>
					<property type="b">
						<key>outline</key>
						<value>0</value>
					</property>
					<property type="i">
						<key>outlineStyle</key>
						<value>1</value>
					</property>
					<property type="i">
						<key>pointerPriority</key>
						<value>0</value>
					</property>
					<property type="i">
						<key>shape</key>
						<value>1</value>
					</property>
					<property type="s">
						<key>tag</key>
						<value>fader</value>
					</property>
					<property type="b">
						<key>visible</key>
						<value>1</value>
					</property>
				</properties>
				<values>
					<value>
						<key>touch</key>
						<locked>0</locked>
						<lockedDefaultCurrent>0</lockedDefaultCurrent>
						<default>false</default>
						<defaultPull>0</defaultPull>
					</value>
				</values>
				<children>
					<node ID="788d1ad5-0c54-11ef-836d-00155d0286cb" type="FADER">
						<properties>
							<property type="b">
								<key>background</key>
								<value>0</value>
							</property>
							<property type="b">
								<key>bar</key>
								<value>0</value>
							</property>
							<property type="i">
								<key>barDisplay</key>
								<value>0</value>
							</property>
							<property type="b">
								<key>centered</key>
								<value>0</value>
							</property>
							<property type="c">
								<key>color</key>
								<value>
									<r>1</r>
									<g>1</g>
									<b>1</b>
									<a>1</a>
								</value>
							</property>
							<property type="f">
								<key>cornerRadius</key>
								<value>1</value>
							</property>
							<property type="b">
								<key>cursor</key>
								<value>1</value>
							</property>
							<property type="i">
								<key>cursorDisplay</key>
								<value>0</value>
							</property>
							<property type="r">
								<key>frame</key>
								<value>
									<x>3</x>
									<y>60</y>
									<w>54</w>
									<h>239</h>
								</value>
							</property>
							<property type="b">
								<key>grabFocus</key>
								<value>1</value>
							</property>
							<property type="b">
								<key>grid</key>
								<value>1</value>
							</property>
							<property type="c">
								<key>gridColor</key>
								<value>
									<r>1</r>
									<g>1</g>
									<b>1</b>
									<a>0.43787</a>
								</value>
							</property>
							<property type="i">
								<key>gridSteps</key>
								<value>13</value>
							</property>
							<property type="b">
								<key>interactive</key>
								<value>1</value>
							</property>
							<property type="b">
								<key>locked</key>
								<value>0</value>
							</property>
							<property type="s">
								<key>name</key>
								<value>fader</value>
							</property>
							<property type="i">
								<key>orientation</key>
								<value>0</value>
							</property>
							<property type="b">
								<key>outline</key>
								<value>0</value>
							</property>
							<property type="i">
								<key>outlineStyle</key>
								<value>1</value>
							</property>
							<property type="i">
								<key>pointerPriority</key>
								<value>0</value>
							</property>
							<property type="i">
								<key>response</key>
								<value>0</value>
							</property>
							<property type="i">
								<key>responseFactor</key>
								<value>100</value>
							</property>
							<property type="i">
								<key>shape</key>
								<value>1</value>
							</property>
							<property type="b">
								<key>visible</key>
								<value>1</value>
							</property>
						</properties>
						<values>
							<value>
								<key>x</key>
								<locked>0</locked>
								<lockedDefaultCurrent>0</lockedDefaultCurrent>
								<default>0.5</default>
								<defaultPull>0</defaultPull>
							</value>
							<value>
								<key>touch</key>
								<locked>0</locked>
								<lockedDefaultCurrent>0</lockedDefaultCurrent>
								<default>false</default>
								<defaultPull>0</defaultPull>
							</value>
						</values>
						<messages>
							<osc>
								<enabled>1</enabled>
								<send>1</send>
								<receive>1</receive>
								<feedback>0</feedback>
								<connections>11111</connections>
								<triggers>
									<trigger>
										<var>x</var>
										<condition>ANY</condition>
									</trigger>
								</triggers>
								<path>
									<partial>
										<type>CONSTANT</type>
										<conversion>STRING</conversion>
										<value>/</value>
										<scaleMin>0</scaleMin>
										<scaleMax>1</scaleMax>
									</partial>
									<partial>
										<type>PROPERTY</type>
										<conversion>STRING</conversion>
										<value>parent.name</value>
										<scaleMin>0</scaleMin>
										<scaleMax>1</scaleMax>
									</partial>
									<partial>
										<type>CONSTANT</type>
										<conversion>STRING</conversion>
										<value>/</value>
										<scaleMin>0</scaleMin>
										<scaleMax>1</scaleMax>
									</partial>
									<partial>
										<type>PROPERTY</type>
										<conversion>STRING</conversion>
										<value>name</value>
										<scaleMin>0</scaleMin>
										<scaleMax>1</scaleMax>
									</partial>
								</path>
								<arguments>
									<partial>
										<type>VALUE</type>
										<conversion>FLOAT</conversion>
										<value>x</value>
										<scaleMin>0</scaleMin>
										<scaleMax>1</scaleMax>
									</partial>
								</arguments>
							</osc>
							<osc>
								<enabled>1</enabled>
								<send>0</send>
								<receive>1</receive>
								<feedback>0</feedback>
								<connections>11111</connections>
								<triggers>
									<trigger>
										<var>x</var>
										<condition>ANY</condition>
									</trigger>
								</triggers>
								<path>
									<partial>
										<type>CONSTANT</type>
										<conversion>STRING</conversion>
										<value>/</value>
										<scaleMin>0</scaleMin>
										<scaleMax>1</scaleMax>
									</partial>
									<partial>
										<type>PROPERTY</type>
										<conversion>STRING</conversion>
										<value>parent.name</value>
										<scaleMin>0</scaleMin>
										<scaleMax>1</scaleMax>
									</partial>
								</path>
								<arguments>
									<partial>
										<type>PROPERTY</type>
										<conversion>STRING</conversion>
										<value>color</value>
										<scaleMin>0</scaleMin>
										<scaleMax>1</scaleMax>
									</partial>
								</arguments>
							</osc>
						</messages>
					</node>
					<node ID="788d1ad6-0c54-11ef-a73c-00155d0286cb" type="LABEL">
						<properties>
							<property type="b">
								<key>background</key>
								<value>1</value>
							</property>
							<property type="c">
								<key>color</key>
								<value>
									<r>1</r>
									<g>1</g>
									<b>1</b>
									<a>1</a>
								</value>
							</property>
							<property type="f">
								<key>cornerRadius</key>
								<value>1</value>
							</property>
							<property type="i">
								<key>font</key>
								<value>0</value>
							</property>
							<property type="r">
								<key>frame</key>
								<value>
									<x>3</x>
									<y>3</y>
									<w>54</w>
									<h>25</h>
								</value>
							</property>
							<property type="b">
								<key>grabFocus</key>
								<value>1</value>
							</property>
							<property type="b">
								<key>interactive</key>
								<value>0</value>
							</property>
							<property type="b">
								<key>locked</key>
								<value>0</value>
							</property>
							<property type="s">
								<key>name</key>
								<value>caption</value>
							</property>
							<property type="i">
								<key>orientation</key>
								<value>0</value>
							</property>
							<property type="b">
								<key>outline</key>
								<value>1</value>
							</property>
							<property type="i">
								<key>outlineStyle</key>
								<value>0</value>
							</property>
							<property type="i">
								<key>pointerPriority</key>
								<value>0</value>
							</property>
							<property type="i">
								<key>shape</key>
								<value>1</value>
							</property>
							<property type="i">
								<key>textAlignH</key>
								<value>2</value>
							</property>
							<property type="i">
								<key>textAlignV</key>
								<value>2</value>
							</property>
							<property type="b">
								<key>textClip</key>
								<value>1</value>
							</property>
							<property type="c">
								<key>textColor</key>
								<value>
									<r>1</r>
									<g>1</g>
									<b>1</b>
									<a>1</a>
								</value>
							</property>
							<property type="i">
								<key>textLength</key>
								<value>0</value>
							</property>
							<property type="i">
								<key>textSize</key>
								<value>12</value>
							</property>
							<property type="b">
								<key>visible</key>
								<value>1</value>
							</property>
						</properties>
						<values>
							<value>
								<key>text</key>
								<locked>0</locked>
								<lockedDefaultCurrent>1</lockedDefaultCurrent>
								<default>Fader B1</default>
								<defaultPull>0</defaultPull>
							</value>
							<value>
								<key>touch</key>
								<locked>0</locked>
								<lockedDefaultCurrent>0</lockedDefaultCurrent>
								<default>false</default>
								<defaultPull>0</defaultPull>
							</value>
						</values>
						<messages>
							<osc>
								<enabled>1</enabled>
								<send>0</send>
								<receive>1</receive>
								<feedback>0</feedback>
								<connections>11111</connections>
								<triggers>
									<trigger>
										<var>text</var>
										<condition>ANY</condition>
									</trigger>
								</triggers>
								<path>
									<partial>
										<type>CONSTANT</type>
										<conversion>STRING</conversion>
										<value>/</value>
										<scaleMin>0</scaleMin>
										<scaleMax>1</scaleMax>
									</partial>
									<partial>
										<type>PROPERTY</type>
										<conversion>STRING</conversion>
										<value>parent.name</value>
										<scaleMin>0</scaleMin>
										<scaleMax>1</scaleMax>
									</partial>
									<partial>
										<type>CONSTANT</type>
										<conversion>STRING</conversion>
										<value>/</value>
										<scaleMin>0</scaleMin>
										<scaleMax>1</scaleMax>
									</partial>
									<partial>
										<type>PROPERTY</type>
										<conversion>STRING</conversion>
										<value>name</value>
										<scaleMin>0</scaleMin>
										<scaleMax>1</scaleMax>
									</partial>
								</path>
								<arguments>
									<partial>
										<type>VALUE</type>
										<conversion>STRING</conversion>
										<value>text</value>
										<scaleMin>0</scaleMin>
										<scaleMax>1</scaleMax>
									</partial>
								</arguments>
							</osc>
							<osc>
								<enabled>1</enabled>
								<send>0</send>
								<receive>1</receive>
								<feedback>0</feedback>
								<connections>11111</connections>
								<triggers>
									<trigger>
										<var>text</var>
										<condition>ANY</condition>
									</trigger>
								</triggers>
								<path>
									<partial>
										<type>CONSTANT</type>
										<conversion>STRING</conversion>
										<value>/</value>
										<scaleMin>0</scaleMin>
										<scaleMax>1</scaleMax>
									</partial>
									<partial>
										<type>PROPERTY</type>
										<conversion>STRING</conversion>
										<value>parent.name</value>
										<scaleMin>0</scaleMin>
										<scaleMax>1</scaleMax>
									</partial>
								</path>
								<arguments>
									<partial>
										<type>PROPERTY</type>
										<conversion>STRING</conversion>
										<value>color</value>
										<scaleMin>0</scaleMin>
										<scaleMax>1</scaleMax>
									</partial>
								</arguments>
							</osc>
						</messages>
					</node>
					<node ID="788d1ad7-0c54-11ef-bafc-00155d0286cb" type="LABEL">
						<properties>
							<property type="b">
								<key>background</key>
								<value>0</value>
							</property>
							<property type="c">
								<key>color</key>
								<value>
									<r>1</r>
									<g>1</g>
									<b>1</b>
									<a>1</a>
								</value>
							</property>
							<property type="f">
								<key>cornerRadius</key>
								<value>1</value>
							</property>
							<property type="i">
								<key>font</key>
								<value>0</value>
							</property>
							<property type="r">
								<key>frame</key>
								<value>
									<x>3</x>
									<y>31</y>
									<w>54</w>
									<h>25</h>
								</value>
							</property>
							<property type="b">
								<key>grabFocus</key>
								<value>1</value>
							</property>
							<property type="b">
								<key>interactive</key>
								<value>0</value>
							</property>
							<property type="b">
								<key>locked</key>
								<value>0</value>
							</property>
							<property type="s">
								<key>name</key>
								<value>value</value>
							</property>
							<property type="i">
								<key>orientation</key>
								<value>0</value>
							</property>
							<property type="b">
								<key>outline</key>
								<value>0</value>
							</property>
							<property type="i">
								<key>outlineStyle</key>
								<value>1</value>
							</property>
							<property type="i">
								<key>pointerPriority</key>
								<value>0</value>
							</property>
							<property type="i">
								<key>shape</key>
								<value>1</value>
							</property>
							<property type="i">
								<key>textAlignH</key>
								<value>2</value>
							</property>
							<property type="i">
								<key>textAlignV</key>
								<value>2</value>
							</property>
							<property type="b">
								<key>textClip</key>
								<value>1</value>
							</property>
							<property type="c">
								<key>textColor</key>
								<value>
									<r>1</r>
									<g>1</g>
									<b>1</b>
									<a>1</a>
								</value>
							</property>
							<property type="i">
								<key>textLength</key>
								<value>0</value>
							</property>
							<property type="i">
								<key>textSize</key>
								<value>14</value>
							</property>
							<property type="b">
								<key>visible</key>
								<value>1</value>
							</property>
						</properties>
						<values>
							<value>
								<key>text</key>
								<locked>0</locked>
								<lockedDefaultCurrent>1</lockedDefaultCurrent>
								<default>127</default>
								<defaultPull>0</defaultPull>
							</value>
							<value>
								<key>touch</key>
								<locked>0</locked>
								<lockedDefaultCurrent>0</lockedDefaultCurrent>
								<default>false</default>
								<defaultPull>0</defaultPull>
							</value>
						</values>
						<messages>
							<osc>
								<enabled>1</enabled>
								<send>0</send>
								<receive>1</receive>
								<feedback>0</feedback>
								<connections>11111</connections>
								<triggers>
									<trigger>
										<var>text</var>
										<condition>ANY</condition>
									</trigger>
								</triggers>
								<path>
									<partial>
										<type>CONSTANT</type>
										<conversion>STRING</conversion>
										<value>/</value>
										<scaleMin>0</scaleMin>
										<scaleMax>1</scaleMax>
									</partial>
									<partial>
										<type>PROPERTY</type>
										<conversion>STRING</conversion>
										<value>parent.name</value>
										<scaleMin>0</scaleMin>
										<scaleMax>1</scaleMax>
									</partial>
									<partial>
										<type>CONSTANT</type>
										<conversion>STRING</conversion>
										<value>/</value>
										<scaleMin>0</scaleMin>
										<scaleMax>1</scaleMax>
									</partial>
									<partial>
										<type>PROPERTY</type>
										<conversion>STRING</conversion>
										<value>name</value>
										<scaleMin>0</scaleMin>
										<scaleMax>1</scaleMax>
									</partial>
								</path>
								<arguments>
									<partial>
										<type>VALUE</type>
										<conversion>STRING</conversion>
										<value>text</value>
										<scaleMin>0</scaleMin>
										<scaleMax>1</scaleMax>
									</partial>
								</arguments>
							</osc>
						</messages>
					</node>
				</children>
			</node>
			<node ID="788d1afe-0c54-11ef-9201-00155d0286cb" type="GROUP">
				<properties>
					<property type="b">
						<key>background</key>
						<value>1</value>
					</property>
					<property type="c">
						<key>color</key>
						<value>
							<r>1</r>
							<g>1</g>
							<b>1</b>
							<a>0.705882</a>
						</value>
					</property>
					<property type="f">
						<key>cornerRadius</key>
						<value>1</value>
					</property>
					<property type="r">
						<key>frame</key>
						<value>
							<x>660</x>
							<y>340</y>
							<w>220</w>
							<h>300</h>
						</value>
					</property>
					<property type="b">
						<key>grabFocus</key>
						<value>0</value>
					</property>
					<property type="b">
						<key>interactive</key>
						<value>0</value>
					</property>
					<property type="b">
						<key>locked</key>
						<value>0</value>
					</property>
					<property type="s">
						<key>name</key>
						<value>color_wheel_b</value>
					</property>
					<property type="i">
						<key>orientation</key>
						<value>0</value>
					</property>
					<property type="b">
						<key>outline</key>
						<value>0</value>
					</property>
					<property type="i">
						<key>outlineStyle</key>
						<value>1</value>
					</property>
					<property type="i">
						<key>pointerPriority</key>
						<value>0</value>
					</property>
					<property type="i">
						<key>shape</key>
						<value>1</value>
					</property>
					<property type="s">
						<key>tag</key>
						<value>color_wheel</value>
					</property>
					<property type="b">
						<key>visible</key>
						<value>1</value>
					</property>
				</properties>
				<values>
					<value>
						<key>touch</key>
						<locked>0</locked>
						<lockedDefaultCurrent>0</lockedDefaultCurrent>
						<default>false</default>
						<defaultPull>0</defaultPull>
					</value>
				</values>
				<children>
					<node ID="788d1aff-0c54-11ef-8e6c-00155d0286cb" type="BOX">
						<properties>
							<property type="b">
								<key>background</key>
								<value>1</value>
							</property>
							<property type="c">
								<key>color</key>
								<value>
									<r>1</r>
									<g>0</g>
									<b>0</b>
									<a>1</a>
								</value>
							</property>
							<property type="f">
								<key>cornerRadius</key>
								<value>1</value>
							</property>
							<property type="r">
								<key>frame</key>
								<value>
									<x>71</x>
									<y>77</y>
									<w>80</w>
									<h>80</h>
								</value>
							</property>
							<property type="b">
								<key>grabFocus</key>
								<value>0</value>
							</property>
							<property type="b">
								<key>interactive</key>
								<value>0</value>
							</property>
							<property type="b">
								<key>locked</key>
								<value>0</value>
							</property>
							<property type="s">
								<key>name</key>
								<value>color</value>
							</property>
							<property type="i">
								<key>orientation</key>
								<value>0</value>
							</property>
							<property type="b">
								<key>outline</key>
								<value>0</value>
							</property>
							<property type="i">
								<key>outlineStyle</key>
								<value>1</value>
							</property>
							<property type="i">
								<key>pointerPriority</key>
								<value>0</value>
							</property>
							<property type="i">
								<key>shape</key>
								<value>2</value>
							</property>
							<property type="b">
								<key>visible</key>
								<value>1</value>
							</property>
						</properties>
						<values>
							<value>
								<key>touch</key>
								<locked>0</locked>
								<lockedDefaultCurrent>0</lockedDefaultCurrent>
								<default>false</default>
								<defaultPull>0</defaultPull>
							</value>
						</values>
						<messages>
							<osc>
								<enabled>1</enabled>
								<send>0</send>
								<receive>1</receive>
								<feedback>0</feedback>
								<connections>11111</connections>
								<triggers>
									<trigger>
										<var>touch</var>
										<condition>ANY</condition>
									</trigger>
								</triggers>
								<path>
									<partial>
										<type>CONSTANT</type>
										<conversion>STRING</conversion>
										<value>/</value>
										<scaleMin>0</scaleMin>
										<scaleMax>1</scaleMax>
									</partial>
									<partial>
										<type>PROPERTY</type>
										<conversion>STRING</conversion>
										<value>parent.name</value>
										<scaleMin>0</scaleMin>
										<scaleMax>1</scaleMax>
									</partial>
									<partial>
										<type>CONSTANT</type>
										<conversion>STRING</conversion>
										<value>/</value>
										<scaleMin>0</scaleMin>
										<scaleMax>1</scaleMax>
									</partial>
									<partial>
										<type>PROPERTY</type>
										<conversion>STRING</conversion>
										<value>name</value>
										<scaleMin>0</scaleMin>
										<scaleMax>1</scaleMax>
									</partial>
								</path>
								<arguments>
									<partial>
										<type>PROPERTY</type>
										<conversion>STRING</conversion>
										<value>color</value>
										<scaleMin>0</scaleMin>
										<scaleMax>1</scaleMax>
									</partial>
								</arguments>
							</osc>
						</messages>
					</node>
					<node ID="788d1b00-0c54-11ef-99ac-00155d0286cb" type="ENCODER">
						<properties>
							<property type="b">
								<key>background</key>
								<value>1</value>
							</property>
							<property type="c">
								<key>color</key>
								<value>
									<r>1</r>
									<g>1</g>
									<b>1</b>
									<a>1</a>
								</value>
							</property>
							<property type="f">
								<key>cornerRadius</key>
								<value>0</value>
							</property>
							<property type="b">
								<key>cursor</key>
								<value>1</value>
							</property>
							<property type="i">
								<key>cursorDisplay</key>
								<value>0</value>
							</property>
							<property type="r">
								<key>frame</key>
								<value>
									<x>34</x>
									<y>40</y>
									<w>153</w>
									<h>153</h>
								</value>
							</property>
							<property type="b">
								<key>grabFocus</key>
								<value>1</value>
							</property>
							<property type="b">
								<key>grid</key>
								<value>0</value>
							</property>
							<property type="c">
								<key>gridColor</key>
								<value>
									<r>1</r>
									<g>1</g>
									<b>1</b>
									<a>0.573964</a>
								</value>
							</property>
							<property type="i">
								<key>gridSteps</key>
								<value>20</value>
							</property>
							<property type="b">
								<key>interactive</key>
								<value>1</value>
							</property>
							<property type="b">
								<key>locked</key>
								<value>0</value>
							</property>
							<property type="s">
								<key>name</key>
								<value>hue</value>
							</property>
							<property type="i">
								<key>orientation</key>
								<value>0</value>
							</property>
							<property type="b">
								<key>outline</key>
								<value>0</value>
							</property>
							<property type="i">
								<key>outlineStyle</key>
								<value>1</value>
							</property>
							<property type="i">
								<key>pointerPriority</key>
								<value>0</value>
							</property>
							<property type="i">
								<key>response</key>
								<value>0</value>
							</property>
							<property type="i">
								<key>responseFactor</key>
								<value>100</value>
							</property>
							<property type="i">
								<key>shape</key>
								<value>2</value>
							</property>
							<property type="b">
								<key>visible</key>
								<value>1</value>
							</property>
						</properties>
						<values>
							<value>
								<key>x</key>
								<locked>0</locked>
								<lockedDefaultCurrent>0</lockedDefaultCurrent>
								<default>0</default>
								<defaultPull>0</defaultPull>
							</value>
							<value>
								<key>y</key>
								<locked>0</locked>
								<lockedDefaultCurrent>0</lockedDefaultCurrent>
								<default>0</default>
								<defaultPull>0</defaultPull>
							</value>
							<value>
								<key>touch</key>
								<locked>0</locked>
								<lockedDefaultCurrent>0</lockedDefaultCurrent>
								<default>false</default>
								<defaultPull>0</defaultPull>
							</value>
						</values>
						<messages>
							<osc>
								<enabled>1</enabled>
								<send>1</send>
								<receive>1</receive>
								<feedback>0</feedback>
								<connections>11111</connections>
								<triggers>
									<trigger>
										<var>x</var>
										<condition>ANY</condition>
									</trigger>
								</triggers>
								<path>
									<partial>
										<type>CONSTANT</type>
										<conversion>STRING</conversion>
										<value>/</value>
										<scaleMin>0</scaleMin>
										<scaleMax>1</scaleMax>
									</partial>
									<partial>
										<type>PROPERTY</type>
										<conversion>STRING</conversion>
										<value>parent.name</value>
										<scaleMin>0</scaleMin>
										<scaleMax>1</scaleMax>
									</partial>
									<partial>
										<type>CONSTANT</type>
										<conversion>STRING</conversion>
										<value>/</value>
										<scaleMin>0</scaleMin>
										<scaleMax>1</scaleMax>
									</partial>
									<partial>
										<type>PROPERTY</type>
										<conversion>STRING</conversion>
										<value>name</value>
										<scaleMin>0</scaleMin>
										<scaleMax>1</scaleMax>
									</partial>
								</path>
								<arguments>
									<partial>
										<type>VALUE</type>
										<conversion>FLOAT</conversion>
										<value>x</value>
										<scaleMin>0</scaleMin>
										<scaleMax>1</scaleMax>
									</partial>
								</arguments>
							</osc>
						</messages>
					</node>
					<node ID="788d1b01-0c54-11ef-bf0b-00155d0286cb" type="LABEL">
						<properties>
							<property type="b">
								<key>background</key>
								<value>1</value>
							</property>
							<property type="c">
								<key>color</key>
								<value>
									<r>1</r>
									<g>1</g>
									<b>1</b>
									<a>1</a>
								</value>
							</property>
							<property type="f">
								<key>cornerRadius</key>
								<value>1</value>
							</property>
							<property type="i">
								<key>font</key>
								<value>0</value>
							</property>
							<property type="r">
								<key>frame</key>
								<value>
									<x>3</x>
									<y>3</y>
									<w>214</w>
									<h>25</h>
								</value>
							</property>
							<property type="b">
								<key>grabFocus</key>
								<value>1</value>
							</property>
							<property type="b">
								<key>interactive</key>
								<value>0</value>
							</property>
							<property type="b">
								<key>locked</key>
								<value>0</value>
							</property>
							<property type="s">
								<key>name</key>
								<value>caption</value>
							</property>
							<property type="i">
								<key>orientation</key>
								<value>0</value>
							</property>
							<property type="b">
								<key>outline</key>
								<value>1</value>
							</property>
							<property type="i">
								<key>outlineStyle</key>
								<value>0</value>
							</property>
							<property type="i">
								<key>pointerPriority</key>
								<value>0</value>
							</property>
							<property type="i">
								<key>shape</key>
								<value>1</value>
							</property>
							<property type="i">
								<key>textAlignH</key>
								<value>2</value>
							</property>
							<property type="i">
								<key>textAlignV</key>
								<value>2</value>
							</property>
							<property type="b">
								<key>textClip</key>
								<value>1</value>
							</property>
							<property type="c">
								<key>textColor</key>
								<value>
									<r>1</r>
									<g>1</g>
									<b>1</b>
									<a>1</a>
								</value>
							</property>
							<property type="i">
								<key>textLength</key>
								<value>0</value>
							</property>
							<property type="i">
								<key>textSize</key>
								<value>12</value>
							</property>
							<property type="b">
								<key>visible</key>
								<value>1</value>
							</property>
						</properties>
						<values>
							<value>
								<key>text</key>
								<locked>0</locked>
								<lockedDefaultCurrent>1</lockedDefaultCurrent>
								<default>ColorWheel B</default>
								<defaultPull>0</defaultPull>
							</value>
							<value>
								<key>touch</key>
								<locked>0</locked>
								<lockedDefaultCurrent>0</lockedDefaultCurrent>
								<default>false</default>
								<defaultPull>0</defaultPull>
							</value>
						</values>
						<messages>
							<osc>
								<enabled>1</enabled>
								<send>0</send>
								<receive>1</receive>
								<feedback>0</feedback>
								<connections>11111</connections>
								<triggers>
									<trigger>
										<var>text</var>
										<condition>ANY</condition>
									</trigger>
								</triggers>
								<path>
									<partial>
										<type>CONSTANT</type>
										<conversion>STRING</conversion>
										<value>/</value>
										<scaleMin>0</scaleMin>
										<scaleMax>1</scaleMax>
									</partial>
									<partial>
										<type>PROPERTY</type>
										<conversion>STRING</conversion>
										<value>parent.name</value>
										<scaleMin>0</scaleMin>
										<scaleMax>1</scaleMax>
									</partial>
									<partial>
										<type>CONSTANT</type>
										<conversion>STRING</conversion>
										<value>/</value>
										<scaleMin>0</scaleMin>
										<scaleMax>1</scaleMax>
									</partial>
									<partial>
										<type>PROPERTY</type>
										<conversion>STRING</conversion>
										<value>name</value>
										<scaleMin>0</scaleMin>
										<scaleMax>1</scaleMax>
									</partial>
								</path>
								<arguments>
									<partial>
										<type>VALUE</type>
										<conversion>STRING</conversion>
										<value>text</value>
										<scaleMin>0</scaleMin>
										<scaleMax>1</scaleMax>
									</partial>
								</arguments>
							</osc>
							<osc>
								<enabled>1</enabled>
								<send>0</send>
								<receive>1</receive>
								<feedback>0</feedback>
								<connections>11111</connections>
								<triggers>
									<trigger>
										<var>text</var>
										<condition>ANY</condition>
									</trigger>
								</triggers>
								<path>
									<partial>
										<type>CONSTANT</type>
										<conversion>STRING</conversion>
										<value>/</value>
										<scaleMin>0</scaleMin>
										<scaleMax>1</scaleMax>
									</partial>
									<partial>
										<type>PROPERTY</type>
										<conversion>STRING</conversion>
										<value>parent.name</value>
										<scaleMin>0</scaleMin>
										<scaleMax>1</scaleMax>
									</partial>
								</path>
								<arguments>
									<partial>
										<type>PROPERTY</type>
										<conversion>STRING</conversion>
										<value>color</value>
										<scaleMin>0</scaleMin>
										<scaleMax>1</scaleMax>
									</partial>
								</arguments>
							</osc>
						</messages>
					</node>
					<node ID="788d4180-0c54-11ef-8c13-00155d0286cb" type="BOX">
						<properties>
							<property type="b">
								<key>background</key>
								<value>1</value>
							</property>
							<property type="c">
								<key>color</key>
								<value>
									<r>1</r>
									<g>0</g>
									<b>0</b>
									<a>1</a>
								</value>
							</property>
							<property type="f">
								<key>cornerRadius</key>
								<value>1</value>
							</property>
							<property type="r">
								<key>frame</key>
								<value>
									<x>101</x>
									<y>49</y>
									<w>17</w>
									<h>17</h>
								</value>
							</property>
							<property type="b">
								<key>grabFocus</key>
								<value>0</value>
							</property>
							<property type="b">
								<key>interactive</key>
								<value>0</value>
							</property>
							<property type="b">
								<key>locked</key>
								<value>0</value>
							</property>
							<property type="s">
								<key>name</key>
								<value>box1</value>
							</property>
							<property type="i">
								<key>orientation</key>
								<value>0</value>
							</property>
							<property type="b">
								<key>outline</key>
								<value>0</value>
							</property>
							<property type="i">
								<key>outlineStyle</key>
								<value>1</value>
							</property>
							<property type="i">
								<key>pointerPriority</key>
								<value>0</value>
							</property>
							<property type="i">
								<key>shape</key>
								<value>2</value>
							</property>
							<property type="b">
								<key>visible</key>
								<value>1</value>
							</property>
						</properties>
						<values>
							<value>
								<key>touch</key>
								<locked>0</locked>
								<lockedDefaultCurrent>0</lockedDefaultCurrent>
								<default>false</default>
								<defaultPull>0</defaultPull>
							</value>
						</values>
					</node>
					<node ID="788d4181-0c54-11ef-bba2-00155d0286cb" type="BOX">
						<properties>
							<property type="b">
								<key>background</key>
								<value>1</value>
							</property>
							<property type="c">
								<key>color</key>
								<value>
									<r>0.00757575</r>
									<g>1</g>
									<b>0.977746</b>
									<a>1</a>
								</value>
							</property>
							<property type="f">
								<key>cornerRadius</key>
								<value>1</value>
							</property>
							<property type="r">
								<key>frame</key>
								<value>
									<x>101</x>
									<y>168</y>
									<w>17</w>
									<h>17</h>
								</value>
							</property>
							<property type="b">
								<key>grabFocus</key>
								<value>0</value>
							</property>
							<property type="b">
								<key>interactive</key>
								<value>0</value>
							</property>
							<property type="b">
								<key>locked</key>
								<value>0</value>
							</property>
							<property type="s">
								<key>name</key>
								<value>box5</value>
							</property>
							<property type="i">
								<key>orientation</key>
								<value>0</value>
							</property>
							<property type="b">
								<key>outline</key>
								<value>0</value>
							</property>
							<property type="i">
								<key>outlineStyle</key>
								<value>1</value>
							</property>
							<property type="i">
								<key>pointerPriority</key>
								<value>0</value>
							</property>
							<property type="i">
								<key>shape</key>
								<value>2</value>
							</property>
							<property type="b">
								<key>visible</key>
								<value>1</value>
							</property>
						</properties>
						<values>
							<value>
								<key>touch</key>
								<locked>0</locked>
								<lockedDefaultCurrent>0</lockedDefaultCurrent>
								<default>false</default>
								<defaultPull>0</defaultPull>
							</value>
						</values>
					</node>
					<node ID="788d4182-0c54-11ef-9f7b-00155d0286cb" type="BOX">
						<properties>
							<property type="b">
								<key>background</key>
								<value>1</value>
							</property>
							<property type="c">
								<key>color</key>
								<value>
									<r>0.706605</r>
									<g>1</g>
									<b>0.219697</b>
									<a>1</a>
								</value>
							</property>
							<property type="f">
								<key>cornerRadius</key>
								<value>1</value>
							</property>
							<property type="r">
								<key>frame</key>
								<value>
									<x>161</x>
									<y>108</y>
									<w>17</w>
									<h>17</h>
								</value>
							</property>
							<property type="b">
								<key>grabFocus</key>
								<value>0</value>
							</property>
							<property type="b">
								<key>interactive</key>
								<value>0</value>
							</property>
							<property type="b">
								<key>locked</key>
								<value>0</value>
							</property>
							<property type="s">
								<key>name</key>
								<value>box3</value>
							</property>
							<property type="i">
								<key>orientation</key>
								<value>0</value>
							</property>
							<property type="b">
								<key>outline</key>
								<value>0</value>
							</property>
							<property type="i">
								<key>outlineStyle</key>
								<value>1</value>
							</property>
							<property type="i">
								<key>pointerPriority</key>
								<value>0</value>
							</property>
							<property type="i">
								<key>shape</key>
								<value>2</value>
							</property>
							<property type="b">
								<key>visible</key>
								<value>1</value>
							</property>
						</properties>
						<values>
							<value>
								<key>touch</key>
								<locked>0</locked>
								<lockedDefaultCurrent>0</lockedDefaultCurrent>
								<default>false</default>
								<defaultPull>0</defaultPull>
							</value>
						</values>
					</node>
					<node ID="788d4183-0c54-11ef-88a7-00155d0286cb" type="BOX">
						<properties>
							<property type="b">
								<key>background</key>
								<value>1</value>
							</property>
							<property type="c">
								<key>color</key>
								<value>
									<r>1</r>
									<g>0.826952</g>
									<b>0.219697</b>
									<a>1</a>
								</value>
							</property>
							<property type="f">
								<key>cornerRadius</key>
								<value>1</value>
							</property>
							<property type="r">
								<key>frame</key>
								<value>
									<x>143</x>
									<y>67</y>
									<w>17</w>
									<h>17</h>
								</value>
							</property>
							<property type="b">
								<key>grabFocus</key>
								<value>0</value>
							</property>
							<property type="b">
								<key>interactive</key>
								<value>0</value>
							</property>
							<property type="b">
								<key>locked</key>
								<value>0</value>
							</property>
							<property type="s">
								<key>name</key>
								<value>box2</value>
							</property>
							<property type="i">
								<key>orientation</key>
								<value>0</value>
							</property>
							<property type="b">
								<key>outline</key>
								<value>0</value>
							</property>
							<property type="i">
								<key>outlineStyle</key>
								<value>1</value>
							</property>
							<property type="i">
								<key>pointerPriority</key>
								<value>0</value>
							</property>
							<property type="i">
								<key>shape</key>
								<value>2</value>
							</property>
							<property type="b">
								<key>visible</key>
								<value>1</value>
							</property>
						</properties>
						<values>
							<value>
								<key>touch</key>
								<locked>0</locked>
								<lockedDefaultCurrent>0</lockedDefaultCurrent>
								<default>false</default>
								<defaultPull>0</defaultPull>
							</value>
						</values>
					</node>
					<node ID="788d4184-0c54-11ef-8e78-00155d0286cb" type="BOX">
						<properties>
							<property type="b">
								<key>background</key>
								<value>1</value>
							</property>
							<property type="c">
								<key>color</key>
								<value>
									<r>0</r>
									<g>0.939394</g>
									<b>0.738212</b>
									<a>1</a>
								</value>
							</property>
							<property type="f">
								<key>cornerRadius</key>
								<value>1</value>
							</property>
							<property type="r">
								<key>frame</key>
								<value>
									<x>143</x>
									<y>149</y>
									<w>17</w>
									<h>17</h>
								</value>
							</property>
							<property type="b">
								<key>grabFocus</key>
								<value>0</value>
							</property>
							<property type="b">
								<key>interactive</key>
								<value>0</value>
							</property>
							<property type="b">
								<key>locked</key>
								<value>0</value>
							</property>
							<property type="s">
								<key>name</key>
								<value>box4</value>
							</property>
							<property type="i">
								<key>orientation</key>
								<value>0</value>
							</property>
							<property type="b">
								<key>outline</key>
								<value>0</value>
							</property>
							<property type="i">
								<key>outlineStyle</key>
								<value>1</value>
							</property>
							<property type="i">
								<key>pointerPriority</key>
								<value>0</value>
							</property>
							<property type="i">
								<key>shape</key>
								<value>2</value>
							</property>
							<property type="b">
								<key>visible</key>
								<value>1</value>
							</property>
						</properties>
						<values>
							<value>
								<key>touch</key>
								<locked>0</locked>
								<lockedDefaultCurrent>0</lockedDefaultCurrent>
								<default>false</default>
								<defaultPull>0</defaultPull>
							</value>
						</values>
					</node>
					<node ID="788d4185-0c54-11ef-b27d-00155d0286cb" type="BOX">
						<properties>
							<property type="b">
								<key>background</key>
								<value>1</value>
							</property>
							<property type="c">
								<key>color</key>
								<value>
									<r>0.686957</r>
									<g>0.113636</g>
									<b>1</b>
									<a>1</a>
								</value>
							</property>
							<property type="f">
								<key>cornerRadius</key>
								<value>1</value>
							</property>
							<property type="r">
								<key>frame</key>
								<value>
									<x>42</x>
									<y>108</y>
									<w>17</w>
									<h>17</h>
								</value>
							</property>
							<property type="b">
								<key>grabFocus</key>
								<value>0</value>
							</property>
							<property type="b">
								<key>interactive</key>
								<value>0</value>
							</property>
							<property type="b">
								<key>locked</key>
								<value>0</value>
							</property>
							<property type="s">
								<key>name</key>
								<value>box7</value>
							</property>
							<property type="i">
								<key>orientation</key>
								<value>0</value>
							</property>
							<property type="b">
								<key>outline</key>
								<value>0</value>
							</property>
							<property type="i">
								<key>outlineStyle</key>
								<value>1</value>
							</property>
							<property type="i">
								<key>pointerPriority</key>
								<value>0</value>
							</property>
							<property type="i">
								<key>shape</key>
								<value>2</value>
							</property>
							<property type="b">
								<key>visible</key>
								<value>1</value>
							</property>
						</properties>
						<values>
							<value>
								<key>touch</key>
								<locked>0</locked>
								<lockedDefaultCurrent>0</lockedDefaultCurrent>
								<default>false</default>
								<defaultPull>0</defaultPull>
							</value>
						</values>
					</node>
					<node ID="788d4186-0c54-11ef-885f-00155d0286cb" type="BOX">
						<properties>
							<property type="b">
								<key>background</key>
								<value>1</value>
							</property>
							<property type="c">
								<key>color</key>
								<value>
									<r>0.113636</r>
									<g>0.30009</g>
									<b>1</b>
									<a>1</a>
								</value>
							</property>
							<property type="f">
								<key>cornerRadius</key>
								<value>1</value>
							</property>
							<property type="r">
								<key>frame</key>
								<value>
									<x>61</x>
									<y>149</y>
									<w>17</w>
									<h>17</h>
								</value>
							</property>
							<property type="b">
								<key>grabFocus</key>
								<value>0</value>
							</property>
							<property type="b">
								<key>interactive</key>
								<value>0</value>
							</property>
							<property type="b">
								<key>locked</key>
								<value>0</value>
							</property>
							<property type="s">
								<key>name</key>
								<value>box6</value>
							</property>
							<property type="i">
								<key>orientation</key>
								<value>0</value>
							</property>
							<property type="b">
								<key>outline</key>
								<value>0</value>
							</property>
							<property type="i">
								<key>outlineStyle</key>
								<value>1</value>
							</property>
							<property type="i">
								<key>pointerPriority</key>
								<value>0</value>
							</property>
							<property type="i">
								<key>shape</key>
								<value>2</value>
							</property>
							<property type="b">
								<key>visible</key>
								<value>1</value>
							</property>
						</properties>
						<values>
							<value>
								<key>touch</key>
								<locked>0</locked>
								<lockedDefaultCurrent>0</lockedDefaultCurrent>
								<default>false</default>
								<defaultPull>0</defaultPull>
							</value>
						</values>
					</node>
					<node ID="788d4187-0c54-11ef-a589-00155d0286cb" type="BOX">
						<properties>
							<property type="b">
								<key>background</key>
								<value>1</value>
							</property>
							<property type="c">
								<key>color</key>
								<value>
									<r>1</r>
									<g>0.113636</g>
									<b>0.923159</b>
									<a>1</a>
								</value>
							</property>
							<property type="f">
								<key>cornerRadius</key>
								<value>1</value>
							</property>
							<property type="r">
								<key>frame</key>
								<value>
									<x>61</x>
									<y>67</y>
									<w>17</w>
									<h>17</h>
								</value>
							</property>
							<property type="b">
								<key>grabFocus</key>
								<value>0</value>
							</property>
							<property type="b">
								<key>interactive</key>
								<value>0</value>
							</property>
							<property type="b">
								<key>locked</key>
								<value>0</value>
							</property>
							<property type="s">
								<key>name</key>
								<value>box8</value>
							</property>
							<property type="i">
								<key>orientation</key>
								<value>0</value>
							</property>
							<property type="b">
								<key>outline</key>
								<value>0</value>
							</property>
							<property type="i">
								<key>outlineStyle</key>
								<value>1</value>
							</property>
							<property type="i">
								<key>pointerPriority</key>
								<value>0</value>
							</property>
							<property type="i">
								<key>shape</key>
								<value>2</value>
							</property>
							<property type="b">
								<key>visible</key>
								<value>1</value>
							</property>
						</properties>
						<values>
							<value>
								<key>touch</key>
								<locked>0</locked>
								<lockedDefaultCurrent>0</lockedDefaultCurrent>
								<default>false</default>
								<defaultPull>0</defaultPull>
							</value>
						</values>
					</node>
					<node ID="788d4188-0c54-11ef-862d-00155d0286cb" type="FADER">
						<properties>
							<property type="b">
								<key>background</key>
								<value>0</value>
							</property>
							<property type="b">
								<key>bar</key>
								<value>0</value>
							</property>
							<property type="i">
								<key>barDisplay</key>
								<value>0</value>
							</property>
							<property type="b">
								<key>centered</key>
								<value>0</value>
							</property>
							<property type="c">
								<key>color</key>
								<value>
									<r>1</r>
									<g>1</g>
									<b>1</b>
									<a>1</a>
								</value>
							</property>
							<property type="f">
								<key>cornerRadius</key>
								<value>1</value>
							</property>
							<property type="b">
								<key>cursor</key>
								<value>1</value>
							</property>
							<property type="i">
								<key>cursorDisplay</key>
								<value>0</value>
							</property>
							<property type="r">
								<key>frame</key>
								<value>
									<x>34</x>
									<y>215</y>
									<w>175</w>
									<h>22</h>
								</value>
							</property>
							<property type="b">
								<key>grabFocus</key>
								<value>1</value>
							</property>
							<property type="b">
								<key>grid</key>
								<value>1</value>
							</property>
							<property type="c">
								<key>gridColor</key>
								<value>
									<r>1</r>
									<g>1</g>
									<b>1</b>
									<a>0.43787</a>
								</value>
							</property>
							<property type="i">
								<key>gridSteps</key>
								<value>13</value>
							</property>
							<property type="b">
								<key>interactive</key>
								<value>1</value>
							</property>
							<property type="b">
								<key>locked</key>
								<value>0</value>
							</property>
							<property type="s">
								<key>name</key>
								<value>saturation</value>
							</property>
							<property type="i">
								<key>orientation</key>
								<value>1</value>
							</property>
							<property type="b">
								<key>outline</key>
								<value>0</value>
							</property>
							<property type="i">
								<key>outlineStyle</key>
								<value>1</value>
							</property>
							<property type="i">
								<key>pointerPriority</key>
								<value>0</value>
							</property>
							<property type="i">
								<key>response</key>
								<value>0</value>
							</property>
							<property type="i">
								<key>responseFactor</key>
								<value>100</value>
							</property>
							<property type="i">
								<key>shape</key>
								<value>1</value>
							</property>
							<property type="b">
								<key>visible</key>
								<value>1</value>
							</property>
						</properties>
						<values>
							<value>
								<key>x</key>
								<locked>0</locked>
								<lockedDefaultCurrent>0</lockedDefaultCurrent>
								<default>0.5</default>
								<defaultPull>0</defaultPull>
							</value>
							<value>
								<key>touch</key>
								<locked>0</locked>
								<lockedDefaultCurrent>0</lockedDefaultCurrent>
								<default>false</default>
								<defaultPull>0</defaultPull>
							</value>
						</values>
						<messages>
							<osc>
								<enabled>1</enabled>
								<send>1</send>
								<receive>1</receive>
								<feedback>0</feedback>
								<connections>11111</connections>
								<triggers>
									<trigger>
										<var>x</var>
										<condition>ANY</condition>
									</trigger>
								</triggers>
								<path>
									<partial>
										<type>CONSTANT</type>
										<conversion>STRING</conversion>
										<value>/</value>
										<scaleMin>0</scaleMin>
										<scaleMax>1</scaleMax>
									</partial>
									<partial>
										<type>PROPERTY</type>
										<conversion>STRING</conversion>
										<value>parent.name</value>
										<scaleMin>0</scaleMin>
										<scaleMax>1</scaleMax>
									</partial>
									<partial>
										<type>CONSTANT</type>
										<conversion>STRING</conversion>
										<value>/</value>
										<scaleMin>0</scaleMin>
										<scaleMax>1</scaleMax>
									</partial>
									<partial>
										<type>PROPERTY</type>
										<conversion>STRING</conversion>
										<value>name</value>
										<scaleMin>0</scaleMin>
										<scaleMax>1</scaleMax>
									</partial>
								</path>
								<arguments>
									<partial>
										<type>VALUE</type>
										<conversion>FLOAT</conversion>
										<value>x</value>
										<scaleMin>0</scaleMin>
										<scaleMax>1</scaleMax>
									</partial>
								</arguments>
							</osc>
						</messages>
					</node>
					<node ID="788d4189-0c54-11ef-9c94-00155d0286cb" type="FADER">
						<properties>
							<property type="b">
								<key>background</key>
								<value>0</value>
							</property>
							<property type="b">
								<key>bar</key>
								<value>0</value>
							</property>
							<property type="i">
								<key>barDisplay</key>
								<value>0</value>
							</property>
							<property type="b">
								<key>centered</key>
								<value>0</value>
							</property>
							<property type="c">
								<key>color</key>
								<value>
									<r>1</r>
									<g>1</g>
									<b>1</b>
									<a>1</a>
								</value>
							</property>
							<property type="f">
								<key>cornerRadius</key>
								<value>1</value>
							</property>
							<property type="b">
								<key>cursor</key>
								<value>1</value>
							</property>
							<property type="i">
								<key>cursorDisplay</key>
								<value>0</value>
							</property>
							<property type="r">
								<key>frame</key>
								<value>
									<x>34</x>
									<y>258</y>
									<w>175</w>
									<h>22</h>
								</value>
							</property>
							<property type="b">
								<key>grabFocus</key>
								<value>1</value>
							</property>
							<property type="b">
								<key>grid</key>
								<value>1</value>
							</property>
							<property type="c">
								<key>gridColor</key>
								<value>
									<r>1</r>
									<g>1</g>
									<b>1</b>
									<a>0.43787</a>
								</value>
							</property>
							<property type="i">
								<key>gridSteps</key>
								<value>13</value>
							</property>
							<property type="b">
								<key>interactive</key>
								<value>1</value>
							</property>
							<property type="b">
								<key>locked</key>
								<value>0</value>
							</property>
							<property type="s">
								<key>name</key>
								<value>lightness</value>
							</property>
							<property type="i">
								<key>orientation</key>
								<value>1</value>
							</property>
							<property type="b">
								<key>outline</key>
								<value>0</value>
							</property>
							<property type="i">
								<key>outlineStyle</key>
								<value>1</value>
							</property>
							<property type="i">
								<key>pointerPriority</key>
								<value>0</value>
							</property>
							<property type="i">
								<key>response</key>
								<value>0</value>
							</property>
							<property type="i">
								<key>responseFactor</key>
								<value>100</value>
							</property>
							<property type="i">
								<key>shape</key>
								<value>1</value>
							</property>
							<property type="b">
								<key>visible</key>
								<value>1</value>
							</property>
						</properties>
						<values>
							<value>
								<key>x</key>
								<locked>0</locked>
								<lockedDefaultCurrent>0</lockedDefaultCurrent>
								<default>0.5</default>
								<defaultPull>0</defaultPull>
							</value>
							<value>
								<key>touch</key>
								<locked>0</locked>
								<lockedDefaultCurrent>0</lockedDefaultCurrent>
								<default>false</default>
								<defaultPull>0</defaultPull>
							</value>
						</values>
						<messages>
							<osc>
								<enabled>1</enabled>
								<send>1</send>
								<receive>1</receive>
								<feedback>0</feedback>
								<connections>11111</connections>
								<triggers>
									<trigger>
										<var>x</var>
										<condition>ANY</condition>
									</trigger>
								</triggers>
								<path>
									<partial>
										<type>CONSTANT</type>
										<conversion>STRING</conversion>
										<value>/</value>
										<scaleMin>0</scaleMin>
										<scaleMax>1</scaleMax>
									</partial>
									<partial>
										<type>PROPERTY</type>
										<conversion>STRING</conversion>
										<value>parent.name</value>
										<scaleMin>0</scaleMin>
										<scaleMax>1</scaleMax>
									</partial>
									<partial>
										<type>CONSTANT</type>
										<conversion>STRING</conversion>
										<value>/</value>
										<scaleMin>0</scaleMin>
										<scaleMax>1</scaleMax>
									</partial>
									<partial>
										<type>PROPERTY</type>
										<conversion>STRING</conversion>
										<value>name</value>
										<scaleMin>0</scaleMin>
										<scaleMax>1</scaleMax>
									</partial>
								</path>
								<arguments>
									<partial>
										<type>VALUE</type>
										<conversion>FLOAT</conversion>
										<value>x</value>
										<scaleMin>0</scaleMin>
										<scaleMax>1</scaleMax>
									</partial>
								</arguments>
							</osc>
						</messages>
					</node>
					<node ID="788d418a-0c54-11ef-9db6-00155d0286cb" type="LABEL">
						<properties>
							<property type="b">
								<key>background</key>
								<value>1</value>
							</property>
							<property type="c">
								<key>color</key>
								<value>
									<r>1</r>
									<g>0</g>
									<b>0</b>
									<a>0</a>
								</value>
							</property>
							<property type="f">
								<key>cornerRadius</key>
								<value>1</value>
							</property>
							<property type="i">
								<key>font</key>
								<value>0</value>
							</property>
							<property type="r">
								<key>frame</key>
								<value>
									<x>13</x>
									<y>215</y>
									<w>21</w>
									<h>22</h>
								</value>
							</property>
							<property type="b">
								<key>grabFocus</key>
								<value>1</value>
							</property>
							<property type="b">
								<key>interactive</key>
								<value>0</value>
							</property>
							<property type="b">
								<key>locked</key>
								<value>0</value>
							</property>
							<property type="s">
								<key>name</key>
								<value>label_s</value>
							</property>
							<property type="i">
								<key>orientation</key>
								<value>0</value>
							</property>
							<property type="b">
								<key>outline</key>
								<value>1</value>
							</property>
							<property type="i">
								<key>outlineStyle</key>
								<value>1</value>
							</property>
							<property type="i">
								<key>pointerPriority</key>
								<value>0</value>
							</property>
							<property type="i">
								<key>shape</key>
								<value>1</value>
							</property>
							<property type="i">
								<key>textAlignH</key>
								<value>2</value>
							</property>
							<property type="i">
								<key>textAlignV</key>
								<value>2</value>
							</property>
							<property type="b">
								<key>textClip</key>
								<value>1</value>
							</property>
							<property type="c">
								<key>textColor</key>
								<value>
									<r>1</r>
									<g>1</g>
									<b>1</b>
									<a>1</a>
								</value>
							</property>
							<property type="i">
								<key>textLength</key>
								<value>0</value>
							</property>
							<property type="i">
								<key>textSize</key>
								<value>14</value>
							</property>
							<property type="b">
								<key>visible</key>
								<value>1</value>
							</property>
						</properties>
						<values>
							<value>
								<key>text</key>
								<locked>0</locked>
								<lockedDefaultCurrent>1</lockedDefaultCurrent>
								<default>S</default>
								<defaultPull>0</defaultPull>
							</value>
							<value>
								<key>touch</key>
								<locked>0</locked>
								<lockedDefaultCurrent>0</lockedDefaultCurrent>
								<default>false</default>
								<defaultPull>0</defaultPull>
							</value>
						</values>
					</node>
					<node ID="788d418b-0c54-11ef-b329-00155d0286cb" type="LABEL">
						<properties>
							<property type="b">
								<key>background</key>
								<value>1</value>
							</property>
							<property type="c">
								<key>color</key>
								<value>
									<r>1</r>
									<g>0</g>
									<b>0</b>
									<a>0</a>
								</value>
							</property>
							<property type="f">
								<key>cornerRadius</key>
								<value>1</value>
							</property>
							<property type="i">
								<key>font</key>
								<value>0</value>
							</property>
							<property type="r">
								<key>frame</key>
								<value>
									<x>13</x>
									<y>258</y>
									<w>21</w>
									<h>22</h>
								</value>
							</property>
							<property type="b">
								<key>grabFocus</key>
								<value>1</value>
							</property>
							<property type="b">
								<key>interactive</key>
								<value>0</value>
							</property>
							<property type="b">
								<key>locked</key>
								<value>0</value>
							</property>
							<property type="s">
								<key>name</key>
								<value>label_l</value>
							</property>
							<property type="i">
								<key>orientation</key>
								<value>0</value>
							</property>
							<property type="b">
								<key>outline</key>
								<value>1</value>
							</property>
							<property type="i">
								<key>outlineStyle</key>
								<value>1</value>
							</property>
							<property type="i">
								<key>pointerPriority</key>
								<value>0</value>
							</property>
							<property type="i">
								<key>shape</key>
								<value>1</value>
							</property>
							<property type="i">
								<key>textAlignH</key>
								<value>2</value>
							</property>
							<property type="i">
								<key>textAlignV</key>
								<value>2</value>
							</property>
							<property type="b">
								<key>textClip</key>
								<value>1</value>
							</property>
							<property type="c">
								<key>textColor</key>
								<value>
									<r>1</r>
									<g>1</g>
									<b>1</b>
									<a>1</a>
								</value>
							</property>
							<property type="i">
								<key>textLength</key>
								<value>0</value>
							</property>
							<property type="i">
								<key>textSize</key>
								<value>14</value>
							</property>
							<property type="b">
								<key>visible</key>
								<value>1</value>
							</property>
						</properties>
						<values>
							<value>
								<key>text</key>
								<locked>0</locked>
								<lockedDefaultCurrent>1</lockedDefaultCurrent>
								<default>L</default>
								<defaultPull>0</defaultPull>
							</value>
							<value>
								<key>touch</key>
								<locked>0</locked>
								<lockedDefaultCurrent>0</lockedDefaultCurrent>
								<default>false</default>
								<defaultPull>0</defaultPull>
							</value>
						</values>
					</node>
				</children>
			</node>
			<node ID="788d418c-0c54-11ef-aedf-00155d0286cb" type="GROUP">
				<properties>
					<property type="b">
						<key>background</key>
						<value>1</value>
					</property>
					<property type="c">
						<key>color</key>
						<value>
							<r>1</r>
							<g>1</g>
							<b>1</b>
							<a>0.704142</a>
						</value>
					</property>
					<property type="f">
						<key>cornerRadius</key>
						<value>1</value>
					</property>
					<property type="r">
						<key>frame</key>
						<value>
							<x>20</x>
							<y>340</y>
							<w>60</w>
							<h>300</h>
						</value>
					</property>
					<property type="b">
						<key>grabFocus</key>
						<value>0</value>
					</property>
					<property type="b">
						<key>interactive</key>
						<value>0</value>
					</property>
					<property type="b">
						<key>locked</key>
						<value>0</value>
					</property>
					<property type="s">
						<key>name</key>
						<value>recall_slot_b1</value>
					</property>
					<property type="i">
						<key>orientation</key>
						<value>0</value>
					</property>
					<property type="b">
						<key>outline</key>
						<value>0</value>
					</property>
					<property type="i">
						<key>outlineStyle</key>
						<value>1</value>
					</property>
					<property type="i">
						<key>pointerPriority</key>
						<value>0</value>
					</property>
					<property type="i">
						<key>shape</key>
						<value>1</value>
					</property>
					<property type="s">
						<key>tag</key>
						<value>recall_slot</value>
					</property>
					<property type="b">
						<key>visible</key>
						<value>1</value>
					</property>
				</properties>
				<values>
					<value>
						<key>touch</key>
						<locked>0</locked>
						<lockedDefaultCurrent>0</lockedDefaultCurrent>
						<default>false</default>
						<defaultPull>0</defaultPull>
					</value>
				</values>
				<children>
					<node ID="788d418d-0c54-11ef-9000-00155d0286cb" type="LABEL">
						<properties>
							<property type="b">
								<key>background</key>
								<value>1</value>
							</property>
							<property type="c">
								<key>color</key>
								<value>
									<r>1</r>
									<g>1</g>
									<b>1</b>
									<a>1</a>
								</value>
							</property>
							<property type="f">
								<key>cornerRadius</key>
								<value>1</value>
							</property>
							<property type="i">
								<key>font</key>
								<value>0</value>
							</property>
							<property type="r">
								<key>frame</key>
								<value>
									<x>3</x>
									<y>3</y>
									<w>54</w>
									<h>25</h>
								</value>
							</property>
							<property type="b">
								<key>grabFocus</key>
								<value>1</value>
							</property>
							<property type="b">
								<key>interactive</key>
								<value>0</value>
							</property>
							<property type="b">
								<key>locked</key>
								<value>0</value>
							</property>
							<property type="s">
								<key>name</key>
								<value>caption</value>
							</property>
							<property type="i">
								<key>orientation</key>
								<value>0</value>
							</property>
							<property type="b">
								<key>outline</key>
								<value>1</value>
							</property>
							<property type="i">
								<key>outlineStyle</key>
								<value>0</value>
							</property>
							<property type="i">
								<key>pointerPriority</key>
								<value>0</value>
							</property>
							<property type="i">
								<key>shape</key>
								<value>1</value>
							</property>
							<property type="i">
								<key>textAlignH</key>
								<value>2</value>
							</property>
							<property type="i">
								<key>textAlignV</key>
								<value>2</value>
							</property>
							<property type="b">
								<key>textClip</key>
								<value>1</value>
							</property>
							<property type="c">
								<key>textColor</key>
								<value>
									<r>1</r>
									<g>1</g>
									<b>1</b>
									<a>1</a>
								</value>
							</property>
							<property type="i">
								<key>textLength</key>
								<value>0</value>
							</property>
							<property type="i">
								<key>textSize</key>
								<value>12</value>
							</property>
							<property type="b">
								<key>visible</key>
								<value>1</value>
							</property>
						</properties>
						<values>
							<value>
								<key>text</key>
								<locked>0</locked>
								<lockedDefaultCurrent>1</lockedDefaultCurrent>
								<default>B1</default>
								<defaultPull>0</defaultPull>
							</value>
							<value>
								<key>touch</key>
								<locked>0</locked>
								<lockedDefaultCurrent>0</lockedDefaultCurrent>
								<default>false</default>
								<defaultPull>0</defaultPull>
							</value>
						</values>
						<messages>
							<osc>
								<enabled>1</enabled>
								<send>0</send>
								<receive>1</receive>
								<feedback>0</feedback>
								<connections>11111</connections>
								<triggers>
									<trigger>
										<var>text</var>
										<condition>ANY</condition>
									</trigger>
								</triggers>
								<path>
									<partial>
										<type>CONSTANT</type>
										<conversion>STRING</conversion>
										<value>/</value>
										<scaleMin>0</scaleMin>
										<scaleMax>1</scaleMax>
									</partial>
									<partial>
										<type>PROPERTY</type>
										<conversion>STRING</conversion>
										<value>parent.name</value>
										<scaleMin>0</scaleMin>
										<scaleMax>1</scaleMax>
									</partial>
									<partial>
										<type>CONSTANT</type>
										<conversion>STRING</conversion>
										<value>/</value>
										<scaleMin>0</scaleMin>
										<scaleMax>1</scaleMax>
									</partial>
									<partial>
										<type>PROPERTY</type>
										<conversion>STRING</conversion>
										<value>name</value>
										<scaleMin>0</scaleMin>
										<scaleMax>1</scaleMax>
									</partial>
								</path>
								<arguments>
									<partial>
										<type>VALUE</type>
										<conversion>STRING</conversion>
										<value>text</value>
										<scaleMin>0</scaleMin>
										<scaleMax>1</scaleMax>
									</partial>
								</arguments>
							</osc>
							<osc>
								<enabled>1</enabled>
								<send>0</send>
								<receive>1</receive>
								<feedback>0</feedback>
								<connections>11111</connections>
								<triggers>
									<trigger>
										<var>text</var>
										<condition>ANY</condition>
									</trigger>
								</triggers>
								<path>
									<partial>
										<type>CONSTANT</type>
										<conversion>STRING</conversion>
										<value>/</value>
										<scaleMin>0</scaleMin>
										<scaleMax>1</scaleMax>
									</partial>
									<partial>
										<type>PROPERTY</type>
										<conversion>STRING</conversion>
										<value>parent.name</value>
										<scaleMin>0</scaleMin>
										<scaleMax>1</scaleMax>
									</partial>
								</path>
								<arguments>
									<partial>
										<type>PROPERTY</type>
										<conversion>STRING</conversion>
										<value>color</value>
										<scaleMin>0</scaleMin>
										<scaleMax>1</scaleMax>
									</partial>
								</arguments>
							</osc>
						</messages>
					</node>
					<node ID="788d418e-0c54-11ef-9966-00155d0286cb" type="LABEL">
						<properties>
							<property type="b">
								<key>background</key>
								<value>1</value>
							</property>
							<property type="c">
								<key>color</key>
								<value>
									<r>1</r>
									<g>0</g>
									<b>0</b>
									<a>0</a>
								</value>
							</property>
							<property type="f">
								<key>cornerRadius</key>
								<value>1</value>
							</property>
							<property type="i">
								<key>font</key>
								<value>0</value>
							</property>
							<property type="r">
								<key>frame</key>
								<value>
									<x>1</x>
									<y>100</y>
									<w>59</w>
									<h>20</h>
								</value>
							</property>
							<property type="b">
								<key>grabFocus</key>
								<value>1</value>
							</property>
							<property type="b">
								<key>interactive</key>
								<value>0</value>
							</property>
							<property type="b">
								<key>locked</key>
								<value>0</value>
							</property>
							<property type="s">
								<key>name</key>
								<value>label_recall</value>
							</property>
							<property type="i">
								<key>orientation</key>
								<value>0</value>
							</property>
							<property type="b">
								<key>outline</key>
								<value>1</value>
							</property>
							<property type="i">
								<key>outlineStyle</key>
								<value>1</value>
							</property>
							<property type="i">
								<key>pointerPriority</key>
								<value>0</value>
							</property>
							<property type="i">
								<key>shape</key>
								<value>1</value>
							</property>
							<property type="i">
								<key>textAlignH</key>
								<value>2</value>
							</property>
							<property type="i">
								<key>textAlignV</key>
								<value>2</value>
							</property>
							<property type="b">
								<key>textClip</key>
								<value>1</value>
							</property>
							<property type="c">
								<key>textColor</key>
								<value>
									<r>1</r>
									<g>1</g>
									<b>1</b>
									<a>1</a>
								</value>
							</property>
							<property type="i">
								<key>textLength</key>
								<value>0</value>
							</property>
							<property type="i">
								<key>textSize</key>
								<value>14</value>
							</property>
							<property type="b">
								<key>visible</key>
								<value>1</value>
							</property>
						</properties>
						<values>
							<value>
								<key>text</key>
								<locked>0</locked>
								<lockedDefaultCurrent>1</lockedDefaultCurrent>
								<default>Recall</default>
								<defaultPull>0</defaultPull>
							</value>
							<value>
								<key>touch</key>
								<locked>0</locked>
								<lockedDefaultCurrent>0</lockedDefaultCurrent>
								<default>false</default>
								<defaultPull>0</defaultPull>
							</value>
						</values>
					</node>
					<node ID="788d418f-0c54-11ef-91a3-00155d0286cb" type="BUTTON">
						<properties>
							<property type="b">
								<key>background</key>
								<value>1</value>
							</property>
							<property type="i">
								<key>buttonType</key>
								<value>0</value>
							</property>
							<property type="c">
								<key>color</key>
								<value>
									<r>0</r>
									<g>1</g>
									<b>0</b>
									<a>1</a>
								</value>
							</property>
							<property type="f">
								<key>cornerRadius</key>
								<value>1</value>
							</property>
							<property type="r">
								<key>frame</key>
								<value>
									<x>2</x>
									<y>120</y>
									<w>55</w>
									<h>60</h>
								</value>
							</property>
							<property type="b">
								<key>grabFocus</key>
								<value>1</value>
							</property>
							<property type="b">
								<key>interactive</key>
								<value>1</value>
							</property>
							<property type="b">
								<key>locked</key>
								<value>0</value>
							</property>
							<property type="s">
								<key>name</key>
								<value>recall</value>
							</property>
							<property type="i">
								<key>orientation</key>
								<value>0</value>
							</property>
							<property type="b">
								<key>outline</key>
								<value>1</value>
							</property>
							<property type="i">
								<key>outlineStyle</key>
								<value>1</value>
							</property>
							<property type="i">
								<key>pointerPriority</key>
								<value>0</value>
							</property>
							<property type="b">
								<key>press</key>
								<value>1</value>
							</property>
							<property type="b">
								<key>release</key>
								<value>1</value>
							</property>
							<property type="i">
								<key>shape</key>
								<value>1</value>
							</property>
							<property type="b">
								<key>valuePosition</key>
								<value>0</value>
							</property>
							<property type="b">
								<key>visible</key>
								<value>1</value>
							</property>
						</properties>
						<values>
							<value>
								<key>x</key>
								<locked>0</locked>
								<lockedDefaultCurrent>0</lockedDefaultCurrent>
								<default>0</default>
								<defaultPull>0</defaultPull>
							</value>
							<value>
								<key>touch</key>
								<locked>0</locked>
								<lockedDefaultCurrent>0</lockedDefaultCurrent>
								<default>false</default>
								<defaultPull>0</defaultPull>
							</value>
						</values>
						<messages>
							<midi>
								<enabled>1</enabled>
								<send>1</send>
								<receive>1</receive>
								<feedback>0</feedback>
								<connections>11111</connections>
								<triggers>
									<trigger>
										<var>x</var>
										<condition>ANY</condition>
									</trigger>
								</triggers>
								<message>
									<type>CONTROLCHANGE</type>
									<channel>0</channel>
									<data1>0</data1>
									<data2>0</data2>
								</message>
								<values>
									<value>
										<type>CONSTANT</type>
										<key />
										<scaleMin>0</scaleMin>
										<scaleMax>15</scaleMax>
									</value>
									<value>
										<type>INDEX</type>
										<key />
										<scaleMin>0</scaleMin>
										<scaleMax>1</scaleMax>
									</value>
									<value>
										<type>VALUE</type>
										<key>x</key>
										<scaleMin>0</scaleMin>
										<scaleMax>127</scaleMax>
									</value>
								</values>
							</midi>
							<osc>
								<enabled>1</enabled>
								<send>1</send>
								<receive>1</receive>
								<feedback>0</feedback>
								<connections>11111</connections>
								<triggers>
									<trigger>
										<var>x</var>
										<condition>ANY</condition>
									</trigger>
								</triggers>
								<path>
									<partial>
										<type>CONSTANT</type>
										<conversion>STRING</conversion>
										<value>/</value>
										<scaleMin>0</scaleMin>
										<scaleMax>1</scaleMax>
									</partial>
									<partial>
										<type>PROPERTY</type>
										<conversion>STRING</conversion>
										<value>parent.name</value>
										<scaleMin>0</scaleMin>
										<scaleMax>1</scaleMax>
									</partial>
									<partial>
										<type>CONSTANT</type>
										<conversion>STRING</conversion>
										<value>/</value>
										<scaleMin>0</scaleMin>
										<scaleMax>1</scaleMax>
									</partial>
									<partial>
										<type>PROPERTY</type>
										<conversion>STRING</conversion>
										<value>name</value>
										<scaleMin>0</scaleMin>
										<scaleMax>1</scaleMax>
									</partial>
								</path>
								<arguments>
									<partial>
										<type>VALUE</type>
										<conversion>FLOAT</conversion>
										<value>x</value>
										<scaleMin>0</scaleMin>
										<scaleMax>1</scaleMax>
									</partial>
								</arguments>
							</osc>
						</messages>
					</node>
					<node ID="788d4190-0c54-11ef-befd-00155d0286cb" type="LABEL">
						<properties>
							<property type="b">
								<key>background</key>
								<value>1</value>
							</property>
							<property type="c">
								<key>color</key>
								<value>
									<r>1</r>
									<g>0</g>
									<b>0</b>
									<a>0</a>
								</value>
							</property>
							<property type="f">
								<key>cornerRadius</key>
								<value>1</value>
							</property>
							<property type="i">
								<key>font</key>
								<value>0</value>
							</property>
							<property type="r">
								<key>frame</key>
								<value>
									<x>0</x>
									<y>33</y>
									<w>59</w>
									<h>20</h>
								</value>
							</property>
							<property type="b">
								<key>grabFocus</key>
								<value>1</value>
							</property>
							<property type="b">
								<key>interactive</key>
								<value>0</value>
							</property>
							<property type="b">
								<key>locked</key>
								<value>0</value>
							</property>
							<property type="s">
								<key>name</key>
								<value>label_save</value>
							</property>
							<property type="i">
								<key>orientation</key>
								<value>0</value>
							</property>
							<property type="b">
								<key>outline</key>
								<value>1</value>
							</property>
							<property type="i">
								<key>outlineStyle</key>
								<value>1</value>
							</property>
							<property type="i">
								<key>pointerPriority</key>
								<value>0</value>
							</property>
							<property type="i">
								<key>shape</key>
								<value>1</value>
							</property>
							<property type="i">
								<key>textAlignH</key>
								<value>2</value>
							</property>
							<property type="i">
								<key>textAlignV</key>
								<value>2</value>
							</property>
							<property type="b">
								<key>textClip</key>
								<value>1</value>
							</property>
							<property type="c">
								<key>textColor</key>
								<value>
									<r>1</r>
									<g>1</g>
									<b>1</b>
									<a>1</a>
								</value>
							</property>
							<property type="i">
								<key>textLength</key>
								<value>0</value>
							</property>
							<property type="i">
								<key>textSize</key>
								<value>14</value>
							</property>
							<property type="b">
								<key>visible</key>
								<value>1</value>
							</property>
						</properties>
						<values>
							<value>
								<key>text</key>
								<locked>0</locked>
								<lockedDefaultCurrent>1</lockedDefaultCurrent>
								<default>Save</default>
								<defaultPull>0</defaultPull>
							</value>
							<value>
								<key>touch</key>
								<locked>0</locked>
								<lockedDefaultCurrent>0</lockedDefaultCurrent>
								<default>false</default>
								<defaultPull>0</defaultPull>
							</value>
						</values>
					</node>
					<node ID="788d4191-0c54-11ef-89a5-00155d0286cb" type="BUTTON">
						<properties>
							<property type="b">
								<key>background</key>
								<value>1</value>
							</property>
							<property type="i">
								<key>buttonType</key>
								<value>0</value>
							</property>
							<property type="c">
								<key>color</key>
								<value>
									<r>1</r>
									<g>0</g>
									<b>0</b>
									<a>1</a>
								</value>
							</property>
							<property type="f">
								<key>cornerRadius</key>
								<value>1</value>
							</property>
							<property type="r">
								<key>frame</key>
								<value>
									<x>2</x>
									<y>53</y>
									<w>55</w>
									<h>35</h>
								</value>
							</property>
							<property type="b">
								<key>grabFocus</key>
								<value>1</value>
							</property>
							<property type="b">
								<key>interactive</key>
								<value>1</value>
							</property>
							<property type="b">
								<key>locked</key>
								<value>0</value>
							</property>
							<property type="s">
								<key>name</key>
								<value>save</value>
							</property>
							<property type="i">
								<key>orientation</key>
								<value>0</value>
							</property>
							<property type="b">
								<key>outline</key>
								<value>1</value>
							</property>
							<property type="i">
								<key>outlineStyle</key>
								<value>1</value>
							</property>
							<property type="i">
								<key>pointerPriority</key>
								<value>0</value>
							</property>
							<property type="b">
								<key>press</key>
								<value>1</value>
							</property>
							<property type="b">
								<key>release</key>
								<value>1</value>
							</property>
							<property type="i">
								<key>shape</key>
								<value>1</value>
							</property>
							<property type="b">
								<key>valuePosition</key>
								<value>0</value>
							</property>
							<property type="b">
								<key>visible</key>
								<value>1</value>
							</property>
						</properties>
						<values>
							<value>
								<key>x</key>
								<locked>0</locked>
								<lockedDefaultCurrent>0</lockedDefaultCurrent>
								<default>0</default>
								<defaultPull>0</defaultPull>
							</value>
							<value>
								<key>touch</key>
								<locked>0</locked>
								<lockedDefaultCurrent>0</lockedDefaultCurrent>
								<default>false</default>
								<defaultPull>0</defaultPull>
							</value>
						</values>
						<messages>
							<midi>
								<enabled>1</enabled>
								<send>1</send>
								<receive>1</receive>
								<feedback>0</feedback>
								<connections>11111</connections>
								<triggers>
									<trigger>
										<var>x</var>
										<condition>ANY</condition>
									</trigger>
								</triggers>
								<message>
									<type>CONTROLCHANGE</type>
									<channel>0</channel>
									<data1>0</data1>
									<data2>0</data2>
								</message>
								<values>
									<value>
										<type>CONSTANT</type>
										<key />
										<scaleMin>0</scaleMin>
										<scaleMax>15</scaleMax>
									</value>
									<value>
										<type>INDEX</type>
										<key />
										<scaleMin>0</scaleMin>
										<scaleMax>1</scaleMax>
									</value>
									<value>
										<type>VALUE</type>
										<key>x</key>
										<scaleMin>0</scaleMin>
										<scaleMax>127</scaleMax>
									</value>
								</values>
							</midi>
							<osc>
								<enabled>1</enabled>
								<send>1</send>
								<receive>1</receive>
								<feedback>0</feedback>
								<connections>11111</connections>
								<triggers>
									<trigger>
										<var>x</var>
										<condition>ANY</condition>
									</trigger>
								</triggers>
								<path>
									<partial>
										<type>CONSTANT</type>
										<conversion>STRING</conversion>
										<value>/</value>
										<scaleMin>0</scaleMin>
										<scaleMax>1</scaleMax>
									</partial>
									<partial>
										<type>PROPERTY</type>
										<conversion>STRING</conversion>
										<value>parent.name</value>
										<scaleMin>0</scaleMin>
										<scaleMax>1</scaleMax>
									</partial>
									<partial>
										<type>CONSTANT</type>
										<conversion>STRING</conversion>
										<value>/</value>
										<scaleMin>0</scaleMin>
										<scaleMax>1</scaleMax>
									</partial>
									<partial>
										<type>PROPERTY</type>
										<conversion>STRING</conversion>
										<value>name</value>
										<scaleMin>0</scaleMin>
										<scaleMax>1</scaleMax>
									</partial>
								</path>
								<arguments>
									<partial>
										<type>VALUE</type>
										<conversion>FLOAT</conversion>
										<value>x</value>
										<scaleMin>0</scaleMin>
										<scaleMax>1</scaleMax>
									</partial>
								</arguments>
							</osc>
						</messages>
					</node>
					<node ID="788d4192-0c54-11ef-8d12-00155d0286cb" type="LABEL">
						<properties>
							<property type="b">
								<key>background</key>
								<value>1</value>
							</property>
							<property type="c">
								<key>color</key>
								<value>
									<r>1</r>
									<g>0</g>
									<b>0</b>
									<a>0</a>
								</value>
							</property>
							<property type="f">
								<key>cornerRadius</key>
								<value>1</value>
							</property>
							<property type="i">
								<key>font</key>
								<value>0</value>
							</property>
							<property type="r">
								<key>frame</key>
								<value>
									<x>1</x>
									<y>190</y>
									<w>59</w>
									<h>20</h>
								</value>
							</property>
							<property type="b">
								<key>grabFocus</key>
								<value>1</value>
							</property>
							<property type="b">
								<key>interactive</key>
								<value>0</value>
							</property>
							<property type="b">
								<key>locked</key>
								<value>0</value>
							</property>
							<property type="s">
								<key>name</key>
								<value>label_punch</value>
							</property>
							<property type="i">
								<key>orientation</key>
								<value>0</value>
							</property>
							<property type="b">
								<key>outline</key>
								<value>1</value>
							</property>
							<property type="i">
								<key>outlineStyle</key>
								<value>1</value>
							</property>
							<property type="i">
								<key>pointerPriority</key>
								<value>0</value>
							</property>
							<property type="i">
								<key>shape</key>
								<value>1</value>
							</property>
							<property type="i">
								<key>textAlignH</key>
								<value>2</value>
							</property>
							<property type="i">
								<key>textAlignV</key>
								<value>2</value>
							</property>
							<property type="b">
								<key>textClip</key>
								<value>1</value>
							</property>
							<property type="c">
								<key>textColor</key>
								<value>
									<r>1</r>
									<g>1</g>
									<b>1</b>
									<a>1</a>
								</value>
							</property>
							<property type="i">
								<key>textLength</key>
								<value>0</value>
							</property>
							<property type="i">
								<key>textSize</key>
								<value>14</value>
							</property>
							<property type="b">
								<key>visible</key>
								<value>1</value>
							</property>
						</properties>
						<values>
							<value>
								<key>text</key>
								<locked>0</locked>
								<lockedDefaultCurrent>1</lockedDefaultCurrent>
								<default>Punch</default>
								<defaultPull>0</defaultPull>
							</value>
							<value>
								<key>touch</key>
								<locked>0</locked>
								<lockedDefaultCurrent>0</lockedDefaultCurrent>
								<default>false</default>
								<defaultPull>0</defaultPull>
							</value>
						</values>
					</node>
					<node ID="788d4193-0c54-11ef-b44f-00155d0286cb" type="BUTTON">
						<properties>
							<property type="b">
								<key>background</key>
								<value>1</value>
							</property>
							<property type="i">
								<key>buttonType</key>
								<value>0</value>
							</property>
							<property type="c">
								<key>color</key>
								<value>
									<r>1</r>
									<g>1</g>
									<b>0</b>
									<a>1</a>
								</value>
							</property>
							<property type="f">
								<key>cornerRadius</key>
								<value>1</value>
							</property>
							<property type="r">
								<key>frame</key>
								<value>
									<x>2</x>
									<y>215</y>
									<w>55</w>
									<h>80</h>
								</value>
							</property>
							<property type="b">
								<key>grabFocus</key>
								<value>1</value>
							</property>
							<property type="b">
								<key>interactive</key>
								<value>1</value>
							</property>
							<property type="b">
								<key>locked</key>
								<value>0</value>
							</property>
							<property type="s">
								<key>name</key>
								<value>punch</value>
							</property>
							<property type="i">
								<key>orientation</key>
								<value>0</value>
							</property>
							<property type="b">
								<key>outline</key>
								<value>1</value>
							</property>
							<property type="i">
								<key>outlineStyle</key>
								<value>1</value>
							</property>
							<property type="i">
								<key>pointerPriority</key>
								<value>0</value>
							</property>
							<property type="b">
								<key>press</key>
								<value>1</value>
							</property>
							<property type="b">
								<key>release</key>
								<value>1</value>
							</property>
							<property type="i">
								<key>shape</key>
								<value>1</value>
							</property>
							<property type="b">
								<key>valuePosition</key>
								<value>0</value>
							</property>
							<property type="b">
								<key>visible</key>
								<value>1</value>
							</property>
						</properties>
						<values>
							<value>
								<key>x</key>
								<locked>0</locked>
								<lockedDefaultCurrent>0</lockedDefaultCurrent>
								<default>0</default>
								<defaultPull>0</defaultPull>
							</value>
							<value>
								<key>touch</key>
								<locked>0</locked>
								<lockedDefaultCurrent>0</lockedDefaultCurrent>
								<default>false</default>
								<defaultPull>0</defaultPull>
							</value>
						</values>
						<messages>
							<midi>
								<enabled>1</enabled>
								<send>1</send>
								<receive>1</receive>
								<feedback>0</feedback>
								<connections>11111</connections>
								<triggers>
									<trigger>
										<var>x</var>
										<condition>ANY</condition>
									</trigger>
								</triggers>
								<message>
									<type>CONTROLCHANGE</type>
									<channel>0</channel>
									<data1>0</data1>
									<data2>0</data2>
								</message>
								<values>
									<value>
										<type>CONSTANT</type>
										<key />
										<scaleMin>0</scaleMin>
										<scaleMax>15</scaleMax>
									</value>
									<value>
										<type>INDEX</type>
										<key />
										<scaleMin>0</scaleMin>
										<scaleMax>1</scaleMax>
									</value>
									<value>
										<type>VALUE</type>
										<key>x</key>
										<scaleMin>0</scaleMin>
										<scaleMax>127</scaleMax>
									</value>
								</values>
							</midi>
							<osc>
								<enabled>1</enabled>
								<send>1</send>
								<receive>1</receive>
								<feedback>0</feedback>
								<connections>11111</connections>
								<triggers>
									<trigger>
										<var>x</var>
										<condition>ANY</condition>
									</trigger>
								</triggers>
								<path>
									<partial>
										<type>CONSTANT</type>
										<conversion>STRING</conversion>
										<value>/</value>
										<scaleMin>0</scaleMin>
										<scaleMax>1</scaleMax>
									</partial>
									<partial>
										<type>PROPERTY</type>
										<conversion>STRING</conversion>
										<value>parent.name</value>
										<scaleMin>0</scaleMin>
										<scaleMax>1</scaleMax>
									</partial>
									<partial>
										<type>CONSTANT</type>
										<conversion>STRING</conversion>
										<value>/</value>
										<scaleMin>0</scaleMin>
										<scaleMax>1</scaleMax>
									</partial>
									<partial>
										<type>PROPERTY</type>
										<conversion>STRING</conversion>
										<value>name</value>
										<scaleMin>0</scaleMin>
										<scaleMax>1</scaleMax>
									</partial>
								</path>
								<arguments>
									<partial>
										<type>VALUE</type>
										<conversion>FLOAT</conversion>
										<value>x</value>
										<scaleMin>0</scaleMin>
										<scaleMax>1</scaleMax>
									</partial>
								</arguments>
							</osc>
						</messages>
					</node>
				</children>
			</node>
			<node ID="788d4194-0c54-11ef-af4c-00155d0286cb" type="GROUP">
				<properties>
					<property type="b">
						<key>background</key>
						<value>1</value>
					</property>
					<property type="c">
						<key>color</key>
						<value>
							<r>1</r>
							<g>1</g>
							<b>1</b>
							<a>0.704142</a>
						</value>
					</property>
					<property type="f">
						<key>cornerRadius</key>
						<value>1</value>
					</property>
					<property type="r">
						<key>frame</key>
						<value>
							<x>100</x>
							<y>340</y>
							<w>60</w>
							<h>300</h>
						</value>
					</property>
					<property type="b">
						<key>grabFocus</key>
						<value>0</value>
					</property>
					<property type="b">
						<key>interactive</key>
						<value>0</value>
					</property>
					<property type="b">
						<key>locked</key>
						<value>0</value>
					</property>
					<property type="s">
						<key>name</key>
						<value>recall_slot_b2</value>
					</property>
					<property type="i">
						<key>orientation</key>
						<value>0</value>
					</property>
					<property type="b">
						<key>outline</key>
						<value>0</value>
					</property>
					<property type="i">
						<key>outlineStyle</key>
						<value>1</value>
					</property>
					<property type="i">
						<key>pointerPriority</key>
						<value>0</value>
					</property>
					<property type="i">
						<key>shape</key>
						<value>1</value>
					</property>
					<property type="s">
						<key>tag</key>
						<value>recall_slot</value>
					</property>
					<property type="b">
						<key>visible</key>
						<value>1</value>
					</property>
				</properties>
				<values>
					<value>
						<key>touch</key>
						<locked>0</locked>
						<lockedDefaultCurrent>0</lockedDefaultCurrent>
						<default>false</default>
						<defaultPull>0</defaultPull>
					</value>
				</values>
				<children>
					<node ID="788d4195-0c54-11ef-9e99-00155d0286cb" type="LABEL">
						<properties>
							<property type="b">
								<key>background</key>
								<value>1</value>
							</property>
							<property type="c">
								<key>color</key>
								<value>
									<r>1</r>
									<g>1</g>
									<b>1</b>
									<a>1</a>
								</value>
							</property>
							<property type="f">
								<key>cornerRadius</key>
								<value>1</value>
							</property>
							<property type="i">
								<key>font</key>
								<value>0</value>
							</property>
							<property type="r">
								<key>frame</key>
								<value>
									<x>3</x>
									<y>3</y>
									<w>54</w>
									<h>25</h>
								</value>
							</property>
							<property type="b">
								<key>grabFocus</key>
								<value>1</value>
							</property>
							<property type="b">
								<key>interactive</key>
								<value>0</value>
							</property>
							<property type="b">
								<key>locked</key>
								<value>0</value>
							</property>
							<property type="s">
								<key>name</key>
								<value>caption</value>
							</property>
							<property type="i">
								<key>orientation</key>
								<value>0</value>
							</property>
							<property type="b">
								<key>outline</key>
								<value>1</value>
							</property>
							<property type="i">
								<key>outlineStyle</key>
								<value>0</value>
							</property>
							<property type="i">
								<key>pointerPriority</key>
								<value>0</value>
							</property>
							<property type="i">
								<key>shape</key>
								<value>1</value>
							</property>
							<property type="i">
								<key>textAlignH</key>
								<value>2</value>
							</property>
							<property type="i">
								<key>textAlignV</key>
								<value>2</value>
							</property>
							<property type="b">
								<key>textClip</key>
								<value>1</value>
							</property>
							<property type="c">
								<key>textColor</key>
								<value>
									<r>1</r>
									<g>1</g>
									<b>1</b>
									<a>1</a>
								</value>
							</property>
							<property type="i">
								<key>textLength</key>
								<value>0</value>
							</property>
							<property type="i">
								<key>textSize</key>
								<value>12</value>
							</property>
							<property type="b">
								<key>visible</key>
								<value>1</value>
							</property>
						</properties>
						<values>
							<value>
								<key>text</key>
								<locked>0</locked>
								<lockedDefaultCurrent>1</lockedDefaultCurrent>
								<default>B2</default>
								<defaultPull>0</defaultPull>
							</value>
							<value>
								<key>touch</key>
								<locked>0</locked>
								<lockedDefaultCurrent>0</lockedDefaultCurrent>
								<default>false</default>
								<defaultPull>0</defaultPull>
							</value>
						</values>
						<messages>
							<osc>
								<enabled>1</enabled>
								<send>0</send>
								<receive>1</receive>
								<feedback>0</feedback>
								<connections>11111</connections>
								<triggers>
									<trigger>
										<var>text</var>
										<condition>ANY</condition>
									</trigger>
								</triggers>
								<path>
									<partial>
										<type>CONSTANT</type>
										<conversion>STRING</conversion>
										<value>/</value>
										<scaleMin>0</scaleMin>
										<scaleMax>1</scaleMax>
									</partial>
									<partial>
										<type>PROPERTY</type>
										<conversion>STRING</conversion>
										<value>parent.name</value>
										<scaleMin>0</scaleMin>
										<scaleMax>1</scaleMax>
									</partial>
									<partial>
										<type>CONSTANT</type>
										<conversion>STRING</conversion>
										<value>/</value>
										<scaleMin>0</scaleMin>
										<scaleMax>1</scaleMax>
									</partial>
									<partial>
										<type>PROPERTY</type>
										<conversion>STRING</conversion>
										<value>name</value>
										<scaleMin>0</scaleMin>
										<scaleMax>1</scaleMax>
									</partial>
								</path>
								<arguments>
									<partial>
										<type>VALUE</type>
										<conversion>STRING</conversion>
										<value>text</value>
										<scaleMin>0</scaleMin>
										<scaleMax>1</scaleMax>
									</partial>
								</arguments>
							</osc>
							<osc>
								<enabled>1</enabled>
								<send>0</send>
								<receive>1</receive>
								<feedback>0</feedback>
								<connections>11111</connections>
								<triggers>
									<trigger>
										<var>text</var>
										<condition>ANY</condition>
									</trigger>
								</triggers>
								<path>
									<partial>
										<type>CONSTANT</type>
										<conversion>STRING</conversion>
										<value>/</value>
										<scaleMin>0</scaleMin>
										<scaleMax>1</scaleMax>
									</partial>
									<partial>
										<type>PROPERTY</type>
										<conversion>STRING</conversion>
										<value>parent.name</value>
										<scaleMin>0</scaleMin>
										<scaleMax>1</scaleMax>
									</partial>
								</path>
								<arguments>
									<partial>
										<type>PROPERTY</type>
										<conversion>STRING</conversion>
										<value>color</value>
										<scaleMin>0</scaleMin>
										<scaleMax>1</scaleMax>
									</partial>
								</arguments>
							</osc>
						</messages>
					</node>
					<node ID="788d4196-0c54-11ef-9a3a-00155d0286cb" type="LABEL">
						<properties>
							<property type="b">
								<key>background</key>
								<value>1</value>
							</property>
							<property type="c">
								<key>color</key>
								<value>
									<r>1</r>
									<g>0</g>
									<b>0</b>
									<a>0</a>
								</value>
							</property>
							<property type="f">
								<key>cornerRadius</key>
								<value>1</value>
							</property>
							<property type="i">
								<key>font</key>
								<value>0</value>
							</property>
							<property type="r">
								<key>frame</key>
								<value>
									<x>1</x>
									<y>100</y>
									<w>59</w>
									<h>20</h>
								</value>
							</property>
							<property type="b">
								<key>grabFocus</key>
								<value>1</value>
							</property>
							<property type="b">
								<key>interactive</key>
								<value>0</value>
							</property>
							<property type="b">
								<key>locked</key>
								<value>0</value>
							</property>
							<property type="s">
								<key>name</key>
								<value>label_recall</value>
							</property>
							<property type="i">
								<key>orientation</key>
								<value>0</value>
							</property>
							<property type="b">
								<key>outline</key>
								<value>1</value>
							</property>
							<property type="i">
								<key>outlineStyle</key>
								<value>1</value>
							</property>
							<property type="i">
								<key>pointerPriority</key>
								<value>0</value>
							</property>
							<property type="i">
								<key>shape</key>
								<value>1</value>
							</property>
							<property type="i">
								<key>textAlignH</key>
								<value>2</value>
							</property>
							<property type="i">
								<key>textAlignV</key>
								<value>2</value>
							</property>
							<property type="b">
								<key>textClip</key>
								<value>1</value>
							</property>
							<property type="c">
								<key>textColor</key>
								<value>
									<r>1</r>
									<g>1</g>
									<b>1</b>
									<a>1</a>
								</value>
							</property>
							<property type="i">
								<key>textLength</key>
								<value>0</value>
							</property>
							<property type="i">
								<key>textSize</key>
								<value>14</value>
							</property>
							<property type="b">
								<key>visible</key>
								<value>1</value>
							</property>
						</properties>
						<values>
							<value>
								<key>text</key>
								<locked>0</locked>
								<lockedDefaultCurrent>1</lockedDefaultCurrent>
								<default>Recall</default>
								<defaultPull>0</defaultPull>
							</value>
							<value>
								<key>touch</key>
								<locked>0</locked>
								<lockedDefaultCurrent>0</lockedDefaultCurrent>
								<default>false</default>
								<defaultPull>0</defaultPull>
							</value>
						</values>
					</node>
					<node ID="788d4197-0c54-11ef-a4c4-00155d0286cb" type="BUTTON">
						<properties>
							<property type="b">
								<key>background</key>
								<value>1</value>
							</property>
							<property type="i">
								<key>buttonType</key>
								<value>0</value>
							</property>
							<property type="c">
								<key>color</key>
								<value>
									<r>0</r>
									<g>1</g>
									<b>0</b>
									<a>1</a>
								</value>
							</property>
							<property type="f">
								<key>cornerRadius</key>
								<value>1</value>
							</property>
							<property type="r">
								<key>frame</key>
								<value>
									<x>2</x>
									<y>120</y>
									<w>55</w>
									<h>60</h>
								</value>
							</property>
							<property type="b">
								<key>grabFocus</key>
								<value>1</value>
							</property>
							<property type="b">
								<key>interactive</key>
								<value>1</value>
							</property>
							<property type="b">
								<key>locked</key>
								<value>0</value>
							</property>
							<property type="s">
								<key>name</key>
								<value>recall</value>
							</property>
							<property type="i">
								<key>orientation</key>
								<value>0</value>
							</property>
							<property type="b">
								<key>outline</key>
								<value>1</value>
							</property>
							<property type="i">
								<key>outlineStyle</key>
								<value>1</value>
							</property>
							<property type="i">
								<key>pointerPriority</key>
								<value>0</value>
							</property>
							<property type="b">
								<key>press</key>
								<value>1</value>
							</property>
							<property type="b">
								<key>release</key>
								<value>1</value>
							</property>
							<property type="i">
								<key>shape</key>
								<value>1</value>
							</property>
							<property type="b">
								<key>valuePosition</key>
								<value>0</value>
							</property>
							<property type="b">
								<key>visible</key>
								<value>1</value>
							</property>
						</properties>
						<values>
							<value>
								<key>x</key>
								<locked>0</locked>
								<lockedDefaultCurrent>0</lockedDefaultCurrent>
								<default>0</default>
								<defaultPull>0</defaultPull>
							</value>
							<value>
								<key>touch</key>
								<locked>0</locked>
								<lockedDefaultCurrent>0</lockedDefaultCurrent>
								<default>false</default>
								<defaultPull>0</defaultPull>
							</value>
						</values>
						<messages>
							<midi>
								<enabled>1</enabled>
								<send>1</send>
								<receive>1</receive>
								<feedback>0</feedback>
								<connections>11111</connections>
								<triggers>
									<trigger>
										<var>x</var>
										<condition>ANY</condition>
									</trigger>
								</triggers>
								<message>
									<type>CONTROLCHANGE</type>
									<channel>0</channel>
									<data1>0</data1>
									<data2>0</data2>
								</message>
								<values>
									<value>
										<type>CONSTANT</type>
										<key />
										<scaleMin>0</scaleMin>
										<scaleMax>15</scaleMax>
									</value>
									<value>
										<type>INDEX</type>
										<key />
										<scaleMin>0</scaleMin>
										<scaleMax>1</scaleMax>
									</value>
									<value>
										<type>VALUE</type>
										<key>x</key>
										<scaleMin>0</scaleMin>
										<scaleMax>127</scaleMax>
									</value>
								</values>
							</midi>
							<osc>
								<enabled>1</enabled>
								<send>1</send>
								<receive>1</receive>
								<feedback>0</feedback>
								<connections>11111</connections>
								<triggers>
									<trigger>
										<var>x</var>
										<condition>ANY</condition>
									</trigger>
								</triggers>
								<path>
									<partial>
										<type>CONSTANT</type>
										<conversion>STRING</conversion>
										<value>/</value>
										<scaleMin>0</scaleMin>
										<scaleMax>1</scaleMax>
									</partial>
									<partial>
										<type>PROPERTY</type>
										<conversion>STRING</conversion>
										<value>parent.name</value>
										<scaleMin>0</scaleMin>
										<scaleMax>1</scaleMax>
									</partial>
									<partial>
										<type>CONSTANT</type>
										<conversion>STRING</conversion>
										<value>/</value>
										<scaleMin>0</scaleMin>
										<scaleMax>1</scaleMax>
									</partial>
									<partial>
										<type>PROPERTY</type>
										<conversion>STRING</conversion>
										<value>name</value>
										<scaleMin>0</scaleMin>
										<scaleMax>1</scaleMax>
									</partial>
								</path>
								<arguments>
									<partial>
										<type>VALUE</type>
										<conversion>FLOAT</conversion>
										<value>x</value>
										<scaleMin>0</scaleMin>
										<scaleMax>1</scaleMax>
									</partial>
								</arguments>
							</osc>
						</messages>
					</node>
					<node ID="788d4198-0c54-11ef-9430-00155d0286cb" type="LABEL">
						<properties>
							<property type="b">
								<key>background</key>
								<value>1</value>
							</property>
							<property type="c">
								<key>color</key>
								<value>
									<r>1</r>
									<g>0</g>
									<b>0</b>
									<a>0</a>
								</value>
							</property>
							<property type="f">
								<key>cornerRadius</key>
								<value>1</value>
							</property>
							<property type="i">
								<key>font</key>
								<value>0</value>
							</property>
							<property type="r">
								<key>frame</key>
								<value>
									<x>0</x>
									<y>33</y>
									<w>59</w>
									<h>20</h>
								</value>
							</property>
							<property type="b">
								<key>grabFocus</key>
								<value>1</value>
							</property>
							<property type="b">
								<key>interactive</key>
								<value>0</value>
							</property>
							<property type="b">
								<key>locked</key>
								<value>0</value>
							</property>
							<property type="s">
								<key>name</key>
								<value>label_save</value>
							</property>
							<property type="i">
								<key>orientation</key>
								<value>0</value>
							</property>
							<property type="b">
								<key>outline</key>
								<value>1</value>
							</property>
							<property type="i">
								<key>outlineStyle</key>
								<value>1</value>
							</property>
							<property type="i">
								<key>pointerPriority</key>
								<value>0</value>
							</property>
							<property type="i">
								<key>shape</key>
								<value>1</value>
							</property>
							<property type="i">
								<key>textAlignH</key>
								<value>2</value>
							</property>
							<property type="i">
								<key>textAlignV</key>
								<value>2</value>
							</property>
							<property type="b">
								<key>textClip</key>
								<value>1</value>
							</property>
							<property type="c">
								<key>textColor</key>
								<value>
									<r>1</r>
									<g>1</g>
									<b>1</b>
									<a>1</a>
								</value>
							</property>
							<property type="i">
								<key>textLength</key>
								<value>0</value>
							</property>
							<property type="i">
								<key>textSize</key>
								<value>14</value>
							</property>
							<property type="b">
								<key>visible</key>
								<value>1</value>
							</property>
						</properties>
						<values>
							<value>
								<key>text</key>
								<locked>0</locked>
								<lockedDefaultCurrent>1</lockedDefaultCurrent>
								<default>Save</default>
								<defaultPull>0</defaultPull>
							</value>
							<value>
								<key>touch</key>
								<locked>0</locked>
								<lockedDefaultCurrent>0</lockedDefaultCurrent>
								<default>false</default>
								<defaultPull>0</defaultPull>
							</value>
						</values>
					</node>
					<node ID="788d4199-0c54-11ef-880b-00155d0286cb" type="BUTTON">
						<properties>
							<property type="b">
								<key>background</key>
								<value>1</value>
							</property>
							<property type="i">
								<key>buttonType</key>
								<value>0</value>
							</property>
							<property type="c">
								<key>color</key>
								<value>
									<r>1</r>
									<g>0</g>
									<b>0</b>
									<a>1</a>
								</value>
							</property>
							<property type="f">
								<key>cornerRadius</key>
								<value>1</value>
							</property>
							<property type="r">
								<key>frame</key>
								<value>
									<x>2</x>
									<y>53</y>
									<w>55</w>
									<h>35</h>
								</value>
							</property>
							<property type="b">
								<key>grabFocus</key>
								<value>1</value>
							</property>
							<property type="b">
								<key>interactive</key>
								<value>1</value>
							</property>
							<property type="b">
								<key>locked</key>
								<value>0</value>
							</property>
							<property type="s">
								<key>name</key>
								<value>save</value>
							</property>
							<property type="i">
								<key>orientation</key>
								<value>0</value>
							</property>
							<property type="b">
								<key>outline</key>
								<value>1</value>
							</property>
							<property type="i">
								<key>outlineStyle</key>
								<value>1</value>
							</property>
							<property type="i">
								<key>pointerPriority</key>
								<value>0</value>
							</property>
							<property type="b">
								<key>press</key>
								<value>1</value>
							</property>
							<property type="b">
								<key>release</key>
								<value>1</value>
							</property>
							<property type="i">
								<key>shape</key>
								<value>1</value>
							</property>
							<property type="b">
								<key>valuePosition</key>
								<value>0</value>
							</property>
							<property type="b">
								<key>visible</key>
								<value>1</value>
							</property>
						</properties>
						<values>
							<value>
								<key>x</key>
								<locked>0</locked>
								<lockedDefaultCurrent>0</lockedDefaultCurrent>
								<default>0</default>
								<defaultPull>0</defaultPull>
							</value>
							<value>
								<key>touch</key>
								<locked>0</locked>
								<lockedDefaultCurrent>0</lockedDefaultCurrent>
								<default>false</default>
								<defaultPull>0</defaultPull>
							</value>
						</values>
						<messages>
							<midi>
								<enabled>1</enabled>
								<send>1</send>
								<receive>1</receive>
								<feedback>0</feedback>
								<connections>11111</connections>
								<triggers>
									<trigger>
										<var>x</var>
										<condition>ANY</condition>
									</trigger>
								</triggers>
								<message>
									<type>CONTROLCHANGE</type>
									<channel>0</channel>
									<data1>0</data1>
									<data2>0</data2>
								</message>
								<values>
									<value>
										<type>CONSTANT</type>
										<key />
										<scaleMin>0</scaleMin>
										<scaleMax>15</scaleMax>
									</value>
									<value>
										<type>INDEX</type>
										<key />
										<scaleMin>0</scaleMin>
										<scaleMax>1</scaleMax>
									</value>
									<value>
										<type>VALUE</type>
										<key>x</key>
										<scaleMin>0</scaleMin>
										<scaleMax>127</scaleMax>
									</value>
								</values>
							</midi>
							<osc>
								<enabled>1</enabled>
								<send>1</send>
								<receive>1</receive>
								<feedback>0</feedback>
								<connections>11111</connections>
								<triggers>
									<trigger>
										<var>x</var>
										<condition>ANY</condition>
									</trigger>
								</triggers>
								<path>
									<partial>
										<type>CONSTANT</type>
										<conversion>STRING</conversion>
										<value>/</value>
										<scaleMin>0</scaleMin>
										<scaleMax>1</scaleMax>
									</partial>
									<partial>
										<type>PROPERTY</type>
										<conversion>STRING</conversion>
										<value>parent.name</value>
										<scaleMin>0</scaleMin>
										<scaleMax>1</scaleMax>
									</partial>
									<partial>
										<type>CONSTANT</type>
										<conversion>STRING</conversion>
										<value>/</value>
										<scaleMin>0</scaleMin>
										<scaleMax>1</scaleMax>
									</partial>
									<partial>
										<type>PROPERTY</type>
										<conversion>STRING</conversion>
										<value>name</value>
										<scaleMin>0</scaleMin>
										<scaleMax>1</scaleMax>
									</partial>
								</path>
								<arguments>
									<partial>
										<type>VALUE</type>
										<conversion>FLOAT</conversion>
										<value>x</value>
										<scaleMin>0</scaleMin>
										<scaleMax>1</scaleMax>
									</partial>
								</arguments>
							</osc>
						</messages>
					</node>
					<node ID="788d419a-0c54-11ef-a434-00155d0286cb" type="LABEL">
						<properties>
							<property type="b">
								<key>background</key>
								<value>1</value>
							</property>
							<property type="c">
								<key>color</key>
								<value>
									<r>1</r>
									<g>0</g>
									<b>0</b>
									<a>0</a>
								</value>
							</property>
							<property type="f">
								<key>cornerRadius</key>
								<value>1</value>
							</property>
							<property type="i">
								<key>font</key>
								<value>0</value>
							</property>
							<property type="r">
								<key>frame</key>
								<value>
									<x>1</x>
									<y>190</y>
									<w>59</w>
									<h>20</h>
								</value>
							</property>
							<property type="b">
								<key>grabFocus</key>
								<value>1</value>
							</property>
							<property type="b">
								<key>interactive</key>
								<value>0</value>
							</property>
							<property type="b">
								<key>locked</key>
								<value>0</value>
							</property>
							<property type="s">
								<key>name</key>
								<value>label_punch</value>
							</property>
							<property type="i">
								<key>orientation</key>
								<value>0</value>
							</property>
							<property type="b">
								<key>outline</key>
								<value>1</value>
							</property>
							<property type="i">
								<key>outlineStyle</key>
								<value>1</value>
							</property>
							<property type="i">
								<key>pointerPriority</key>
								<value>0</value>
							</property>
							<property type="i">
								<key>shape</key>
								<value>1</value>
							</property>
							<property type="i">
								<key>textAlignH</key>
								<value>2</value>
							</property>
							<property type="i">
								<key>textAlignV</key>
								<value>2</value>
							</property>
							<property type="b">
								<key>textClip</key>
								<value>1</value>
							</property>
							<property type="c">
								<key>textColor</key>
								<value>
									<r>1</r>
									<g>1</g>
									<b>1</b>
									<a>1</a>
								</value>
							</property>
							<property type="i">
								<key>textLength</key>
								<value>0</value>
							</property>
							<property type="i">
								<key>textSize</key>
								<value>14</value>
							</property>
							<property type="b">
								<key>visible</key>
								<value>1</value>
							</property>
						</properties>
						<values>
							<value>
								<key>text</key>
								<locked>0</locked>
								<lockedDefaultCurrent>1</lockedDefaultCurrent>
								<default>Punch</default>
								<defaultPull>0</defaultPull>
							</value>
							<value>
								<key>touch</key>
								<locked>0</locked>
								<lockedDefaultCurrent>0</lockedDefaultCurrent>
								<default>false</default>
								<defaultPull>0</defaultPull>
							</value>
						</values>
					</node>
					<node ID="788d419b-0c54-11ef-a06b-00155d0286cb" type="BUTTON">
						<properties>
							<property type="b">
								<key>background</key>
								<value>1</value>
							</property>
							<property type="i">
								<key>buttonType</key>
								<value>0</value>
							</property>
							<property type="c">
								<key>color</key>
								<value>
									<r>1</r>
									<g>1</g>
									<b>0</b>
									<a>1</a>
								</value>
							</property>
							<property type="f">
								<key>cornerRadius</key>
								<value>1</value>
							</property>
							<property type="r">
								<key>frame</key>
								<value>
									<x>2</x>
									<y>215</y>
									<w>55</w>
									<h>80</h>
								</value>
							</property>
							<property type="b">
								<key>grabFocus</key>
								<value>1</value>
							</property>
							<property type="b">
								<key>interactive</key>
								<value>1</value>
							</property>
							<property type="b">
								<key>locked</key>
								<value>0</value>
							</property>
							<property type="s">
								<key>name</key>
								<value>punch</value>
							</property>
							<property type="i">
								<key>orientation</key>
								<value>0</value>
							</property>
							<property type="b">
								<key>outline</key>
								<value>1</value>
							</property>
							<property type="i">
								<key>outlineStyle</key>
								<value>1</value>
							</property>
							<property type="i">
								<key>pointerPriority</key>
								<value>0</value>
							</property>
							<property type="b">
								<key>press</key>
								<value>1</value>
							</property>
							<property type="b">
								<key>release</key>
								<value>1</value>
							</property>
							<property type="i">
								<key>shape</key>
								<value>1</value>
							</property>
							<property type="b">
								<key>valuePosition</key>
								<value>0</value>
							</property>
							<property type="b">
								<key>visible</key>
								<value>1</value>
							</property>
						</properties>
						<values>
							<value>
								<key>x</key>
								<locked>0</locked>
								<lockedDefaultCurrent>0</lockedDefaultCurrent>
								<default>0</default>
								<defaultPull>0</defaultPull>
							</value>
							<value>
								<key>touch</key>
								<locked>0</locked>
								<lockedDefaultCurrent>0</lockedDefaultCurrent>
								<default>false</default>
								<defaultPull>0</defaultPull>
							</value>
						</values>
						<messages>
							<midi>
								<enabled>1</enabled>
								<send>1</send>
								<receive>1</receive>
								<feedback>0</feedback>
								<connections>11111</connections>
								<triggers>
									<trigger>
										<var>x</var>
										<condition>ANY</condition>
									</trigger>
								</triggers>
								<message>
									<type>CONTROLCHANGE</type>
									<channel>0</channel>
									<data1>0</data1>
									<data2>0</data2>
								</message>
								<values>
									<value>
										<type>CONSTANT</type>
										<key />
										<scaleMin>0</scaleMin>
										<scaleMax>15</scaleMax>
									</value>
									<value>
										<type>INDEX</type>
										<key />
										<scaleMin>0</scaleMin>
										<scaleMax>1</scaleMax>
									</value>
									<value>
										<type>VALUE</type>
										<key>x</key>
										<scaleMin>0</scaleMin>
										<scaleMax>127</scaleMax>
									</value>
								</values>
							</midi>
							<osc>
								<enabled>1</enabled>
								<send>1</send>
								<receive>1</receive>
								<feedback>0</feedback>
								<connections>11111</connections>
								<triggers>
									<trigger>
										<var>x</var>
										<condition>ANY</condition>
									</trigger>
								</triggers>
								<path>
									<partial>
										<type>CONSTANT</type>
										<conversion>STRING</conversion>
										<value>/</value>
										<scaleMin>0</scaleMin>
										<scaleMax>1</scaleMax>
									</partial>
									<partial>
										<type>PROPERTY</type>
										<conversion>STRING</conversion>
										<value>parent.name</value>
										<scaleMin>0</scaleMin>
										<scaleMax>1</scaleMax>
									</partial>
									<partial>
										<type>CONSTANT</type>
										<conversion>STRING</conversion>
										<value>/</value>
										<scaleMin>0</scaleMin>
										<scaleMax>1</scaleMax>
									</partial>
									<partial>
										<type>PROPERTY</type>
										<conversion>STRING</conversion>
										<value>name</value>
										<scaleMin>0</scaleMin>
										<scaleMax>1</scaleMax>
									</partial>
								</path>
								<arguments>
									<partial>
										<type>VALUE</type>
										<conversion>FLOAT</conversion>
										<value>x</value>
										<scaleMin>0</scaleMin>
										<scaleMax>1</scaleMax>
									</partial>
								</arguments>
							</osc>
						</messages>
					</node>
				</children>
			</node>
			<node ID="788d419c-0c54-11ef-b91e-00155d0286cb" type="GROUP">
				<properties>
					<property type="b">
						<key>background</key>
						<value>1</value>
					</property>
					<property type="c">
						<key>color</key>
						<value>
							<r>1</r>
							<g>1</g>
							<b>1</b>
							<a>0.704142</a>
						</value>
					</property>
					<property type="f">
						<key>cornerRadius</key>
						<value>1</value>
					</property>
					<property type="r">
						<key>frame</key>
						<value>
							<x>180</x>
							<y>340</y>
							<w>60</w>
							<h>300</h>
						</value>
					</property>
					<property type="b">
						<key>grabFocus</key>
						<value>0</value>
					</property>
					<property type="b">
						<key>interactive</key>
						<value>0</value>
					</property>
					<property type="b">
						<key>locked</key>
						<value>0</value>
					</property>
					<property type="s">
						<key>name</key>
						<value>recall_slot_b3</value>
					</property>
					<property type="i">
						<key>orientation</key>
						<value>0</value>
					</property>
					<property type="b">
						<key>outline</key>
						<value>0</value>
					</property>
					<property type="i">
						<key>outlineStyle</key>
						<value>1</value>
					</property>
					<property type="i">
						<key>pointerPriority</key>
						<value>0</value>
					</property>
					<property type="i">
						<key>shape</key>
						<value>1</value>
					</property>
					<property type="s">
						<key>tag</key>
						<value>recall_slot</value>
					</property>
					<property type="b">
						<key>visible</key>
						<value>1</value>
					</property>
				</properties>
				<values>
					<value>
						<key>touch</key>
						<locked>0</locked>
						<lockedDefaultCurrent>0</lockedDefaultCurrent>
						<default>false</default>
						<defaultPull>0</defaultPull>
					</value>
				</values>
				<children>
					<node ID="788d419d-0c54-11ef-8608-00155d0286cb" type="LABEL">
						<properties>
							<property type="b">
								<key>background</key>
								<value>1</value>
							</property>
							<property type="c">
								<key>color</key>
								<value>
									<r>1</r>
									<g>1</g>
									<b>1</b>
									<a>1</a>
								</value>
							</property>
							<property type="f">
								<key>cornerRadius</key>
								<value>1</value>
							</property>
							<property type="i">
								<key>font</key>
								<value>0</value>
							</property>
							<property type="r">
								<key>frame</key>
								<value>
									<x>3</x>
									<y>3</y>
									<w>54</w>
									<h>25</h>
								</value>
							</property>
							<property type="b">
								<key>grabFocus</key>
								<value>1</value>
							</property>
							<property type="b">
								<key>interactive</key>
								<value>0</value>
							</property>
							<property type="b">
								<key>locked</key>
								<value>0</value>
							</property>
							<property type="s">
								<key>name</key>
								<value>caption</value>
							</property>
							<property type="i">
								<key>orientation</key>
								<value>0</value>
							</property>
							<property type="b">
								<key>outline</key>
								<value>1</value>
							</property>
							<property type="i">
								<key>outlineStyle</key>
								<value>0</value>
							</property>
							<property type="i">
								<key>pointerPriority</key>
								<value>0</value>
							</property>
							<property type="i">
								<key>shape</key>
								<value>1</value>
							</property>
							<property type="i">
								<key>textAlignH</key>
								<value>2</value>
							</property>
							<property type="i">
								<key>textAlignV</key>
								<value>2</value>
							</property>
							<property type="b">
								<key>textClip</key>
								<value>1</value>
							</property>
							<property type="c">
								<key>textColor</key>
								<value>
									<r>1</r>
									<g>1</g>
									<b>1</b>
									<a>1</a>
								</value>
							</property>
							<property type="i">
								<key>textLength</key>
								<value>0</value>
							</property>
							<property type="i">
								<key>textSize</key>
								<value>12</value>
							</property>
							<property type="b">
								<key>visible</key>
								<value>1</value>
							</property>
						</properties>
						<values>
							<value>
								<key>text</key>
								<locked>0</locked>
								<lockedDefaultCurrent>1</lockedDefaultCurrent>
								<default>B3</default>
								<defaultPull>0</defaultPull>
							</value>
							<value>
								<key>touch</key>
								<locked>0</locked>
								<lockedDefaultCurrent>0</lockedDefaultCurrent>
								<default>false</default>
								<defaultPull>0</defaultPull>
							</value>
						</values>
						<messages>
							<osc>
								<enabled>1</enabled>
								<send>0</send>
								<receive>1</receive>
								<feedback>0</feedback>
								<connections>11111</connections>
								<triggers>
									<trigger>
										<var>text</var>
										<condition>ANY</condition>
									</trigger>
								</triggers>
								<path>
									<partial>
										<type>CONSTANT</type>
										<conversion>STRING</conversion>
										<value>/</value>
										<scaleMin>0</scaleMin>
										<scaleMax>1</scaleMax>
									</partial>
									<partial>
										<type>PROPERTY</type>
										<conversion>STRING</conversion>
										<value>parent.name</value>
										<scaleMin>0</scaleMin>
										<scaleMax>1</scaleMax>
									</partial>
									<partial>
										<type>CONSTANT</type>
										<conversion>STRING</conversion>
										<value>/</value>
										<scaleMin>0</scaleMin>
										<scaleMax>1</scaleMax>
									</partial>
									<partial>
										<type>PROPERTY</type>
										<conversion>STRING</conversion>
										<value>name</value>
										<scaleMin>0</scaleMin>
										<scaleMax>1</scaleMax>
									</partial>
								</path>
								<arguments>
									<partial>
										<type>VALUE</type>
										<conversion>STRING</conversion>
										<value>text</value>
										<scaleMin>0</scaleMin>
										<scaleMax>1</scaleMax>
									</partial>
								</arguments>
							</osc>
							<osc>
								<enabled>1</enabled>
								<send>0</send>
								<receive>1</receive>
								<feedback>0</feedback>
								<connections>11111</connections>
								<triggers>
									<trigger>
										<var>text</var>
										<condition>ANY</condition>
									</trigger>
								</triggers>
								<path>
									<partial>
										<type>CONSTANT</type>
										<conversion>STRING</conversion>
										<value>/</value>
										<scaleMin>0</scaleMin>
										<scaleMax>1</scaleMax>
									</partial>
									<partial>
										<type>PROPERTY</type>
										<conversion>STRING</conversion>
										<value>parent.name</value>
										<scaleMin>0</scaleMin>
										<scaleMax>1</scaleMax>
									</partial>
								</path>
								<arguments>
									<partial>
										<type>PROPERTY</type>
										<conversion>STRING</conversion>
										<value>color</value>
										<scaleMin>0</scaleMin>
										<scaleMax>1</scaleMax>
									</partial>
								</arguments>
							</osc>
						</messages>
					</node>
					<node ID="788d419e-0c54-11ef-85dd-00155d0286cb" type="LABEL">
						<properties>
							<property type="b">
								<key>background</key>
								<value>1</value>
							</property>
							<property type="c">
								<key>color</key>
								<value>
									<r>1</r>
									<g>0</g>
									<b>0</b>
									<a>0</a>
								</value>
							</property>
							<property type="f">
								<key>cornerRadius</key>
								<value>1</value>
							</property>
							<property type="i">
								<key>font</key>
								<value>0</value>
							</property>
							<property type="r">
								<key>frame</key>
								<value>
									<x>1</x>
									<y>100</y>
									<w>59</w>
									<h>20</h>
								</value>
							</property>
							<property type="b">
								<key>grabFocus</key>
								<value>1</value>
							</property>
							<property type="b">
								<key>interactive</key>
								<value>0</value>
							</property>
							<property type="b">
								<key>locked</key>
								<value>0</value>
							</property>
							<property type="s">
								<key>name</key>
								<value>label_recall</value>
							</property>
							<property type="i">
								<key>orientation</key>
								<value>0</value>
							</property>
							<property type="b">
								<key>outline</key>
								<value>1</value>
							</property>
							<property type="i">
								<key>outlineStyle</key>
								<value>1</value>
							</property>
							<property type="i">
								<key>pointerPriority</key>
								<value>0</value>
							</property>
							<property type="i">
								<key>shape</key>
								<value>1</value>
							</property>
							<property type="i">
								<key>textAlignH</key>
								<value>2</value>
							</property>
							<property type="i">
								<key>textAlignV</key>
								<value>2</value>
							</property>
							<property type="b">
								<key>textClip</key>
								<value>1</value>
							</property>
							<property type="c">
								<key>textColor</key>
								<value>
									<r>1</r>
									<g>1</g>
									<b>1</b>
									<a>1</a>
								</value>
							</property>
							<property type="i">
								<key>textLength</key>
								<value>0</value>
							</property>
							<property type="i">
								<key>textSize</key>
								<value>14</value>
							</property>
							<property type="b">
								<key>visible</key>
								<value>1</value>
							</property>
						</properties>
						<values>
							<value>
								<key>text</key>
								<locked>0</locked>
								<lockedDefaultCurrent>1</lockedDefaultCurrent>
								<default>Recall</default>
								<defaultPull>0</defaultPull>
							</value>
							<value>
								<key>touch</key>
								<locked>0</locked>
								<lockedDefaultCurrent>0</lockedDefaultCurrent>
								<default>false</default>
								<defaultPull>0</defaultPull>
							</value>
						</values>
					</node>
					<node ID="788d419f-0c54-11ef-a4db-00155d0286cb" type="BUTTON">
						<properties>
							<property type="b">
								<key>background</key>
								<value>1</value>
							</property>
							<property type="i">
								<key>buttonType</key>
								<value>0</value>
							</property>
							<property type="c">
								<key>color</key>
								<value>
									<r>0</r>
									<g>1</g>
									<b>0</b>
									<a>1</a>
								</value>
							</property>
							<property type="f">
								<key>cornerRadius</key>
								<value>1</value>
							</property>
							<property type="r">
								<key>frame</key>
								<value>
									<x>2</x>
									<y>120</y>
									<w>55</w>
									<h>60</h>
								</value>
							</property>
							<property type="b">
								<key>grabFocus</key>
								<value>1</value>
							</property>
							<property type="b">
								<key>interactive</key>
								<value>1</value>
							</property>
							<property type="b">
								<key>locked</key>
								<value>0</value>
							</property>
							<property type="s">
								<key>name</key>
								<value>recall</value>
							</property>
							<property type="i">
								<key>orientation</key>
								<value>0</value>
							</property>
							<property type="b">
								<key>outline</key>
								<value>1</value>
							</property>
							<property type="i">
								<key>outlineStyle</key>
								<value>1</value>
							</property>
							<property type="i">
								<key>pointerPriority</key>
								<value>0</value>
							</property>
							<property type="b">
								<key>press</key>
								<value>1</value>
							</property>
							<property type="b">
								<key>release</key>
								<value>1</value>
							</property>
							<property type="i">
								<key>shape</key>
								<value>1</value>
							</property>
							<property type="b">
								<key>valuePosition</key>
								<value>0</value>
							</property>
							<property type="b">
								<key>visible</key>
								<value>1</value>
							</property>
						</properties>
						<values>
							<value>
								<key>x</key>
								<locked>0</locked>
								<lockedDefaultCurrent>0</lockedDefaultCurrent>
								<default>0</default>
								<defaultPull>0</defaultPull>
							</value>
							<value>
								<key>touch</key>
								<locked>0</locked>
								<lockedDefaultCurrent>0</lockedDefaultCurrent>
								<default>false</default>
								<defaultPull>0</defaultPull>
							</value>
						</values>
						<messages>
							<midi>
								<enabled>1</enabled>
								<send>1</send>
								<receive>1</receive>
								<feedback>0</feedback>
								<connections>11111</connections>
								<triggers>
									<trigger>
										<var>x</var>
										<condition>ANY</condition>
									</trigger>
								</triggers>
								<message>
									<type>CONTROLCHANGE</type>
									<channel>0</channel>
									<data1>0</data1>
									<data2>0</data2>
								</message>
								<values>
									<value>
										<type>CONSTANT</type>
										<key />
										<scaleMin>0</scaleMin>
										<scaleMax>15</scaleMax>
									</value>
									<value>
										<type>INDEX</type>
										<key />
										<scaleMin>0</scaleMin>
										<scaleMax>1</scaleMax>
									</value>
									<value>
										<type>VALUE</type>
										<key>x</key>
										<scaleMin>0</scaleMin>
										<scaleMax>127</scaleMax>
									</value>
								</values>
							</midi>
							<osc>
								<enabled>1</enabled>
								<send>1</send>
								<receive>1</receive>
								<feedback>0</feedback>
								<connections>11111</connections>
								<triggers>
									<trigger>
										<var>x</var>
										<condition>ANY</condition>
									</trigger>
								</triggers>
								<path>
									<partial>
										<type>CONSTANT</type>
										<conversion>STRING</conversion>
										<value>/</value>
										<scaleMin>0</scaleMin>
										<scaleMax>1</scaleMax>
									</partial>
									<partial>
										<type>PROPERTY</type>
										<conversion>STRING</conversion>
										<value>parent.name</value>
										<scaleMin>0</scaleMin>
										<scaleMax>1</scaleMax>
									</partial>
									<partial>
										<type>CONSTANT</type>
										<conversion>STRING</conversion>
										<value>/</value>
										<scaleMin>0</scaleMin>
										<scaleMax>1</scaleMax>
									</partial>
									<partial>
										<type>PROPERTY</type>
										<conversion>STRING</conversion>
										<value>name</value>
										<scaleMin>0</scaleMin>
										<scaleMax>1</scaleMax>
									</partial>
								</path>
								<arguments>
									<partial>
										<type>VALUE</type>
										<conversion>FLOAT</conversion>
										<value>x</value>
										<scaleMin>0</scaleMin>
										<scaleMax>1</scaleMax>
									</partial>
								</arguments>
							</osc>
						</messages>
					</node>
					<node ID="788d41a0-0c54-11ef-bd0f-00155d0286cb" type="LABEL">
						<properties>
							<property type="b">
								<key>background</key>
								<value>1</value>
							</property>
							<property type="c">
								<key>color</key>
								<value>
									<r>1</r>
									<g>0</g>
									<b>0</b>
									<a>0</a>
								</value>
							</property>
							<property type="f">
								<key>cornerRadius</key>
								<value>1</value>
							</property>
							<property type="i">
								<key>font</key>
								<value>0</value>
							</property>
							<property type="r">
								<key>frame</key>
								<value>
									<x>0</x>
									<y>33</y>
									<w>59</w>
									<h>20</h>
								</value>
							</property>
							<property type="b">
								<key>grabFocus</key>
								<value>1</value>
							</property>
							<property type="b">
								<key>interactive</key>
								<value>0</value>
							</property>
							<property type="b">
								<key>locked</key>
								<value>0</value>
							</property>
							<property type="s">
								<key>name</key>
								<value>label_save</value>
							</property>
							<property type="i">
								<key>orientation</key>
								<value>0</value>
							</property>
							<property type="b">
								<key>outline</key>
								<value>1</value>
							</property>
							<property type="i">
								<key>outlineStyle</key>
								<value>1</value>
							</property>
							<property type="i">
								<key>pointerPriority</key>
								<value>0</value>
							</property>
							<property type="i">
								<key>shape</key>
								<value>1</value>
							</property>
							<property type="i">
								<key>textAlignH</key>
								<value>2</value>
							</property>
							<property type="i">
								<key>textAlignV</key>
								<value>2</value>
							</property>
							<property type="b">
								<key>textClip</key>
								<value>1</value>
							</property>
							<property type="c">
								<key>textColor</key>
								<value>
									<r>1</r>
									<g>1</g>
									<b>1</b>
									<a>1</a>
								</value>
							</property>
							<property type="i">
								<key>textLength</key>
								<value>0</value>
							</property>
							<property type="i">
								<key>textSize</key>
								<value>14</value>
							</property>
							<property type="b">
								<key>visible</key>
								<value>1</value>
							</property>
						</properties>
						<values>
							<value>
								<key>text</key>
								<locked>0</locked>
								<lockedDefaultCurrent>1</lockedDefaultCurrent>
								<default>Save</default>
								<defaultPull>0</defaultPull>
							</value>
							<value>
								<key>touch</key>
								<locked>0</locked>
								<lockedDefaultCurrent>0</lockedDefaultCurrent>
								<default>false</default>
								<defaultPull>0</defaultPull>
							</value>
						</values>
					</node>
					<node ID="788d41a1-0c54-11ef-9033-00155d0286cb" type="BUTTON">
						<properties>
							<property type="b">
								<key>background</key>
								<value>1</value>
							</property>
							<property type="i">
								<key>buttonType</key>
								<value>0</value>
							</property>
							<property type="c">
								<key>color</key>
								<value>
									<r>1</r>
									<g>0</g>
									<b>0</b>
									<a>1</a>
								</value>
							</property>
							<property type="f">
								<key>cornerRadius</key>
								<value>1</value>
							</property>
							<property type="r">
								<key>frame</key>
								<value>
									<x>2</x>
									<y>53</y>
									<w>55</w>
									<h>35</h>
								</value>
							</property>
							<property type="b">
								<key>grabFocus</key>
								<value>1</value>
							</property>
							<property type="b">
								<key>interactive</key>
								<value>1</value>
							</property>
							<property type="b">
								<key>locked</key>
								<value>0</value>
							</property>
							<property type="s">
								<key>name</key>
								<value>save</value>
							</property>
							<property type="i">
								<key>orientation</key>
								<value>0</value>
							</property>
							<property type="b">
								<key>outline</key>
								<value>1</value>
							</property>
							<property type="i">
								<key>outlineStyle</key>
								<value>1</value>
							</property>
							<property type="i">
								<key>pointerPriority</key>
								<value>0</value>
							</property>
							<property type="b">
								<key>press</key>
								<value>1</value>
							</property>
							<property type="b">
								<key>release</key>
								<value>1</value>
							</property>
							<property type="i">
								<key>shape</key>
								<value>1</value>
							</property>
							<property type="b">
								<key>valuePosition</key>
								<value>0</value>
							</property>
							<property type="b">
								<key>visible</key>
								<value>1</value>
							</property>
						</properties>
						<values>
							<value>
								<key>x</key>
								<locked>0</locked>
								<lockedDefaultCurrent>0</lockedDefaultCurrent>
								<default>0</default>
								<defaultPull>0</defaultPull>
							</value>
							<value>
								<key>touch</key>
								<locked>0</locked>
								<lockedDefaultCurrent>0</lockedDefaultCurrent>
								<default>false</default>
								<defaultPull>0</defaultPull>
							</value>
						</values>
						<messages>
							<midi>
								<enabled>1</enabled>
								<send>1</send>
								<receive>1</receive>
								<feedback>0</feedback>
								<connections>11111</connections>
								<triggers>
									<trigger>
										<var>x</var>
										<condition>ANY</condition>
									</trigger>
								</triggers>
								<message>
									<type>CONTROLCHANGE</type>
									<channel>0</channel>
									<data1>0</data1>
									<data2>0</data2>
								</message>
								<values>
									<value>
										<type>CONSTANT</type>
										<key />
										<scaleMin>0</scaleMin>
										<scaleMax>15</scaleMax>
									</value>
									<value>
										<type>INDEX</type>
										<key />
										<scaleMin>0</scaleMin>
										<scaleMax>1</scaleMax>
									</value>
									<value>
										<type>VALUE</type>
										<key>x</key>
										<scaleMin>0</scaleMin>
										<scaleMax>127</scaleMax>
									</value>
								</values>
							</midi>
							<osc>
								<enabled>1</enabled>
								<send>1</send>
								<receive>1</receive>
								<feedback>0</feedback>
								<connections>11111</connections>
								<triggers>
									<trigger>
										<var>x</var>
										<condition>ANY</condition>
									</trigger>
								</triggers>
								<path>
									<partial>
										<type>CONSTANT</type>
										<conversion>STRING</conversion>
										<value>/</value>
										<scaleMin>0</scaleMin>
										<scaleMax>1</scaleMax>
									</partial>
									<partial>
										<type>PROPERTY</type>
										<conversion>STRING</conversion>
										<value>parent.name</value>
										<scaleMin>0</scaleMin>
										<scaleMax>1</scaleMax>
									</partial>
									<partial>
										<type>CONSTANT</type>
										<conversion>STRING</conversion>
										<value>/</value>
										<scaleMin>0</scaleMin>
										<scaleMax>1</scaleMax>
									</partial>
									<partial>
										<type>PROPERTY</type>
										<conversion>STRING</conversion>
										<value>name</value>
										<scaleMin>0</scaleMin>
										<scaleMax>1</scaleMax>
									</partial>
								</path>
								<arguments>
									<partial>
										<type>VALUE</type>
										<conversion>FLOAT</conversion>
										<value>x</value>
										<scaleMin>0</scaleMin>
										<scaleMax>1</scaleMax>
									</partial>
								</arguments>
							</osc>
						</messages>
					</node>
					<node ID="788d41a2-0c54-11ef-bae9-00155d0286cb" type="LABEL">
						<properties>
							<property type="b">
								<key>background</key>
								<value>1</value>
							</property>
							<property type="c">
								<key>color</key>
								<value>
									<r>1</r>
									<g>0</g>
									<b>0</b>
									<a>0</a>
								</value>
							</property>
							<property type="f">
								<key>cornerRadius</key>
								<value>1</value>
							</property>
							<property type="i">
								<key>font</key>
								<value>0</value>
							</property>
							<property type="r">
								<key>frame</key>
								<value>
									<x>1</x>
									<y>190</y>
									<w>59</w>
									<h>20</h>
								</value>
							</property>
							<property type="b">
								<key>grabFocus</key>
								<value>1</value>
							</property>
							<property type="b">
								<key>interactive</key>
								<value>0</value>
							</property>
							<property type="b">
								<key>locked</key>
								<value>0</value>
							</property>
							<property type="s">
								<key>name</key>
								<value>label_punch</value>
							</property>
							<property type="i">
								<key>orientation</key>
								<value>0</value>
							</property>
							<property type="b">
								<key>outline</key>
								<value>1</value>
							</property>
							<property type="i">
								<key>outlineStyle</key>
								<value>1</value>
							</property>
							<property type="i">
								<key>pointerPriority</key>
								<value>0</value>
							</property>
							<property type="i">
								<key>shape</key>
								<value>1</value>
							</property>
							<property type="i">
								<key>textAlignH</key>
								<value>2</value>
							</property>
							<property type="i">
								<key>textAlignV</key>
								<value>2</value>
							</property>
							<property type="b">
								<key>textClip</key>
								<value>1</value>
							</property>
							<property type="c">
								<key>textColor</key>
								<value>
									<r>1</r>
									<g>1</g>
									<b>1</b>
									<a>1</a>
								</value>
							</property>
							<property type="i">
								<key>textLength</key>
								<value>0</value>
							</property>
							<property type="i">
								<key>textSize</key>
								<value>14</value>
							</property>
							<property type="b">
								<key>visible</key>
								<value>1</value>
							</property>
						</properties>
						<values>
							<value>
								<key>text</key>
								<locked>0</locked>
								<lockedDefaultCurrent>1</lockedDefaultCurrent>
								<default>Punch</default>
								<defaultPull>0</defaultPull>
							</value>
							<value>
								<key>touch</key>
								<locked>0</locked>
								<lockedDefaultCurrent>0</lockedDefaultCurrent>
								<default>false</default>
								<defaultPull>0</defaultPull>
							</value>
						</values>
					</node>
					<node ID="788d41a3-0c54-11ef-97b9-00155d0286cb" type="BUTTON">
						<properties>
							<property type="b">
								<key>background</key>
								<value>1</value>
							</property>
							<property type="i">
								<key>buttonType</key>
								<value>0</value>
							</property>
							<property type="c">
								<key>color</key>
								<value>
									<r>1</r>
									<g>1</g>
									<b>0</b>
									<a>1</a>
								</value>
							</property>
							<property type="f">
								<key>cornerRadius</key>
								<value>1</value>
							</property>
							<property type="r">
								<key>frame</key>
								<value>
									<x>2</x>
									<y>215</y>
									<w>55</w>
									<h>80</h>
								</value>
							</property>
							<property type="b">
								<key>grabFocus</key>
								<value>1</value>
							</property>
							<property type="b">
								<key>interactive</key>
								<value>1</value>
							</property>
							<property type="b">
								<key>locked</key>
								<value>0</value>
							</property>
							<property type="s">
								<key>name</key>
								<value>punch</value>
							</property>
							<property type="i">
								<key>orientation</key>
								<value>0</value>
							</property>
							<property type="b">
								<key>outline</key>
								<value>1</value>
							</property>
							<property type="i">
								<key>outlineStyle</key>
								<value>1</value>
							</property>
							<property type="i">
								<key>pointerPriority</key>
								<value>0</value>
							</property>
							<property type="b">
								<key>press</key>
								<value>1</value>
							</property>
							<property type="b">
								<key>release</key>
								<value>1</value>
							</property>
							<property type="i">
								<key>shape</key>
								<value>1</value>
							</property>
							<property type="b">
								<key>valuePosition</key>
								<value>0</value>
							</property>
							<property type="b">
								<key>visible</key>
								<value>1</value>
							</property>
						</properties>
						<values>
							<value>
								<key>x</key>
								<locked>0</locked>
								<lockedDefaultCurrent>0</lockedDefaultCurrent>
								<default>0</default>
								<defaultPull>0</defaultPull>
							</value>
							<value>
								<key>touch</key>
								<locked>0</locked>
								<lockedDefaultCurrent>0</lockedDefaultCurrent>
								<default>false</default>
								<defaultPull>0</defaultPull>
							</value>
						</values>
						<messages>
							<midi>
								<enabled>1</enabled>
								<send>1</send>
								<receive>1</receive>
								<feedback>0</feedback>
								<connections>11111</connections>
								<triggers>
									<trigger>
										<var>x</var>
										<condition>ANY</condition>
									</trigger>
								</triggers>
								<message>
									<type>CONTROLCHANGE</type>
									<channel>0</channel>
									<data1>0</data1>
									<data2>0</data2>
								</message>
								<values>
									<value>
										<type>CONSTANT</type>
										<key />
										<scaleMin>0</scaleMin>
										<scaleMax>15</scaleMax>
									</value>
									<value>
										<type>INDEX</type>
										<key />
										<scaleMin>0</scaleMin>
										<scaleMax>1</scaleMax>
									</value>
									<value>
										<type>VALUE</type>
										<key>x</key>
										<scaleMin>0</scaleMin>
										<scaleMax>127</scaleMax>
									</value>
								</values>
							</midi>
							<osc>
								<enabled>1</enabled>
								<send>1</send>
								<receive>1</receive>
								<feedback>0</feedback>
								<connections>11111</connections>
								<triggers>
									<trigger>
										<var>x</var>
										<condition>ANY</condition>
									</trigger>
								</triggers>
								<path>
									<partial>
										<type>CONSTANT</type>
										<conversion>STRING</conversion>
										<value>/</value>
										<scaleMin>0</scaleMin>
										<scaleMax>1</scaleMax>
									</partial>
									<partial>
										<type>PROPERTY</type>
										<conversion>STRING</conversion>
										<value>parent.name</value>
										<scaleMin>0</scaleMin>
										<scaleMax>1</scaleMax>
									</partial>
									<partial>
										<type>CONSTANT</type>
										<conversion>STRING</conversion>
										<value>/</value>
										<scaleMin>0</scaleMin>
										<scaleMax>1</scaleMax>
									</partial>
									<partial>
										<type>PROPERTY</type>
										<conversion>STRING</conversion>
										<value>name</value>
										<scaleMin>0</scaleMin>
										<scaleMax>1</scaleMax>
									</partial>
								</path>
								<arguments>
									<partial>
										<type>VALUE</type>
										<conversion>FLOAT</conversion>
										<value>x</value>
										<scaleMin>0</scaleMin>
										<scaleMax>1</scaleMax>
									</partial>
								</arguments>
							</osc>
						</messages>
					</node>
				</children>
			</node>
			<node ID="788d41a4-0c54-11ef-8310-00155d0286cb" type="GROUP">
				<properties>
					<property type="b">
						<key>background</key>
						<value>1</value>
					</property>
					<property type="c">
						<key>color</key>
						<value>
							<r>1</r>
							<g>1</g>
							<b>1</b>
							<a>0.705882</a>
						</value>
					</property>
					<property type="f">
						<key>cornerRadius</key>
						<value>1</value>
					</property>
					<property type="r">
						<key>frame</key>
						<value>
							<x>580</x>
							<y>340</y>
							<w>60</w>
							<h>300</h>
						</value>
					</property>
					<property type="b">
						<key>grabFocus</key>
						<value>0</value>
					</property>
					<property type="b">
						<key>interactive</key>
						<value>0</value>
					</property>
					<property type="b">
						<key>locked</key>
						<value>0</value>
					</property>
					<property type="s">
						<key>name</key>
						<value>fader_b2</value>
					</property>
					<property type="i">
						<key>orientation</key>
						<value>0</value>
					</property>
					<property type="b">
						<key>outline</key>
						<value>0</value>
					</property>
					<property type="i">
						<key>outlineStyle</key>
						<value>1</value>
					</property>
					<property type="i">
						<key>pointerPriority</key>
						<value>0</value>
					</property>
					<property type="i">
						<key>shape</key>
						<value>1</value>
					</property>
					<property type="s">
						<key>tag</key>
						<value>fader</value>
					</property>
					<property type="b">
						<key>visible</key>
						<value>1</value>
					</property>
				</properties>
				<values>
					<value>
						<key>touch</key>
						<locked>0</locked>
						<lockedDefaultCurrent>0</lockedDefaultCurrent>
						<default>false</default>
						<defaultPull>0</defaultPull>
					</value>
				</values>
				<children>
					<node ID="788d41a5-0c54-11ef-b243-00155d0286cb" type="FADER">
						<properties>
							<property type="b">
								<key>background</key>
								<value>0</value>
							</property>
							<property type="b">
								<key>bar</key>
								<value>0</value>
							</property>
							<property type="i">
								<key>barDisplay</key>
								<value>0</value>
							</property>
							<property type="b">
								<key>centered</key>
								<value>0</value>
							</property>
							<property type="c">
								<key>color</key>
								<value>
									<r>1</r>
									<g>1</g>
									<b>1</b>
									<a>1</a>
								</value>
							</property>
							<property type="f">
								<key>cornerRadius</key>
								<value>1</value>
							</property>
							<property type="b">
								<key>cursor</key>
								<value>1</value>
							</property>
							<property type="i">
								<key>cursorDisplay</key>
								<value>0</value>
							</property>
							<property type="r">
								<key>frame</key>
								<value>
									<x>3</x>
									<y>60</y>
									<w>54</w>
									<h>239</h>
								</value>
							</property>
							<property type="b">
								<key>grabFocus</key>
								<value>1</value>
							</property>
							<property type="b">
								<key>grid</key>
								<value>1</value>
							</property>
							<property type="c">
								<key>gridColor</key>
								<value>
									<r>1</r>
									<g>1</g>
									<b>1</b>
									<a>0.43787</a>
								</value>
							</property>
							<property type="i">
								<key>gridSteps</key>
								<value>13</value>
							</property>
							<property type="b">
								<key>interactive</key>
								<value>1</value>
							</property>
							<property type="b">
								<key>locked</key>
								<value>0</value>
							</property>
							<property type="s">
								<key>name</key>
								<value>fader</value>
							</property>
							<property type="i">
								<key>orientation</key>
								<value>0</value>
							</property>
							<property type="b">
								<key>outline</key>
								<value>0</value>
							</property>
							<property type="i">
								<key>outlineStyle</key>
								<value>1</value>
							</property>
							<property type="i">
								<key>pointerPriority</key>
								<value>0</value>
							</property>
							<property type="i">
								<key>response</key>
								<value>0</value>
							</property>
							<property type="i">
								<key>responseFactor</key>
								<value>100</value>
							</property>
							<property type="i">
								<key>shape</key>
								<value>1</value>
							</property>
							<property type="b">
								<key>visible</key>
								<value>1</value>
							</property>
						</properties>
						<values>
							<value>
								<key>x</key>
								<locked>0</locked>
								<lockedDefaultCurrent>0</lockedDefaultCurrent>
								<default>0.5</default>
								<defaultPull>0</defaultPull>
							</value>
							<value>
								<key>touch</key>
								<locked>0</locked>
								<lockedDefaultCurrent>0</lockedDefaultCurrent>
								<default>false</default>
								<defaultPull>0</defaultPull>
							</value>
						</values>
						<messages>
							<osc>
								<enabled>1</enabled>
								<send>1</send>
								<receive>1</receive>
								<feedback>0</feedback>
								<connections>11111</connections>
								<triggers>
									<trigger>
										<var>x</var>
										<condition>ANY</condition>
									</trigger>
								</triggers>
								<path>
									<partial>
										<type>CONSTANT</type>
										<conversion>STRING</conversion>
										<value>/</value>
										<scaleMin>0</scaleMin>
										<scaleMax>1</scaleMax>
									</partial>
									<partial>
										<type>PROPERTY</type>
										<conversion>STRING</conversion>
										<value>parent.name</value>
										<scaleMin>0</scaleMin>
										<scaleMax>1</scaleMax>
									</partial>
									<partial>
										<type>CONSTANT</type>
										<conversion>STRING</conversion>
										<value>/</value>
										<scaleMin>0</scaleMin>
										<scaleMax>1</scaleMax>
									</partial>
									<partial>
										<type>PROPERTY</type>
										<conversion>STRING</conversion>
										<value>name</value>
										<scaleMin>0</scaleMin>
										<scaleMax>1</scaleMax>
									</partial>
								</path>
								<arguments>
									<partial>
										<type>VALUE</type>
										<conversion>FLOAT</conversion>
										<value>x</value>
										<scaleMin>0</scaleMin>
										<scaleMax>1</scaleMax>
									</partial>
								</arguments>
							</osc>
							<osc>
								<enabled>1</enabled>
								<send>0</send>
								<receive>1</receive>
								<feedback>0</feedback>
								<connections>11111</connections>
								<triggers>
									<trigger>
										<var>x</var>
										<condition>ANY</condition>
									</trigger>
								</triggers>
								<path>
									<partial>
										<type>CONSTANT</type>
										<conversion>STRING</conversion>
										<value>/</value>
										<scaleMin>0</scaleMin>
										<scaleMax>1</scaleMax>
									</partial>
									<partial>
										<type>PROPERTY</type>
										<conversion>STRING</conversion>
										<value>parent.name</value>
										<scaleMin>0</scaleMin>
										<scaleMax>1</scaleMax>
									</partial>
								</path>
								<arguments>
									<partial>
										<type>PROPERTY</type>
										<conversion>STRING</conversion>
										<value>color</value>
										<scaleMin>0</scaleMin>
										<scaleMax>1</scaleMax>
									</partial>
								</arguments>
							</osc>
						</messages>
					</node>
					<node ID="788d41a6-0c54-11ef-a4ba-00155d0286cb" type="LABEL">
						<properties>
							<property type="b">
								<key>background</key>
								<value>1</value>
							</property>
							<property type="c">
								<key>color</key>
								<value>
									<r>1</r>
									<g>1</g>
									<b>1</b>
									<a>1</a>
								</value>
							</property>
							<property type="f">
								<key>cornerRadius</key>
								<value>1</value>
							</property>
							<property type="i">
								<key>font</key>
								<value>0</value>
							</property>
							<property type="r">
								<key>frame</key>
								<value>
									<x>3</x>
									<y>3</y>
									<w>54</w>
									<h>25</h>
								</value>
							</property>
							<property type="b">
								<key>grabFocus</key>
								<value>1</value>
							</property>
							<property type="b">
								<key>interactive</key>
								<value>0</value>
							</property>
							<property type="b">
								<key>locked</key>
								<value>0</value>
							</property>
							<property type="s">
								<key>name</key>
								<value>caption</value>
							</property>
							<property type="i">
								<key>orientation</key>
								<value>0</value>
							</property>
							<property type="b">
								<key>outline</key>
								<value>1</value>
							</property>
							<property type="i">
								<key>outlineStyle</key>
								<value>0</value>
							</property>
							<property type="i">
								<key>pointerPriority</key>
								<value>0</value>
							</property>
							<property type="i">
								<key>shape</key>
								<value>1</value>
							</property>
							<property type="i">
								<key>textAlignH</key>
								<value>2</value>
							</property>
							<property type="i">
								<key>textAlignV</key>
								<value>2</value>
							</property>
							<property type="b">
								<key>textClip</key>
								<value>1</value>
							</property>
							<property type="c">
								<key>textColor</key>
								<value>
									<r>1</r>
									<g>1</g>
									<b>1</b>
									<a>1</a>
								</value>
							</property>
							<property type="i">
								<key>textLength</key>
								<value>0</value>
							</property>
							<property type="i">
								<key>textSize</key>
								<value>12</value>
							</property>
							<property type="b">
								<key>visible</key>
								<value>1</value>
							</property>
						</properties>
						<values>
							<value>
								<key>text</key>
								<locked>0</locked>
								<lockedDefaultCurrent>1</lockedDefaultCurrent>
								<default>Fader B2</default>
								<defaultPull>0</defaultPull>
							</value>
							<value>
								<key>touch</key>
								<locked>0</locked>
								<lockedDefaultCurrent>0</lockedDefaultCurrent>
								<default>false</default>
								<defaultPull>0</defaultPull>
							</value>
						</values>
						<messages>
							<osc>
								<enabled>1</enabled>
								<send>0</send>
								<receive>1</receive>
								<feedback>0</feedback>
								<connections>11111</connections>
								<triggers>
									<trigger>
										<var>text</var>
										<condition>ANY</condition>
									</trigger>
								</triggers>
								<path>
									<partial>
										<type>CONSTANT</type>
										<conversion>STRING</conversion>
										<value>/</value>
										<scaleMin>0</scaleMin>
										<scaleMax>1</scaleMax>
									</partial>
									<partial>
										<type>PROPERTY</type>
										<conversion>STRING</conversion>
										<value>parent.name</value>
										<scaleMin>0</scaleMin>
										<scaleMax>1</scaleMax>
									</partial>
									<partial>
										<type>CONSTANT</type>
										<conversion>STRING</conversion>
										<value>/</value>
										<scaleMin>0</scaleMin>
										<scaleMax>1</scaleMax>
									</partial>
									<partial>
										<type>PROPERTY</type>
										<conversion>STRING</conversion>
										<value>name</value>
										<scaleMin>0</scaleMin>
										<scaleMax>1</scaleMax>
									</partial>
								</path>
								<arguments>
									<partial>
										<type>VALUE</type>
										<conversion>STRING</conversion>
										<value>text</value>
										<scaleMin>0</scaleMin>
										<scaleMax>1</scaleMax>
									</partial>
								</arguments>
							</osc>
							<osc>
								<enabled>1</enabled>
								<send>0</send>
								<receive>1</receive>
								<feedback>0</feedback>
								<connections>11111</connections>
								<triggers>
									<trigger>
										<var>text</var>
										<condition>ANY</condition>
									</trigger>
								</triggers>
								<path>
									<partial>
										<type>CONSTANT</type>
										<conversion>STRING</conversion>
										<value>/</value>
										<scaleMin>0</scaleMin>
										<scaleMax>1</scaleMax>
									</partial>
									<partial>
										<type>PROPERTY</type>
										<conversion>STRING</conversion>
										<value>parent.name</value>
										<scaleMin>0</scaleMin>
										<scaleMax>1</scaleMax>
									</partial>
								</path>
								<arguments>
									<partial>
										<type>PROPERTY</type>
										<conversion>STRING</conversion>
										<value>color</value>
										<scaleMin>0</scaleMin>
										<scaleMax>1</scaleMax>
									</partial>
								</arguments>
							</osc>
						</messages>
					</node>
					<node ID="788d41a7-0c54-11ef-9c3d-00155d0286cb" type="LABEL">
						<properties>
							<property type="b">
								<key>background</key>
								<value>0</value>
							</property>
							<property type="c">
								<key>color</key>
								<value>
									<r>1</r>
									<g>1</g>
									<b>1</b>
									<a>1</a>
								</value>
							</property>
							<property type="f">
								<key>cornerRadius</key>
								<value>1</value>
							</property>
							<property type="i">
								<key>font</key>
								<value>0</value>
							</property>
							<property type="r">
								<key>frame</key>
								<value>
									<x>3</x>
									<y>31</y>
									<w>54</w>
									<h>25</h>
								</value>
							</property>
							<property type="b">
								<key>grabFocus</key>
								<value>1</value>
							</property>
							<property type="b">
								<key>interactive</key>
								<value>0</value>
							</property>
							<property type="b">
								<key>locked</key>
								<value>0</value>
							</property>
							<property type="s">
								<key>name</key>
								<value>value</value>
							</property>
							<property type="i">
								<key>orientation</key>
								<value>0</value>
							</property>
							<property type="b">
								<key>outline</key>
								<value>0</value>
							</property>
							<property type="i">
								<key>outlineStyle</key>
								<value>1</value>
							</property>
							<property type="i">
								<key>pointerPriority</key>
								<value>0</value>
							</property>
							<property type="i">
								<key>shape</key>
								<value>1</value>
							</property>
							<property type="i">
								<key>textAlignH</key>
								<value>2</value>
							</property>
							<property type="i">
								<key>textAlignV</key>
								<value>2</value>
							</property>
							<property type="b">
								<key>textClip</key>
								<value>1</value>
							</property>
							<property type="c">
								<key>textColor</key>
								<value>
									<r>1</r>
									<g>1</g>
									<b>1</b>
									<a>1</a>
								</value>
							</property>
							<property type="i">
								<key>textLength</key>
								<value>0</value>
							</property>
							<property type="i">
								<key>textSize</key>
								<value>14</value>
							</property>
							<property type="b">
								<key>visible</key>
								<value>1</value>
							</property>
						</properties>
						<values>
							<value>
								<key>text</key>
								<locked>0</locked>
								<lockedDefaultCurrent>1</lockedDefaultCurrent>
								<default>127</default>
								<defaultPull>0</defaultPull>
							</value>
							<value>
								<key>touch</key>
								<locked>0</locked>
								<lockedDefaultCurrent>0</lockedDefaultCurrent>
								<default>false</default>
								<defaultPull>0</defaultPull>
							</value>
						</values>
						<messages>
							<osc>
								<enabled>1</enabled>
								<send>0</send>
								<receive>1</receive>
								<feedback>0</feedback>
								<connections>11111</connections>
								<triggers>
									<trigger>
										<var>text</var>
										<condition>ANY</condition>
									</trigger>
								</triggers>
								<path>
									<partial>
										<type>CONSTANT</type>
										<conversion>STRING</conversion>
										<value>/</value>
										<scaleMin>0</scaleMin>
										<scaleMax>1</scaleMax>
									</partial>
									<partial>
										<type>PROPERTY</type>
										<conversion>STRING</conversion>
										<value>parent.name</value>
										<scaleMin>0</scaleMin>
										<scaleMax>1</scaleMax>
									</partial>
									<partial>
										<type>CONSTANT</type>
										<conversion>STRING</conversion>
										<value>/</value>
										<scaleMin>0</scaleMin>
										<scaleMax>1</scaleMax>
									</partial>
									<partial>
										<type>PROPERTY</type>
										<conversion>STRING</conversion>
										<value>name</value>
										<scaleMin>0</scaleMin>
										<scaleMax>1</scaleMax>
									</partial>
								</path>
								<arguments>
									<partial>
										<type>VALUE</type>
										<conversion>STRING</conversion>
										<value>text</value>
										<scaleMin>0</scaleMin>
										<scaleMax>1</scaleMax>
									</partial>
								</arguments>
							</osc>
						</messages>
					</node>
				</children>
			</node>
			<node ID="788d41a8-0c54-11ef-a6a0-00155d0286cb" type="GROUP">
				<properties>
					<property type="b">
						<key>background</key>
						<value>1</value>
					</property>
					<property type="c">
						<key>color</key>
						<value>
							<r>1</r>
							<g>1</g>
							<b>1</b>
							<a>0.705882</a>
						</value>
					</property>
					<property type="f">
						<key>cornerRadius</key>
						<value>1</value>
					</property>
					<property type="r">
						<key>frame</key>
						<value>
							<x>900</x>
							<y>340</y>
							<w>60</w>
							<h>300</h>
						</value>
					</property>
					<property type="b">
						<key>grabFocus</key>
						<value>0</value>
					</property>
					<property type="b">
						<key>interactive</key>
						<value>0</value>
					</property>
					<property type="b">
						<key>locked</key>
						<value>0</value>
					</property>
					<property type="s">
						<key>name</key>
						<value>fader_b3</value>
					</property>
					<property type="i">
						<key>orientation</key>
						<value>0</value>
					</property>
					<property type="b">
						<key>outline</key>
						<value>0</value>
					</property>
					<property type="i">
						<key>outlineStyle</key>
						<value>1</value>
					</property>
					<property type="i">
						<key>pointerPriority</key>
						<value>0</value>
					</property>
					<property type="i">
						<key>shape</key>
						<value>1</value>
					</property>
					<property type="s">
						<key>tag</key>
						<value>fader</value>
					</property>
					<property type="b">
						<key>visible</key>
						<value>1</value>
					</property>
				</properties>
				<values>
					<value>
						<key>touch</key>
						<locked>0</locked>
						<lockedDefaultCurrent>0</lockedDefaultCurrent>
						<default>false</default>
						<defaultPull>0</defaultPull>
					</value>
				</values>
				<children>
					<node ID="788d41a9-0c54-11ef-83cb-00155d0286cb" type="FADER">
						<properties>
							<property type="b">
								<key>background</key>
								<value>0</value>
							</property>
							<property type="b">
								<key>bar</key>
								<value>0</value>
							</property>
							<property type="i">
								<key>barDisplay</key>
								<value>0</value>
							</property>
							<property type="b">
								<key>centered</key>
								<value>0</value>
							</property>
							<property type="c">
								<key>color</key>
								<value>
									<r>1</r>
									<g>1</g>
									<b>1</b>
									<a>1</a>
								</value>
							</property>
							<property type="f">
								<key>cornerRadius</key>
								<value>1</value>
							</property>
							<property type="b">
								<key>cursor</key>
								<value>1</value>
							</property>
							<property type="i">
								<key>cursorDisplay</key>
								<value>0</value>
							</property>
							<property type="r">
								<key>frame</key>
								<value>
									<x>3</x>
									<y>60</y>
									<w>54</w>
									<h>239</h>
								</value>
							</property>
							<property type="b">
								<key>grabFocus</key>
								<value>1</value>
							</property>
							<property type="b">
								<key>grid</key>
								<value>1</value>
							</property>
							<property type="c">
								<key>gridColor</key>
								<value>
									<r>1</r>
									<g>1</g>
									<b>1</b>
									<a>0.43787</a>
								</value>
							</property>
							<property type="i">
								<key>gridSteps</key>
								<value>13</value>
							</property>
							<property type="b">
								<key>interactive</key>
								<value>1</value>
							</property>
							<property type="b">
								<key>locked</key>
								<value>0</value>
							</property>
							<property type="s">
								<key>name</key>
								<value>fader</value>
							</property>
							<property type="i">
								<key>orientation</key>
								<value>0</value>
							</property>
							<property type="b">
								<key>outline</key>
								<value>0</value>
							</property>
							<property type="i">
								<key>outlineStyle</key>
								<value>1</value>
							</property>
							<property type="i">
								<key>pointerPriority</key>
								<value>0</value>
							</property>
							<property type="i">
								<key>response</key>
								<value>0</value>
							</property>
							<property type="i">
								<key>responseFactor</key>
								<value>100</value>
							</property>
							<property type="i">
								<key>shape</key>
								<value>1</value>
							</property>
							<property type="b">
								<key>visible</key>
								<value>1</value>
							</property>
						</properties>
						<values>
							<value>
								<key>x</key>
								<locked>0</locked>
								<lockedDefaultCurrent>0</lockedDefaultCurrent>
								<default>0.5</default>
								<defaultPull>0</defaultPull>
							</value>
							<value>
								<key>touch</key>
								<locked>0</locked>
								<lockedDefaultCurrent>0</lockedDefaultCurrent>
								<default>false</default>
								<defaultPull>0</defaultPull>
							</value>
						</values>
						<messages>
							<osc>
								<enabled>1</enabled>
								<send>1</send>
								<receive>1</receive>
								<feedback>0</feedback>
								<connections>11111</connections>
								<triggers>
									<trigger>
										<var>x</var>
										<condition>ANY</condition>
									</trigger>
								</triggers>
								<path>
									<partial>
										<type>CONSTANT</type>
										<conversion>STRING</conversion>
										<value>/</value>
										<scaleMin>0</scaleMin>
										<scaleMax>1</scaleMax>
									</partial>
									<partial>
										<type>PROPERTY</type>
										<conversion>STRING</conversion>
										<value>parent.name</value>
										<scaleMin>0</scaleMin>
										<scaleMax>1</scaleMax>
									</partial>
									<partial>
										<type>CONSTANT</type>
										<conversion>STRING</conversion>
										<value>/</value>
										<scaleMin>0</scaleMin>
										<scaleMax>1</scaleMax>
									</partial>
									<partial>
										<type>PROPERTY</type>
										<conversion>STRING</conversion>
										<value>name</value>
										<scaleMin>0</scaleMin>
										<scaleMax>1</scaleMax>
									</partial>
								</path>
								<arguments>
									<partial>
										<type>VALUE</type>
										<conversion>FLOAT</conversion>
										<value>x</value>
										<scaleMin>0</scaleMin>
										<scaleMax>1</scaleMax>
									</partial>
								</arguments>
							</osc>
							<osc>
								<enabled>1</enabled>
								<send>0</send>
								<receive>1</receive>
								<feedback>0</feedback>
								<connections>11111</connections>
								<triggers>
									<trigger>
										<var>x</var>
										<condition>ANY</condition>
									</trigger>
								</triggers>
								<path>
									<partial>
										<type>CONSTANT</type>
										<conversion>STRING</conversion>
										<value>/</value>
										<scaleMin>0</scaleMin>
										<scaleMax>1</scaleMax>
									</partial>
									<partial>
										<type>PROPERTY</type>
										<conversion>STRING</conversion>
										<value>parent.name</value>
										<scaleMin>0</scaleMin>
										<scaleMax>1</scaleMax>
									</partial>
								</path>
								<arguments>
									<partial>
										<type>PROPERTY</type>
										<conversion>STRING</conversion>
										<value>color</value>
										<scaleMin>0</scaleMin>
										<scaleMax>1</scaleMax>
									</partial>
								</arguments>
							</osc>
						</messages>
					</node>
					<node ID="788d41aa-0c54-11ef-a74e-00155d0286cb" type="LABEL">
						<properties>
							<property type="b">
								<key>background</key>
								<value>1</value>
							</property>
							<property type="c">
								<key>color</key>
								<value>
									<r>1</r>
									<g>1</g>
									<b>1</b>
									<a>1</a>
								</value>
							</property>
							<property type="f">
								<key>cornerRadius</key>
								<value>1</value>
							</property>
							<property type="i">
								<key>font</key>
								<value>0</value>
							</property>
							<property type="r">
								<key>frame</key>
								<value>
									<x>3</x>
									<y>3</y>
									<w>54</w>
									<h>25</h>
								</value>
							</property>
							<property type="b">
								<key>grabFocus</key>
								<value>1</value>
							</property>
							<property type="b">
								<key>interactive</key>
								<value>0</value>
							</property>
							<property type="b">
								<key>locked</key>
								<value>0</value>
							</property>
							<property type="s">
								<key>name</key>
								<value>caption</value>
							</property>
							<property type="i">
								<key>orientation</key>
								<value>0</value>
							</property>
							<property type="b">
								<key>outline</key>
								<value>1</value>
							</property>
							<property type="i">
								<key>outlineStyle</key>
								<value>0</value>
							</property>
							<property type="i">
								<key>pointerPriority</key>
								<value>0</value>
							</property>
							<property type="i">
								<key>shape</key>
								<value>1</value>
							</property>
							<property type="i">
								<key>textAlignH</key>
								<value>2</value>
							</property>
							<property type="i">
								<key>textAlignV</key>
								<value>2</value>
							</property>
							<property type="b">
								<key>textClip</key>
								<value>1</value>
							</property>
							<property type="c">
								<key>textColor</key>
								<value>
									<r>1</r>
									<g>1</g>
									<b>1</b>
									<a>1</a>
								</value>
							</property>
							<property type="i">
								<key>textLength</key>
								<value>0</value>
							</property>
							<property type="i">
								<key>textSize</key>
								<value>12</value>
							</property>
							<property type="b">
								<key>visible</key>
								<value>1</value>
							</property>
						</properties>
						<values>
							<value>
								<key>text</key>
								<locked>0</locked>
								<lockedDefaultCurrent>1</lockedDefaultCurrent>
								<default>Fader B3</default>
								<defaultPull>0</defaultPull>
							</value>
							<value>
								<key>touch</key>
								<locked>0</locked>
								<lockedDefaultCurrent>0</lockedDefaultCurrent>
								<default>false</default>
								<defaultPull>0</defaultPull>
							</value>
						</values>
						<messages>
							<osc>
								<enabled>1</enabled>
								<send>0</send>
								<receive>1</receive>
								<feedback>0</feedback>
								<connections>11111</connections>
								<triggers>
									<trigger>
										<var>text</var>
										<condition>ANY</condition>
									</trigger>
								</triggers>
								<path>
									<partial>
										<type>CONSTANT</type>
										<conversion>STRING</conversion>
										<value>/</value>
										<scaleMin>0</scaleMin>
										<scaleMax>1</scaleMax>
									</partial>
									<partial>
										<type>PROPERTY</type>
										<conversion>STRING</conversion>
										<value>parent.name</value>
										<scaleMin>0</scaleMin>
										<scaleMax>1</scaleMax>
									</partial>
									<partial>
										<type>CONSTANT</type>
										<conversion>STRING</conversion>
										<value>/</value>
										<scaleMin>0</scaleMin>
										<scaleMax>1</scaleMax>
									</partial>
									<partial>
										<type>PROPERTY</type>
										<conversion>STRING</conversion>
										<value>name</value>
										<scaleMin>0</scaleMin>
										<scaleMax>1</scaleMax>
									</partial>
								</path>
								<arguments>
									<partial>
										<type>VALUE</type>
										<conversion>STRING</conversion>
										<value>text</value>
										<scaleMin>0</scaleMin>
										<scaleMax>1</scaleMax>
									</partial>
								</arguments>
							</osc>
							<osc>
								<enabled>1</enabled>
								<send>0</send>
								<receive>1</receive>
								<feedback>0</feedback>
								<connections>11111</connections>
								<triggers>
									<trigger>
										<var>text</var>
										<condition>ANY</condition>
									</trigger>
								</triggers>
								<path>
									<partial>
										<type>CONSTANT</type>
										<conversion>STRING</conversion>
										<value>/</value>
										<scaleMin>0</scaleMin>
										<scaleMax>1</scaleMax>
									</partial>
									<partial>
										<type>PROPERTY</type>
										<conversion>STRING</conversion>
										<value>parent.name</value>
										<scaleMin>0</scaleMin>
										<scaleMax>1</scaleMax>
									</partial>
								</path>
								<arguments>
									<partial>
										<type>PROPERTY</type>
										<conversion>STRING</conversion>
										<value>color</value>
										<scaleMin>0</scaleMin>
										<scaleMax>1</scaleMax>
									</partial>
								</arguments>
							</osc>
						</messages>
					</node>
					<node ID="788d41ab-0c54-11ef-987c-00155d0286cb" type="LABEL">
						<properties>
							<property type="b">
								<key>background</key>
								<value>0</value>
							</property>
							<property type="c">
								<key>color</key>
								<value>
									<r>1</r>
									<g>1</g>
									<b>1</b>
									<a>1</a>
								</value>
							</property>
							<property type="f">
								<key>cornerRadius</key>
								<value>1</value>
							</property>
							<property type="i">
								<key>font</key>
								<value>0</value>
							</property>
							<property type="r">
								<key>frame</key>
								<value>
									<x>3</x>
									<y>31</y>
									<w>54</w>
									<h>25</h>
								</value>
							</property>
							<property type="b">
								<key>grabFocus</key>
								<value>1</value>
							</property>
							<property type="b">
								<key>interactive</key>
								<value>0</value>
							</property>
							<property type="b">
								<key>locked</key>
								<value>0</value>
							</property>
							<property type="s">
								<key>name</key>
								<value>value</value>
							</property>
							<property type="i">
								<key>orientation</key>
								<value>0</value>
							</property>
							<property type="b">
								<key>outline</key>
								<value>0</value>
							</property>
							<property type="i">
								<key>outlineStyle</key>
								<value>1</value>
							</property>
							<property type="i">
								<key>pointerPriority</key>
								<value>0</value>
							</property>
							<property type="i">
								<key>shape</key>
								<value>1</value>
							</property>
							<property type="i">
								<key>textAlignH</key>
								<value>2</value>
							</property>
							<property type="i">
								<key>textAlignV</key>
								<value>2</value>
							</property>
							<property type="b">
								<key>textClip</key>
								<value>1</value>
							</property>
							<property type="c">
								<key>textColor</key>
								<value>
									<r>1</r>
									<g>1</g>
									<b>1</b>
									<a>1</a>
								</value>
							</property>
							<property type="i">
								<key>textLength</key>
								<value>0</value>
							</property>
							<property type="i">
								<key>textSize</key>
								<value>14</value>
							</property>
							<property type="b">
								<key>visible</key>
								<value>1</value>
							</property>
						</properties>
						<values>
							<value>
								<key>text</key>
								<locked>0</locked>
								<lockedDefaultCurrent>1</lockedDefaultCurrent>
								<default>127</default>
								<defaultPull>0</defaultPull>
							</value>
							<value>
								<key>touch</key>
								<locked>0</locked>
								<lockedDefaultCurrent>0</lockedDefaultCurrent>
								<default>false</default>
								<defaultPull>0</defaultPull>
							</value>
						</values>
						<messages>
							<osc>
								<enabled>1</enabled>
								<send>0</send>
								<receive>1</receive>
								<feedback>0</feedback>
								<connections>11111</connections>
								<triggers>
									<trigger>
										<var>text</var>
										<condition>ANY</condition>
									</trigger>
								</triggers>
								<path>
									<partial>
										<type>CONSTANT</type>
										<conversion>STRING</conversion>
										<value>/</value>
										<scaleMin>0</scaleMin>
										<scaleMax>1</scaleMax>
									</partial>
									<partial>
										<type>PROPERTY</type>
										<conversion>STRING</conversion>
										<value>parent.name</value>
										<scaleMin>0</scaleMin>
										<scaleMax>1</scaleMax>
									</partial>
									<partial>
										<type>CONSTANT</type>
										<conversion>STRING</conversion>
										<value>/</value>
										<scaleMin>0</scaleMin>
										<scaleMax>1</scaleMax>
									</partial>
									<partial>
										<type>PROPERTY</type>
										<conversion>STRING</conversion>
										<value>name</value>
										<scaleMin>0</scaleMin>
										<scaleMax>1</scaleMax>
									</partial>
								</path>
								<arguments>
									<partial>
										<type>VALUE</type>
										<conversion>STRING</conversion>
										<value>text</value>
										<scaleMin>0</scaleMin>
										<scaleMax>1</scaleMax>
									</partial>
								</arguments>
							</osc>
						</messages>
					</node>
				</children>
			</node>
			<node ID="d41aa972-2e17-11ef-b40f-d067e5f32571" type="GROUP">
				<properties>
					<property type="b">
						<key>background</key>
						<value>1</value>
					</property>
					<property type="c">
						<key>color</key>
						<value>
							<r>1</r>
							<g>1</g>
							<b>1</b>
							<a>0.705882</a>
						</value>
					</property>
					<property type="f">
						<key>cornerRadius</key>
						<value>1</value>
					</property>
					<property type="r">
						<key>frame</key>
						<value>
							<x>260</x>
							<y>20</y>
							<w>140</w>
							<h>300</h>
						</value>
					</property>
					<property type="b">
						<key>grabFocus</key>
						<value>0</value>
					</property>
					<property type="b">
						<key>interactive</key>
						<value>0</value>
					</property>
					<property type="b">
						<key>locked</key>
						<value>0</value>
					</property>
					<property type="s">
						<key>name</key>
						<value>radio_a</value>
					</property>
					<property type="i">
						<key>orientation</key>
						<value>0</value>
					</property>
					<property type="b">
						<key>outline</key>
						<value>0</value>
					</property>
					<property type="i">
						<key>outlineStyle</key>
						<value>1</value>
					</property>
					<property type="i">
						<key>pointerPriority</key>
						<value>0</value>
					</property>
					<property type="i">
						<key>shape</key>
						<value>1</value>
					</property>
					<property type="s">
						<key>tag</key>
						<value>radio</value>
					</property>
					<property type="b">
						<key>visible</key>
						<value>1</value>
					</property>
				</properties>
				<values>
					<value>
						<key>touch</key>
						<locked>0</locked>
						<lockedDefaultCurrent>0</lockedDefaultCurrent>
						<default>false</default>
						<defaultPull>0</defaultPull>
					</value>
				</values>
				<children>
					<node ID="d41aa973-2e17-11ef-ac3d-d067e5f32571" type="RADIO">
						<properties>
							<property type="b">
								<key>background</key>
								<value>1</value>
							</property>
							<property type="c">
								<key>color</key>
								<value>
									<r>1</r>
									<g>1</g>
									<b>1</b>
									<a>1</a>
								</value>
							</property>
							<property type="f">
								<key>cornerRadius</key>
								<value>1</value>
							</property>
							<property type="r">
								<key>frame</key>
								<value>
									<x>3</x>
									<y>34</y>
									<w>60</w>
									<h>263</h>
								</value>
							</property>
							<property type="b">
								<key>grabFocus</key>
								<value>1</value>
							</property>
							<property type="b">
								<key>interactive</key>
								<value>1</value>
							</property>
							<property type="b">
								<key>locked</key>
								<value>0</value>
							</property>
							<property type="s">
								<key>name</key>
								<value>radio</value>
							</property>
							<property type="i">
								<key>orientation</key>
								<value>2</value>
							</property>
							<property type="b">
								<key>outline</key>
								<value>0</value>
							</property>
							<property type="i">
								<key>outlineStyle</key>
								<value>1</value>
							</property>
							<property type="i">
								<key>pointerPriority</key>
								<value>0</value>
							</property>
							<property type="i">
								<key>radioType</key>
								<value>0</value>
							</property>
							<property type="i">
								<key>shape</key>
								<value>1</value>
							</property>
							<property type="i">
								<key>steps</key>
								<value>5</value>
							</property>
							<property type="b">
								<key>visible</key>
								<value>1</value>
							</property>
						</properties>
						<values>
							<value>
								<key>x</key>
								<locked>0</locked>
								<lockedDefaultCurrent>0</lockedDefaultCurrent>
								<default>0</default>
								<defaultPull>0</defaultPull>
							</value>
							<value>
								<key>touch</key>
								<locked>0</locked>
								<lockedDefaultCurrent>0</lockedDefaultCurrent>
								<default>false</default>
								<defaultPull>0</defaultPull>
							</value>
						</values>
						<messages>
							<osc>
								<enabled>1</enabled>
								<send>1</send>
								<receive>1</receive>
								<feedback>0</feedback>
								<connections>11111</connections>
								<triggers>
									<trigger>
										<var>x</var>
										<condition>ANY</condition>
									</trigger>
								</triggers>
								<path>
									<partial>
										<type>CONSTANT</type>
										<conversion>STRING</conversion>
										<value>/</value>
										<scaleMin>0</scaleMin>
										<scaleMax>1</scaleMax>
									</partial>
									<partial>
										<type>PROPERTY</type>
										<conversion>STRING</conversion>
										<value>parent.name</value>
										<scaleMin>0</scaleMin>
										<scaleMax>1</scaleMax>
									</partial>
									<partial>
										<type>CONSTANT</type>
										<conversion>STRING</conversion>
										<value>/</value>
										<scaleMin>0</scaleMin>
										<scaleMax>1</scaleMax>
									</partial>
									<partial>
										<type>PROPERTY</type>
										<conversion>STRING</conversion>
										<value>name</value>
										<scaleMin>0</scaleMin>
										<scaleMax>1</scaleMax>
									</partial>
								</path>
								<arguments>
									<partial>
										<type>VALUE</type>
										<conversion>INTEGER</conversion>
										<value>x</value>
										<scaleMin>0</scaleMin>
										<scaleMax>1</scaleMax>
									</partial>
								</arguments>
							</osc>
						</messages>
					</node>
					<node ID="d41aa974-2e17-11ef-a5df-d067e5f32571" type="LABEL">
						<properties>
							<property type="b">
								<key>background</key>
								<value>1</value>
							</property>
							<property type="c">
								<key>color</key>
								<value>
									<r>1</r>
									<g>1</g>
									<b>1</b>
									<a>1</a>
								</value>
							</property>
							<property type="f">
								<key>cornerRadius</key>
								<value>1</value>
							</property>
							<property type="i">
								<key>font</key>
								<value>0</value>
							</property>
							<property type="r">
								<key>frame</key>
								<value>
									<x>3</x>
									<y>3</y>
									<w>134</w>
									<h>25</h>
								</value>
							</property>
							<property type="b">
								<key>grabFocus</key>
								<value>1</value>
							</property>
							<property type="b">
								<key>interactive</key>
								<value>0</value>
							</property>
							<property type="b">
								<key>locked</key>
								<value>0</value>
							</property>
							<property type="s">
								<key>name</key>
								<value>caption</value>
							</property>
							<property type="i">
								<key>orientation</key>
								<value>0</value>
							</property>
							<property type="b">
								<key>outline</key>
								<value>1</value>
							</property>
							<property type="i">
								<key>outlineStyle</key>
								<value>0</value>
							</property>
							<property type="i">
								<key>pointerPriority</key>
								<value>0</value>
							</property>
							<property type="i">
								<key>shape</key>
								<value>1</value>
							</property>
							<property type="i">
								<key>textAlignH</key>
								<value>2</value>
							</property>
							<property type="i">
								<key>textAlignV</key>
								<value>2</value>
							</property>
							<property type="b">
								<key>textClip</key>
								<value>1</value>
							</property>
							<property type="c">
								<key>textColor</key>
								<value>
									<r>1</r>
									<g>1</g>
									<b>1</b>
									<a>1</a>
								</value>
							</property>
							<property type="i">
								<key>textLength</key>
								<value>0</value>
							</property>
							<property type="i">
								<key>textSize</key>
								<value>12</value>
							</property>
							<property type="b">
								<key>visible</key>
								<value>1</value>
							</property>
						</properties>
						<values>
							<value>
								<key>text</key>
								<locked>0</locked>
								<lockedDefaultCurrent>1</lockedDefaultCurrent>
								<default>Radio A</default>
								<defaultPull>0</defaultPull>
							</value>
							<value>
								<key>touch</key>
								<locked>0</locked>
								<lockedDefaultCurrent>0</lockedDefaultCurrent>
								<default>false</default>
								<defaultPull>0</defaultPull>
							</value>
						</values>
						<messages>
							<osc>
								<enabled>1</enabled>
								<send>0</send>
								<receive>1</receive>
								<feedback>0</feedback>
								<connections>11111</connections>
								<triggers>
									<trigger>
										<var>text</var>
										<condition>ANY</condition>
									</trigger>
								</triggers>
								<path>
									<partial>
										<type>CONSTANT</type>
										<conversion>STRING</conversion>
										<value>/</value>
										<scaleMin>0</scaleMin>
										<scaleMax>1</scaleMax>
									</partial>
									<partial>
										<type>PROPERTY</type>
										<conversion>STRING</conversion>
										<value>parent.name</value>
										<scaleMin>0</scaleMin>
										<scaleMax>1</scaleMax>
									</partial>
									<partial>
										<type>CONSTANT</type>
										<conversion>STRING</conversion>
										<value>/</value>
										<scaleMin>0</scaleMin>
										<scaleMax>1</scaleMax>
									</partial>
									<partial>
										<type>PROPERTY</type>
										<conversion>STRING</conversion>
										<value>name</value>
										<scaleMin>0</scaleMin>
										<scaleMax>1</scaleMax>
									</partial>
								</path>
								<arguments>
									<partial>
										<type>VALUE</type>
										<conversion>STRING</conversion>
										<value>text</value>
										<scaleMin>0</scaleMin>
										<scaleMax>1</scaleMax>
									</partial>
								</arguments>
							</osc>
							<osc>
								<enabled>1</enabled>
								<send>0</send>
								<receive>1</receive>
								<feedback>0</feedback>
								<connections>11111</connections>
								<triggers>
									<trigger>
										<var>text</var>
										<condition>ANY</condition>
									</trigger>
								</triggers>
								<path>
									<partial>
										<type>CONSTANT</type>
										<conversion>STRING</conversion>
										<value>/</value>
										<scaleMin>0</scaleMin>
										<scaleMax>1</scaleMax>
									</partial>
									<partial>
										<type>PROPERTY</type>
										<conversion>STRING</conversion>
										<value>parent.name</value>
										<scaleMin>0</scaleMin>
										<scaleMax>1</scaleMax>
									</partial>
								</path>
								<arguments>
									<partial>
										<type>PROPERTY</type>
										<conversion>STRING</conversion>
										<value>color</value>
										<scaleMin>0</scaleMin>
										<scaleMax>1</scaleMax>
									</partial>
								</arguments>
							</osc>
						</messages>
					</node>
					<node ID="d41aa975-2e17-11ef-96dd-d067e5f32571" type="LABEL">
						<properties>
							<property type="b">
								<key>background</key>
								<value>0</value>
							</property>
							<property type="c">
								<key>color</key>
								<value>
									<r>1</r>
									<g>0</g>
									<b>0</b>
									<a>1</a>
								</value>
							</property>
							<property type="f">
								<key>cornerRadius</key>
								<value>1</value>
							</property>
							<property type="i">
								<key>font</key>
								<value>0</value>
							</property>
							<property type="r">
								<key>frame</key>
								<value>
									<x>75</x>
									<y>49</y>
									<w>60</w>
									<h>25</h>
								</value>
							</property>
							<property type="b">
								<key>grabFocus</key>
								<value>0</value>
							</property>
							<property type="b">
								<key>interactive</key>
								<value>0</value>
							</property>
							<property type="b">
								<key>locked</key>
								<value>0</value>
							</property>
							<property type="s">
								<key>name</key>
								<value>label1</value>
							</property>
							<property type="i">
								<key>orientation</key>
								<value>0</value>
							</property>
							<property type="b">
								<key>outline</key>
								<value>0</value>
							</property>
							<property type="i">
								<key>outlineStyle</key>
								<value>1</value>
							</property>
							<property type="i">
								<key>pointerPriority</key>
								<value>0</value>
							</property>
							<property type="i">
								<key>shape</key>
								<value>1</value>
							</property>
							<property type="i">
								<key>textAlignH</key>
								<value>1</value>
							</property>
							<property type="i">
								<key>textAlignV</key>
								<value>2</value>
							</property>
							<property type="b">
								<key>textClip</key>
								<value>1</value>
							</property>
							<property type="c">
								<key>textColor</key>
								<value>
									<r>1</r>
									<g>1</g>
									<b>1</b>
									<a>1</a>
								</value>
							</property>
							<property type="i">
								<key>textLength</key>
								<value>0</value>
							</property>
							<property type="i">
								<key>textSize</key>
								<value>14</value>
							</property>
							<property type="b">
								<key>visible</key>
								<value>1</value>
							</property>
						</properties>
						<values>
							<value>
								<key>text</key>
								<locked>0</locked>
								<lockedDefaultCurrent>1</lockedDefaultCurrent>
								<default>label1</default>
								<defaultPull>0</defaultPull>
							</value>
							<value>
								<key>touch</key>
								<locked>0</locked>
								<lockedDefaultCurrent>0</lockedDefaultCurrent>
								<default>false</default>
								<defaultPull>0</defaultPull>
							</value>
						</values>
						<messages>
							<osc>
								<enabled>1</enabled>
								<send>1</send>
								<receive>1</receive>
								<feedback>0</feedback>
								<connections>11111</connections>
								<triggers>
									<trigger>
										<var>text</var>
										<condition>ANY</condition>
									</trigger>
								</triggers>
								<path>
									<partial>
										<type>CONSTANT</type>
										<conversion>STRING</conversion>
										<value>/</value>
										<scaleMin>0</scaleMin>
										<scaleMax>1</scaleMax>
									</partial>
									<partial>
										<type>PROPERTY</type>
										<conversion>STRING</conversion>
										<value>parent.name</value>
										<scaleMin>0</scaleMin>
										<scaleMax>1</scaleMax>
									</partial>
									<partial>
										<type>CONSTANT</type>
										<conversion>STRING</conversion>
										<value>/</value>
										<scaleMin>0</scaleMin>
										<scaleMax>1</scaleMax>
									</partial>
									<partial>
										<type>PROPERTY</type>
										<conversion>STRING</conversion>
										<value>name</value>
										<scaleMin>0</scaleMin>
										<scaleMax>1</scaleMax>
									</partial>
								</path>
								<arguments>
									<partial>
										<type>VALUE</type>
										<conversion>STRING</conversion>
										<value>text</value>
										<scaleMin>0</scaleMin>
										<scaleMax>1</scaleMax>
									</partial>
								</arguments>
							</osc>
						</messages>
					</node>
					<node ID="d41aa976-2e17-11ef-8574-d067e5f32571" type="LABEL">
						<properties>
							<property type="b">
								<key>background</key>
								<value>0</value>
							</property>
							<property type="c">
								<key>color</key>
								<value>
									<r>1</r>
									<g>0</g>
									<b>0</b>
									<a>1</a>
								</value>
							</property>
							<property type="f">
								<key>cornerRadius</key>
								<value>1</value>
							</property>
							<property type="i">
								<key>font</key>
								<value>0</value>
							</property>
							<property type="r">
								<key>frame</key>
								<value>
									<x>75</x>
									<y>101</y>
									<w>60</w>
									<h>25</h>
								</value>
							</property>
							<property type="b">
								<key>grabFocus</key>
								<value>0</value>
							</property>
							<property type="b">
								<key>interactive</key>
								<value>0</value>
							</property>
							<property type="b">
								<key>locked</key>
								<value>0</value>
							</property>
							<property type="s">
								<key>name</key>
								<value>label2</value>
							</property>
							<property type="i">
								<key>orientation</key>
								<value>0</value>
							</property>
							<property type="b">
								<key>outline</key>
								<value>0</value>
							</property>
							<property type="i">
								<key>outlineStyle</key>
								<value>1</value>
							</property>
							<property type="i">
								<key>pointerPriority</key>
								<value>0</value>
							</property>
							<property type="i">
								<key>shape</key>
								<value>1</value>
							</property>
							<property type="i">
								<key>textAlignH</key>
								<value>1</value>
							</property>
							<property type="i">
								<key>textAlignV</key>
								<value>2</value>
							</property>
							<property type="b">
								<key>textClip</key>
								<value>1</value>
							</property>
							<property type="c">
								<key>textColor</key>
								<value>
									<r>1</r>
									<g>1</g>
									<b>1</b>
									<a>1</a>
								</value>
							</property>
							<property type="i">
								<key>textLength</key>
								<value>0</value>
							</property>
							<property type="i">
								<key>textSize</key>
								<value>14</value>
							</property>
							<property type="b">
								<key>visible</key>
								<value>1</value>
							</property>
						</properties>
						<values>
							<value>
								<key>text</key>
								<locked>0</locked>
								<lockedDefaultCurrent>1</lockedDefaultCurrent>
								<default>label2</default>
								<defaultPull>0</defaultPull>
							</value>
							<value>
								<key>touch</key>
								<locked>0</locked>
								<lockedDefaultCurrent>0</lockedDefaultCurrent>
								<default>false</default>
								<defaultPull>0</defaultPull>
							</value>
						</values>
						<messages>
							<osc>
								<enabled>1</enabled>
								<send>1</send>
								<receive>1</receive>
								<feedback>0</feedback>
								<connections>11111</connections>
								<triggers>
									<trigger>
										<var>text</var>
										<condition>ANY</condition>
									</trigger>
								</triggers>
								<path>
									<partial>
										<type>CONSTANT</type>
										<conversion>STRING</conversion>
										<value>/</value>
										<scaleMin>0</scaleMin>
										<scaleMax>1</scaleMax>
									</partial>
									<partial>
										<type>PROPERTY</type>
										<conversion>STRING</conversion>
										<value>parent.name</value>
										<scaleMin>0</scaleMin>
										<scaleMax>1</scaleMax>
									</partial>
									<partial>
										<type>CONSTANT</type>
										<conversion>STRING</conversion>
										<value>/</value>
										<scaleMin>0</scaleMin>
										<scaleMax>1</scaleMax>
									</partial>
									<partial>
										<type>PROPERTY</type>
										<conversion>STRING</conversion>
										<value>name</value>
										<scaleMin>0</scaleMin>
										<scaleMax>1</scaleMax>
									</partial>
								</path>
								<arguments>
									<partial>
										<type>VALUE</type>
										<conversion>STRING</conversion>
										<value>text</value>
										<scaleMin>0</scaleMin>
										<scaleMax>1</scaleMax>
									</partial>
								</arguments>
							</osc>
						</messages>
					</node>
					<node ID="d41aa977-2e17-11ef-b21c-d067e5f32571" type="LABEL">
						<properties>
							<property type="b">
								<key>background</key>
								<value>0</value>
							</property>
							<property type="c">
								<key>color</key>
								<value>
									<r>1</r>
									<g>0</g>
									<b>0</b>
									<a>1</a>
								</value>
							</property>
							<property type="f">
								<key>cornerRadius</key>
								<value>1</value>
							</property>
							<property type="i">
								<key>font</key>
								<value>0</value>
							</property>
							<property type="r">
								<key>frame</key>
								<value>
									<x>75</x>
									<y>153</y>
									<w>60</w>
									<h>25</h>
								</value>
							</property>
							<property type="b">
								<key>grabFocus</key>
								<value>0</value>
							</property>
							<property type="b">
								<key>interactive</key>
								<value>0</value>
							</property>
							<property type="b">
								<key>locked</key>
								<value>0</value>
							</property>
							<property type="s">
								<key>name</key>
								<value>label3</value>
							</property>
							<property type="i">
								<key>orientation</key>
								<value>0</value>
							</property>
							<property type="b">
								<key>outline</key>
								<value>0</value>
							</property>
							<property type="i">
								<key>outlineStyle</key>
								<value>1</value>
							</property>
							<property type="i">
								<key>pointerPriority</key>
								<value>0</value>
							</property>
							<property type="i">
								<key>shape</key>
								<value>1</value>
							</property>
							<property type="i">
								<key>textAlignH</key>
								<value>1</value>
							</property>
							<property type="i">
								<key>textAlignV</key>
								<value>2</value>
							</property>
							<property type="b">
								<key>textClip</key>
								<value>1</value>
							</property>
							<property type="c">
								<key>textColor</key>
								<value>
									<r>1</r>
									<g>1</g>
									<b>1</b>
									<a>1</a>
								</value>
							</property>
							<property type="i">
								<key>textLength</key>
								<value>0</value>
							</property>
							<property type="i">
								<key>textSize</key>
								<value>14</value>
							</property>
							<property type="b">
								<key>visible</key>
								<value>1</value>
							</property>
						</properties>
						<values>
							<value>
								<key>text</key>
								<locked>0</locked>
								<lockedDefaultCurrent>1</lockedDefaultCurrent>
								<default>label3</default>
								<defaultPull>0</defaultPull>
							</value>
							<value>
								<key>touch</key>
								<locked>0</locked>
								<lockedDefaultCurrent>0</lockedDefaultCurrent>
								<default>false</default>
								<defaultPull>0</defaultPull>
							</value>
						</values>
						<messages>
							<osc>
								<enabled>1</enabled>
								<send>1</send>
								<receive>1</receive>
								<feedback>0</feedback>
								<connections>11111</connections>
								<triggers>
									<trigger>
										<var>text</var>
										<condition>ANY</condition>
									</trigger>
								</triggers>
								<path>
									<partial>
										<type>CONSTANT</type>
										<conversion>STRING</conversion>
										<value>/</value>
										<scaleMin>0</scaleMin>
										<scaleMax>1</scaleMax>
									</partial>
									<partial>
										<type>PROPERTY</type>
										<conversion>STRING</conversion>
										<value>parent.name</value>
										<scaleMin>0</scaleMin>
										<scaleMax>1</scaleMax>
									</partial>
									<partial>
										<type>CONSTANT</type>
										<conversion>STRING</conversion>
										<value>/</value>
										<scaleMin>0</scaleMin>
										<scaleMax>1</scaleMax>
									</partial>
									<partial>
										<type>PROPERTY</type>
										<conversion>STRING</conversion>
										<value>name</value>
										<scaleMin>0</scaleMin>
										<scaleMax>1</scaleMax>
									</partial>
								</path>
								<arguments>
									<partial>
										<type>VALUE</type>
										<conversion>STRING</conversion>
										<value>text</value>
										<scaleMin>0</scaleMin>
										<scaleMax>1</scaleMax>
									</partial>
								</arguments>
							</osc>
						</messages>
					</node>
					<node ID="d41aa978-2e17-11ef-81aa-d067e5f32571" type="LABEL">
						<properties>
							<property type="b">
								<key>background</key>
								<value>0</value>
							</property>
							<property type="c">
								<key>color</key>
								<value>
									<r>1</r>
									<g>0</g>
									<b>0</b>
									<a>1</a>
								</value>
							</property>
							<property type="f">
								<key>cornerRadius</key>
								<value>1</value>
							</property>
							<property type="i">
								<key>font</key>
								<value>0</value>
							</property>
							<property type="r">
								<key>frame</key>
								<value>
									<x>75</x>
									<y>205</y>
									<w>60</w>
									<h>25</h>
								</value>
							</property>
							<property type="b">
								<key>grabFocus</key>
								<value>0</value>
							</property>
							<property type="b">
								<key>interactive</key>
								<value>0</value>
							</property>
							<property type="b">
								<key>locked</key>
								<value>0</value>
							</property>
							<property type="s">
								<key>name</key>
								<value>label4</value>
							</property>
							<property type="i">
								<key>orientation</key>
								<value>0</value>
							</property>
							<property type="b">
								<key>outline</key>
								<value>0</value>
							</property>
							<property type="i">
								<key>outlineStyle</key>
								<value>1</value>
							</property>
							<property type="i">
								<key>pointerPriority</key>
								<value>0</value>
							</property>
							<property type="i">
								<key>shape</key>
								<value>1</value>
							</property>
							<property type="i">
								<key>textAlignH</key>
								<value>1</value>
							</property>
							<property type="i">
								<key>textAlignV</key>
								<value>2</value>
							</property>
							<property type="b">
								<key>textClip</key>
								<value>1</value>
							</property>
							<property type="c">
								<key>textColor</key>
								<value>
									<r>1</r>
									<g>1</g>
									<b>1</b>
									<a>1</a>
								</value>
							</property>
							<property type="i">
								<key>textLength</key>
								<value>0</value>
							</property>
							<property type="i">
								<key>textSize</key>
								<value>14</value>
							</property>
							<property type="b">
								<key>visible</key>
								<value>1</value>
							</property>
						</properties>
						<values>
							<value>
								<key>text</key>
								<locked>0</locked>
								<lockedDefaultCurrent>1</lockedDefaultCurrent>
								<default>label4</default>
								<defaultPull>0</defaultPull>
							</value>
							<value>
								<key>touch</key>
								<locked>0</locked>
								<lockedDefaultCurrent>0</lockedDefaultCurrent>
								<default>false</default>
								<defaultPull>0</defaultPull>
							</value>
						</values>
						<messages>
							<osc>
								<enabled>1</enabled>
								<send>1</send>
								<receive>1</receive>
								<feedback>0</feedback>
								<connections>11111</connections>
								<triggers>
									<trigger>
										<var>text</var>
										<condition>ANY</condition>
									</trigger>
								</triggers>
								<path>
									<partial>
										<type>CONSTANT</type>
										<conversion>STRING</conversion>
										<value>/</value>
										<scaleMin>0</scaleMin>
										<scaleMax>1</scaleMax>
									</partial>
									<partial>
										<type>PROPERTY</type>
										<conversion>STRING</conversion>
										<value>parent.name</value>
										<scaleMin>0</scaleMin>
										<scaleMax>1</scaleMax>
									</partial>
									<partial>
										<type>CONSTANT</type>
										<conversion>STRING</conversion>
										<value>/</value>
										<scaleMin>0</scaleMin>
										<scaleMax>1</scaleMax>
									</partial>
									<partial>
										<type>PROPERTY</type>
										<conversion>STRING</conversion>
										<value>name</value>
										<scaleMin>0</scaleMin>
										<scaleMax>1</scaleMax>
									</partial>
								</path>
								<arguments>
									<partial>
										<type>VALUE</type>
										<conversion>STRING</conversion>
										<value>text</value>
										<scaleMin>0</scaleMin>
										<scaleMax>1</scaleMax>
									</partial>
								</arguments>
							</osc>
						</messages>
					</node>
					<node ID="d41aa979-2e17-11ef-beb0-d067e5f32571" type="LABEL">
						<properties>
							<property type="b">
								<key>background</key>
								<value>0</value>
							</property>
							<property type="c">
								<key>color</key>
								<value>
									<r>1</r>
									<g>0</g>
									<b>0</b>
									<a>1</a>
								</value>
							</property>
							<property type="f">
								<key>cornerRadius</key>
								<value>1</value>
							</property>
							<property type="i">
								<key>font</key>
								<value>0</value>
							</property>
							<property type="r">
								<key>frame</key>
								<value>
									<x>75</x>
									<y>257</y>
									<w>60</w>
									<h>25</h>
								</value>
							</property>
							<property type="b">
								<key>grabFocus</key>
								<value>0</value>
							</property>
							<property type="b">
								<key>interactive</key>
								<value>0</value>
							</property>
							<property type="b">
								<key>locked</key>
								<value>0</value>
							</property>
							<property type="s">
								<key>name</key>
								<value>label5</value>
							</property>
							<property type="i">
								<key>orientation</key>
								<value>0</value>
							</property>
							<property type="b">
								<key>outline</key>
								<value>0</value>
							</property>
							<property type="i">
								<key>outlineStyle</key>
								<value>1</value>
							</property>
							<property type="i">
								<key>pointerPriority</key>
								<value>0</value>
							</property>
							<property type="i">
								<key>shape</key>
								<value>1</value>
							</property>
							<property type="i">
								<key>textAlignH</key>
								<value>1</value>
							</property>
							<property type="i">
								<key>textAlignV</key>
								<value>2</value>
							</property>
							<property type="b">
								<key>textClip</key>
								<value>1</value>
							</property>
							<property type="c">
								<key>textColor</key>
								<value>
									<r>1</r>
									<g>1</g>
									<b>1</b>
									<a>1</a>
								</value>
							</property>
							<property type="i">
								<key>textLength</key>
								<value>0</value>
							</property>
							<property type="i">
								<key>textSize</key>
								<value>14</value>
							</property>
							<property type="b">
								<key>visible</key>
								<value>1</value>
							</property>
						</properties>
						<values>
							<value>
								<key>text</key>
								<locked>0</locked>
								<lockedDefaultCurrent>1</lockedDefaultCurrent>
								<default>label5</default>
								<defaultPull>0</defaultPull>
							</value>
							<value>
								<key>touch</key>
								<locked>0</locked>
								<lockedDefaultCurrent>0</lockedDefaultCurrent>
								<default>false</default>
								<defaultPull>0</defaultPull>
							</value>
						</values>
						<messages>
							<osc>
								<enabled>1</enabled>
								<send>1</send>
								<receive>1</receive>
								<feedback>0</feedback>
								<connections>11111</connections>
								<triggers>
									<trigger>
										<var>text</var>
										<condition>ANY</condition>
									</trigger>
								</triggers>
								<path>
									<partial>
										<type>CONSTANT</type>
										<conversion>STRING</conversion>
										<value>/</value>
										<scaleMin>0</scaleMin>
										<scaleMax>1</scaleMax>
									</partial>
									<partial>
										<type>PROPERTY</type>
										<conversion>STRING</conversion>
										<value>parent.name</value>
										<scaleMin>0</scaleMin>
										<scaleMax>1</scaleMax>
									</partial>
									<partial>
										<type>CONSTANT</type>
										<conversion>STRING</conversion>
										<value>/</value>
										<scaleMin>0</scaleMin>
										<scaleMax>1</scaleMax>
									</partial>
									<partial>
										<type>PROPERTY</type>
										<conversion>STRING</conversion>
										<value>name</value>
										<scaleMin>0</scaleMin>
										<scaleMax>1</scaleMax>
									</partial>
								</path>
								<arguments>
									<partial>
										<type>VALUE</type>
										<conversion>STRING</conversion>
										<value>text</value>
										<scaleMin>0</scaleMin>
										<scaleMax>1</scaleMax>
									</partial>
								</arguments>
							</osc>
						</messages>
					</node>
				</children>
			</node>
			<node ID="d62a2ba2-2e17-11ef-998a-d067e5f32571" type="GROUP">
				<properties>
					<property type="b">
						<key>background</key>
						<value>1</value>
					</property>
					<property type="c">
						<key>color</key>
						<value>
							<r>1</r>
							<g>1</g>
							<b>1</b>
							<a>0.705882</a>
						</value>
					</property>
					<property type="f">
						<key>cornerRadius</key>
						<value>1</value>
					</property>
					<property type="r">
						<key>frame</key>
						<value>
							<x>260</x>
							<y>340</y>
							<w>140</w>
							<h>300</h>
						</value>
					</property>
					<property type="b">
						<key>grabFocus</key>
						<value>0</value>
					</property>
					<property type="b">
						<key>interactive</key>
						<value>0</value>
					</property>
					<property type="b">
						<key>locked</key>
						<value>0</value>
					</property>
					<property type="s">
						<key>name</key>
						<value>radio_b</value>
					</property>
					<property type="i">
						<key>orientation</key>
						<value>0</value>
					</property>
					<property type="b">
						<key>outline</key>
						<value>0</value>
					</property>
					<property type="i">
						<key>outlineStyle</key>
						<value>1</value>
					</property>
					<property type="i">
						<key>pointerPriority</key>
						<value>0</value>
					</property>
					<property type="i">
						<key>shape</key>
						<value>1</value>
					</property>
					<property type="s">
						<key>tag</key>
						<value>radio</value>
					</property>
					<property type="b">
						<key>visible</key>
						<value>1</value>
					</property>
				</properties>
				<values>
					<value>
						<key>touch</key>
						<locked>0</locked>
						<lockedDefaultCurrent>0</lockedDefaultCurrent>
						<default>false</default>
						<defaultPull>0</defaultPull>
					</value>
				</values>
				<children>
					<node ID="d62a2ba3-2e17-11ef-bf91-d067e5f32571" type="RADIO">
						<properties>
							<property type="b">
								<key>background</key>
								<value>1</value>
							</property>
							<property type="c">
								<key>color</key>
								<value>
									<r>1</r>
									<g>1</g>
									<b>1</b>
									<a>1</a>
								</value>
							</property>
							<property type="f">
								<key>cornerRadius</key>
								<value>1</value>
							</property>
							<property type="r">
								<key>frame</key>
								<value>
									<x>3</x>
									<y>34</y>
									<w>60</w>
									<h>263</h>
								</value>
							</property>
							<property type="b">
								<key>grabFocus</key>
								<value>1</value>
							</property>
							<property type="b">
								<key>interactive</key>
								<value>1</value>
							</property>
							<property type="b">
								<key>locked</key>
								<value>0</value>
							</property>
							<property type="s">
								<key>name</key>
								<value>radio</value>
							</property>
							<property type="i">
								<key>orientation</key>
								<value>2</value>
							</property>
							<property type="b">
								<key>outline</key>
								<value>0</value>
							</property>
							<property type="i">
								<key>outlineStyle</key>
								<value>1</value>
							</property>
							<property type="i">
								<key>pointerPriority</key>
								<value>0</value>
							</property>
							<property type="i">
								<key>radioType</key>
								<value>0</value>
							</property>
							<property type="i">
								<key>shape</key>
								<value>1</value>
							</property>
							<property type="i">
								<key>steps</key>
								<value>5</value>
							</property>
							<property type="b">
								<key>visible</key>
								<value>1</value>
							</property>
						</properties>
						<values>
							<value>
								<key>x</key>
								<locked>0</locked>
								<lockedDefaultCurrent>0</lockedDefaultCurrent>
								<default>0</default>
								<defaultPull>0</defaultPull>
							</value>
							<value>
								<key>touch</key>
								<locked>0</locked>
								<lockedDefaultCurrent>0</lockedDefaultCurrent>
								<default>false</default>
								<defaultPull>0</defaultPull>
							</value>
						</values>
						<messages>
							<osc>
								<enabled>1</enabled>
								<send>1</send>
								<receive>1</receive>
								<feedback>0</feedback>
								<connections>11111</connections>
								<triggers>
									<trigger>
										<var>x</var>
										<condition>ANY</condition>
									</trigger>
								</triggers>
								<path>
									<partial>
										<type>CONSTANT</type>
										<conversion>STRING</conversion>
										<value>/</value>
										<scaleMin>0</scaleMin>
										<scaleMax>1</scaleMax>
									</partial>
									<partial>
										<type>PROPERTY</type>
										<conversion>STRING</conversion>
										<value>parent.name</value>
										<scaleMin>0</scaleMin>
										<scaleMax>1</scaleMax>
									</partial>
									<partial>
										<type>CONSTANT</type>
										<conversion>STRING</conversion>
										<value>/</value>
										<scaleMin>0</scaleMin>
										<scaleMax>1</scaleMax>
									</partial>
									<partial>
										<type>PROPERTY</type>
										<conversion>STRING</conversion>
										<value>name</value>
										<scaleMin>0</scaleMin>
										<scaleMax>1</scaleMax>
									</partial>
								</path>
								<arguments>
									<partial>
										<type>VALUE</type>
										<conversion>INTEGER</conversion>
										<value>x</value>
										<scaleMin>0</scaleMin>
										<scaleMax>1</scaleMax>
									</partial>
								</arguments>
							</osc>
						</messages>
					</node>
					<node ID="d62a2ba4-2e17-11ef-a8d5-d067e5f32571" type="LABEL">
						<properties>
							<property type="b">
								<key>background</key>
								<value>1</value>
							</property>
							<property type="c">
								<key>color</key>
								<value>
									<r>1</r>
									<g>1</g>
									<b>1</b>
									<a>1</a>
								</value>
							</property>
							<property type="f">
								<key>cornerRadius</key>
								<value>1</value>
							</property>
							<property type="i">
								<key>font</key>
								<value>0</value>
							</property>
							<property type="r">
								<key>frame</key>
								<value>
									<x>3</x>
									<y>3</y>
									<w>134</w>
									<h>25</h>
								</value>
							</property>
							<property type="b">
								<key>grabFocus</key>
								<value>1</value>
							</property>
							<property type="b">
								<key>interactive</key>
								<value>0</value>
							</property>
							<property type="b">
								<key>locked</key>
								<value>0</value>
							</property>
							<property type="s">
								<key>name</key>
								<value>caption</value>
							</property>
							<property type="i">
								<key>orientation</key>
								<value>0</value>
							</property>
							<property type="b">
								<key>outline</key>
								<value>1</value>
							</property>
							<property type="i">
								<key>outlineStyle</key>
								<value>0</value>
							</property>
							<property type="i">
								<key>pointerPriority</key>
								<value>0</value>
							</property>
							<property type="i">
								<key>shape</key>
								<value>1</value>
							</property>
							<property type="i">
								<key>textAlignH</key>
								<value>2</value>
							</property>
							<property type="i">
								<key>textAlignV</key>
								<value>2</value>
							</property>
							<property type="b">
								<key>textClip</key>
								<value>1</value>
							</property>
							<property type="c">
								<key>textColor</key>
								<value>
									<r>1</r>
									<g>1</g>
									<b>1</b>
									<a>1</a>
								</value>
							</property>
							<property type="i">
								<key>textLength</key>
								<value>0</value>
							</property>
							<property type="i">
								<key>textSize</key>
								<value>12</value>
							</property>
							<property type="b">
								<key>visible</key>
								<value>1</value>
							</property>
						</properties>
						<values>
							<value>
								<key>text</key>
								<locked>0</locked>
								<lockedDefaultCurrent>1</lockedDefaultCurrent>
								<default>Radio B</default>
								<defaultPull>0</defaultPull>
							</value>
							<value>
								<key>touch</key>
								<locked>0</locked>
								<lockedDefaultCurrent>0</lockedDefaultCurrent>
								<default>false</default>
								<defaultPull>0</defaultPull>
							</value>
						</values>
						<messages>
							<osc>
								<enabled>1</enabled>
								<send>0</send>
								<receive>1</receive>
								<feedback>0</feedback>
								<connections>11111</connections>
								<triggers>
									<trigger>
										<var>text</var>
										<condition>ANY</condition>
									</trigger>
								</triggers>
								<path>
									<partial>
										<type>CONSTANT</type>
										<conversion>STRING</conversion>
										<value>/</value>
										<scaleMin>0</scaleMin>
										<scaleMax>1</scaleMax>
									</partial>
									<partial>
										<type>PROPERTY</type>
										<conversion>STRING</conversion>
										<value>parent.name</value>
										<scaleMin>0</scaleMin>
										<scaleMax>1</scaleMax>
									</partial>
									<partial>
										<type>CONSTANT</type>
										<conversion>STRING</conversion>
										<value>/</value>
										<scaleMin>0</scaleMin>
										<scaleMax>1</scaleMax>
									</partial>
									<partial>
										<type>PROPERTY</type>
										<conversion>STRING</conversion>
										<value>name</value>
										<scaleMin>0</scaleMin>
										<scaleMax>1</scaleMax>
									</partial>
								</path>
								<arguments>
									<partial>
										<type>VALUE</type>
										<conversion>STRING</conversion>
										<value>text</value>
										<scaleMin>0</scaleMin>
										<scaleMax>1</scaleMax>
									</partial>
								</arguments>
							</osc>
							<osc>
								<enabled>1</enabled>
								<send>0</send>
								<receive>1</receive>
								<feedback>0</feedback>
								<connections>11111</connections>
								<triggers>
									<trigger>
										<var>text</var>
										<condition>ANY</condition>
									</trigger>
								</triggers>
								<path>
									<partial>
										<type>CONSTANT</type>
										<conversion>STRING</conversion>
										<value>/</value>
										<scaleMin>0</scaleMin>
										<scaleMax>1</scaleMax>
									</partial>
									<partial>
										<type>PROPERTY</type>
										<conversion>STRING</conversion>
										<value>parent.name</value>
										<scaleMin>0</scaleMin>
										<scaleMax>1</scaleMax>
									</partial>
								</path>
								<arguments>
									<partial>
										<type>PROPERTY</type>
										<conversion>STRING</conversion>
										<value>color</value>
										<scaleMin>0</scaleMin>
										<scaleMax>1</scaleMax>
									</partial>
								</arguments>
							</osc>
						</messages>
					</node>
					<node ID="d62a2ba5-2e17-11ef-9bb1-d067e5f32571" type="LABEL">
						<properties>
							<property type="b">
								<key>background</key>
								<value>0</value>
							</property>
							<property type="c">
								<key>color</key>
								<value>
									<r>1</r>
									<g>0</g>
									<b>0</b>
									<a>1</a>
								</value>
							</property>
							<property type="f">
								<key>cornerRadius</key>
								<value>1</value>
							</property>
							<property type="i">
								<key>font</key>
								<value>0</value>
							</property>
							<property type="r">
								<key>frame</key>
								<value>
									<x>75</x>
									<y>49</y>
									<w>60</w>
									<h>25</h>
								</value>
							</property>
							<property type="b">
								<key>grabFocus</key>
								<value>0</value>
							</property>
							<property type="b">
								<key>interactive</key>
								<value>0</value>
							</property>
							<property type="b">
								<key>locked</key>
								<value>0</value>
							</property>
							<property type="s">
								<key>name</key>
								<value>label1</value>
							</property>
							<property type="i">
								<key>orientation</key>
								<value>0</value>
							</property>
							<property type="b">
								<key>outline</key>
								<value>0</value>
							</property>
							<property type="i">
								<key>outlineStyle</key>
								<value>1</value>
							</property>
							<property type="i">
								<key>pointerPriority</key>
								<value>0</value>
							</property>
							<property type="i">
								<key>shape</key>
								<value>1</value>
							</property>
							<property type="i">
								<key>textAlignH</key>
								<value>1</value>
							</property>
							<property type="i">
								<key>textAlignV</key>
								<value>2</value>
							</property>
							<property type="b">
								<key>textClip</key>
								<value>1</value>
							</property>
							<property type="c">
								<key>textColor</key>
								<value>
									<r>1</r>
									<g>1</g>
									<b>1</b>
									<a>1</a>
								</value>
							</property>
							<property type="i">
								<key>textLength</key>
								<value>0</value>
							</property>
							<property type="i">
								<key>textSize</key>
								<value>14</value>
							</property>
							<property type="b">
								<key>visible</key>
								<value>1</value>
							</property>
						</properties>
						<values>
							<value>
								<key>text</key>
								<locked>0</locked>
								<lockedDefaultCurrent>1</lockedDefaultCurrent>
								<default>label1</default>
								<defaultPull>0</defaultPull>
							</value>
							<value>
								<key>touch</key>
								<locked>0</locked>
								<lockedDefaultCurrent>0</lockedDefaultCurrent>
								<default>false</default>
								<defaultPull>0</defaultPull>
							</value>
						</values>
						<messages>
							<osc>
								<enabled>1</enabled>
								<send>1</send>
								<receive>1</receive>
								<feedback>0</feedback>
								<connections>11111</connections>
								<triggers>
									<trigger>
										<var>text</var>
										<condition>ANY</condition>
									</trigger>
								</triggers>
								<path>
									<partial>
										<type>CONSTANT</type>
										<conversion>STRING</conversion>
										<value>/</value>
										<scaleMin>0</scaleMin>
										<scaleMax>1</scaleMax>
									</partial>
									<partial>
										<type>PROPERTY</type>
										<conversion>STRING</conversion>
										<value>parent.name</value>
										<scaleMin>0</scaleMin>
										<scaleMax>1</scaleMax>
									</partial>
									<partial>
										<type>CONSTANT</type>
										<conversion>STRING</conversion>
										<value>/</value>
										<scaleMin>0</scaleMin>
										<scaleMax>1</scaleMax>
									</partial>
									<partial>
										<type>PROPERTY</type>
										<conversion>STRING</conversion>
										<value>name</value>
										<scaleMin>0</scaleMin>
										<scaleMax>1</scaleMax>
									</partial>
								</path>
								<arguments>
									<partial>
										<type>VALUE</type>
										<conversion>STRING</conversion>
										<value>text</value>
										<scaleMin>0</scaleMin>
										<scaleMax>1</scaleMax>
									</partial>
								</arguments>
							</osc>
						</messages>
					</node>
					<node ID="d62a2ba6-2e17-11ef-a43e-d067e5f32571" type="LABEL">
						<properties>
							<property type="b">
								<key>background</key>
								<value>0</value>
							</property>
							<property type="c">
								<key>color</key>
								<value>
									<r>1</r>
									<g>0</g>
									<b>0</b>
									<a>1</a>
								</value>
							</property>
							<property type="f">
								<key>cornerRadius</key>
								<value>1</value>
							</property>
							<property type="i">
								<key>font</key>
								<value>0</value>
							</property>
							<property type="r">
								<key>frame</key>
								<value>
									<x>75</x>
									<y>101</y>
									<w>60</w>
									<h>25</h>
								</value>
							</property>
							<property type="b">
								<key>grabFocus</key>
								<value>0</value>
							</property>
							<property type="b">
								<key>interactive</key>
								<value>0</value>
							</property>
							<property type="b">
								<key>locked</key>
								<value>0</value>
							</property>
							<property type="s">
								<key>name</key>
								<value>label2</value>
							</property>
							<property type="i">
								<key>orientation</key>
								<value>0</value>
							</property>
							<property type="b">
								<key>outline</key>
								<value>0</value>
							</property>
							<property type="i">
								<key>outlineStyle</key>
								<value>1</value>
							</property>
							<property type="i">
								<key>pointerPriority</key>
								<value>0</value>
							</property>
							<property type="i">
								<key>shape</key>
								<value>1</value>
							</property>
							<property type="i">
								<key>textAlignH</key>
								<value>1</value>
							</property>
							<property type="i">
								<key>textAlignV</key>
								<value>2</value>
							</property>
							<property type="b">
								<key>textClip</key>
								<value>1</value>
							</property>
							<property type="c">
								<key>textColor</key>
								<value>
									<r>1</r>
									<g>1</g>
									<b>1</b>
									<a>1</a>
								</value>
							</property>
							<property type="i">
								<key>textLength</key>
								<value>0</value>
							</property>
							<property type="i">
								<key>textSize</key>
								<value>14</value>
							</property>
							<property type="b">
								<key>visible</key>
								<value>1</value>
							</property>
						</properties>
						<values>
							<value>
								<key>text</key>
								<locked>0</locked>
								<lockedDefaultCurrent>1</lockedDefaultCurrent>
								<default>label2</default>
								<defaultPull>0</defaultPull>
							</value>
							<value>
								<key>touch</key>
								<locked>0</locked>
								<lockedDefaultCurrent>0</lockedDefaultCurrent>
								<default>false</default>
								<defaultPull>0</defaultPull>
							</value>
						</values>
						<messages>
							<osc>
								<enabled>1</enabled>
								<send>1</send>
								<receive>1</receive>
								<feedback>0</feedback>
								<connections>11111</connections>
								<triggers>
									<trigger>
										<var>text</var>
										<condition>ANY</condition>
									</trigger>
								</triggers>
								<path>
									<partial>
										<type>CONSTANT</type>
										<conversion>STRING</conversion>
										<value>/</value>
										<scaleMin>0</scaleMin>
										<scaleMax>1</scaleMax>
									</partial>
									<partial>
										<type>PROPERTY</type>
										<conversion>STRING</conversion>
										<value>parent.name</value>
										<scaleMin>0</scaleMin>
										<scaleMax>1</scaleMax>
									</partial>
									<partial>
										<type>CONSTANT</type>
										<conversion>STRING</conversion>
										<value>/</value>
										<scaleMin>0</scaleMin>
										<scaleMax>1</scaleMax>
									</partial>
									<partial>
										<type>PROPERTY</type>
										<conversion>STRING</conversion>
										<value>name</value>
										<scaleMin>0</scaleMin>
										<scaleMax>1</scaleMax>
									</partial>
								</path>
								<arguments>
									<partial>
										<type>VALUE</type>
										<conversion>STRING</conversion>
										<value>text</value>
										<scaleMin>0</scaleMin>
										<scaleMax>1</scaleMax>
									</partial>
								</arguments>
							</osc>
						</messages>
					</node>
					<node ID="d62a2ba7-2e17-11ef-8e37-d067e5f32571" type="LABEL">
						<properties>
							<property type="b">
								<key>background</key>
								<value>0</value>
							</property>
							<property type="c">
								<key>color</key>
								<value>
									<r>1</r>
									<g>0</g>
									<b>0</b>
									<a>1</a>
								</value>
							</property>
							<property type="f">
								<key>cornerRadius</key>
								<value>1</value>
							</property>
							<property type="i">
								<key>font</key>
								<value>0</value>
							</property>
							<property type="r">
								<key>frame</key>
								<value>
									<x>75</x>
									<y>153</y>
									<w>60</w>
									<h>25</h>
								</value>
							</property>
							<property type="b">
								<key>grabFocus</key>
								<value>0</value>
							</property>
							<property type="b">
								<key>interactive</key>
								<value>0</value>
							</property>
							<property type="b">
								<key>locked</key>
								<value>0</value>
							</property>
							<property type="s">
								<key>name</key>
								<value>label3</value>
							</property>
							<property type="i">
								<key>orientation</key>
								<value>0</value>
							</property>
							<property type="b">
								<key>outline</key>
								<value>0</value>
							</property>
							<property type="i">
								<key>outlineStyle</key>
								<value>1</value>
							</property>
							<property type="i">
								<key>pointerPriority</key>
								<value>0</value>
							</property>
							<property type="i">
								<key>shape</key>
								<value>1</value>
							</property>
							<property type="i">
								<key>textAlignH</key>
								<value>1</value>
							</property>
							<property type="i">
								<key>textAlignV</key>
								<value>2</value>
							</property>
							<property type="b">
								<key>textClip</key>
								<value>1</value>
							</property>
							<property type="c">
								<key>textColor</key>
								<value>
									<r>1</r>
									<g>1</g>
									<b>1</b>
									<a>1</a>
								</value>
							</property>
							<property type="i">
								<key>textLength</key>
								<value>0</value>
							</property>
							<property type="i">
								<key>textSize</key>
								<value>14</value>
							</property>
							<property type="b">
								<key>visible</key>
								<value>1</value>
							</property>
						</properties>
						<values>
							<value>
								<key>text</key>
								<locked>0</locked>
								<lockedDefaultCurrent>1</lockedDefaultCurrent>
								<default>label3</default>
								<defaultPull>0</defaultPull>
							</value>
							<value>
								<key>touch</key>
								<locked>0</locked>
								<lockedDefaultCurrent>0</lockedDefaultCurrent>
								<default>false</default>
								<defaultPull>0</defaultPull>
							</value>
						</values>
						<messages>
							<osc>
								<enabled>1</enabled>
								<send>1</send>
								<receive>1</receive>
								<feedback>0</feedback>
								<connections>11111</connections>
								<triggers>
									<trigger>
										<var>text</var>
										<condition>ANY</condition>
									</trigger>
								</triggers>
								<path>
									<partial>
										<type>CONSTANT</type>
										<conversion>STRING</conversion>
										<value>/</value>
										<scaleMin>0</scaleMin>
										<scaleMax>1</scaleMax>
									</partial>
									<partial>
										<type>PROPERTY</type>
										<conversion>STRING</conversion>
										<value>parent.name</value>
										<scaleMin>0</scaleMin>
										<scaleMax>1</scaleMax>
									</partial>
									<partial>
										<type>CONSTANT</type>
										<conversion>STRING</conversion>
										<value>/</value>
										<scaleMin>0</scaleMin>
										<scaleMax>1</scaleMax>
									</partial>
									<partial>
										<type>PROPERTY</type>
										<conversion>STRING</conversion>
										<value>name</value>
										<scaleMin>0</scaleMin>
										<scaleMax>1</scaleMax>
									</partial>
								</path>
								<arguments>
									<partial>
										<type>VALUE</type>
										<conversion>STRING</conversion>
										<value>text</value>
										<scaleMin>0</scaleMin>
										<scaleMax>1</scaleMax>
									</partial>
								</arguments>
							</osc>
						</messages>
					</node>
					<node ID="d62a2ba8-2e17-11ef-9d31-d067e5f32571" type="LABEL">
						<properties>
							<property type="b">
								<key>background</key>
								<value>0</value>
							</property>
							<property type="c">
								<key>color</key>
								<value>
									<r>1</r>
									<g>0</g>
									<b>0</b>
									<a>1</a>
								</value>
							</property>
							<property type="f">
								<key>cornerRadius</key>
								<value>1</value>
							</property>
							<property type="i">
								<key>font</key>
								<value>0</value>
							</property>
							<property type="r">
								<key>frame</key>
								<value>
									<x>75</x>
									<y>205</y>
									<w>60</w>
									<h>25</h>
								</value>
							</property>
							<property type="b">
								<key>grabFocus</key>
								<value>0</value>
							</property>
							<property type="b">
								<key>interactive</key>
								<value>0</value>
							</property>
							<property type="b">
								<key>locked</key>
								<value>0</value>
							</property>
							<property type="s">
								<key>name</key>
								<value>label4</value>
							</property>
							<property type="i">
								<key>orientation</key>
								<value>0</value>
							</property>
							<property type="b">
								<key>outline</key>
								<value>0</value>
							</property>
							<property type="i">
								<key>outlineStyle</key>
								<value>1</value>
							</property>
							<property type="i">
								<key>pointerPriority</key>
								<value>0</value>
							</property>
							<property type="i">
								<key>shape</key>
								<value>1</value>
							</property>
							<property type="i">
								<key>textAlignH</key>
								<value>1</value>
							</property>
							<property type="i">
								<key>textAlignV</key>
								<value>2</value>
							</property>
							<property type="b">
								<key>textClip</key>
								<value>1</value>
							</property>
							<property type="c">
								<key>textColor</key>
								<value>
									<r>1</r>
									<g>1</g>
									<b>1</b>
									<a>1</a>
								</value>
							</property>
							<property type="i">
								<key>textLength</key>
								<value>0</value>
							</property>
							<property type="i">
								<key>textSize</key>
								<value>14</value>
							</property>
							<property type="b">
								<key>visible</key>
								<value>1</value>
							</property>
						</properties>
						<values>
							<value>
								<key>text</key>
								<locked>0</locked>
								<lockedDefaultCurrent>1</lockedDefaultCurrent>
								<default>label4</default>
								<defaultPull>0</defaultPull>
							</value>
							<value>
								<key>touch</key>
								<locked>0</locked>
								<lockedDefaultCurrent>0</lockedDefaultCurrent>
								<default>false</default>
								<defaultPull>0</defaultPull>
							</value>
						</values>
						<messages>
							<osc>
								<enabled>1</enabled>
								<send>1</send>
								<receive>1</receive>
								<feedback>0</feedback>
								<connections>11111</connections>
								<triggers>
									<trigger>
										<var>text</var>
										<condition>ANY</condition>
									</trigger>
								</triggers>
								<path>
									<partial>
										<type>CONSTANT</type>
										<conversion>STRING</conversion>
										<value>/</value>
										<scaleMin>0</scaleMin>
										<scaleMax>1</scaleMax>
									</partial>
									<partial>
										<type>PROPERTY</type>
										<conversion>STRING</conversion>
										<value>parent.name</value>
										<scaleMin>0</scaleMin>
										<scaleMax>1</scaleMax>
									</partial>
									<partial>
										<type>CONSTANT</type>
										<conversion>STRING</conversion>
										<value>/</value>
										<scaleMin>0</scaleMin>
										<scaleMax>1</scaleMax>
									</partial>
									<partial>
										<type>PROPERTY</type>
										<conversion>STRING</conversion>
										<value>name</value>
										<scaleMin>0</scaleMin>
										<scaleMax>1</scaleMax>
									</partial>
								</path>
								<arguments>
									<partial>
										<type>VALUE</type>
										<conversion>STRING</conversion>
										<value>text</value>
										<scaleMin>0</scaleMin>
										<scaleMax>1</scaleMax>
									</partial>
								</arguments>
							</osc>
						</messages>
					</node>
					<node ID="d62a2ba9-2e17-11ef-96ac-d067e5f32571" type="LABEL">
						<properties>
							<property type="b">
								<key>background</key>
								<value>0</value>
							</property>
							<property type="c">
								<key>color</key>
								<value>
									<r>1</r>
									<g>0</g>
									<b>0</b>
									<a>1</a>
								</value>
							</property>
							<property type="f">
								<key>cornerRadius</key>
								<value>1</value>
							</property>
							<property type="i">
								<key>font</key>
								<value>0</value>
							</property>
							<property type="r">
								<key>frame</key>
								<value>
									<x>75</x>
									<y>257</y>
									<w>60</w>
									<h>25</h>
								</value>
							</property>
							<property type="b">
								<key>grabFocus</key>
								<value>0</value>
							</property>
							<property type="b">
								<key>interactive</key>
								<value>0</value>
							</property>
							<property type="b">
								<key>locked</key>
								<value>0</value>
							</property>
							<property type="s">
								<key>name</key>
								<value>label5</value>
							</property>
							<property type="i">
								<key>orientation</key>
								<value>0</value>
							</property>
							<property type="b">
								<key>outline</key>
								<value>0</value>
							</property>
							<property type="i">
								<key>outlineStyle</key>
								<value>1</value>
							</property>
							<property type="i">
								<key>pointerPriority</key>
								<value>0</value>
							</property>
							<property type="i">
								<key>shape</key>
								<value>1</value>
							</property>
							<property type="i">
								<key>textAlignH</key>
								<value>1</value>
							</property>
							<property type="i">
								<key>textAlignV</key>
								<value>2</value>
							</property>
							<property type="b">
								<key>textClip</key>
								<value>1</value>
							</property>
							<property type="c">
								<key>textColor</key>
								<value>
									<r>1</r>
									<g>1</g>
									<b>1</b>
									<a>1</a>
								</value>
							</property>
							<property type="i">
								<key>textLength</key>
								<value>0</value>
							</property>
							<property type="i">
								<key>textSize</key>
								<value>14</value>
							</property>
							<property type="b">
								<key>visible</key>
								<value>1</value>
							</property>
						</properties>
						<values>
							<value>
								<key>text</key>
								<locked>0</locked>
								<lockedDefaultCurrent>1</lockedDefaultCurrent>
								<default>label5</default>
								<defaultPull>0</defaultPull>
							</value>
							<value>
								<key>touch</key>
								<locked>0</locked>
								<lockedDefaultCurrent>0</lockedDefaultCurrent>
								<default>false</default>
								<defaultPull>0</defaultPull>
							</value>
						</values>
						<messages>
							<osc>
								<enabled>1</enabled>
								<send>1</send>
								<receive>1</receive>
								<feedback>0</feedback>
								<connections>11111</connections>
								<triggers>
									<trigger>
										<var>text</var>
										<condition>ANY</condition>
									</trigger>
								</triggers>
								<path>
									<partial>
										<type>CONSTANT</type>
										<conversion>STRING</conversion>
										<value>/</value>
										<scaleMin>0</scaleMin>
										<scaleMax>1</scaleMax>
									</partial>
									<partial>
										<type>PROPERTY</type>
										<conversion>STRING</conversion>
										<value>parent.name</value>
										<scaleMin>0</scaleMin>
										<scaleMax>1</scaleMax>
									</partial>
									<partial>
										<type>CONSTANT</type>
										<conversion>STRING</conversion>
										<value>/</value>
										<scaleMin>0</scaleMin>
										<scaleMax>1</scaleMax>
									</partial>
									<partial>
										<type>PROPERTY</type>
										<conversion>STRING</conversion>
										<value>name</value>
										<scaleMin>0</scaleMin>
										<scaleMax>1</scaleMax>
									</partial>
								</path>
								<arguments>
									<partial>
										<type>VALUE</type>
										<conversion>STRING</conversion>
										<value>text</value>
										<scaleMin>0</scaleMin>
										<scaleMax>1</scaleMax>
									</partial>
								</arguments>
							</osc>
						</messages>
					</node>
				</children>
			</node>
			<node ID="f4c58976-2e17-11ef-8c82-d067e5f32571" type="GROUP">
				<properties>
					<property type="b">
						<key>background</key>
						<value>1</value>
					</property>
					<property type="c">
						<key>color</key>
						<value>
							<r>1</r>
							<g>1</g>
							<b>1</b>
							<a>0.705882</a>
						</value>
					</property>
					<property type="f">
						<key>cornerRadius</key>
						<value>1</value>
					</property>
					<property type="r">
						<key>frame</key>
						<value>
							<x>420</x>
							<y>20</y>
							<w>60</w>
							<h>95</h>
						</value>
					</property>
					<property type="b">
						<key>grabFocus</key>
						<value>0</value>
					</property>
					<property type="b">
						<key>interactive</key>
						<value>0</value>
					</property>
					<property type="b">
						<key>locked</key>
						<value>0</value>
					</property>
					<property type="s">
						<key>name</key>
						<value>button_a1</value>
					</property>
					<property type="i">
						<key>orientation</key>
						<value>0</value>
					</property>
					<property type="b">
						<key>outline</key>
						<value>0</value>
					</property>
					<property type="i">
						<key>outlineStyle</key>
						<value>1</value>
					</property>
					<property type="i">
						<key>pointerPriority</key>
						<value>0</value>
					</property>
					<property type="i">
						<key>shape</key>
						<value>1</value>
					</property>
					<property type="s">
						<key>tag</key>
						<value>button</value>
					</property>
					<property type="b">
						<key>visible</key>
						<value>1</value>
					</property>
				</properties>
				<values>
					<value>
						<key>touch</key>
						<locked>0</locked>
						<lockedDefaultCurrent>0</lockedDefaultCurrent>
						<default>false</default>
						<defaultPull>0</defaultPull>
					</value>
				</values>
				<children>
					<node ID="f4c58977-2e17-11ef-9c06-d067e5f32571" type="LABEL">
						<properties>
							<property type="b">
								<key>background</key>
								<value>1</value>
							</property>
							<property type="c">
								<key>color</key>
								<value>
									<r>1</r>
									<g>1</g>
									<b>1</b>
									<a>1</a>
								</value>
							</property>
							<property type="f">
								<key>cornerRadius</key>
								<value>1</value>
							</property>
							<property type="i">
								<key>font</key>
								<value>0</value>
							</property>
							<property type="r">
								<key>frame</key>
								<value>
									<x>3</x>
									<y>3</y>
									<w>54</w>
									<h>25</h>
								</value>
							</property>
							<property type="b">
								<key>grabFocus</key>
								<value>1</value>
							</property>
							<property type="b">
								<key>interactive</key>
								<value>0</value>
							</property>
							<property type="b">
								<key>locked</key>
								<value>0</value>
							</property>
							<property type="s">
								<key>name</key>
								<value>caption</value>
							</property>
							<property type="i">
								<key>orientation</key>
								<value>0</value>
							</property>
							<property type="b">
								<key>outline</key>
								<value>1</value>
							</property>
							<property type="i">
								<key>outlineStyle</key>
								<value>0</value>
							</property>
							<property type="i">
								<key>pointerPriority</key>
								<value>0</value>
							</property>
							<property type="i">
								<key>shape</key>
								<value>1</value>
							</property>
							<property type="i">
								<key>textAlignH</key>
								<value>2</value>
							</property>
							<property type="i">
								<key>textAlignV</key>
								<value>2</value>
							</property>
							<property type="b">
								<key>textClip</key>
								<value>1</value>
							</property>
							<property type="c">
								<key>textColor</key>
								<value>
									<r>1</r>
									<g>1</g>
									<b>1</b>
									<a>1</a>
								</value>
							</property>
							<property type="i">
								<key>textLength</key>
								<value>0</value>
							</property>
							<property type="i">
								<key>textSize</key>
								<value>12</value>
							</property>
							<property type="b">
								<key>visible</key>
								<value>1</value>
							</property>
						</properties>
						<values>
							<value>
								<key>text</key>
								<locked>0</locked>
								<lockedDefaultCurrent>1</lockedDefaultCurrent>
								<default>B A1</default>
								<defaultPull>0</defaultPull>
							</value>
							<value>
								<key>touch</key>
								<locked>0</locked>
								<lockedDefaultCurrent>0</lockedDefaultCurrent>
								<default>false</default>
								<defaultPull>0</defaultPull>
							</value>
						</values>
						<messages>
							<osc>
								<enabled>1</enabled>
								<send>0</send>
								<receive>1</receive>
								<feedback>0</feedback>
								<connections>11111</connections>
								<triggers>
									<trigger>
										<var>text</var>
										<condition>ANY</condition>
									</trigger>
								</triggers>
								<path>
									<partial>
										<type>CONSTANT</type>
										<conversion>STRING</conversion>
										<value>/</value>
										<scaleMin>0</scaleMin>
										<scaleMax>1</scaleMax>
									</partial>
									<partial>
										<type>PROPERTY</type>
										<conversion>STRING</conversion>
										<value>parent.name</value>
										<scaleMin>0</scaleMin>
										<scaleMax>1</scaleMax>
									</partial>
									<partial>
										<type>CONSTANT</type>
										<conversion>STRING</conversion>
										<value>/</value>
										<scaleMin>0</scaleMin>
										<scaleMax>1</scaleMax>
									</partial>
									<partial>
										<type>PROPERTY</type>
										<conversion>STRING</conversion>
										<value>name</value>
										<scaleMin>0</scaleMin>
										<scaleMax>1</scaleMax>
									</partial>
								</path>
								<arguments>
									<partial>
										<type>VALUE</type>
										<conversion>STRING</conversion>
										<value>text</value>
										<scaleMin>0</scaleMin>
										<scaleMax>1</scaleMax>
									</partial>
								</arguments>
							</osc>
							<osc>
								<enabled>1</enabled>
								<send>0</send>
								<receive>1</receive>
								<feedback>0</feedback>
								<connections>11111</connections>
								<triggers>
									<trigger>
										<var>text</var>
										<condition>ANY</condition>
									</trigger>
								</triggers>
								<path>
									<partial>
										<type>CONSTANT</type>
										<conversion>STRING</conversion>
										<value>/</value>
										<scaleMin>0</scaleMin>
										<scaleMax>1</scaleMax>
									</partial>
									<partial>
										<type>PROPERTY</type>
										<conversion>STRING</conversion>
										<value>parent.name</value>
										<scaleMin>0</scaleMin>
										<scaleMax>1</scaleMax>
									</partial>
								</path>
								<arguments>
									<partial>
										<type>PROPERTY</type>
										<conversion>STRING</conversion>
										<value>color</value>
										<scaleMin>0</scaleMin>
										<scaleMax>1</scaleMax>
									</partial>
								</arguments>
							</osc>
						</messages>
					</node>
					<node ID="f4c58978-2e17-11ef-b8b3-d067e5f32571" type="BUTTON">
						<properties>
							<property type="b">
								<key>background</key>
								<value>1</value>
							</property>
							<property type="i">
								<key>buttonType</key>
								<value>0</value>
							</property>
							<property type="c">
								<key>color</key>
								<value>
									<r>1</r>
									<g>1</g>
									<b>1</b>
									<a>1</a>
								</value>
							</property>
							<property type="f">
								<key>cornerRadius</key>
								<value>1</value>
							</property>
							<property type="r">
								<key>frame</key>
								<value>
									<x>5</x>
									<y>40</y>
									<w>50</w>
									<h>50</h>
								</value>
							</property>
							<property type="b">
								<key>grabFocus</key>
								<value>1</value>
							</property>
							<property type="b">
								<key>interactive</key>
								<value>1</value>
							</property>
							<property type="b">
								<key>locked</key>
								<value>0</value>
							</property>
							<property type="s">
								<key>name</key>
								<value>button</value>
							</property>
							<property type="i">
								<key>orientation</key>
								<value>0</value>
							</property>
							<property type="b">
								<key>outline</key>
								<value>1</value>
							</property>
							<property type="i">
								<key>outlineStyle</key>
								<value>1</value>
							</property>
							<property type="i">
								<key>pointerPriority</key>
								<value>0</value>
							</property>
							<property type="b">
								<key>press</key>
								<value>1</value>
							</property>
							<property type="b">
								<key>release</key>
								<value>1</value>
							</property>
							<property type="i">
								<key>shape</key>
								<value>1</value>
							</property>
							<property type="b">
								<key>valuePosition</key>
								<value>0</value>
							</property>
							<property type="b">
								<key>visible</key>
								<value>1</value>
							</property>
						</properties>
						<values>
							<value>
								<key>x</key>
								<locked>0</locked>
								<lockedDefaultCurrent>0</lockedDefaultCurrent>
								<default>0</default>
								<defaultPull>0</defaultPull>
							</value>
							<value>
								<key>touch</key>
								<locked>0</locked>
								<lockedDefaultCurrent>0</lockedDefaultCurrent>
								<default>false</default>
								<defaultPull>0</defaultPull>
							</value>
						</values>
						<messages>
							<osc>
								<enabled>1</enabled>
								<send>1</send>
								<receive>1</receive>
								<feedback>0</feedback>
								<connections>11111</connections>
								<triggers>
									<trigger>
										<var>x</var>
										<condition>ANY</condition>
									</trigger>
								</triggers>
								<path>
									<partial>
										<type>CONSTANT</type>
										<conversion>STRING</conversion>
										<value>/</value>
										<scaleMin>0</scaleMin>
										<scaleMax>1</scaleMax>
									</partial>
									<partial>
										<type>PROPERTY</type>
										<conversion>STRING</conversion>
										<value>parent.name</value>
										<scaleMin>0</scaleMin>
										<scaleMax>1</scaleMax>
									</partial>
									<partial>
										<type>CONSTANT</type>
										<conversion>STRING</conversion>
										<value>/</value>
										<scaleMin>0</scaleMin>
										<scaleMax>1</scaleMax>
									</partial>
									<partial>
										<type>PROPERTY</type>
										<conversion>STRING</conversion>
										<value>name</value>
										<scaleMin>0</scaleMin>
										<scaleMax>1</scaleMax>
									</partial>
								</path>
								<arguments>
									<partial>
										<type>VALUE</type>
										<conversion>FLOAT</conversion>
										<value>x</value>
										<scaleMin>0</scaleMin>
										<scaleMax>1</scaleMax>
									</partial>
								</arguments>
							</osc>
							<osc>
								<enabled>1</enabled>
								<send>0</send>
								<receive>1</receive>
								<feedback>0</feedback>
								<connections>11111</connections>
								<triggers>
									<trigger>
										<var>x</var>
										<condition>ANY</condition>
									</trigger>
								</triggers>
								<path>
									<partial>
										<type>CONSTANT</type>
										<conversion>STRING</conversion>
										<value>/</value>
										<scaleMin>0</scaleMin>
										<scaleMax>1</scaleMax>
									</partial>
									<partial>
										<type>PROPERTY</type>
										<conversion>STRING</conversion>
										<value>parent.name</value>
										<scaleMin>0</scaleMin>
										<scaleMax>1</scaleMax>
									</partial>
								</path>
								<arguments>
									<partial>
										<type>PROPERTY</type>
										<conversion>STRING</conversion>
										<value>color</value>
										<scaleMin>0</scaleMin>
										<scaleMax>1</scaleMax>
									</partial>
								</arguments>
							</osc>
						</messages>
					</node>
				</children>
			</node>
			<node ID="fb65e1f4-2e17-11ef-8cca-d067e5f32571" type="GROUP">
				<properties>
					<property type="b">
						<key>background</key>
						<value>1</value>
					</property>
					<property type="c">
						<key>color</key>
						<value>
							<r>1</r>
							<g>1</g>
							<b>1</b>
							<a>0.705882</a>
						</value>
					</property>
					<property type="f">
						<key>cornerRadius</key>
						<value>1</value>
					</property>
					<property type="r">
						<key>frame</key>
						<value>
							<x>420</x>
							<y>123</y>
							<w>60</w>
							<h>95</h>
						</value>
					</property>
					<property type="b">
						<key>grabFocus</key>
						<value>0</value>
					</property>
					<property type="b">
						<key>interactive</key>
						<value>0</value>
					</property>
					<property type="b">
						<key>locked</key>
						<value>0</value>
					</property>
					<property type="s">
						<key>name</key>
						<value>button_a2</value>
					</property>
					<property type="i">
						<key>orientation</key>
						<value>0</value>
					</property>
					<property type="b">
						<key>outline</key>
						<value>0</value>
					</property>
					<property type="i">
						<key>outlineStyle</key>
						<value>1</value>
					</property>
					<property type="i">
						<key>pointerPriority</key>
						<value>0</value>
					</property>
					<property type="i">
						<key>shape</key>
						<value>1</value>
					</property>
					<property type="s">
						<key>tag</key>
						<value>button</value>
					</property>
					<property type="b">
						<key>visible</key>
						<value>1</value>
					</property>
				</properties>
				<values>
					<value>
						<key>touch</key>
						<locked>0</locked>
						<lockedDefaultCurrent>0</lockedDefaultCurrent>
						<default>false</default>
						<defaultPull>0</defaultPull>
					</value>
				</values>
				<children>
					<node ID="fb65e1f5-2e17-11ef-959f-d067e5f32571" type="LABEL">
						<properties>
							<property type="b">
								<key>background</key>
								<value>1</value>
							</property>
							<property type="c">
								<key>color</key>
								<value>
									<r>1</r>
									<g>1</g>
									<b>1</b>
									<a>1</a>
								</value>
							</property>
							<property type="f">
								<key>cornerRadius</key>
								<value>1</value>
							</property>
							<property type="i">
								<key>font</key>
								<value>0</value>
							</property>
							<property type="r">
								<key>frame</key>
								<value>
									<x>3</x>
									<y>3</y>
									<w>54</w>
									<h>25</h>
								</value>
							</property>
							<property type="b">
								<key>grabFocus</key>
								<value>1</value>
							</property>
							<property type="b">
								<key>interactive</key>
								<value>0</value>
							</property>
							<property type="b">
								<key>locked</key>
								<value>0</value>
							</property>
							<property type="s">
								<key>name</key>
								<value>caption</value>
							</property>
							<property type="i">
								<key>orientation</key>
								<value>0</value>
							</property>
							<property type="b">
								<key>outline</key>
								<value>1</value>
							</property>
							<property type="i">
								<key>outlineStyle</key>
								<value>0</value>
							</property>
							<property type="i">
								<key>pointerPriority</key>
								<value>0</value>
							</property>
							<property type="i">
								<key>shape</key>
								<value>1</value>
							</property>
							<property type="i">
								<key>textAlignH</key>
								<value>2</value>
							</property>
							<property type="i">
								<key>textAlignV</key>
								<value>2</value>
							</property>
							<property type="b">
								<key>textClip</key>
								<value>1</value>
							</property>
							<property type="c">
								<key>textColor</key>
								<value>
									<r>1</r>
									<g>1</g>
									<b>1</b>
									<a>1</a>
								</value>
							</property>
							<property type="i">
								<key>textLength</key>
								<value>0</value>
							</property>
							<property type="i">
								<key>textSize</key>
								<value>12</value>
							</property>
							<property type="b">
								<key>visible</key>
								<value>1</value>
							</property>
						</properties>
						<values>
							<value>
								<key>text</key>
								<locked>0</locked>
								<lockedDefaultCurrent>1</lockedDefaultCurrent>
								<default>B A2</default>
								<defaultPull>0</defaultPull>
							</value>
							<value>
								<key>touch</key>
								<locked>0</locked>
								<lockedDefaultCurrent>0</lockedDefaultCurrent>
								<default>false</default>
								<defaultPull>0</defaultPull>
							</value>
						</values>
						<messages>
							<osc>
								<enabled>1</enabled>
								<send>0</send>
								<receive>1</receive>
								<feedback>0</feedback>
								<connections>11111</connections>
								<triggers>
									<trigger>
										<var>text</var>
										<condition>ANY</condition>
									</trigger>
								</triggers>
								<path>
									<partial>
										<type>CONSTANT</type>
										<conversion>STRING</conversion>
										<value>/</value>
										<scaleMin>0</scaleMin>
										<scaleMax>1</scaleMax>
									</partial>
									<partial>
										<type>PROPERTY</type>
										<conversion>STRING</conversion>
										<value>parent.name</value>
										<scaleMin>0</scaleMin>
										<scaleMax>1</scaleMax>
									</partial>
									<partial>
										<type>CONSTANT</type>
										<conversion>STRING</conversion>
										<value>/</value>
										<scaleMin>0</scaleMin>
										<scaleMax>1</scaleMax>
									</partial>
									<partial>
										<type>PROPERTY</type>
										<conversion>STRING</conversion>
										<value>name</value>
										<scaleMin>0</scaleMin>
										<scaleMax>1</scaleMax>
									</partial>
								</path>
								<arguments>
									<partial>
										<type>VALUE</type>
										<conversion>STRING</conversion>
										<value>text</value>
										<scaleMin>0</scaleMin>
										<scaleMax>1</scaleMax>
									</partial>
								</arguments>
							</osc>
							<osc>
								<enabled>1</enabled>
								<send>0</send>
								<receive>1</receive>
								<feedback>0</feedback>
								<connections>11111</connections>
								<triggers>
									<trigger>
										<var>text</var>
										<condition>ANY</condition>
									</trigger>
								</triggers>
								<path>
									<partial>
										<type>CONSTANT</type>
										<conversion>STRING</conversion>
										<value>/</value>
										<scaleMin>0</scaleMin>
										<scaleMax>1</scaleMax>
									</partial>
									<partial>
										<type>PROPERTY</type>
										<conversion>STRING</conversion>
										<value>parent.name</value>
										<scaleMin>0</scaleMin>
										<scaleMax>1</scaleMax>
									</partial>
								</path>
								<arguments>
									<partial>
										<type>PROPERTY</type>
										<conversion>STRING</conversion>
										<value>color</value>
										<scaleMin>0</scaleMin>
										<scaleMax>1</scaleMax>
									</partial>
								</arguments>
							</osc>
						</messages>
					</node>
					<node ID="fb65e1f6-2e17-11ef-88da-d067e5f32571" type="BUTTON">
						<properties>
							<property type="b">
								<key>background</key>
								<value>1</value>
							</property>
							<property type="i">
								<key>buttonType</key>
								<value>0</value>
							</property>
							<property type="c">
								<key>color</key>
								<value>
									<r>1</r>
									<g>1</g>
									<b>1</b>
									<a>1</a>
								</value>
							</property>
							<property type="f">
								<key>cornerRadius</key>
								<value>1</value>
							</property>
							<property type="r">
								<key>frame</key>
								<value>
									<x>5</x>
									<y>40</y>
									<w>50</w>
									<h>50</h>
								</value>
							</property>
							<property type="b">
								<key>grabFocus</key>
								<value>1</value>
							</property>
							<property type="b">
								<key>interactive</key>
								<value>1</value>
							</property>
							<property type="b">
								<key>locked</key>
								<value>0</value>
							</property>
							<property type="s">
								<key>name</key>
								<value>button</value>
							</property>
							<property type="i">
								<key>orientation</key>
								<value>0</value>
							</property>
							<property type="b">
								<key>outline</key>
								<value>1</value>
							</property>
							<property type="i">
								<key>outlineStyle</key>
								<value>1</value>
							</property>
							<property type="i">
								<key>pointerPriority</key>
								<value>0</value>
							</property>
							<property type="b">
								<key>press</key>
								<value>1</value>
							</property>
							<property type="b">
								<key>release</key>
								<value>1</value>
							</property>
							<property type="i">
								<key>shape</key>
								<value>1</value>
							</property>
							<property type="b">
								<key>valuePosition</key>
								<value>0</value>
							</property>
							<property type="b">
								<key>visible</key>
								<value>1</value>
							</property>
						</properties>
						<values>
							<value>
								<key>x</key>
								<locked>0</locked>
								<lockedDefaultCurrent>0</lockedDefaultCurrent>
								<default>0</default>
								<defaultPull>0</defaultPull>
							</value>
							<value>
								<key>touch</key>
								<locked>0</locked>
								<lockedDefaultCurrent>0</lockedDefaultCurrent>
								<default>false</default>
								<defaultPull>0</defaultPull>
							</value>
						</values>
						<messages>
							<osc>
								<enabled>1</enabled>
								<send>1</send>
								<receive>1</receive>
								<feedback>0</feedback>
								<connections>11111</connections>
								<triggers>
									<trigger>
										<var>x</var>
										<condition>ANY</condition>
									</trigger>
								</triggers>
								<path>
									<partial>
										<type>CONSTANT</type>
										<conversion>STRING</conversion>
										<value>/</value>
										<scaleMin>0</scaleMin>
										<scaleMax>1</scaleMax>
									</partial>
									<partial>
										<type>PROPERTY</type>
										<conversion>STRING</conversion>
										<value>parent.name</value>
										<scaleMin>0</scaleMin>
										<scaleMax>1</scaleMax>
									</partial>
									<partial>
										<type>CONSTANT</type>
										<conversion>STRING</conversion>
										<value>/</value>
										<scaleMin>0</scaleMin>
										<scaleMax>1</scaleMax>
									</partial>
									<partial>
										<type>PROPERTY</type>
										<conversion>STRING</conversion>
										<value>name</value>
										<scaleMin>0</scaleMin>
										<scaleMax>1</scaleMax>
									</partial>
								</path>
								<arguments>
									<partial>
										<type>VALUE</type>
										<conversion>FLOAT</conversion>
										<value>x</value>
										<scaleMin>0</scaleMin>
										<scaleMax>1</scaleMax>
									</partial>
								</arguments>
							</osc>
							<osc>
								<enabled>1</enabled>
								<send>0</send>
								<receive>1</receive>
								<feedback>0</feedback>
								<connections>11111</connections>
								<triggers>
									<trigger>
										<var>x</var>
										<condition>ANY</condition>
									</trigger>
								</triggers>
								<path>
									<partial>
										<type>CONSTANT</type>
										<conversion>STRING</conversion>
										<value>/</value>
										<scaleMin>0</scaleMin>
										<scaleMax>1</scaleMax>
									</partial>
									<partial>
										<type>PROPERTY</type>
										<conversion>STRING</conversion>
										<value>parent.name</value>
										<scaleMin>0</scaleMin>
										<scaleMax>1</scaleMax>
									</partial>
								</path>
								<arguments>
									<partial>
										<type>PROPERTY</type>
										<conversion>STRING</conversion>
										<value>color</value>
										<scaleMin>0</scaleMin>
										<scaleMax>1</scaleMax>
									</partial>
								</arguments>
							</osc>
						</messages>
					</node>
				</children>
			</node>
			<node ID="064904b6-2e18-11ef-8283-d067e5f32571" type="GROUP">
				<properties>
					<property type="b">
						<key>background</key>
						<value>1</value>
					</property>
					<property type="c">
						<key>color</key>
						<value>
							<r>1</r>
							<g>1</g>
							<b>1</b>
							<a>0.705882</a>
						</value>
					</property>
					<property type="f">
						<key>cornerRadius</key>
						<value>1</value>
					</property>
					<property type="r">
						<key>frame</key>
						<value>
							<x>420</x>
							<y>340</y>
							<w>60</w>
							<h>95</h>
						</value>
					</property>
					<property type="b">
						<key>grabFocus</key>
						<value>0</value>
					</property>
					<property type="b">
						<key>interactive</key>
						<value>0</value>
					</property>
					<property type="b">
						<key>locked</key>
						<value>0</value>
					</property>
					<property type="s">
						<key>name</key>
						<value>button_b1</value>
					</property>
					<property type="i">
						<key>orientation</key>
						<value>0</value>
					</property>
					<property type="b">
						<key>outline</key>
						<value>0</value>
					</property>
					<property type="i">
						<key>outlineStyle</key>
						<value>1</value>
					</property>
					<property type="i">
						<key>pointerPriority</key>
						<value>0</value>
					</property>
					<property type="i">
						<key>shape</key>
						<value>1</value>
					</property>
					<property type="s">
						<key>tag</key>
						<value>button</value>
					</property>
					<property type="b">
						<key>visible</key>
						<value>1</value>
					</property>
				</properties>
				<values>
					<value>
						<key>touch</key>
						<locked>0</locked>
						<lockedDefaultCurrent>0</lockedDefaultCurrent>
						<default>false</default>
						<defaultPull>0</defaultPull>
					</value>
				</values>
				<children>
					<node ID="064904b7-2e18-11ef-ab56-d067e5f32571" type="LABEL">
						<properties>
							<property type="b">
								<key>background</key>
								<value>1</value>
							</property>
							<property type="c">
								<key>color</key>
								<value>
									<r>1</r>
									<g>1</g>
									<b>1</b>
									<a>1</a>
								</value>
							</property>
							<property type="f">
								<key>cornerRadius</key>
								<value>1</value>
							</property>
							<property type="i">
								<key>font</key>
								<value>0</value>
							</property>
							<property type="r">
								<key>frame</key>
								<value>
									<x>3</x>
									<y>3</y>
									<w>54</w>
									<h>25</h>
								</value>
							</property>
							<property type="b">
								<key>grabFocus</key>
								<value>1</value>
							</property>
							<property type="b">
								<key>interactive</key>
								<value>0</value>
							</property>
							<property type="b">
								<key>locked</key>
								<value>0</value>
							</property>
							<property type="s">
								<key>name</key>
								<value>caption</value>
							</property>
							<property type="i">
								<key>orientation</key>
								<value>0</value>
							</property>
							<property type="b">
								<key>outline</key>
								<value>1</value>
							</property>
							<property type="i">
								<key>outlineStyle</key>
								<value>0</value>
							</property>
							<property type="i">
								<key>pointerPriority</key>
								<value>0</value>
							</property>
							<property type="i">
								<key>shape</key>
								<value>1</value>
							</property>
							<property type="i">
								<key>textAlignH</key>
								<value>2</value>
							</property>
							<property type="i">
								<key>textAlignV</key>
								<value>2</value>
							</property>
							<property type="b">
								<key>textClip</key>
								<value>1</value>
							</property>
							<property type="c">
								<key>textColor</key>
								<value>
									<r>1</r>
									<g>1</g>
									<b>1</b>
									<a>1</a>
								</value>
							</property>
							<property type="i">
								<key>textLength</key>
								<value>0</value>
							</property>
							<property type="i">
								<key>textSize</key>
								<value>12</value>
							</property>
							<property type="b">
								<key>visible</key>
								<value>1</value>
							</property>
						</properties>
						<values>
							<value>
								<key>text</key>
								<locked>0</locked>
								<lockedDefaultCurrent>1</lockedDefaultCurrent>
								<default>B B1</default>
								<defaultPull>0</defaultPull>
							</value>
							<value>
								<key>touch</key>
								<locked>0</locked>
								<lockedDefaultCurrent>0</lockedDefaultCurrent>
								<default>false</default>
								<defaultPull>0</defaultPull>
							</value>
						</values>
						<messages>
							<osc>
								<enabled>1</enabled>
								<send>0</send>
								<receive>1</receive>
								<feedback>0</feedback>
								<connections>11111</connections>
								<triggers>
									<trigger>
										<var>text</var>
										<condition>ANY</condition>
									</trigger>
								</triggers>
								<path>
									<partial>
										<type>CONSTANT</type>
										<conversion>STRING</conversion>
										<value>/</value>
										<scaleMin>0</scaleMin>
										<scaleMax>1</scaleMax>
									</partial>
									<partial>
										<type>PROPERTY</type>
										<conversion>STRING</conversion>
										<value>parent.name</value>
										<scaleMin>0</scaleMin>
										<scaleMax>1</scaleMax>
									</partial>
									<partial>
										<type>CONSTANT</type>
										<conversion>STRING</conversion>
										<value>/</value>
										<scaleMin>0</scaleMin>
										<scaleMax>1</scaleMax>
									</partial>
									<partial>
										<type>PROPERTY</type>
										<conversion>STRING</conversion>
										<value>name</value>
										<scaleMin>0</scaleMin>
										<scaleMax>1</scaleMax>
									</partial>
								</path>
								<arguments>
									<partial>
										<type>VALUE</type>
										<conversion>STRING</conversion>
										<value>text</value>
										<scaleMin>0</scaleMin>
										<scaleMax>1</scaleMax>
									</partial>
								</arguments>
							</osc>
							<osc>
								<enabled>1</enabled>
								<send>0</send>
								<receive>1</receive>
								<feedback>0</feedback>
								<connections>11111</connections>
								<triggers>
									<trigger>
										<var>text</var>
										<condition>ANY</condition>
									</trigger>
								</triggers>
								<path>
									<partial>
										<type>CONSTANT</type>
										<conversion>STRING</conversion>
										<value>/</value>
										<scaleMin>0</scaleMin>
										<scaleMax>1</scaleMax>
									</partial>
									<partial>
										<type>PROPERTY</type>
										<conversion>STRING</conversion>
										<value>parent.name</value>
										<scaleMin>0</scaleMin>
										<scaleMax>1</scaleMax>
									</partial>
								</path>
								<arguments>
									<partial>
										<type>PROPERTY</type>
										<conversion>STRING</conversion>
										<value>color</value>
										<scaleMin>0</scaleMin>
										<scaleMax>1</scaleMax>
									</partial>
								</arguments>
							</osc>
						</messages>
					</node>
					<node ID="064904b8-2e18-11ef-b532-d067e5f32571" type="BUTTON">
						<properties>
							<property type="b">
								<key>background</key>
								<value>1</value>
							</property>
							<property type="i">
								<key>buttonType</key>
								<value>0</value>
							</property>
							<property type="c">
								<key>color</key>
								<value>
									<r>1</r>
									<g>1</g>
									<b>1</b>
									<a>1</a>
								</value>
							</property>
							<property type="f">
								<key>cornerRadius</key>
								<value>1</value>
							</property>
							<property type="r">
								<key>frame</key>
								<value>
									<x>5</x>
									<y>40</y>
									<w>50</w>
									<h>50</h>
								</value>
							</property>
							<property type="b">
								<key>grabFocus</key>
								<value>1</value>
							</property>
							<property type="b">
								<key>interactive</key>
								<value>1</value>
							</property>
							<property type="b">
								<key>locked</key>
								<value>0</value>
							</property>
							<property type="s">
								<key>name</key>
								<value>button</value>
							</property>
							<property type="i">
								<key>orientation</key>
								<value>0</value>
							</property>
							<property type="b">
								<key>outline</key>
								<value>1</value>
							</property>
							<property type="i">
								<key>outlineStyle</key>
								<value>1</value>
							</property>
							<property type="i">
								<key>pointerPriority</key>
								<value>0</value>
							</property>
							<property type="b">
								<key>press</key>
								<value>1</value>
							</property>
							<property type="b">
								<key>release</key>
								<value>1</value>
							</property>
							<property type="i">
								<key>shape</key>
								<value>1</value>
							</property>
							<property type="b">
								<key>valuePosition</key>
								<value>0</value>
							</property>
							<property type="b">
								<key>visible</key>
								<value>1</value>
							</property>
						</properties>
						<values>
							<value>
								<key>x</key>
								<locked>0</locked>
								<lockedDefaultCurrent>0</lockedDefaultCurrent>
								<default>0</default>
								<defaultPull>0</defaultPull>
							</value>
							<value>
								<key>touch</key>
								<locked>0</locked>
								<lockedDefaultCurrent>0</lockedDefaultCurrent>
								<default>false</default>
								<defaultPull>0</defaultPull>
							</value>
						</values>
						<messages>
							<osc>
								<enabled>1</enabled>
								<send>1</send>
								<receive>1</receive>
								<feedback>0</feedback>
								<connections>11111</connections>
								<triggers>
									<trigger>
										<var>x</var>
										<condition>ANY</condition>
									</trigger>
								</triggers>
								<path>
									<partial>
										<type>CONSTANT</type>
										<conversion>STRING</conversion>
										<value>/</value>
										<scaleMin>0</scaleMin>
										<scaleMax>1</scaleMax>
									</partial>
									<partial>
										<type>PROPERTY</type>
										<conversion>STRING</conversion>
										<value>parent.name</value>
										<scaleMin>0</scaleMin>
										<scaleMax>1</scaleMax>
									</partial>
									<partial>
										<type>CONSTANT</type>
										<conversion>STRING</conversion>
										<value>/</value>
										<scaleMin>0</scaleMin>
										<scaleMax>1</scaleMax>
									</partial>
									<partial>
										<type>PROPERTY</type>
										<conversion>STRING</conversion>
										<value>name</value>
										<scaleMin>0</scaleMin>
										<scaleMax>1</scaleMax>
									</partial>
								</path>
								<arguments>
									<partial>
										<type>VALUE</type>
										<conversion>FLOAT</conversion>
										<value>x</value>
										<scaleMin>0</scaleMin>
										<scaleMax>1</scaleMax>
									</partial>
								</arguments>
							</osc>
							<osc>
								<enabled>1</enabled>
								<send>0</send>
								<receive>1</receive>
								<feedback>0</feedback>
								<connections>11111</connections>
								<triggers>
									<trigger>
										<var>x</var>
										<condition>ANY</condition>
									</trigger>
								</triggers>
								<path>
									<partial>
										<type>CONSTANT</type>
										<conversion>STRING</conversion>
										<value>/</value>
										<scaleMin>0</scaleMin>
										<scaleMax>1</scaleMax>
									</partial>
									<partial>
										<type>PROPERTY</type>
										<conversion>STRING</conversion>
										<value>parent.name</value>
										<scaleMin>0</scaleMin>
										<scaleMax>1</scaleMax>
									</partial>
								</path>
								<arguments>
									<partial>
										<type>PROPERTY</type>
										<conversion>STRING</conversion>
										<value>color</value>
										<scaleMin>0</scaleMin>
										<scaleMax>1</scaleMax>
									</partial>
								</arguments>
							</osc>
						</messages>
					</node>
				</children>
			</node>
			<node ID="064904bc-2e18-11ef-97b3-d067e5f32571" type="GROUP">
				<properties>
					<property type="b">
						<key>background</key>
						<value>1</value>
					</property>
					<property type="c">
						<key>color</key>
						<value>
							<r>1</r>
							<g>1</g>
							<b>1</b>
							<a>0.705882</a>
						</value>
					</property>
					<property type="f">
						<key>cornerRadius</key>
						<value>1</value>
					</property>
					<property type="r">
						<key>frame</key>
						<value>
							<x>420</x>
							<y>443</y>
							<w>60</w>
							<h>95</h>
						</value>
					</property>
					<property type="b">
						<key>grabFocus</key>
						<value>0</value>
					</property>
					<property type="b">
						<key>interactive</key>
						<value>0</value>
					</property>
					<property type="b">
						<key>locked</key>
						<value>0</value>
					</property>
					<property type="s">
						<key>name</key>
						<value>button_b2</value>
					</property>
					<property type="i">
						<key>orientation</key>
						<value>0</value>
					</property>
					<property type="b">
						<key>outline</key>
						<value>0</value>
					</property>
					<property type="i">
						<key>outlineStyle</key>
						<value>1</value>
					</property>
					<property type="i">
						<key>pointerPriority</key>
						<value>0</value>
					</property>
					<property type="i">
						<key>shape</key>
						<value>1</value>
					</property>
					<property type="s">
						<key>tag</key>
						<value>button</value>
					</property>
					<property type="b">
						<key>visible</key>
						<value>1</value>
					</property>
				</properties>
				<values>
					<value>
						<key>touch</key>
						<locked>0</locked>
						<lockedDefaultCurrent>0</lockedDefaultCurrent>
						<default>false</default>
						<defaultPull>0</defaultPull>
					</value>
				</values>
				<children>
					<node ID="064904bd-2e18-11ef-83f1-d067e5f32571" type="LABEL">
						<properties>
							<property type="b">
								<key>background</key>
								<value>1</value>
							</property>
							<property type="c">
								<key>color</key>
								<value>
									<r>1</r>
									<g>1</g>
									<b>1</b>
									<a>1</a>
								</value>
							</property>
							<property type="f">
								<key>cornerRadius</key>
								<value>1</value>
							</property>
							<property type="i">
								<key>font</key>
								<value>0</value>
							</property>
							<property type="r">
								<key>frame</key>
								<value>
									<x>3</x>
									<y>3</y>
									<w>54</w>
									<h>25</h>
								</value>
							</property>
							<property type="b">
								<key>grabFocus</key>
								<value>1</value>
							</property>
							<property type="b">
								<key>interactive</key>
								<value>0</value>
							</property>
							<property type="b">
								<key>locked</key>
								<value>0</value>
							</property>
							<property type="s">
								<key>name</key>
								<value>caption</value>
							</property>
							<property type="i">
								<key>orientation</key>
								<value>0</value>
							</property>
							<property type="b">
								<key>outline</key>
								<value>1</value>
							</property>
							<property type="i">
								<key>outlineStyle</key>
								<value>0</value>
							</property>
							<property type="i">
								<key>pointerPriority</key>
								<value>0</value>
							</property>
							<property type="i">
								<key>shape</key>
								<value>1</value>
							</property>
							<property type="i">
								<key>textAlignH</key>
								<value>2</value>
							</property>
							<property type="i">
								<key>textAlignV</key>
								<value>2</value>
							</property>
							<property type="b">
								<key>textClip</key>
								<value>1</value>
							</property>
							<property type="c">
								<key>textColor</key>
								<value>
									<r>1</r>
									<g>1</g>
									<b>1</b>
									<a>1</a>
								</value>
							</property>
							<property type="i">
								<key>textLength</key>
								<value>0</value>
							</property>
							<property type="i">
								<key>textSize</key>
								<value>12</value>
							</property>
							<property type="b">
								<key>visible</key>
								<value>1</value>
							</property>
						</properties>
						<values>
							<value>
								<key>text</key>
								<locked>0</locked>
								<lockedDefaultCurrent>1</lockedDefaultCurrent>
								<default>B B2</default>
								<defaultPull>0</defaultPull>
							</value>
							<value>
								<key>touch</key>
								<locked>0</locked>
								<lockedDefaultCurrent>0</lockedDefaultCurrent>
								<default>false</default>
								<defaultPull>0</defaultPull>
							</value>
						</values>
						<messages>
							<osc>
								<enabled>1</enabled>
								<send>0</send>
								<receive>1</receive>
								<feedback>0</feedback>
								<connections>11111</connections>
								<triggers>
									<trigger>
										<var>text</var>
										<condition>ANY</condition>
									</trigger>
								</triggers>
								<path>
									<partial>
										<type>CONSTANT</type>
										<conversion>STRING</conversion>
										<value>/</value>
										<scaleMin>0</scaleMin>
										<scaleMax>1</scaleMax>
									</partial>
									<partial>
										<type>PROPERTY</type>
										<conversion>STRING</conversion>
										<value>parent.name</value>
										<scaleMin>0</scaleMin>
										<scaleMax>1</scaleMax>
									</partial>
									<partial>
										<type>CONSTANT</type>
										<conversion>STRING</conversion>
										<value>/</value>
										<scaleMin>0</scaleMin>
										<scaleMax>1</scaleMax>
									</partial>
									<partial>
										<type>PROPERTY</type>
										<conversion>STRING</conversion>
										<value>name</value>
										<scaleMin>0</scaleMin>
										<scaleMax>1</scaleMax>
									</partial>
								</path>
								<arguments>
									<partial>
										<type>VALUE</type>
										<conversion>STRING</conversion>
										<value>text</value>
										<scaleMin>0</scaleMin>
										<scaleMax>1</scaleMax>
									</partial>
								</arguments>
							</osc>
							<osc>
								<enabled>1</enabled>
								<send>0</send>
								<receive>1</receive>
								<feedback>0</feedback>
								<connections>11111</connections>
								<triggers>
									<trigger>
										<var>text</var>
										<condition>ANY</condition>
									</trigger>
								</triggers>
								<path>
									<partial>
										<type>CONSTANT</type>
										<conversion>STRING</conversion>
										<value>/</value>
										<scaleMin>0</scaleMin>
										<scaleMax>1</scaleMax>
									</partial>
									<partial>
										<type>PROPERTY</type>
										<conversion>STRING</conversion>
										<value>parent.name</value>
										<scaleMin>0</scaleMin>
										<scaleMax>1</scaleMax>
									</partial>
								</path>
								<arguments>
									<partial>
										<type>PROPERTY</type>
										<conversion>STRING</conversion>
										<value>color</value>
										<scaleMin>0</scaleMin>
										<scaleMax>1</scaleMax>
									</partial>
								</arguments>
							</osc>
						</messages>
					</node>
					<node ID="064904be-2e18-11ef-a9d1-d067e5f32571" type="BUTTON">
						<properties>
							<property type="b">
								<key>background</key>
								<value>1</value>
							</property>
							<property type="i">
								<key>buttonType</key>
								<value>0</value>
							</property>
							<property type="c">
								<key>color</key>
								<value>
									<r>1</r>
									<g>1</g>
									<b>1</b>
									<a>1</a>
								</value>
							</property>
							<property type="f">
								<key>cornerRadius</key>
								<value>1</value>
							</property>
							<property type="r">
								<key>frame</key>
								<value>
									<x>5</x>
									<y>40</y>
									<w>50</w>
									<h>50</h>
								</value>
							</property>
							<property type="b">
								<key>grabFocus</key>
								<value>1</value>
							</property>
							<property type="b">
								<key>interactive</key>
								<value>1</value>
							</property>
							<property type="b">
								<key>locked</key>
								<value>0</value>
							</property>
							<property type="s">
								<key>name</key>
								<value>button</value>
							</property>
							<property type="i">
								<key>orientation</key>
								<value>0</value>
							</property>
							<property type="b">
								<key>outline</key>
								<value>1</value>
							</property>
							<property type="i">
								<key>outlineStyle</key>
								<value>1</value>
							</property>
							<property type="i">
								<key>pointerPriority</key>
								<value>0</value>
							</property>
							<property type="b">
								<key>press</key>
								<value>1</value>
							</property>
							<property type="b">
								<key>release</key>
								<value>1</value>
							</property>
							<property type="i">
								<key>shape</key>
								<value>1</value>
							</property>
							<property type="b">
								<key>valuePosition</key>
								<value>0</value>
							</property>
							<property type="b">
								<key>visible</key>
								<value>1</value>
							</property>
						</properties>
						<values>
							<value>
								<key>x</key>
								<locked>0</locked>
								<lockedDefaultCurrent>0</lockedDefaultCurrent>
								<default>0</default>
								<defaultPull>0</defaultPull>
							</value>
							<value>
								<key>touch</key>
								<locked>0</locked>
								<lockedDefaultCurrent>0</lockedDefaultCurrent>
								<default>false</default>
								<defaultPull>0</defaultPull>
							</value>
						</values>
						<messages>
							<osc>
								<enabled>1</enabled>
								<send>1</send>
								<receive>1</receive>
								<feedback>0</feedback>
								<connections>11111</connections>
								<triggers>
									<trigger>
										<var>x</var>
										<condition>ANY</condition>
									</trigger>
								</triggers>
								<path>
									<partial>
										<type>CONSTANT</type>
										<conversion>STRING</conversion>
										<value>/</value>
										<scaleMin>0</scaleMin>
										<scaleMax>1</scaleMax>
									</partial>
									<partial>
										<type>PROPERTY</type>
										<conversion>STRING</conversion>
										<value>parent.name</value>
										<scaleMin>0</scaleMin>
										<scaleMax>1</scaleMax>
									</partial>
									<partial>
										<type>CONSTANT</type>
										<conversion>STRING</conversion>
										<value>/</value>
										<scaleMin>0</scaleMin>
										<scaleMax>1</scaleMax>
									</partial>
									<partial>
										<type>PROPERTY</type>
										<conversion>STRING</conversion>
										<value>name</value>
										<scaleMin>0</scaleMin>
										<scaleMax>1</scaleMax>
									</partial>
								</path>
								<arguments>
									<partial>
										<type>VALUE</type>
										<conversion>FLOAT</conversion>
										<value>x</value>
										<scaleMin>0</scaleMin>
										<scaleMax>1</scaleMax>
									</partial>
								</arguments>
							</osc>
							<osc>
								<enabled>1</enabled>
								<send>0</send>
								<receive>1</receive>
								<feedback>0</feedback>
								<connections>11111</connections>
								<triggers>
									<trigger>
										<var>x</var>
										<condition>ANY</condition>
									</trigger>
								</triggers>
								<path>
									<partial>
										<type>CONSTANT</type>
										<conversion>STRING</conversion>
										<value>/</value>
										<scaleMin>0</scaleMin>
										<scaleMax>1</scaleMax>
									</partial>
									<partial>
										<type>PROPERTY</type>
										<conversion>STRING</conversion>
										<value>parent.name</value>
										<scaleMin>0</scaleMin>
										<scaleMax>1</scaleMax>
									</partial>
								</path>
								<arguments>
									<partial>
										<type>PROPERTY</type>
										<conversion>STRING</conversion>
										<value>color</value>
										<scaleMin>0</scaleMin>
										<scaleMax>1</scaleMax>
									</partial>
								</arguments>
							</osc>
						</messages>
					</node>
				</children>
			</node>
			<node ID="035c2e0c-2e1a-11ef-a7cb-d067e5f32571" type="GROUP">
				<properties>
					<property type="b">
						<key>background</key>
						<value>1</value>
					</property>
					<property type="c">
						<key>color</key>
						<value>
							<r>1</r>
							<g>1</g>
							<b>1</b>
							<a>0.705882</a>
						</value>
					</property>
					<property type="f">
						<key>cornerRadius</key>
						<value>1</value>
					</property>
					<property type="r">
						<key>frame</key>
						<value>
							<x>420</x>
							<y>225</y>
							<w>60</w>
							<h>95</h>
						</value>
					</property>
					<property type="b">
						<key>grabFocus</key>
						<value>0</value>
					</property>
					<property type="b">
						<key>interactive</key>
						<value>0</value>
					</property>
					<property type="b">
						<key>locked</key>
						<value>0</value>
					</property>
					<property type="s">
						<key>name</key>
						<value>toggle_a</value>
					</property>
					<property type="i">
						<key>orientation</key>
						<value>0</value>
					</property>
					<property type="b">
						<key>outline</key>
						<value>0</value>
					</property>
					<property type="i">
						<key>outlineStyle</key>
						<value>1</value>
					</property>
					<property type="i">
						<key>pointerPriority</key>
						<value>0</value>
					</property>
					<property type="i">
						<key>shape</key>
						<value>1</value>
					</property>
					<property type="s">
						<key>tag</key>
						<value>toggle</value>
					</property>
					<property type="b">
						<key>visible</key>
						<value>1</value>
					</property>
				</properties>
				<values>
					<value>
						<key>touch</key>
						<locked>0</locked>
						<lockedDefaultCurrent>0</lockedDefaultCurrent>
						<default>false</default>
						<defaultPull>0</defaultPull>
					</value>
				</values>
				<children>
					<node ID="035c2e0d-2e1a-11ef-9497-d067e5f32571" type="LABEL">
						<properties>
							<property type="b">
								<key>background</key>
								<value>1</value>
							</property>
							<property type="c">
								<key>color</key>
								<value>
									<r>1</r>
									<g>1</g>
									<b>1</b>
									<a>1</a>
								</value>
							</property>
							<property type="f">
								<key>cornerRadius</key>
								<value>1</value>
							</property>
							<property type="i">
								<key>font</key>
								<value>0</value>
							</property>
							<property type="r">
								<key>frame</key>
								<value>
									<x>3</x>
									<y>3</y>
									<w>54</w>
									<h>25</h>
								</value>
							</property>
							<property type="b">
								<key>grabFocus</key>
								<value>1</value>
							</property>
							<property type="b">
								<key>interactive</key>
								<value>0</value>
							</property>
							<property type="b">
								<key>locked</key>
								<value>0</value>
							</property>
							<property type="s">
								<key>name</key>
								<value>caption</value>
							</property>
							<property type="i">
								<key>orientation</key>
								<value>0</value>
							</property>
							<property type="b">
								<key>outline</key>
								<value>1</value>
							</property>
							<property type="i">
								<key>outlineStyle</key>
								<value>0</value>
							</property>
							<property type="i">
								<key>pointerPriority</key>
								<value>0</value>
							</property>
							<property type="i">
								<key>shape</key>
								<value>1</value>
							</property>
							<property type="i">
								<key>textAlignH</key>
								<value>2</value>
							</property>
							<property type="i">
								<key>textAlignV</key>
								<value>2</value>
							</property>
							<property type="b">
								<key>textClip</key>
								<value>1</value>
							</property>
							<property type="c">
								<key>textColor</key>
								<value>
									<r>1</r>
									<g>1</g>
									<b>1</b>
									<a>1</a>
								</value>
							</property>
							<property type="i">
								<key>textLength</key>
								<value>0</value>
							</property>
							<property type="i">
								<key>textSize</key>
								<value>12</value>
							</property>
							<property type="b">
								<key>visible</key>
								<value>1</value>
							</property>
						</properties>
						<values>
							<value>
								<key>text</key>
								<locked>0</locked>
								<lockedDefaultCurrent>1</lockedDefaultCurrent>
								<default>T A</default>
								<defaultPull>0</defaultPull>
							</value>
							<value>
								<key>touch</key>
								<locked>0</locked>
								<lockedDefaultCurrent>0</lockedDefaultCurrent>
								<default>false</default>
								<defaultPull>0</defaultPull>
							</value>
						</values>
						<messages>
							<osc>
								<enabled>1</enabled>
								<send>0</send>
								<receive>1</receive>
								<feedback>0</feedback>
								<connections>11111</connections>
								<triggers>
									<trigger>
										<var>text</var>
										<condition>ANY</condition>
									</trigger>
								</triggers>
								<path>
									<partial>
										<type>CONSTANT</type>
										<conversion>STRING</conversion>
										<value>/</value>
										<scaleMin>0</scaleMin>
										<scaleMax>1</scaleMax>
									</partial>
									<partial>
										<type>PROPERTY</type>
										<conversion>STRING</conversion>
										<value>parent.name</value>
										<scaleMin>0</scaleMin>
										<scaleMax>1</scaleMax>
									</partial>
									<partial>
										<type>CONSTANT</type>
										<conversion>STRING</conversion>
										<value>/</value>
										<scaleMin>0</scaleMin>
										<scaleMax>1</scaleMax>
									</partial>
									<partial>
										<type>PROPERTY</type>
										<conversion>STRING</conversion>
										<value>name</value>
										<scaleMin>0</scaleMin>
										<scaleMax>1</scaleMax>
									</partial>
								</path>
								<arguments>
									<partial>
										<type>VALUE</type>
										<conversion>STRING</conversion>
										<value>text</value>
										<scaleMin>0</scaleMin>
										<scaleMax>1</scaleMax>
									</partial>
								</arguments>
							</osc>
							<osc>
								<enabled>1</enabled>
								<send>0</send>
								<receive>1</receive>
								<feedback>0</feedback>
								<connections>11111</connections>
								<triggers>
									<trigger>
										<var>text</var>
										<condition>ANY</condition>
									</trigger>
								</triggers>
								<path>
									<partial>
										<type>CONSTANT</type>
										<conversion>STRING</conversion>
										<value>/</value>
										<scaleMin>0</scaleMin>
										<scaleMax>1</scaleMax>
									</partial>
									<partial>
										<type>PROPERTY</type>
										<conversion>STRING</conversion>
										<value>parent.name</value>
										<scaleMin>0</scaleMin>
										<scaleMax>1</scaleMax>
									</partial>
								</path>
								<arguments>
									<partial>
										<type>PROPERTY</type>
										<conversion>STRING</conversion>
										<value>color</value>
										<scaleMin>0</scaleMin>
										<scaleMax>1</scaleMax>
									</partial>
								</arguments>
							</osc>
						</messages>
					</node>
					<node ID="035c2e0e-2e1a-11ef-b718-d067e5f32571" type="BUTTON">
						<properties>
							<property type="b">
								<key>background</key>
								<value>1</value>
							</property>
							<property type="i">
								<key>buttonType</key>
								<value>2</value>
							</property>
							<property type="c">
								<key>color</key>
								<value>
									<r>1</r>
									<g>1</g>
									<b>1</b>
									<a>1</a>
								</value>
							</property>
							<property type="f">
								<key>cornerRadius</key>
								<value>10</value>
							</property>
							<property type="r">
								<key>frame</key>
								<value>
									<x>5</x>
									<y>40</y>
									<w>50</w>
									<h>50</h>
								</value>
							</property>
							<property type="b">
								<key>grabFocus</key>
								<value>1</value>
							</property>
							<property type="b">
								<key>interactive</key>
								<value>1</value>
							</property>
							<property type="b">
								<key>locked</key>
								<value>0</value>
							</property>
							<property type="s">
								<key>name</key>
								<value>button</value>
							</property>
							<property type="i">
								<key>orientation</key>
								<value>0</value>
							</property>
							<property type="b">
								<key>outline</key>
								<value>1</value>
							</property>
							<property type="i">
								<key>outlineStyle</key>
								<value>0</value>
							</property>
							<property type="i">
								<key>pointerPriority</key>
								<value>0</value>
							</property>
							<property type="b">
								<key>press</key>
								<value>1</value>
							</property>
							<property type="b">
								<key>release</key>
								<value>1</value>
							</property>
							<property type="i">
								<key>shape</key>
								<value>1</value>
							</property>
							<property type="b">
								<key>valuePosition</key>
								<value>0</value>
							</property>
							<property type="b">
								<key>visible</key>
								<value>1</value>
							</property>
						</properties>
						<values>
							<value>
								<key>x</key>
								<locked>0</locked>
								<lockedDefaultCurrent>0</lockedDefaultCurrent>
								<default>0</default>
								<defaultPull>0</defaultPull>
							</value>
							<value>
								<key>touch</key>
								<locked>0</locked>
								<lockedDefaultCurrent>0</lockedDefaultCurrent>
								<default>false</default>
								<defaultPull>0</defaultPull>
							</value>
						</values>
						<messages>
							<osc>
								<enabled>1</enabled>
								<send>1</send>
								<receive>1</receive>
								<feedback>0</feedback>
								<connections>11111</connections>
								<triggers>
									<trigger>
										<var>x</var>
										<condition>ANY</condition>
									</trigger>
								</triggers>
								<path>
									<partial>
										<type>CONSTANT</type>
										<conversion>STRING</conversion>
										<value>/</value>
										<scaleMin>0</scaleMin>
										<scaleMax>1</scaleMax>
									</partial>
									<partial>
										<type>PROPERTY</type>
										<conversion>STRING</conversion>
										<value>parent.name</value>
										<scaleMin>0</scaleMin>
										<scaleMax>1</scaleMax>
									</partial>
									<partial>
										<type>CONSTANT</type>
										<conversion>STRING</conversion>
										<value>/</value>
										<scaleMin>0</scaleMin>
										<scaleMax>1</scaleMax>
									</partial>
									<partial>
										<type>PROPERTY</type>
										<conversion>STRING</conversion>
										<value>name</value>
										<scaleMin>0</scaleMin>
										<scaleMax>1</scaleMax>
									</partial>
								</path>
								<arguments>
									<partial>
										<type>VALUE</type>
										<conversion>FLOAT</conversion>
										<value>x</value>
										<scaleMin>0</scaleMin>
										<scaleMax>1</scaleMax>
									</partial>
								</arguments>
							</osc>
							<osc>
								<enabled>1</enabled>
								<send>0</send>
								<receive>1</receive>
								<feedback>0</feedback>
								<connections>11111</connections>
								<triggers>
									<trigger>
										<var>x</var>
										<condition>ANY</condition>
									</trigger>
								</triggers>
								<path>
									<partial>
										<type>CONSTANT</type>
										<conversion>STRING</conversion>
										<value>/</value>
										<scaleMin>0</scaleMin>
										<scaleMax>1</scaleMax>
									</partial>
									<partial>
										<type>PROPERTY</type>
										<conversion>STRING</conversion>
										<value>parent.name</value>
										<scaleMin>0</scaleMin>
										<scaleMax>1</scaleMax>
									</partial>
								</path>
								<arguments>
									<partial>
										<type>PROPERTY</type>
										<conversion>STRING</conversion>
										<value>color</value>
										<scaleMin>0</scaleMin>
										<scaleMax>1</scaleMax>
									</partial>
								</arguments>
							</osc>
						</messages>
					</node>
				</children>
			</node>
			<node ID="0b90b700-2e1a-11ef-a5e8-d067e5f32571" type="GROUP">
				<properties>
					<property type="b">
						<key>background</key>
						<value>1</value>
					</property>
					<property type="c">
						<key>color</key>
						<value>
							<r>1</r>
							<g>1</g>
							<b>1</b>
							<a>0.705882</a>
						</value>
					</property>
					<property type="f">
						<key>cornerRadius</key>
						<value>1</value>
					</property>
					<property type="r">
						<key>frame</key>
						<value>
							<x>420</x>
							<y>545</y>
							<w>60</w>
							<h>95</h>
						</value>
					</property>
					<property type="b">
						<key>grabFocus</key>
						<value>0</value>
					</property>
					<property type="b">
						<key>interactive</key>
						<value>0</value>
					</property>
					<property type="b">
						<key>locked</key>
						<value>0</value>
					</property>
					<property type="s">
						<key>name</key>
						<value>toggle_b</value>
					</property>
					<property type="i">
						<key>orientation</key>
						<value>0</value>
					</property>
					<property type="b">
						<key>outline</key>
						<value>0</value>
					</property>
					<property type="i">
						<key>outlineStyle</key>
						<value>1</value>
					</property>
					<property type="i">
						<key>pointerPriority</key>
						<value>0</value>
					</property>
					<property type="i">
						<key>shape</key>
						<value>1</value>
					</property>
					<property type="s">
						<key>tag</key>
						<value>toggle</value>
					</property>
					<property type="b">
						<key>visible</key>
						<value>1</value>
					</property>
				</properties>
				<values>
					<value>
						<key>touch</key>
						<locked>0</locked>
						<lockedDefaultCurrent>0</lockedDefaultCurrent>
						<default>false</default>
						<defaultPull>0</defaultPull>
					</value>
				</values>
				<children>
					<node ID="0b90b701-2e1a-11ef-819a-d067e5f32571" type="LABEL">
						<properties>
							<property type="b">
								<key>background</key>
								<value>1</value>
							</property>
							<property type="c">
								<key>color</key>
								<value>
									<r>1</r>
									<g>1</g>
									<b>1</b>
									<a>1</a>
								</value>
							</property>
							<property type="f">
								<key>cornerRadius</key>
								<value>1</value>
							</property>
							<property type="i">
								<key>font</key>
								<value>0</value>
							</property>
							<property type="r">
								<key>frame</key>
								<value>
									<x>3</x>
									<y>3</y>
									<w>54</w>
									<h>25</h>
								</value>
							</property>
							<property type="b">
								<key>grabFocus</key>
								<value>1</value>
							</property>
							<property type="b">
								<key>interactive</key>
								<value>0</value>
							</property>
							<property type="b">
								<key>locked</key>
								<value>0</value>
							</property>
							<property type="s">
								<key>name</key>
								<value>caption</value>
							</property>
							<property type="i">
								<key>orientation</key>
								<value>0</value>
							</property>
							<property type="b">
								<key>outline</key>
								<value>1</value>
							</property>
							<property type="i">
								<key>outlineStyle</key>
								<value>0</value>
							</property>
							<property type="i">
								<key>pointerPriority</key>
								<value>0</value>
							</property>
							<property type="i">
								<key>shape</key>
								<value>1</value>
							</property>
							<property type="i">
								<key>textAlignH</key>
								<value>2</value>
							</property>
							<property type="i">
								<key>textAlignV</key>
								<value>2</value>
							</property>
							<property type="b">
								<key>textClip</key>
								<value>1</value>
							</property>
							<property type="c">
								<key>textColor</key>
								<value>
									<r>1</r>
									<g>1</g>
									<b>1</b>
									<a>1</a>
								</value>
							</property>
							<property type="i">
								<key>textLength</key>
								<value>0</value>
							</property>
							<property type="i">
								<key>textSize</key>
								<value>12</value>
							</property>
							<property type="b">
								<key>visible</key>
								<value>1</value>
							</property>
						</properties>
						<values>
							<value>
								<key>text</key>
								<locked>0</locked>
								<lockedDefaultCurrent>1</lockedDefaultCurrent>
								<default>T B</default>
								<defaultPull>0</defaultPull>
							</value>
							<value>
								<key>touch</key>
								<locked>0</locked>
								<lockedDefaultCurrent>0</lockedDefaultCurrent>
								<default>false</default>
								<defaultPull>0</defaultPull>
							</value>
						</values>
						<messages>
							<osc>
								<enabled>1</enabled>
								<send>0</send>
								<receive>1</receive>
								<feedback>0</feedback>
								<connections>11111</connections>
								<triggers>
									<trigger>
										<var>text</var>
										<condition>ANY</condition>
									</trigger>
								</triggers>
								<path>
									<partial>
										<type>CONSTANT</type>
										<conversion>STRING</conversion>
										<value>/</value>
										<scaleMin>0</scaleMin>
										<scaleMax>1</scaleMax>
									</partial>
									<partial>
										<type>PROPERTY</type>
										<conversion>STRING</conversion>
										<value>parent.name</value>
										<scaleMin>0</scaleMin>
										<scaleMax>1</scaleMax>
									</partial>
									<partial>
										<type>CONSTANT</type>
										<conversion>STRING</conversion>
										<value>/</value>
										<scaleMin>0</scaleMin>
										<scaleMax>1</scaleMax>
									</partial>
									<partial>
										<type>PROPERTY</type>
										<conversion>STRING</conversion>
										<value>name</value>
										<scaleMin>0</scaleMin>
										<scaleMax>1</scaleMax>
									</partial>
								</path>
								<arguments>
									<partial>
										<type>VALUE</type>
										<conversion>STRING</conversion>
										<value>text</value>
										<scaleMin>0</scaleMin>
										<scaleMax>1</scaleMax>
									</partial>
								</arguments>
							</osc>
							<osc>
								<enabled>1</enabled>
								<send>0</send>
								<receive>1</receive>
								<feedback>0</feedback>
								<connections>11111</connections>
								<triggers>
									<trigger>
										<var>text</var>
										<condition>ANY</condition>
									</trigger>
								</triggers>
								<path>
									<partial>
										<type>CONSTANT</type>
										<conversion>STRING</conversion>
										<value>/</value>
										<scaleMin>0</scaleMin>
										<scaleMax>1</scaleMax>
									</partial>
									<partial>
										<type>PROPERTY</type>
										<conversion>STRING</conversion>
										<value>parent.name</value>
										<scaleMin>0</scaleMin>
										<scaleMax>1</scaleMax>
									</partial>
								</path>
								<arguments>
									<partial>
										<type>PROPERTY</type>
										<conversion>STRING</conversion>
										<value>color</value>
										<scaleMin>0</scaleMin>
										<scaleMax>1</scaleMax>
									</partial>
								</arguments>
							</osc>
						</messages>
					</node>
					<node ID="0b90de10-2e1a-11ef-a5d8-d067e5f32571" type="BUTTON">
						<properties>
							<property type="b">
								<key>background</key>
								<value>1</value>
							</property>
							<property type="i">
								<key>buttonType</key>
								<value>2</value>
							</property>
							<property type="c">
								<key>color</key>
								<value>
									<r>1</r>
									<g>1</g>
									<b>1</b>
									<a>1</a>
								</value>
							</property>
							<property type="f">
								<key>cornerRadius</key>
								<value>10</value>
							</property>
							<property type="r">
								<key>frame</key>
								<value>
									<x>5</x>
									<y>40</y>
									<w>50</w>
									<h>50</h>
								</value>
							</property>
							<property type="b">
								<key>grabFocus</key>
								<value>1</value>
							</property>
							<property type="b">
								<key>interactive</key>
								<value>1</value>
							</property>
							<property type="b">
								<key>locked</key>
								<value>0</value>
							</property>
							<property type="s">
								<key>name</key>
								<value>button</value>
							</property>
							<property type="i">
								<key>orientation</key>
								<value>0</value>
							</property>
							<property type="b">
								<key>outline</key>
								<value>1</value>
							</property>
							<property type="i">
								<key>outlineStyle</key>
								<value>0</value>
							</property>
							<property type="i">
								<key>pointerPriority</key>
								<value>0</value>
							</property>
							<property type="b">
								<key>press</key>
								<value>1</value>
							</property>
							<property type="b">
								<key>release</key>
								<value>1</value>
							</property>
							<property type="i">
								<key>shape</key>
								<value>1</value>
							</property>
							<property type="b">
								<key>valuePosition</key>
								<value>0</value>
							</property>
							<property type="b">
								<key>visible</key>
								<value>1</value>
							</property>
						</properties>
						<values>
							<value>
								<key>x</key>
								<locked>0</locked>
								<lockedDefaultCurrent>0</lockedDefaultCurrent>
								<default>0</default>
								<defaultPull>0</defaultPull>
							</value>
							<value>
								<key>touch</key>
								<locked>0</locked>
								<lockedDefaultCurrent>0</lockedDefaultCurrent>
								<default>false</default>
								<defaultPull>0</defaultPull>
							</value>
						</values>
						<messages>
							<osc>
								<enabled>1</enabled>
								<send>1</send>
								<receive>1</receive>
								<feedback>0</feedback>
								<connections>11111</connections>
								<triggers>
									<trigger>
										<var>x</var>
										<condition>ANY</condition>
									</trigger>
								</triggers>
								<path>
									<partial>
										<type>CONSTANT</type>
										<conversion>STRING</conversion>
										<value>/</value>
										<scaleMin>0</scaleMin>
										<scaleMax>1</scaleMax>
									</partial>
									<partial>
										<type>PROPERTY</type>
										<conversion>STRING</conversion>
										<value>parent.name</value>
										<scaleMin>0</scaleMin>
										<scaleMax>1</scaleMax>
									</partial>
									<partial>
										<type>CONSTANT</type>
										<conversion>STRING</conversion>
										<value>/</value>
										<scaleMin>0</scaleMin>
										<scaleMax>1</scaleMax>
									</partial>
									<partial>
										<type>PROPERTY</type>
										<conversion>STRING</conversion>
										<value>name</value>
										<scaleMin>0</scaleMin>
										<scaleMax>1</scaleMax>
									</partial>
								</path>
								<arguments>
									<partial>
										<type>VALUE</type>
										<conversion>FLOAT</conversion>
										<value>x</value>
										<scaleMin>0</scaleMin>
										<scaleMax>1</scaleMax>
									</partial>
								</arguments>
							</osc>
							<osc>
								<enabled>1</enabled>
								<send>0</send>
								<receive>1</receive>
								<feedback>0</feedback>
								<connections>11111</connections>
								<triggers>
									<trigger>
										<var>x</var>
										<condition>ANY</condition>
									</trigger>
								</triggers>
								<path>
									<partial>
										<type>CONSTANT</type>
										<conversion>STRING</conversion>
										<value>/</value>
										<scaleMin>0</scaleMin>
										<scaleMax>1</scaleMax>
									</partial>
									<partial>
										<type>PROPERTY</type>
										<conversion>STRING</conversion>
										<value>parent.name</value>
										<scaleMin>0</scaleMin>
										<scaleMax>1</scaleMax>
									</partial>
								</path>
								<arguments>
									<partial>
										<type>PROPERTY</type>
										<conversion>STRING</conversion>
										<value>color</value>
										<scaleMin>0</scaleMin>
										<scaleMax>1</scaleMax>
									</partial>
								</arguments>
							</osc>
						</messages>
					</node>
				</children>
			</node>
		</children>
	</node>
</lexml>